19:20:54.068 [main                     ] DEBUG Logger               - Configured Logger
19:20:54.090 [main                     ] DEBUG GameApplication      - Logging settings
Title: Untitled
Version: 0.0
Width: 1920
Height: 1080
Fullscreen: false
Intro: false
Profiling: false
Single step:false
App Mode: DEVELOPER
Menu Key: ESCAPE
Stage Style: DECORATED
Scene Factory: class com.almasb.fxgl.app.scene.SceneFactory

19:20:54.655 [JavaFX Application Thread] DEBUG FXGLApplication      - Initializing FXGL
19:20:54.658 [JavaFX Application Thread] INFO  Engine               - FXGL-17.2 (20.08.2022 16.50) on WINDOWS (J:17.0.2 FX:18)
19:20:54.658 [JavaFX Application Thread] DEBUG Engine               - JRE Vendor Name: Oracle Corporation
19:20:54.658 [JavaFX Application Thread] DEBUG Engine               - Running on OS: Windows 11 version 10.0
19:20:54.659 [JavaFX Application Thread] DEBUG Engine               - Architecture: amd64
19:20:54.659 [JavaFX Application Thread] INFO  Engine               - Source code and latest versions at: https://github.com/AlmasB/FXGL
19:20:54.659 [JavaFX Application Thread] INFO  Engine               -       Ask questions and discuss at: https://github.com/AlmasB/FXGL/discussions
19:20:54.659 [JavaFX Application Thread] INFO  Engine               -              Join the FXGL chat at: https://gitter.im/AlmasB/FXGL
19:20:54.729 [JavaFX Application Thread] DEBUG PrimaryStageWindow   - Creating a JavaFX scene
19:20:54.730 [JavaFX Application Thread] DEBUG PrimaryStageWindow   - Target size > screen size
19:20:54.762 [JavaFX Application Thread] DEBUG PrimaryStageWindow   - Target settings size: 1920.0 x 1080.0
19:20:54.762 [JavaFX Application Thread] DEBUG PrimaryStageWindow   - Scaled scene size:    1596.0 x 911.0
19:20:54.763 [JavaFX Application Thread] DEBUG PrimaryStageWindow   - Scaled ratio: (0.83125, 0.8435185185185186)
19:20:54.763 [JavaFX Application Thread] DEBUG PrimaryStageWindow   - Set initial scene to FXGLStartupScene
19:20:54.768 [JavaFX Application Thread] DEBUG PrimaryStageWindow   - Opening main window
19:20:54.845 [JavaFX Application Thread] DEBUG PrimaryStageWindow   - Window border size: (14.6666259765625, 37.66668701171875)
19:20:54.845 [JavaFX Application Thread] DEBUG PrimaryStageWindow   - Scaled size: 1596.0 x 911.0
19:20:54.845 [JavaFX Application Thread] DEBUG PrimaryStageWindow   - Scaled ratio: (0.83125, 0.8435185185185186)
19:20:54.846 [JavaFX Application Thread] DEBUG PrimaryStageWindow   - Scene size: 1596.0 x 911.0
19:20:54.846 [JavaFX Application Thread] DEBUG PrimaryStageWindow   - Stage size: 1610.6666259765625 x 948.6666870117188
19:20:54.851 [FXGL Background Thread 1 ] DEBUG Engine               - Initializing environment variables
19:20:54.883 [FXGL Background Thread 1 ] DEBUG FXGLAssetLoaderServi - User app class for loading assets: class game.GameApp
19:20:54.883 [FXGL Background Thread 1 ] DEBUG GameApplicationServi - Applying CSS: fxgl_dark.css
19:20:54.884 [FXGL Background Thread 1 ] DEBUG FXGLAssetLoaderServi - Loading from file system: jar:file:/C:/Users/cpn02/.m2/repository/com/github/almasb/fxgl/17.2/fxgl-17.2.jar!/fxglassets/ui/css/fxgl_dark.css
19:20:54.919 [FXGL Background Thread 1 ] DEBUG GameApplicationServi - Initializing application scenes
19:20:54.962 [FXGL Background Thread 1 ] DEBUG GameWorld            - Game world initialized
19:20:55.008 [FXGL Background Thread 1 ] DEBUG PhysicsWorld         - Physics world initialized: appHeight=1080, physics.ppm=50.0
19:20:55.009 [FXGL Background Thread 1 ] DEBUG PhysicsWorld         - Using strategy: BRUTE_FORCE
19:20:55.013 [FXGL Background Thread 1 ] DEBUG GameScene            - Game scene initialized: 1920x1080
19:20:55.025 [FXGL Background Thread 1 ] DEBUG FXGL.DefaultMenu     - createMenuBodyGameMenu()
19:20:55.039 [FXGL Background Thread 1 ] DEBUG FXGL.DefaultMenu     - createOptionsMenu()
19:20:55.049 [FXGL Background Thread 1 ] DEBUG FXGLAssetLoaderServi - Loading from file system: jar:file:/C:/Users/cpn02/.m2/repository/com/github/almasb/fxgl/17.2/fxgl-17.2.jar!/fxglassets/textures/particles/smoke.png
19:20:55.144 [FXGL Background Thread 1 ] DEBUG FXGLAssetLoaderServi - Loading from file system: jar:file:/C:/Users/cpn02/.m2/repository/com/github/almasb/fxgl/17.2/fxgl-17.2.jar!/fxglassets/textures/particles/trace_horizontal.png
19:20:55.182 [FXGL Background Thread 1 ] DEBUG GameApplicationServi - Application scenes initialized
19:20:55.198 [FXGL Background Thread 1 ] DEBUG SystemBundleService  - Loading FXGL system data
19:20:55.202 [FXGL Background Thread 1 ] DEBUG FileSystemAccess     - Reading from: C:\Users\cpn02\OneDrive\document\javafxGame\system\fxgl.bundle
19:20:55.211 [FXGL Background Thread 1 ] DEBUG SystemBundleService  - Bundle FXGL: {}
19:20:55.211 [FXGL Background Thread 1 ] DEBUG UpdaterService       - Checking for updates
19:20:55.215 [FXGL Background Thread 4 ] DEBUG FXGLApplication      - Loading fonts
19:20:55.215 [FXGL Background Thread 4 ] DEBUG FXGLAssetLoaderServi - Loading from file system: jar:file:/C:/Users/cpn02/.m2/repository/com/github/almasb/fxgl/17.2/fxgl-17.2.jar!/fxglassets/ui/fonts/VarelaRound-Regular.ttf
19:20:55.215 [FXGL Background Thread 1 ] DEBUG FXGLApplication      - Loading default localization
19:20:55.216 [FXGL Background Thread 1 ] DEBUG FXGLAssetLoaderServi - Loading from file system: jar:file:/C:/Users/cpn02/.m2/repository/com/github/almasb/fxgl/17.2/fxgl-17.2.jar!/fxglassets/languages/english.lang
19:20:55.236 [FXGL Background Thread 1 ] INFO  FXGLApplication      - FXGL initialization took: 0.385 sec
19:20:55.237 [JavaFX Application Thread] DEBUG FXGLAssetLoaderServi - Loading from file system: jar:file:/C:/Users/cpn02/.m2/repository/com/github/almasb/fxgl/17.2/fxgl-17.2.jar!/fxglassets/textures/fxgl_icon.png
19:20:55.262 [JavaFX Application Thread] DEBUG FXGLAssetLoaderServi - Loading from file system: jar:file:/C:/Users/cpn02/.m2/repository/com/github/almasb/fxgl/17.2/fxgl-17.2.jar!/fxglassets/textures/fxgl_default_cursor.png
19:20:55.278 [JavaFX Application Thread] DEBUG Input                - Registered new binding: Screenshot - CTRL+8
19:20:55.280 [JavaFX Application Thread] DEBUG Input                - Registered new binding: System info dump - CTRL+9
19:20:55.281 [JavaFX Application Thread] DEBUG Input                - Registered new binding: Restart - CTRL+R
19:20:55.283 [JavaFX Application Thread] DEBUG Input                - Registered new binding: Toggle Debug Camera - CTRL+7
19:20:55.290 [JavaFX Application Thread] DEBUG LoopRunner           - Starting loop
19:20:55.290 [JavaFX Application Thread] DEBUG LoopRunner           - Initializing JavaFX AnimationTimerLoop
19:20:55.292 [FXGL Background Thread 4 ] DEBUG FXGLAssetLoaderServi - Loading from file system: jar:file:/C:/Users/cpn02/.m2/repository/com/github/almasb/fxgl/17.2/fxgl-17.2.jar!/fxglassets/ui/fonts/Abel-Regular.ttf
19:20:55.294 [JavaFX Application Thread] DEBUG GameApplicationServi - Starting new game
19:20:55.294 [JavaFX Application Thread] DEBUG Input                - Clearing active input actions
19:20:55.295 [FXGL Background Thread 4 ] DEBUG FXGLAssetLoaderServi - Loading from file system: jar:file:/C:/Users/cpn02/.m2/repository/com/github/almasb/fxgl/17.2/fxgl-17.2.jar!/fxglassets/ui/fonts/TerminalLandMono-Regular.otf
19:20:55.298 [FXGL Background Thread 4 ] DEBUG FXGLAssetLoaderServi - Loading from file system: jar:file:/C:/Users/cpn02/.m2/repository/com/github/almasb/fxgl/17.2/fxgl-17.2.jar!/fxglassets/ui/fonts/Courier-Prime.ttf
19:20:55.307 [JavaFX Application Thread] DEBUG GameApplicationServi - Removing overlay from FXGLStartupScene and adding to FXGLLoadingScene
19:20:55.308 [JavaFX Application Thread] DEBUG PrimaryStageWindow   - FXGLStartupScene -> FXGLLoadingScene
19:20:55.308 [JavaFX Application Thread] DEBUG GameApplicationServi - Clearing previous game
19:20:55.308 [JavaFX Application Thread] DEBUG GameScene            - Clearing game scene
19:20:55.308 [JavaFX Application Thread] DEBUG GameWorld            - Clearing game world
19:20:55.308 [JavaFX Application Thread] DEBUG PhysicsWorld         - Clearing physics world
19:20:55.311 [FXGL Background Thread 4 ] DEBUG FXGLApplication      - Initializing game
19:20:55.320 [FXGL Background Thread 4 ] DEBUG FXGLAssetLoaderServi - Loading from file system: file:/C:/Users/cpn02/OneDrive/document/javafxGame/target/classes/assets/textures/background.png
19:20:55.362 [JavaFX Application Thread] DEBUG FXGLApplication      - Registering font factories with UI factory
19:20:55.404 [FXGL Background Thread 4 ] DEBUG FXGLAssetLoaderServi - Loading from file system: file:/C:/Users/cpn02/OneDrive/document/javafxGame/target/classes/assets/textures/mat.png
19:20:55.501 [FXGL Background Thread 4 ] DEBUG FXGLAssetLoaderServi - Loading from file system: file:/C:/Users/cpn02/OneDrive/document/javafxGame/target/classes/assets/textures/level_one.png
19:20:55.542 [FXGL Background Thread 4 ] DEBUG FXGLAssetLoaderServi - Loading from file system: file:/C:/Users/cpn02/OneDrive/document/javafxGame/target/classes/assets/textures/level_two.png
19:20:55.583 [FXGL Background Thread 4 ] DEBUG FXGLAssetLoaderServi - Loading from file system: file:/C:/Users/cpn02/OneDrive/document/javafxGame/target/classes/assets/textures/level_three.png
19:20:55.625 [FXGL Background Thread 4 ] DEBUG FXGLAssetLoaderServi - Loading from file system: file:/C:/Users/cpn02/OneDrive/document/javafxGame/target/classes/assets/textures/sample_one1.png
19:20:55.670 [FXGL Background Thread 4 ] DEBUG FXGLAssetLoaderServi - Loading from file system: file:/C:/Users/cpn02/OneDrive/document/javafxGame/target/classes/assets/textures/sample_two0.png
19:20:55.711 [FXGL Background Thread 4 ] DEBUG FXGLAssetLoaderServi - Loading from file system: file:/C:/Users/cpn02/OneDrive/document/javafxGame/target/classes/assets/textures/sample_three1.png
19:20:55.749 [FXGL Background Thread 4 ] DEBUG FXGLAssetLoaderServi - Loading from file system: file:/C:/Users/cpn02/OneDrive/document/javafxGame/target/classes/assets/textures/sample_three0.png
19:20:55.788 [FXGL Background Thread 4 ] DEBUG FXGLAssetLoaderServi - Loading from file system: file:/C:/Users/cpn02/OneDrive/document/javafxGame/target/classes/assets/textures/sample_two1.png
19:20:55.825 [FXGL Background Thread 4 ] DEBUG FXGLAssetLoaderServi - Loading from file system: file:/C:/Users/cpn02/OneDrive/document/javafxGame/target/classes/assets/textures/sample_one0.png
19:20:55.853 [FXGL Background Thread 4 ] INFO  FXGLApplication      - Game initialization took: 0.543 sec
19:20:55.862 [JavaFX Application Thread] DEBUG Input                - Clearing active input actions
19:20:55.876 [JavaFX Application Thread] DEBUG GameApplicationServi - Removing overlay from FXGLLoadingScene and adding to GameScene
19:20:55.876 [JavaFX Application Thread] DEBUG PrimaryStageWindow   - FXGLLoadingScene -> GameScene
19:20:58.214 [FXGL Background Thread 3 ] DEBUG Engine               - Logging environment variables
19:20:58.215 [FXGL Background Thread 3 ] DEBUG Engine               - achievements: []
19:20:58.215 [FXGL Background Thread 3 ] DEBUG Engine               - actualHeight: 911.0
19:20:58.215 [FXGL Background Thread 3 ] DEBUG Engine               - actualHeightProperty: ReadOnlyDoubleProperty [value: 911.0]
19:20:58.215 [FXGL Background Thread 3 ] DEBUG Engine               - actualWidth: 1596.0
19:20:58.215 [FXGL Background Thread 3 ] DEBUG Engine               - actualWidthProperty: ReadOnlyDoubleProperty [value: 1596.0]
19:20:58.215 [FXGL Background Thread 3 ] DEBUG Engine               - appIcon: fxgl_icon.png
19:20:58.215 [FXGL Background Thread 3 ] DEBUG Engine               - applicationMode: DEVELOPER
19:20:58.216 [FXGL Background Thread 3 ] DEBUG Engine               - cSSList: [fxgl_dark.css]
19:20:58.216 [FXGL Background Thread 3 ] DEBUG Engine               - collisionDetectionStrategy: BRUTE_FORCE
19:20:58.216 [FXGL Background Thread 3 ] DEBUG Engine               - configClass: Optional.empty
19:20:58.216 [FXGL Background Thread 3 ] DEBUG Engine               - credits: []
19:20:58.216 [FXGL Background Thread 3 ] DEBUG Engine               - defaultCursor: CursorInfo(imageName=fxgl_default_cursor.png, hotspotX=7.0, hotspotY=6.0)
19:20:58.216 [FXGL Background Thread 3 ] DEBUG Engine               - devBBoxColorProperty: ObjectProperty [value: 0xff0000ff]
19:20:58.216 [FXGL Background Thread 3 ] DEBUG Engine               - devEnableDebugCameraProperty: BooleanProperty [value: false]
19:20:58.217 [FXGL Background Thread 3 ] DEBUG Engine               - devSensorColorProperty: ObjectProperty [value: 0xffff00ff]
19:20:58.217 [FXGL Background Thread 3 ] DEBUG Engine               - devShowBBoxProperty: BooleanProperty [value: false]
19:20:58.217 [FXGL Background Thread 3 ] DEBUG Engine               - devShowPositionProperty: BooleanProperty [value: false]
19:20:58.217 [FXGL Background Thread 3 ] DEBUG Engine               - enabledMenuItems: []
19:20:58.217 [FXGL Background Thread 3 ] DEBUG Engine               - engineServices: [class com.almasb.fxgl.app.services.FXGLAssetLoaderService, class com.almasb.fxgl.app.FXGLApplication$GameApplicationService, class com.almasb.fxgl.app.services.FXGLDialogService, class com.almasb.fxgl.app.services.IOTaskExecutorService, class com.almasb.fxgl.io.FileSystemService, class com.almasb.fxgl.localization.LocalizationService, class com.almasb.fxgl.app.services.SystemBundleService, class com.almasb.fxgl.profile.SaveLoadService, class com.almasb.fxgl.ui.FXGLUIFactoryServiceProvider, class com.almasb.fxgl.ui.FXGLDialogFactoryServiceProvider, class com.almasb.fxgl.audio.AudioPlayer, class com.almasb.fxgl.notification.impl.NotificationServiceProvider, class com.almasb.fxgl.achievement.AchievementService, class com.almasb.fxgl.cutscene.CutsceneService, class com.almasb.fxgl.minigames.MiniGameService, class com.almasb.fxgl.net.NetService, class com.almasb.fxgl.app.services.UpdaterService, class com.almasb.fxgl.dev.DevService]
19:20:58.217 [FXGL Background Thread 3 ] DEBUG Engine               - fontGame: Abel-Regular.ttf
19:20:58.217 [FXGL Background Thread 3 ] DEBUG Engine               - fontMono: TerminalLandMono-Regular.otf
19:20:58.217 [FXGL Background Thread 3 ] DEBUG Engine               - fontText: Courier-Prime.ttf
19:20:58.217 [FXGL Background Thread 3 ] DEBUG Engine               - fontUI: VarelaRound-Regular.ttf
19:20:58.217 [FXGL Background Thread 3 ] DEBUG Engine               - fullScreen: BooleanProperty [value: false]
19:20:58.217 [FXGL Background Thread 3 ] DEBUG Engine               - gameDifficulty: MEDIUM
19:20:58.218 [FXGL Background Thread 3 ] DEBUG Engine               - gameDifficultyProperty: ObjectProperty [value: MEDIUM]
19:20:58.218 [FXGL Background Thread 3 ] DEBUG Engine               - globalMusicVolume: 0.5
19:20:58.218 [FXGL Background Thread 3 ] DEBUG Engine               - globalMusicVolumeProperty: DoubleProperty [value: 0.5]
19:20:58.218 [FXGL Background Thread 3 ] DEBUG Engine               - globalSoundVolume: 0.5
19:20:58.218 [FXGL Background Thread 3 ] DEBUG Engine               - globalSoundVolumeProperty: DoubleProperty [value: 0.5]
19:20:58.218 [FXGL Background Thread 3 ] DEBUG Engine               - height: 1080
19:20:58.218 [FXGL Background Thread 3 ] DEBUG Engine               - is3D: false
19:20:58.218 [FXGL Background Thread 3 ] DEBUG Engine               - isAndroid: false
19:20:58.218 [FXGL Background Thread 3 ] DEBUG Engine               - isBrowser: false
19:20:58.218 [FXGL Background Thread 3 ] DEBUG Engine               - isClickFeedbackEnabled: false
19:20:58.218 [FXGL Background Thread 3 ] DEBUG Engine               - isCloseConfirmation: false
19:20:58.218 [FXGL Background Thread 3 ] DEBUG Engine               - isDesktop: true
19:20:58.218 [FXGL Background Thread 3 ] DEBUG Engine               - isDeveloperMenuEnabled: false
19:20:58.218 [FXGL Background Thread 3 ] DEBUG Engine               - isEmbedded: false
19:20:58.218 [FXGL Background Thread 3 ] DEBUG Engine               - isEntityPreloadEnabled: true
19:20:58.218 [FXGL Background Thread 3 ] DEBUG Engine               - isExperimentalTiledLargeMap: false
19:20:58.218 [FXGL Background Thread 3 ] DEBUG Engine               - isFileSystemWriteAllowed: true
19:20:58.218 [FXGL Background Thread 3 ] DEBUG Engine               - isFullScreenAllowed: false
19:20:58.218 [FXGL Background Thread 3 ] DEBUG Engine               - isFullScreenFromStart: false
19:20:58.218 [FXGL Background Thread 3 ] DEBUG Engine               - isGameMenuEnabled: true
19:20:58.219 [FXGL Background Thread 3 ] DEBUG Engine               - isIOS: false
19:20:58.219 [FXGL Background Thread 3 ] DEBUG Engine               - isIntroEnabled: false
19:20:58.219 [FXGL Background Thread 3 ] DEBUG Engine               - isLinux: false
19:20:58.219 [FXGL Background Thread 3 ] DEBUG Engine               - isMac: false
19:20:58.219 [FXGL Background Thread 3 ] DEBUG Engine               - isMainMenuEnabled: false
19:20:58.219 [FXGL Background Thread 3 ] DEBUG Engine               - isManualResizeEnabled: false
19:20:58.219 [FXGL Background Thread 3 ] DEBUG Engine               - isMobile: false
19:20:58.219 [FXGL Background Thread 3 ] DEBUG Engine               - isNative: false
19:20:58.219 [FXGL Background Thread 3 ] DEBUG Engine               - isPauseMusicWhenMinimized: true
19:20:58.219 [FXGL Background Thread 3 ] DEBUG Engine               - isPreserveResizeRatio: false
19:20:58.219 [FXGL Background Thread 3 ] DEBUG Engine               - isProfilingEnabled: false
19:20:58.219 [FXGL Background Thread 3 ] DEBUG Engine               - isScaleAffectedOnResize: true
19:20:58.219 [FXGL Background Thread 3 ] DEBUG Engine               - isSingleStep: false
19:20:58.219 [FXGL Background Thread 3 ] DEBUG Engine               - isUserProfileEnabled: false
19:20:58.220 [FXGL Background Thread 3 ] DEBUG Engine               - isWindows: true
19:20:58.220 [FXGL Background Thread 3 ] DEBUG Engine               - language: ObjectProperty [value: ENGLISH]
19:20:58.220 [FXGL Background Thread 3 ] DEBUG Engine               - menuKey: ESCAPE
19:20:58.220 [FXGL Background Thread 3 ] DEBUG Engine               - mouseSensitivity: 0.2
19:20:58.220 [FXGL Background Thread 3 ] DEBUG Engine               - notificationViewClass: class com.almasb.fxgl.notification.view.XboxNotificationView
19:20:58.220 [FXGL Background Thread 3 ] DEBUG Engine               - pixelsPerMeter: 50.0
19:20:58.220 [FXGL Background Thread 3 ] DEBUG Engine               - platform: WINDOWS
19:20:58.220 [FXGL Background Thread 3 ] DEBUG Engine               - prefHeightProperty: ReadOnlyDoubleProperty [value: 1080.0]
19:20:58.220 [FXGL Background Thread 3 ] DEBUG Engine               - prefWidthProperty: ReadOnlyDoubleProperty [value: 1920.0]
19:20:58.220 [FXGL Background Thread 3 ] DEBUG Engine               - profileDir: profiles/
19:20:58.220 [FXGL Background Thread 3 ] DEBUG Engine               - profileName: StringProperty [value: DEFAULT]
19:20:58.220 [FXGL Background Thread 3 ] DEBUG Engine               - randomSeed: -1
19:20:58.221 [FXGL Background Thread 3 ] DEBUG Engine               - runtimeInfo: RuntimeInfo(platform=WINDOWS, version=17.2, build=20.08.2022 16.50)
19:20:58.221 [FXGL Background Thread 3 ] DEBUG Engine               - saveFileExt: sav
19:20:58.221 [FXGL Background Thread 3 ] DEBUG Engine               - scaledHeightProp$fxgl: DoubleProperty [bound, value: 911.0]
19:20:58.221 [FXGL Background Thread 3 ] DEBUG Engine               - scaledWidthProp$fxgl: DoubleProperty [bound, value: 1596.0]
19:20:58.221 [FXGL Background Thread 3 ] DEBUG Engine               - sceneFactory: com.almasb.fxgl.app.scene.SceneFactory@431e8b8b
19:20:58.221 [FXGL Background Thread 3 ] DEBUG Engine               - secondsIn24h: 60
19:20:58.221 [FXGL Background Thread 3 ] DEBUG Engine               - soundMenuBack: menu/back.wav
19:20:58.221 [FXGL Background Thread 3 ] DEBUG Engine               - soundMenuPress: menu/press.wav
19:20:58.221 [FXGL Background Thread 3 ] DEBUG Engine               - soundMenuSelect: menu/select.wav
19:20:58.221 [FXGL Background Thread 3 ] DEBUG Engine               - soundNotification: core/notification.wav
19:20:58.221 [FXGL Background Thread 3 ] DEBUG Engine               - stageStyle: DECORATED
19:20:58.221 [FXGL Background Thread 3 ] DEBUG Engine               - supportedLanguages: [ENGLISH, FRENCH, GERMAN, HUNGARIAN, RUSSIAN]
19:20:58.221 [FXGL Background Thread 3 ] DEBUG Engine               - ticksPerSecond: -1
19:20:58.221 [FXGL Background Thread 3 ] DEBUG Engine               - title: Untitled
19:20:58.221 [FXGL Background Thread 3 ] DEBUG Engine               - urlGithub: https://github.com/AlmasB/FXGL
19:20:58.221 [FXGL Background Thread 3 ] DEBUG Engine               - urlLeaderboard: http://fxgl-top.herokuapp.com/
19:20:58.221 [FXGL Background Thread 3 ] DEBUG Engine               - urlPOM: https://raw.githubusercontent.com/AlmasB/FXGL/release/README.md
19:20:58.222 [FXGL Background Thread 3 ] DEBUG Engine               - userAppClass: class game.GameApp
19:20:58.222 [FXGL Background Thread 3 ] DEBUG Engine               - version: 0.0
19:20:58.222 [FXGL Background Thread 3 ] DEBUG Engine               - versionCheckDays: 7
19:20:58.222 [FXGL Background Thread 3 ] DEBUG Engine               - width: 1920
19:20:58.222 [FXGL Background Thread 3 ] DEBUG Engine               - Logging services
19:20:58.222 [FXGL Background Thread 3 ] DEBUG Engine               - class com.almasb.fxgl.app.services.FXGLAssetLoaderService
19:20:58.222 [FXGL Background Thread 3 ] DEBUG Engine               - class com.almasb.fxgl.app.FXGLApplication$GameApplicationService
19:20:58.222 [FXGL Background Thread 3 ] DEBUG Engine               - class com.almasb.fxgl.app.services.FXGLDialogService
19:20:58.222 [FXGL Background Thread 3 ] DEBUG Engine               - class com.almasb.fxgl.app.services.IOTaskExecutorService
19:20:58.222 [FXGL Background Thread 3 ] DEBUG Engine               - class com.almasb.fxgl.io.FileSystemService
19:20:58.222 [FXGL Background Thread 3 ] DEBUG Engine               - class com.almasb.fxgl.localization.LocalizationService
19:20:58.222 [FXGL Background Thread 3 ] DEBUG Engine               - class com.almasb.fxgl.app.services.SystemBundleService
19:20:58.222 [FXGL Background Thread 3 ] DEBUG Engine               - class com.almasb.fxgl.profile.SaveLoadService
19:20:58.222 [FXGL Background Thread 3 ] DEBUG Engine               - class com.almasb.fxgl.ui.FXGLUIFactoryServiceProvider
19:20:58.222 [FXGL Background Thread 3 ] DEBUG Engine               - class com.almasb.fxgl.ui.FXGLDialogFactoryServiceProvider
19:20:58.222 [FXGL Background Thread 3 ] DEBUG Engine               - class com.almasb.fxgl.audio.AudioPlayer
19:20:58.222 [FXGL Background Thread 3 ] DEBUG Engine               - class com.almasb.fxgl.notification.impl.NotificationServiceProvider
19:20:58.222 [FXGL Background Thread 3 ] DEBUG Engine               - class com.almasb.fxgl.achievement.AchievementService
19:20:58.222 [FXGL Background Thread 3 ] DEBUG Engine               - class com.almasb.fxgl.cutscene.CutsceneService
19:20:58.222 [FXGL Background Thread 3 ] DEBUG Engine               - class com.almasb.fxgl.minigames.MiniGameService
19:20:58.222 [FXGL Background Thread 3 ] DEBUG Engine               - class com.almasb.fxgl.net.NetService
19:20:58.223 [FXGL Background Thread 3 ] DEBUG Engine               - class com.almasb.fxgl.app.services.UpdaterService
19:20:58.223 [FXGL Background Thread 3 ] DEBUG Engine               - class com.almasb.fxgl.dev.DevService
19:21:06.805 [JavaFX Application Thread] DEBUG FXGLApplication      - Exiting FXGL
19:21:06.805 [JavaFX Application Thread] DEBUG LoopRunner           - Stopping loop
19:21:06.805 [JavaFX Application Thread] DEBUG SystemBundleService  - Saving FXGL system data
19:21:06.808 [JavaFX Application Thread] DEBUG FileSystemAccess     - Writing to: C:\Users\cpn02\OneDrive\document\javafxGame\system\fxgl.bundle
19:21:06.809 [JavaFX Application Thread] DEBUG Async                - Shutting down background threads
19:21:06.809 [JavaFX Application Thread] DEBUG PrimaryStageWindow   - Closing main window
19:21:06.825 [JavaFX Application Thread] DEBUG Logger               - Closing Logger
