17:41:36.114 [main                     ] DEBUG Logger               - Configured Logger
17:41:36.137 [main                     ] DEBUG GameApplication      - Logging settings
Title: Untitled
Version: 0.0
Width: 1920
Height: 1080
Fullscreen: false
Intro: false
Profiling: false
Single step:false
App Mode: DEVELOPER
Menu Key: ESCAPE
Stage Style: DECORATED
Scene Factory: class com.almasb.fxgl.app.scene.SceneFactory

17:41:36.366 [JavaFX Application Thread] DEBUG FXGLApplication      - Initializing FXGL
17:41:36.369 [JavaFX Application Thread] INFO  Engine               - FXGL-17.2 (20.08.2022 16.50) on LINUX (J:17.0.3 FX:18)
17:41:36.369 [JavaFX Application Thread] DEBUG Engine               - JRE Vendor Name: Eclipse Adoptium
17:41:36.370 [JavaFX Application Thread] DEBUG Engine               - Running on OS: Linux version 5.15.0-52-generic
17:41:36.370 [JavaFX Application Thread] DEBUG Engine               - Architecture: amd64
17:41:36.370 [JavaFX Application Thread] INFO  Engine               - Source code and latest versions at: https://github.com/AlmasB/FXGL
17:41:36.370 [JavaFX Application Thread] INFO  Engine               -       Ask questions and discuss at: https://github.com/AlmasB/FXGL/discussions
17:41:36.370 [JavaFX Application Thread] INFO  Engine               -              Join the FXGL chat at: https://gitter.im/AlmasB/FXGL
17:41:36.434 [JavaFX Application Thread] DEBUG PrimaryStageWindow   - Creating a JavaFX scene
17:41:36.435 [JavaFX Application Thread] DEBUG PrimaryStageWindow   - Target size > screen size
17:41:36.560 [JavaFX Application Thread] DEBUG PrimaryStageWindow   - Target settings size: 1920.0 x 1080.0
17:41:36.561 [JavaFX Application Thread] DEBUG PrimaryStageWindow   - Scaled scene size:    1821.0 x 1038.0
17:41:36.561 [JavaFX Application Thread] DEBUG PrimaryStageWindow   - Scaled ratio: (0.9484375, 0.9611111111111111)
17:41:36.562 [JavaFX Application Thread] DEBUG PrimaryStageWindow   - Set initial scene to FXGLStartupScene
17:41:36.566 [JavaFX Application Thread] DEBUG PrimaryStageWindow   - Opening main window
17:41:36.592 [JavaFX Application Thread] DEBUG PrimaryStageWindow   - Window border size: (2.0, 29.0)
17:41:36.592 [JavaFX Application Thread] DEBUG PrimaryStageWindow   - Scaled size: 1821.0 x 1038.0
17:41:36.592 [JavaFX Application Thread] DEBUG PrimaryStageWindow   - Scaled ratio: (0.9484375, 0.9611111111111111)
17:41:36.592 [JavaFX Application Thread] DEBUG PrimaryStageWindow   - Scene size: 1821.0 x 1038.0
17:41:36.593 [JavaFX Application Thread] DEBUG PrimaryStageWindow   - Stage size: 1823.0 x 1067.0
17:41:36.598 [FXGL Background Thread 1 ] DEBUG Engine               - Initializing environment variables
17:41:36.623 [FXGL Background Thread 1 ] DEBUG FXGLAssetLoaderServi - User app class for loading assets: class game.GameApp
17:41:36.624 [FXGL Background Thread 1 ] DEBUG GameApplicationServi - Applying CSS: fxgl_dark.css
17:41:36.624 [FXGL Background Thread 1 ] DEBUG FXGLAssetLoaderServi - Loading from file system: jar:file:/home/2021/pcheng15/.m2/repository/com/github/almasb/fxgl/17.2/fxgl-17.2.jar!/fxglassets/ui/css/fxgl_dark.css
17:41:36.653 [FXGL Background Thread 1 ] DEBUG GameApplicationServi - Initializing application scenes
17:41:36.691 [FXGL Background Thread 1 ] DEBUG GameWorld            - Game world initialized
17:41:36.722 [FXGL Background Thread 1 ] DEBUG PhysicsWorld         - Physics world initialized: appHeight=1080, physics.ppm=50.0
17:41:36.722 [FXGL Background Thread 1 ] DEBUG PhysicsWorld         - Using strategy: BRUTE_FORCE
17:41:36.725 [FXGL Background Thread 1 ] DEBUG GameScene            - Game scene initialized: 1920x1080
17:41:36.732 [FXGL Background Thread 1 ] DEBUG FXGL.DefaultMenu     - createMenuBodyGameMenu()
17:41:36.742 [FXGL Background Thread 1 ] DEBUG FXGL.DefaultMenu     - createOptionsMenu()
17:41:36.750 [FXGL Background Thread 1 ] DEBUG FXGLAssetLoaderServi - Loading from file system: jar:file:/home/2021/pcheng15/.m2/repository/com/github/almasb/fxgl/17.2/fxgl-17.2.jar!/fxglassets/textures/particles/smoke.png
17:41:36.807 [FXGL Background Thread 1 ] DEBUG FXGLAssetLoaderServi - Loading from file system: jar:file:/home/2021/pcheng15/.m2/repository/com/github/almasb/fxgl/17.2/fxgl-17.2.jar!/fxglassets/textures/particles/trace_horizontal.png
17:41:36.828 [FXGL Background Thread 1 ] DEBUG GameApplicationServi - Application scenes initialized
17:41:36.835 [FXGL Background Thread 1 ] DEBUG SystemBundleService  - Loading FXGL system data
17:41:36.839 [FXGL Background Thread 1 ] DEBUG FileSystemAccess     - Reading from: /home/2021/pcheng15/Documents/javafxGame/system/fxgl.bundle
17:41:36.845 [FXGL Background Thread 1 ] DEBUG SystemBundleService  - Bundle FXGL: {}
17:41:36.845 [FXGL Background Thread 1 ] DEBUG UpdaterService       - Checking for updates
17:41:36.850 [FXGL Background Thread 4 ] DEBUG FXGLApplication      - Loading fonts
17:41:36.850 [FXGL Background Thread 4 ] DEBUG FXGLAssetLoaderServi - Loading from file system: jar:file:/home/2021/pcheng15/.m2/repository/com/github/almasb/fxgl/17.2/fxgl-17.2.jar!/fxglassets/ui/fonts/VarelaRound-Regular.ttf
17:41:36.851 [FXGL Background Thread 1 ] DEBUG FXGLApplication      - Loading default localization
17:41:36.851 [FXGL Background Thread 1 ] DEBUG FXGLAssetLoaderServi - Loading from file system: jar:file:/home/2021/pcheng15/.m2/repository/com/github/almasb/fxgl/17.2/fxgl-17.2.jar!/fxglassets/languages/english.lang
17:41:36.857 [FXGL Background Thread 4 ] DEBUG FXGLAssetLoaderServi - Loading from file system: jar:file:/home/2021/pcheng15/.m2/repository/com/github/almasb/fxgl/17.2/fxgl-17.2.jar!/fxglassets/ui/fonts/Abel-Regular.ttf
17:41:36.858 [FXGL Background Thread 4 ] DEBUG FXGLAssetLoaderServi - Loading from file system: jar:file:/home/2021/pcheng15/.m2/repository/com/github/almasb/fxgl/17.2/fxgl-17.2.jar!/fxglassets/ui/fonts/TerminalLandMono-Regular.otf
17:41:36.859 [FXGL Background Thread 4 ] DEBUG FXGLAssetLoaderServi - Loading from file system: jar:file:/home/2021/pcheng15/.m2/repository/com/github/almasb/fxgl/17.2/fxgl-17.2.jar!/fxglassets/ui/fonts/Courier-Prime.ttf
17:41:36.860 [FXGL Background Thread 1 ] INFO  FXGLApplication      - FXGL initialization took: 0.262 sec
17:41:36.860 [JavaFX Application Thread] DEBUG FXGLAssetLoaderServi - Loading from file system: jar:file:/home/2021/pcheng15/.m2/repository/com/github/almasb/fxgl/17.2/fxgl-17.2.jar!/fxglassets/textures/fxgl_icon.png
17:41:36.876 [JavaFX Application Thread] DEBUG FXGLAssetLoaderServi - Loading from file system: jar:file:/home/2021/pcheng15/.m2/repository/com/github/almasb/fxgl/17.2/fxgl-17.2.jar!/fxglassets/textures/fxgl_default_cursor.png
17:41:36.882 [JavaFX Application Thread] DEBUG Input                - Registered new binding: Screenshot - CTRL+8
17:41:36.882 [JavaFX Application Thread] DEBUG Input                - Registered new binding: System info dump - CTRL+9
17:41:36.882 [JavaFX Application Thread] DEBUG Input                - Registered new binding: Restart - CTRL+R
17:41:36.883 [JavaFX Application Thread] DEBUG Input                - Registered new binding: Toggle Debug Camera - CTRL+7
17:41:36.884 [JavaFX Application Thread] DEBUG LoopRunner           - Starting loop
17:41:36.884 [JavaFX Application Thread] DEBUG LoopRunner           - Initializing JavaFX AnimationTimerLoop
17:41:36.885 [JavaFX Application Thread] DEBUG GameApplicationServi - Starting new game
17:41:36.885 [JavaFX Application Thread] DEBUG Input                - Clearing active input actions
17:41:36.892 [JavaFX Application Thread] DEBUG GameApplicationServi - Removing overlay from FXGLStartupScene and adding to FXGLLoadingScene
17:41:36.892 [JavaFX Application Thread] DEBUG PrimaryStageWindow   - FXGLStartupScene -> FXGLLoadingScene
17:41:36.892 [JavaFX Application Thread] DEBUG GameApplicationServi - Clearing previous game
17:41:36.892 [JavaFX Application Thread] DEBUG GameScene            - Clearing game scene
17:41:36.892 [JavaFX Application Thread] DEBUG GameWorld            - Clearing game world
17:41:36.892 [JavaFX Application Thread] DEBUG PhysicsWorld         - Clearing physics world
17:41:36.893 [FXGL Background Thread 4 ] DEBUG FXGLApplication      - Initializing game
17:41:36.893 [JavaFX Application Thread] DEBUG FXGLApplication      - Registering font factories with UI factory
17:41:36.895 [FXGL Background Thread 4 ] DEBUG FXGLAssetLoaderServi - Loading from file system: file:/home/2021/pcheng15/Documents/javafxGame/target/classes/assets/textures/background.png
17:41:36.974 [FXGL Background Thread 4 ] DEBUG FXGLAssetLoaderServi - Loading from file system: file:/home/2021/pcheng15/Documents/javafxGame/target/classes/assets/textures/mat.png
17:41:37.028 [FXGL Background Thread 4 ] DEBUG FXGLAssetLoaderServi - Loading from file system: file:/home/2021/pcheng15/Documents/javafxGame/target/classes/assets/textures/level_one.png
17:41:37.055 [FXGL Background Thread 4 ] DEBUG FXGLAssetLoaderServi - Loading from file system: file:/home/2021/pcheng15/Documents/javafxGame/target/classes/assets/textures/level_two.png
17:41:37.085 [FXGL Background Thread 4 ] DEBUG FXGLAssetLoaderServi - Loading from file system: file:/home/2021/pcheng15/Documents/javafxGame/target/classes/assets/textures/level_three.png
17:41:37.120 [FXGL Background Thread 4 ] DEBUG FXGLAssetLoaderServi - Loading from file system: file:/home/2021/pcheng15/Documents/javafxGame/target/classes/assets/textures/level_one15.png
17:41:37.159 [FXGL Background Thread 4 ] DEBUG FXGLAssetLoaderServi - Loading from file system: file:/home/2021/pcheng15/Documents/javafxGame/target/classes/assets/textures/level_two0.png
17:41:37.192 [FXGL Background Thread 4 ] DEBUG FXGLAssetLoaderServi - Loading from file system: file:/home/2021/pcheng15/Documents/javafxGame/target/classes/assets/textures/level_three1.png
17:41:37.227 [FXGL Background Thread 4 ] DEBUG FXGLAssetLoaderServi - Loading from file system: file:/home/2021/pcheng15/Documents/javafxGame/target/classes/assets/textures/level_one13.png
17:41:37.264 [FXGL Background Thread 4 ] DEBUG FXGLAssetLoaderServi - Loading from file system: file:/home/2021/pcheng15/Documents/javafxGame/target/classes/assets/textures/level_three0.png
17:41:37.300 [FXGL Background Thread 4 ] DEBUG FXGLAssetLoaderServi - Loading from file system: file:/home/2021/pcheng15/Documents/javafxGame/target/classes/assets/textures/level_one8.png
17:41:37.332 [FXGL Background Thread 4 ] DEBUG FXGLAssetLoaderServi - Loading from file system: file:/home/2021/pcheng15/Documents/javafxGame/target/classes/assets/textures/level_two1.png
17:41:37.364 [FXGL Background Thread 4 ] DEBUG FXGLAssetLoaderServi - Loading from file system: file:/home/2021/pcheng15/Documents/javafxGame/target/classes/assets/textures/level_one2.png
17:41:37.402 [FXGL Background Thread 4 ] INFO  FXGLApplication      - Game initialization took: 0.509 sec
17:41:37.406 [JavaFX Application Thread] DEBUG Input                - Clearing active input actions
17:41:37.415 [JavaFX Application Thread] DEBUG GameApplicationServi - Removing overlay from FXGLLoadingScene and adding to GameScene
17:41:37.416 [JavaFX Application Thread] DEBUG PrimaryStageWindow   - FXGLLoadingScene -> GameScene
17:41:39.848 [FXGL Background Thread 3 ] DEBUG Engine               - Logging environment variables
17:41:39.850 [FXGL Background Thread 3 ] DEBUG Engine               - achievements: []
17:41:39.850 [FXGL Background Thread 3 ] DEBUG Engine               - actualHeight: 1024.0
17:41:39.851 [FXGL Background Thread 3 ] DEBUG Engine               - actualHeightProperty: ReadOnlyDoubleProperty [value: 1046.0]
17:41:39.851 [FXGL Background Thread 3 ] DEBUG Engine               - actualWidth: 1819.0
17:41:39.851 [FXGL Background Thread 3 ] DEBUG Engine               - actualWidthProperty: ReadOnlyDoubleProperty [value: 1819.0]
17:41:39.851 [FXGL Background Thread 3 ] DEBUG Engine               - appIcon: fxgl_icon.png
17:41:39.851 [FXGL Background Thread 3 ] DEBUG Engine               - applicationMode: DEVELOPER
17:41:39.851 [FXGL Background Thread 3 ] DEBUG Engine               - cSSList: [fxgl_dark.css]
17:41:39.851 [FXGL Background Thread 3 ] DEBUG Engine               - collisionDetectionStrategy: BRUTE_FORCE
17:41:39.851 [FXGL Background Thread 3 ] DEBUG Engine               - configClass: Optional.empty
17:41:39.851 [FXGL Background Thread 3 ] DEBUG Engine               - credits: []
17:41:39.852 [FXGL Background Thread 3 ] DEBUG Engine               - defaultCursor: CursorInfo(imageName=fxgl_default_cursor.png, hotspotX=7.0, hotspotY=6.0)
17:41:39.852 [FXGL Background Thread 3 ] DEBUG Engine               - devBBoxColorProperty: ObjectProperty [value: 0xff0000ff]
17:41:39.852 [FXGL Background Thread 3 ] DEBUG Engine               - devEnableDebugCameraProperty: BooleanProperty [value: false]
17:41:39.852 [FXGL Background Thread 3 ] DEBUG Engine               - devSensorColorProperty: ObjectProperty [value: 0xffff00ff]
17:41:39.852 [FXGL Background Thread 3 ] DEBUG Engine               - devShowBBoxProperty: BooleanProperty [value: false]
17:41:39.852 [FXGL Background Thread 3 ] DEBUG Engine               - devShowPositionProperty: BooleanProperty [value: false]
17:41:39.852 [FXGL Background Thread 3 ] DEBUG Engine               - enabledMenuItems: []
17:41:39.852 [FXGL Background Thread 3 ] DEBUG Engine               - engineServices: [class com.almasb.fxgl.app.services.FXGLAssetLoaderService, class com.almasb.fxgl.app.FXGLApplication$GameApplicationService, class com.almasb.fxgl.app.services.FXGLDialogService, class com.almasb.fxgl.app.services.IOTaskExecutorService, class com.almasb.fxgl.io.FileSystemService, class com.almasb.fxgl.localization.LocalizationService, class com.almasb.fxgl.app.services.SystemBundleService, class com.almasb.fxgl.profile.SaveLoadService, class com.almasb.fxgl.ui.FXGLUIFactoryServiceProvider, class com.almasb.fxgl.ui.FXGLDialogFactoryServiceProvider, class com.almasb.fxgl.audio.AudioPlayer, class com.almasb.fxgl.notification.impl.NotificationServiceProvider, class com.almasb.fxgl.achievement.AchievementService, class com.almasb.fxgl.cutscene.CutsceneService, class com.almasb.fxgl.minigames.MiniGameService, class com.almasb.fxgl.net.NetService, class com.almasb.fxgl.app.services.UpdaterService, class com.almasb.fxgl.dev.DevService]
17:41:39.852 [FXGL Background Thread 3 ] DEBUG Engine               - fontGame: Abel-Regular.ttf
17:41:39.852 [FXGL Background Thread 3 ] DEBUG Engine               - fontMono: TerminalLandMono-Regular.otf
17:41:39.852 [FXGL Background Thread 3 ] DEBUG Engine               - fontText: Courier-Prime.ttf
17:41:39.852 [FXGL Background Thread 3 ] DEBUG Engine               - fontUI: VarelaRound-Regular.ttf
17:41:39.853 [FXGL Background Thread 3 ] DEBUG Engine               - fullScreen: BooleanProperty [value: false]
17:41:39.853 [FXGL Background Thread 3 ] DEBUG Engine               - gameDifficulty: MEDIUM
17:41:39.853 [FXGL Background Thread 3 ] DEBUG Engine               - gameDifficultyProperty: ObjectProperty [value: MEDIUM]
17:41:39.853 [FXGL Background Thread 3 ] DEBUG Engine               - globalMusicVolume: 0.5
17:41:39.853 [FXGL Background Thread 3 ] DEBUG Engine               - globalMusicVolumeProperty: DoubleProperty [value: 0.5]
17:41:39.853 [FXGL Background Thread 3 ] DEBUG Engine               - globalSoundVolume: 0.5
17:41:39.853 [FXGL Background Thread 3 ] DEBUG Engine               - globalSoundVolumeProperty: DoubleProperty [value: 0.5]
17:41:39.853 [FXGL Background Thread 3 ] DEBUG Engine               - height: 1080
17:41:39.853 [FXGL Background Thread 3 ] DEBUG Engine               - is3D: false
17:41:39.853 [FXGL Background Thread 3 ] DEBUG Engine               - isAndroid: false
17:41:39.853 [FXGL Background Thread 3 ] DEBUG Engine               - isBrowser: false
17:41:39.854 [FXGL Background Thread 3 ] DEBUG Engine               - isClickFeedbackEnabled: false
17:41:39.854 [FXGL Background Thread 3 ] DEBUG Engine               - isCloseConfirmation: false
17:41:39.854 [FXGL Background Thread 3 ] DEBUG Engine               - isDesktop: true
17:41:39.854 [FXGL Background Thread 3 ] DEBUG Engine               - isDeveloperMenuEnabled: false
17:41:39.854 [FXGL Background Thread 3 ] DEBUG Engine               - isEmbedded: false
17:41:39.854 [FXGL Background Thread 3 ] DEBUG Engine               - isEntityPreloadEnabled: true
17:41:39.854 [FXGL Background Thread 3 ] DEBUG Engine               - isExperimentalTiledLargeMap: false
17:41:39.854 [FXGL Background Thread 3 ] DEBUG Engine               - isFileSystemWriteAllowed: true
17:41:39.854 [FXGL Background Thread 3 ] DEBUG Engine               - isFullScreenAllowed: false
17:41:39.854 [FXGL Background Thread 3 ] DEBUG Engine               - isFullScreenFromStart: false
17:41:39.854 [FXGL Background Thread 3 ] DEBUG Engine               - isGameMenuEnabled: true
17:41:39.855 [FXGL Background Thread 3 ] DEBUG Engine               - isIOS: false
17:41:39.855 [FXGL Background Thread 3 ] DEBUG Engine               - isIntroEnabled: false
17:41:39.855 [FXGL Background Thread 3 ] DEBUG Engine               - isLinux: true
17:41:39.855 [FXGL Background Thread 3 ] DEBUG Engine               - isMac: false
17:41:39.855 [FXGL Background Thread 3 ] DEBUG Engine               - isMainMenuEnabled: false
17:41:39.855 [FXGL Background Thread 3 ] DEBUG Engine               - isManualResizeEnabled: false
17:41:39.855 [FXGL Background Thread 3 ] DEBUG Engine               - isMobile: false
17:41:39.855 [FXGL Background Thread 3 ] DEBUG Engine               - isNative: false
17:41:39.855 [FXGL Background Thread 3 ] DEBUG Engine               - isPauseMusicWhenMinimized: true
17:41:39.855 [FXGL Background Thread 3 ] DEBUG Engine               - isPreserveResizeRatio: false
17:41:39.855 [FXGL Background Thread 3 ] DEBUG Engine               - isProfilingEnabled: false
17:41:39.855 [FXGL Background Thread 3 ] DEBUG Engine               - isScaleAffectedOnResize: true
17:41:39.855 [FXGL Background Thread 3 ] DEBUG Engine               - isSingleStep: false
17:41:39.856 [FXGL Background Thread 3 ] DEBUG Engine               - isUserProfileEnabled: false
17:41:39.856 [FXGL Background Thread 3 ] DEBUG Engine               - isWindows: false
17:41:39.856 [FXGL Background Thread 3 ] DEBUG Engine               - language: ObjectProperty [value: ENGLISH]
17:41:39.856 [FXGL Background Thread 3 ] DEBUG Engine               - menuKey: ESCAPE
17:41:39.856 [FXGL Background Thread 3 ] DEBUG Engine               - mouseSensitivity: 0.2
17:41:39.856 [FXGL Background Thread 3 ] DEBUG Engine               - notificationViewClass: class com.almasb.fxgl.notification.view.XboxNotificationView
17:41:39.856 [FXGL Background Thread 3 ] DEBUG Engine               - pixelsPerMeter: 50.0
17:41:39.856 [FXGL Background Thread 3 ] DEBUG Engine               - platform: LINUX
17:41:39.856 [FXGL Background Thread 3 ] DEBUG Engine               - prefHeightProperty: ReadOnlyDoubleProperty [value: 1080.0]
17:41:39.856 [FXGL Background Thread 3 ] DEBUG Engine               - prefWidthProperty: ReadOnlyDoubleProperty [value: 1920.0]
17:41:39.856 [FXGL Background Thread 3 ] DEBUG Engine               - profileDir: profiles/
17:41:39.856 [FXGL Background Thread 3 ] DEBUG Engine               - profileName: StringProperty [value: DEFAULT]
17:41:39.856 [FXGL Background Thread 3 ] DEBUG Engine               - randomSeed: -1
17:41:39.857 [FXGL Background Thread 3 ] DEBUG Engine               - runtimeInfo: RuntimeInfo(platform=LINUX, version=17.2, build=20.08.2022 16.50)
17:41:39.857 [FXGL Background Thread 3 ] DEBUG Engine               - saveFileExt: sav
17:41:39.857 [FXGL Background Thread 3 ] DEBUG Engine               - scaledHeightProp$fxgl: DoubleProperty [bound, value: 1046.0]
17:41:39.857 [FXGL Background Thread 3 ] DEBUG Engine               - scaledWidthProp$fxgl: DoubleProperty [bound, value: 1819.0]
17:41:39.857 [FXGL Background Thread 3 ] DEBUG Engine               - sceneFactory: com.almasb.fxgl.app.scene.SceneFactory@7de1d10
17:41:39.857 [FXGL Background Thread 3 ] DEBUG Engine               - secondsIn24h: 60
17:41:39.857 [FXGL Background Thread 3 ] DEBUG Engine               - soundMenuBack: menu/back.wav
17:41:39.857 [FXGL Background Thread 3 ] DEBUG Engine               - soundMenuPress: menu/press.wav
17:41:39.857 [FXGL Background Thread 3 ] DEBUG Engine               - soundMenuSelect: menu/select.wav
17:41:39.857 [FXGL Background Thread 3 ] DEBUG Engine               - soundNotification: core/notification.wav
17:41:39.857 [FXGL Background Thread 3 ] DEBUG Engine               - stageStyle: DECORATED
17:41:39.857 [FXGL Background Thread 3 ] DEBUG Engine               - supportedLanguages: [ENGLISH, FRENCH, GERMAN, HUNGARIAN, RUSSIAN]
17:41:39.857 [FXGL Background Thread 3 ] DEBUG Engine               - ticksPerSecond: -1
17:41:39.858 [FXGL Background Thread 3 ] DEBUG Engine               - title: Untitled
17:41:39.858 [FXGL Background Thread 3 ] DEBUG Engine               - urlGithub: https://github.com/AlmasB/FXGL
17:41:39.858 [FXGL Background Thread 3 ] DEBUG Engine               - urlLeaderboard: http://fxgl-top.herokuapp.com/
17:41:39.858 [FXGL Background Thread 3 ] DEBUG Engine               - urlPOM: https://raw.githubusercontent.com/AlmasB/FXGL/release/README.md
17:41:39.858 [FXGL Background Thread 3 ] DEBUG Engine               - userAppClass: class game.GameApp
17:41:39.858 [FXGL Background Thread 3 ] DEBUG Engine               - version: 0.0
17:41:39.858 [FXGL Background Thread 3 ] DEBUG Engine               - versionCheckDays: 7
17:41:39.858 [FXGL Background Thread 3 ] DEBUG Engine               - width: 1920
17:41:39.858 [FXGL Background Thread 3 ] DEBUG Engine               - Logging services
17:41:39.858 [FXGL Background Thread 3 ] DEBUG Engine               - class com.almasb.fxgl.app.services.FXGLAssetLoaderService
17:41:39.858 [FXGL Background Thread 3 ] DEBUG Engine               - class com.almasb.fxgl.app.FXGLApplication$GameApplicationService
17:41:39.858 [FXGL Background Thread 3 ] DEBUG Engine               - class com.almasb.fxgl.app.services.FXGLDialogService
17:41:39.858 [FXGL Background Thread 3 ] DEBUG Engine               - class com.almasb.fxgl.app.services.IOTaskExecutorService
17:41:39.858 [FXGL Background Thread 3 ] DEBUG Engine               - class com.almasb.fxgl.io.FileSystemService
17:41:39.858 [FXGL Background Thread 3 ] DEBUG Engine               - class com.almasb.fxgl.localization.LocalizationService
17:41:39.858 [FXGL Background Thread 3 ] DEBUG Engine               - class com.almasb.fxgl.app.services.SystemBundleService
17:41:39.858 [FXGL Background Thread 3 ] DEBUG Engine               - class com.almasb.fxgl.profile.SaveLoadService
17:41:39.859 [FXGL Background Thread 3 ] DEBUG Engine               - class com.almasb.fxgl.ui.FXGLUIFactoryServiceProvider
17:41:39.859 [FXGL Background Thread 3 ] DEBUG Engine               - class com.almasb.fxgl.ui.FXGLDialogFactoryServiceProvider
17:41:39.859 [FXGL Background Thread 3 ] DEBUG Engine               - class com.almasb.fxgl.audio.AudioPlayer
17:41:39.859 [FXGL Background Thread 3 ] DEBUG Engine               - class com.almasb.fxgl.notification.impl.NotificationServiceProvider
17:41:39.859 [FXGL Background Thread 3 ] DEBUG Engine               - class com.almasb.fxgl.achievement.AchievementService
17:41:39.859 [FXGL Background Thread 3 ] DEBUG Engine               - class com.almasb.fxgl.cutscene.CutsceneService
17:41:39.859 [FXGL Background Thread 3 ] DEBUG Engine               - class com.almasb.fxgl.minigames.MiniGameService
17:41:39.859 [FXGL Background Thread 3 ] DEBUG Engine               - class com.almasb.fxgl.net.NetService
17:41:39.859 [FXGL Background Thread 3 ] DEBUG Engine               - class com.almasb.fxgl.app.services.UpdaterService
17:41:39.859 [FXGL Background Thread 3 ] DEBUG Engine               - class com.almasb.fxgl.dev.DevService
17:41:45.746 [JavaFX Application Thread] DEBUG FXGLApplication      - Exiting FXGL
17:41:45.747 [JavaFX Application Thread] DEBUG LoopRunner           - Stopping loop
17:41:45.747 [JavaFX Application Thread] DEBUG SystemBundleService  - Saving FXGL system data
17:41:45.748 [JavaFX Application Thread] DEBUG FileSystemAccess     - Writing to: /home/2021/pcheng15/Documents/javafxGame/system/fxgl.bundle
17:41:45.750 [JavaFX Application Thread] DEBUG Async                - Shutting down background threads
17:41:45.750 [JavaFX Application Thread] DEBUG PrimaryStageWindow   - Closing main window
17:41:45.752 [JavaFX Application Thread] DEBUG Logger               - Closing Logger
