19:22:21.458 [main                     ] DEBUG Logger               - Configured Logger
19:22:21.481 [main                     ] DEBUG GameApplication      - Logging settings
Title: Untitled
Version: 0.0
Width: 1920
Height: 1080
Fullscreen: false
Intro: false
Profiling: false
Single step:false
App Mode: DEVELOPER
Menu Key: ESCAPE
Stage Style: DECORATED
Scene Factory: class com.almasb.fxgl.app.scene.SceneFactory

19:22:22.068 [JavaFX Application Thread] DEBUG FXGLApplication      - Initializing FXGL
19:22:22.072 [JavaFX Application Thread] INFO  Engine               - FXGL-17.2 (20.08.2022 16.50) on WINDOWS (J:17.0.2 FX:18)
19:22:22.072 [JavaFX Application Thread] DEBUG Engine               - JRE Vendor Name: Oracle Corporation
19:22:22.072 [JavaFX Application Thread] DEBUG Engine               - Running on OS: Windows 11 version 10.0
19:22:22.072 [JavaFX Application Thread] DEBUG Engine               - Architecture: amd64
19:22:22.072 [JavaFX Application Thread] INFO  Engine               - Source code and latest versions at: https://github.com/AlmasB/FXGL
19:22:22.072 [JavaFX Application Thread] INFO  Engine               -       Ask questions and discuss at: https://github.com/AlmasB/FXGL/discussions
19:22:22.072 [JavaFX Application Thread] INFO  Engine               -              Join the FXGL chat at: https://gitter.im/AlmasB/FXGL
19:22:22.145 [JavaFX Application Thread] DEBUG PrimaryStageWindow   - Creating a JavaFX scene
19:22:22.145 [JavaFX Application Thread] DEBUG PrimaryStageWindow   - Target size > screen size
19:22:22.174 [JavaFX Application Thread] DEBUG PrimaryStageWindow   - Target settings size: 1920.0 x 1080.0
19:22:22.174 [JavaFX Application Thread] DEBUG PrimaryStageWindow   - Scaled scene size:    1596.0 x 911.0
19:22:22.174 [JavaFX Application Thread] DEBUG PrimaryStageWindow   - Scaled ratio: (0.83125, 0.8435185185185186)
19:22:22.174 [JavaFX Application Thread] DEBUG PrimaryStageWindow   - Set initial scene to FXGLStartupScene
19:22:22.179 [JavaFX Application Thread] DEBUG PrimaryStageWindow   - Opening main window
19:22:22.252 [JavaFX Application Thread] DEBUG PrimaryStageWindow   - Window border size: (14.6666259765625, 37.66668701171875)
19:22:22.253 [JavaFX Application Thread] DEBUG PrimaryStageWindow   - Scaled size: 1596.0 x 911.0
19:22:22.253 [JavaFX Application Thread] DEBUG PrimaryStageWindow   - Scaled ratio: (0.83125, 0.8435185185185186)
19:22:22.253 [JavaFX Application Thread] DEBUG PrimaryStageWindow   - Scene size: 1596.0 x 911.0
19:22:22.253 [JavaFX Application Thread] DEBUG PrimaryStageWindow   - Stage size: 1610.6666259765625 x 948.6666870117188
19:22:22.261 [FXGL Background Thread 1 ] DEBUG Engine               - Initializing environment variables
19:22:22.297 [FXGL Background Thread 1 ] DEBUG FXGLAssetLoaderServi - User app class for loading assets: class game.GameApp
19:22:22.297 [FXGL Background Thread 1 ] DEBUG GameApplicationServi - Applying CSS: fxgl_dark.css
19:22:22.298 [FXGL Background Thread 1 ] DEBUG FXGLAssetLoaderServi - Loading from file system: jar:file:/C:/Users/cpn02/.m2/repository/com/github/almasb/fxgl/17.2/fxgl-17.2.jar!/fxglassets/ui/css/fxgl_dark.css
19:22:22.334 [FXGL Background Thread 1 ] DEBUG GameApplicationServi - Initializing application scenes
19:22:22.376 [FXGL Background Thread 1 ] DEBUG GameWorld            - Game world initialized
19:22:22.422 [FXGL Background Thread 1 ] DEBUG PhysicsWorld         - Physics world initialized: appHeight=1080, physics.ppm=50.0
19:22:22.422 [FXGL Background Thread 1 ] DEBUG PhysicsWorld         - Using strategy: BRUTE_FORCE
19:22:22.427 [FXGL Background Thread 1 ] DEBUG GameScene            - Game scene initialized: 1920x1080
19:22:22.438 [FXGL Background Thread 1 ] DEBUG FXGL.DefaultMenu     - createMenuBodyGameMenu()
19:22:22.453 [FXGL Background Thread 1 ] DEBUG FXGL.DefaultMenu     - createOptionsMenu()
19:22:22.465 [FXGL Background Thread 1 ] DEBUG FXGLAssetLoaderServi - Loading from file system: jar:file:/C:/Users/cpn02/.m2/repository/com/github/almasb/fxgl/17.2/fxgl-17.2.jar!/fxglassets/textures/particles/smoke.png
19:22:22.554 [FXGL Background Thread 1 ] DEBUG FXGLAssetLoaderServi - Loading from file system: jar:file:/C:/Users/cpn02/.m2/repository/com/github/almasb/fxgl/17.2/fxgl-17.2.jar!/fxglassets/textures/particles/trace_horizontal.png
19:22:22.577 [FXGL Background Thread 1 ] DEBUG GameApplicationServi - Application scenes initialized
19:22:22.591 [FXGL Background Thread 1 ] DEBUG SystemBundleService  - Loading FXGL system data
19:22:22.594 [FXGL Background Thread 1 ] DEBUG FileSystemAccess     - Reading from: C:\Users\cpn02\OneDrive\document\javafxGame\system\fxgl.bundle
19:22:22.602 [FXGL Background Thread 1 ] DEBUG SystemBundleService  - Bundle FXGL: {}
19:22:22.602 [FXGL Background Thread 1 ] DEBUG UpdaterService       - Checking for updates
19:22:22.606 [FXGL Background Thread 4 ] DEBUG FXGLApplication      - Loading fonts
19:22:22.607 [FXGL Background Thread 1 ] DEBUG FXGLApplication      - Loading default localization
19:22:22.607 [FXGL Background Thread 4 ] DEBUG FXGLAssetLoaderServi - Loading from file system: jar:file:/C:/Users/cpn02/.m2/repository/com/github/almasb/fxgl/17.2/fxgl-17.2.jar!/fxglassets/ui/fonts/VarelaRound-Regular.ttf
19:22:22.608 [FXGL Background Thread 1 ] DEBUG FXGLAssetLoaderServi - Loading from file system: jar:file:/C:/Users/cpn02/.m2/repository/com/github/almasb/fxgl/17.2/fxgl-17.2.jar!/fxglassets/languages/english.lang
19:22:22.629 [FXGL Background Thread 1 ] INFO  FXGLApplication      - FXGL initialization took: 0.368 sec
19:22:22.630 [JavaFX Application Thread] DEBUG FXGLAssetLoaderServi - Loading from file system: jar:file:/C:/Users/cpn02/.m2/repository/com/github/almasb/fxgl/17.2/fxgl-17.2.jar!/fxglassets/textures/fxgl_icon.png
19:22:22.646 [JavaFX Application Thread] DEBUG FXGLAssetLoaderServi - Loading from file system: jar:file:/C:/Users/cpn02/.m2/repository/com/github/almasb/fxgl/17.2/fxgl-17.2.jar!/fxglassets/textures/fxgl_default_cursor.png
19:22:22.666 [JavaFX Application Thread] DEBUG Input                - Registered new binding: Screenshot - CTRL+8
19:22:22.667 [JavaFX Application Thread] DEBUG Input                - Registered new binding: System info dump - CTRL+9
19:22:22.667 [JavaFX Application Thread] DEBUG Input                - Registered new binding: Restart - CTRL+R
19:22:22.669 [JavaFX Application Thread] DEBUG Input                - Registered new binding: Toggle Debug Camera - CTRL+7
19:22:22.675 [JavaFX Application Thread] DEBUG LoopRunner           - Starting loop
19:22:22.675 [JavaFX Application Thread] DEBUG LoopRunner           - Initializing JavaFX AnimationTimerLoop
19:22:22.679 [JavaFX Application Thread] DEBUG GameApplicationServi - Starting new game
19:22:22.679 [JavaFX Application Thread] DEBUG Input                - Clearing active input actions
19:22:22.690 [FXGL Background Thread 4 ] DEBUG FXGLAssetLoaderServi - Loading from file system: jar:file:/C:/Users/cpn02/.m2/repository/com/github/almasb/fxgl/17.2/fxgl-17.2.jar!/fxglassets/ui/fonts/Abel-Regular.ttf
19:22:22.694 [JavaFX Application Thread] DEBUG GameApplicationServi - Removing overlay from FXGLStartupScene and adding to FXGLLoadingScene
19:22:22.694 [FXGL Background Thread 4 ] DEBUG FXGLAssetLoaderServi - Loading from file system: jar:file:/C:/Users/cpn02/.m2/repository/com/github/almasb/fxgl/17.2/fxgl-17.2.jar!/fxglassets/ui/fonts/TerminalLandMono-Regular.otf
19:22:22.694 [JavaFX Application Thread] DEBUG PrimaryStageWindow   - FXGLStartupScene -> FXGLLoadingScene
19:22:22.694 [JavaFX Application Thread] DEBUG GameApplicationServi - Clearing previous game
19:22:22.694 [JavaFX Application Thread] DEBUG GameScene            - Clearing game scene
19:22:22.695 [JavaFX Application Thread] DEBUG GameWorld            - Clearing game world
19:22:22.695 [JavaFX Application Thread] DEBUG PhysicsWorld         - Clearing physics world
19:22:22.697 [FXGL Background Thread 4 ] DEBUG FXGLAssetLoaderServi - Loading from file system: jar:file:/C:/Users/cpn02/.m2/repository/com/github/almasb/fxgl/17.2/fxgl-17.2.jar!/fxglassets/ui/fonts/Courier-Prime.ttf
19:22:22.697 [FXGL Background Thread 1 ] DEBUG FXGLApplication      - Initializing game
19:22:22.708 [FXGL Background Thread 1 ] DEBUG FXGLAssetLoaderServi - Loading from file system: file:/C:/Users/cpn02/OneDrive/document/javafxGame/target/classes/assets/textures/background.png
19:22:22.754 [JavaFX Application Thread] DEBUG FXGLApplication      - Registering font factories with UI factory
19:22:22.804 [FXGL Background Thread 1 ] DEBUG FXGLAssetLoaderServi - Loading from file system: file:/C:/Users/cpn02/OneDrive/document/javafxGame/target/classes/assets/textures/mat.png
19:22:22.898 [FXGL Background Thread 1 ] DEBUG FXGLAssetLoaderServi - Loading from file system: file:/C:/Users/cpn02/OneDrive/document/javafxGame/target/classes/assets/textures/level_one.png
19:22:22.940 [FXGL Background Thread 1 ] DEBUG FXGLAssetLoaderServi - Loading from file system: file:/C:/Users/cpn02/OneDrive/document/javafxGame/target/classes/assets/textures/level_two.png
19:22:22.981 [FXGL Background Thread 1 ] DEBUG FXGLAssetLoaderServi - Loading from file system: file:/C:/Users/cpn02/OneDrive/document/javafxGame/target/classes/assets/textures/level_three.png
19:22:23.016 [FXGL Background Thread 1 ] DEBUG FXGLAssetLoaderServi - Loading from file system: file:/C:/Users/cpn02/OneDrive/document/javafxGame/target/classes/assets/textures/sample_one1.png
19:22:23.047 [FXGL Background Thread 1 ] DEBUG FXGLAssetLoaderServi - Loading from file system: file:/C:/Users/cpn02/OneDrive/document/javafxGame/target/classes/assets/textures/sample_two0.png
19:22:23.091 [FXGL Background Thread 1 ] DEBUG FXGLAssetLoaderServi - Loading from file system: file:/C:/Users/cpn02/OneDrive/document/javafxGame/target/classes/assets/textures/sample_three1.png
19:22:23.127 [FXGL Background Thread 1 ] DEBUG FXGLAssetLoaderServi - Loading from file system: file:/C:/Users/cpn02/OneDrive/document/javafxGame/target/classes/assets/textures/sample_three0.png
19:22:23.161 [FXGL Background Thread 1 ] DEBUG FXGLAssetLoaderServi - Loading from file system: file:/C:/Users/cpn02/OneDrive/document/javafxGame/target/classes/assets/textures/sample_two1.png
19:22:23.195 [FXGL Background Thread 1 ] DEBUG FXGLAssetLoaderServi - Loading from file system: file:/C:/Users/cpn02/OneDrive/document/javafxGame/target/classes/assets/textures/sample_one0.png
19:22:23.221 [FXGL Background Thread 1 ] INFO  FXGLApplication      - Game initialization took: 0.524 sec
19:22:23.227 [JavaFX Application Thread] DEBUG Input                - Clearing active input actions
19:22:23.240 [JavaFX Application Thread] DEBUG GameApplicationServi - Removing overlay from FXGLLoadingScene and adding to GameScene
19:22:23.240 [JavaFX Application Thread] DEBUG PrimaryStageWindow   - FXGLLoadingScene -> GameScene
19:22:25.607 [FXGL Background Thread 3 ] DEBUG Engine               - Logging environment variables
19:22:25.607 [FXGL Background Thread 3 ] DEBUG Engine               - achievements: []
19:22:25.608 [FXGL Background Thread 3 ] DEBUG Engine               - actualHeight: 911.0
19:22:25.608 [FXGL Background Thread 3 ] DEBUG Engine               - actualHeightProperty: ReadOnlyDoubleProperty [value: 911.0]
19:22:25.608 [FXGL Background Thread 3 ] DEBUG Engine               - actualWidth: 1596.0
19:22:25.608 [FXGL Background Thread 3 ] DEBUG Engine               - actualWidthProperty: ReadOnlyDoubleProperty [value: 1596.0]
19:22:25.608 [FXGL Background Thread 3 ] DEBUG Engine               - appIcon: fxgl_icon.png
19:22:25.608 [FXGL Background Thread 3 ] DEBUG Engine               - applicationMode: DEVELOPER
19:22:25.608 [FXGL Background Thread 3 ] DEBUG Engine               - cSSList: [fxgl_dark.css]
19:22:25.608 [FXGL Background Thread 3 ] DEBUG Engine               - collisionDetectionStrategy: BRUTE_FORCE
19:22:25.608 [FXGL Background Thread 3 ] DEBUG Engine               - configClass: Optional.empty
19:22:25.608 [FXGL Background Thread 3 ] DEBUG Engine               - credits: []
19:22:25.608 [FXGL Background Thread 3 ] DEBUG Engine               - defaultCursor: CursorInfo(imageName=fxgl_default_cursor.png, hotspotX=7.0, hotspotY=6.0)
19:22:25.608 [FXGL Background Thread 3 ] DEBUG Engine               - devBBoxColorProperty: ObjectProperty [value: 0xff0000ff]
19:22:25.608 [FXGL Background Thread 3 ] DEBUG Engine               - devEnableDebugCameraProperty: BooleanProperty [value: false]
19:22:25.608 [FXGL Background Thread 3 ] DEBUG Engine               - devSensorColorProperty: ObjectProperty [value: 0xffff00ff]
19:22:25.608 [FXGL Background Thread 3 ] DEBUG Engine               - devShowBBoxProperty: BooleanProperty [value: false]
19:22:25.608 [FXGL Background Thread 3 ] DEBUG Engine               - devShowPositionProperty: BooleanProperty [value: false]
19:22:25.608 [FXGL Background Thread 3 ] DEBUG Engine               - enabledMenuItems: []
19:22:25.608 [FXGL Background Thread 3 ] DEBUG Engine               - engineServices: [class com.almasb.fxgl.app.services.FXGLAssetLoaderService, class com.almasb.fxgl.app.FXGLApplication$GameApplicationService, class com.almasb.fxgl.app.services.FXGLDialogService, class com.almasb.fxgl.app.services.IOTaskExecutorService, class com.almasb.fxgl.io.FileSystemService, class com.almasb.fxgl.localization.LocalizationService, class com.almasb.fxgl.app.services.SystemBundleService, class com.almasb.fxgl.profile.SaveLoadService, class com.almasb.fxgl.ui.FXGLUIFactoryServiceProvider, class com.almasb.fxgl.ui.FXGLDialogFactoryServiceProvider, class com.almasb.fxgl.audio.AudioPlayer, class com.almasb.fxgl.notification.impl.NotificationServiceProvider, class com.almasb.fxgl.achievement.AchievementService, class com.almasb.fxgl.cutscene.CutsceneService, class com.almasb.fxgl.minigames.MiniGameService, class com.almasb.fxgl.net.NetService, class com.almasb.fxgl.app.services.UpdaterService, class com.almasb.fxgl.dev.DevService]
19:22:25.608 [FXGL Background Thread 3 ] DEBUG Engine               - fontGame: Abel-Regular.ttf
19:22:25.608 [FXGL Background Thread 3 ] DEBUG Engine               - fontMono: TerminalLandMono-Regular.otf
19:22:25.609 [FXGL Background Thread 3 ] DEBUG Engine               - fontText: Courier-Prime.ttf
19:22:25.609 [FXGL Background Thread 3 ] DEBUG Engine               - fontUI: VarelaRound-Regular.ttf
19:22:25.609 [FXGL Background Thread 3 ] DEBUG Engine               - fullScreen: BooleanProperty [value: false]
19:22:25.609 [FXGL Background Thread 3 ] DEBUG Engine               - gameDifficulty: MEDIUM
19:22:25.609 [FXGL Background Thread 3 ] DEBUG Engine               - gameDifficultyProperty: ObjectProperty [value: MEDIUM]
19:22:25.609 [FXGL Background Thread 3 ] DEBUG Engine               - globalMusicVolume: 0.5
19:22:25.609 [FXGL Background Thread 3 ] DEBUG Engine               - globalMusicVolumeProperty: DoubleProperty [value: 0.5]
19:22:25.609 [FXGL Background Thread 3 ] DEBUG Engine               - globalSoundVolume: 0.5
19:22:25.609 [FXGL Background Thread 3 ] DEBUG Engine               - globalSoundVolumeProperty: DoubleProperty [value: 0.5]
19:22:25.609 [FXGL Background Thread 3 ] DEBUG Engine               - height: 1080
19:22:25.609 [FXGL Background Thread 3 ] DEBUG Engine               - is3D: false
19:22:25.609 [FXGL Background Thread 3 ] DEBUG Engine               - isAndroid: false
19:22:25.609 [FXGL Background Thread 3 ] DEBUG Engine               - isBrowser: false
19:22:25.609 [FXGL Background Thread 3 ] DEBUG Engine               - isClickFeedbackEnabled: false
19:22:25.609 [FXGL Background Thread 3 ] DEBUG Engine               - isCloseConfirmation: false
19:22:25.609 [FXGL Background Thread 3 ] DEBUG Engine               - isDesktop: true
19:22:25.609 [FXGL Background Thread 3 ] DEBUG Engine               - isDeveloperMenuEnabled: false
19:22:25.610 [FXGL Background Thread 3 ] DEBUG Engine               - isEmbedded: false
19:22:25.610 [FXGL Background Thread 3 ] DEBUG Engine               - isEntityPreloadEnabled: true
19:22:25.610 [FXGL Background Thread 3 ] DEBUG Engine               - isExperimentalTiledLargeMap: false
19:22:25.610 [FXGL Background Thread 3 ] DEBUG Engine               - isFileSystemWriteAllowed: true
19:22:25.610 [FXGL Background Thread 3 ] DEBUG Engine               - isFullScreenAllowed: false
19:22:25.610 [FXGL Background Thread 3 ] DEBUG Engine               - isFullScreenFromStart: false
19:22:25.610 [FXGL Background Thread 3 ] DEBUG Engine               - isGameMenuEnabled: true
19:22:25.610 [FXGL Background Thread 3 ] DEBUG Engine               - isIOS: false
19:22:25.610 [FXGL Background Thread 3 ] DEBUG Engine               - isIntroEnabled: false
19:22:25.610 [FXGL Background Thread 3 ] DEBUG Engine               - isLinux: false
19:22:25.610 [FXGL Background Thread 3 ] DEBUG Engine               - isMac: false
19:22:25.610 [FXGL Background Thread 3 ] DEBUG Engine               - isMainMenuEnabled: false
19:22:25.610 [FXGL Background Thread 3 ] DEBUG Engine               - isManualResizeEnabled: false
19:22:25.610 [FXGL Background Thread 3 ] DEBUG Engine               - isMobile: false
19:22:25.611 [FXGL Background Thread 3 ] DEBUG Engine               - isNative: false
19:22:25.611 [FXGL Background Thread 3 ] DEBUG Engine               - isPauseMusicWhenMinimized: true
19:22:25.611 [FXGL Background Thread 3 ] DEBUG Engine               - isPreserveResizeRatio: false
19:22:25.611 [FXGL Background Thread 3 ] DEBUG Engine               - isProfilingEnabled: false
19:22:25.611 [FXGL Background Thread 3 ] DEBUG Engine               - isScaleAffectedOnResize: true
19:22:25.611 [FXGL Background Thread 3 ] DEBUG Engine               - isSingleStep: false
19:22:25.611 [FXGL Background Thread 3 ] DEBUG Engine               - isUserProfileEnabled: false
19:22:25.611 [FXGL Background Thread 3 ] DEBUG Engine               - isWindows: true
19:22:25.611 [FXGL Background Thread 3 ] DEBUG Engine               - language: ObjectProperty [value: ENGLISH]
19:22:25.611 [FXGL Background Thread 3 ] DEBUG Engine               - menuKey: ESCAPE
19:22:25.611 [FXGL Background Thread 3 ] DEBUG Engine               - mouseSensitivity: 0.2
19:22:25.611 [FXGL Background Thread 3 ] DEBUG Engine               - notificationViewClass: class com.almasb.fxgl.notification.view.XboxNotificationView
19:22:25.611 [FXGL Background Thread 3 ] DEBUG Engine               - pixelsPerMeter: 50.0
19:22:25.611 [FXGL Background Thread 3 ] DEBUG Engine               - platform: WINDOWS
19:22:25.611 [FXGL Background Thread 3 ] DEBUG Engine               - prefHeightProperty: ReadOnlyDoubleProperty [value: 1080.0]
19:22:25.611 [FXGL Background Thread 3 ] DEBUG Engine               - prefWidthProperty: ReadOnlyDoubleProperty [value: 1920.0]
19:22:25.611 [FXGL Background Thread 3 ] DEBUG Engine               - profileDir: profiles/
19:22:25.611 [FXGL Background Thread 3 ] DEBUG Engine               - profileName: StringProperty [value: DEFAULT]
19:22:25.611 [FXGL Background Thread 3 ] DEBUG Engine               - randomSeed: -1
19:22:25.613 [FXGL Background Thread 3 ] DEBUG Engine               - runtimeInfo: RuntimeInfo(platform=WINDOWS, version=17.2, build=20.08.2022 16.50)
19:22:25.613 [FXGL Background Thread 3 ] DEBUG Engine               - saveFileExt: sav
19:22:25.613 [FXGL Background Thread 3 ] DEBUG Engine               - scaledHeightProp$fxgl: DoubleProperty [bound, value: 911.0]
19:22:25.613 [FXGL Background Thread 3 ] DEBUG Engine               - scaledWidthProp$fxgl: DoubleProperty [bound, value: 1596.0]
19:22:25.613 [FXGL Background Thread 3 ] DEBUG Engine               - sceneFactory: com.almasb.fxgl.app.scene.SceneFactory@431e8b8b
19:22:25.613 [FXGL Background Thread 3 ] DEBUG Engine               - secondsIn24h: 60
19:22:25.613 [FXGL Background Thread 3 ] DEBUG Engine               - soundMenuBack: menu/back.wav
19:22:25.613 [FXGL Background Thread 3 ] DEBUG Engine               - soundMenuPress: menu/press.wav
19:22:25.613 [FXGL Background Thread 3 ] DEBUG Engine               - soundMenuSelect: menu/select.wav
19:22:25.613 [FXGL Background Thread 3 ] DEBUG Engine               - soundNotification: core/notification.wav
19:22:25.613 [FXGL Background Thread 3 ] DEBUG Engine               - stageStyle: DECORATED
19:22:25.613 [FXGL Background Thread 3 ] DEBUG Engine               - supportedLanguages: [ENGLISH, FRENCH, GERMAN, HUNGARIAN, RUSSIAN]
19:22:25.613 [FXGL Background Thread 3 ] DEBUG Engine               - ticksPerSecond: -1
19:22:25.613 [FXGL Background Thread 3 ] DEBUG Engine               - title: Untitled
19:22:25.614 [FXGL Background Thread 3 ] DEBUG Engine               - urlGithub: https://github.com/AlmasB/FXGL
19:22:25.614 [FXGL Background Thread 3 ] DEBUG Engine               - urlLeaderboard: http://fxgl-top.herokuapp.com/
19:22:25.614 [FXGL Background Thread 3 ] DEBUG Engine               - urlPOM: https://raw.githubusercontent.com/AlmasB/FXGL/release/README.md
19:22:25.614 [FXGL Background Thread 3 ] DEBUG Engine               - userAppClass: class game.GameApp
19:22:25.614 [FXGL Background Thread 3 ] DEBUG Engine               - version: 0.0
19:22:25.614 [FXGL Background Thread 3 ] DEBUG Engine               - versionCheckDays: 7
19:22:25.614 [FXGL Background Thread 3 ] DEBUG Engine               - width: 1920
19:22:25.614 [FXGL Background Thread 3 ] DEBUG Engine               - Logging services
19:22:25.614 [FXGL Background Thread 3 ] DEBUG Engine               - class com.almasb.fxgl.app.services.FXGLAssetLoaderService
19:22:25.614 [FXGL Background Thread 3 ] DEBUG Engine               - class com.almasb.fxgl.app.FXGLApplication$GameApplicationService
19:22:25.614 [FXGL Background Thread 3 ] DEBUG Engine               - class com.almasb.fxgl.app.services.FXGLDialogService
19:22:25.614 [FXGL Background Thread 3 ] DEBUG Engine               - class com.almasb.fxgl.app.services.IOTaskExecutorService
19:22:25.614 [FXGL Background Thread 3 ] DEBUG Engine               - class com.almasb.fxgl.io.FileSystemService
19:22:25.614 [FXGL Background Thread 3 ] DEBUG Engine               - class com.almasb.fxgl.localization.LocalizationService
19:22:25.614 [FXGL Background Thread 3 ] DEBUG Engine               - class com.almasb.fxgl.app.services.SystemBundleService
19:22:25.614 [FXGL Background Thread 3 ] DEBUG Engine               - class com.almasb.fxgl.profile.SaveLoadService
19:22:25.614 [FXGL Background Thread 3 ] DEBUG Engine               - class com.almasb.fxgl.ui.FXGLUIFactoryServiceProvider
19:22:25.614 [FXGL Background Thread 3 ] DEBUG Engine               - class com.almasb.fxgl.ui.FXGLDialogFactoryServiceProvider
19:22:25.614 [FXGL Background Thread 3 ] DEBUG Engine               - class com.almasb.fxgl.audio.AudioPlayer
19:22:25.614 [FXGL Background Thread 3 ] DEBUG Engine               - class com.almasb.fxgl.notification.impl.NotificationServiceProvider
19:22:25.614 [FXGL Background Thread 3 ] DEBUG Engine               - class com.almasb.fxgl.achievement.AchievementService
19:22:25.614 [FXGL Background Thread 3 ] DEBUG Engine               - class com.almasb.fxgl.cutscene.CutsceneService
19:22:25.614 [FXGL Background Thread 3 ] DEBUG Engine               - class com.almasb.fxgl.minigames.MiniGameService
19:22:25.614 [FXGL Background Thread 3 ] DEBUG Engine               - class com.almasb.fxgl.net.NetService
19:22:25.614 [FXGL Background Thread 3 ] DEBUG Engine               - class com.almasb.fxgl.app.services.UpdaterService
19:22:25.614 [FXGL Background Thread 3 ] DEBUG Engine               - class com.almasb.fxgl.dev.DevService
19:22:56.470 [JavaFX Application Thread] DEBUG FXGLApplication      - Exiting FXGL
19:22:56.470 [JavaFX Application Thread] DEBUG LoopRunner           - Stopping loop
19:22:56.470 [JavaFX Application Thread] DEBUG SystemBundleService  - Saving FXGL system data
19:22:56.472 [JavaFX Application Thread] DEBUG FileSystemAccess     - Writing to: C:\Users\cpn02\OneDrive\document\javafxGame\system\fxgl.bundle
19:22:56.473 [JavaFX Application Thread] DEBUG Async                - Shutting down background threads
19:22:56.474 [JavaFX Application Thread] DEBUG PrimaryStageWindow   - Closing main window
19:22:56.490 [JavaFX Application Thread] DEBUG Logger               - Closing Logger
