20:39:57.282 [main                     ] DEBUG Logger               - Configured Logger
20:39:57.306 [main                     ] DEBUG GameApplication      - Logging settings
Title: Untitled
Version: 0.0
Width: 1920
Height: 1080
Fullscreen: false
Intro: false
Profiling: false
Single step:false
App Mode: DEVELOPER
Menu Key: ESCAPE
Stage Style: DECORATED
Scene Factory: class com.almasb.fxgl.app.scene.SceneFactory

20:39:57.553 [JavaFX Application Thread] DEBUG FXGLApplication      - Initializing FXGL
20:39:57.556 [JavaFX Application Thread] INFO  Engine               - FXGL-17.2 (20.08.2022 16.50) on LINUX (J:17.0.3 FX:18)
20:39:57.556 [JavaFX Application Thread] DEBUG Engine               - JRE Vendor Name: Eclipse Adoptium
20:39:57.556 [JavaFX Application Thread] DEBUG Engine               - Running on OS: Linux version 5.15.0-52-generic
20:39:57.557 [JavaFX Application Thread] DEBUG Engine               - Architecture: amd64
20:39:57.557 [JavaFX Application Thread] INFO  Engine               - Source code and latest versions at: https://github.com/AlmasB/FXGL
20:39:57.557 [JavaFX Application Thread] INFO  Engine               -       Ask questions and discuss at: https://github.com/AlmasB/FXGL/discussions
20:39:57.557 [JavaFX Application Thread] INFO  Engine               -              Join the FXGL chat at: https://gitter.im/AlmasB/FXGL
20:39:57.622 [JavaFX Application Thread] DEBUG PrimaryStageWindow   - Creating a JavaFX scene
20:39:57.622 [JavaFX Application Thread] DEBUG PrimaryStageWindow   - Target size > screen size
20:39:57.749 [JavaFX Application Thread] DEBUG PrimaryStageWindow   - Target settings size: 1920.0 x 1080.0
20:39:57.750 [JavaFX Application Thread] DEBUG PrimaryStageWindow   - Scaled scene size:    1821.0 x 1038.0
20:39:57.750 [JavaFX Application Thread] DEBUG PrimaryStageWindow   - Scaled ratio: (0.9484375, 0.9611111111111111)
20:39:57.750 [JavaFX Application Thread] DEBUG PrimaryStageWindow   - Set initial scene to FXGLStartupScene
20:39:57.755 [JavaFX Application Thread] DEBUG PrimaryStageWindow   - Opening main window
20:39:57.780 [JavaFX Application Thread] DEBUG PrimaryStageWindow   - Window border size: (2.0, 29.0)
20:39:57.780 [JavaFX Application Thread] DEBUG PrimaryStageWindow   - Scaled size: 1821.0 x 1038.0
20:39:57.781 [JavaFX Application Thread] DEBUG PrimaryStageWindow   - Scaled ratio: (0.9484375, 0.9611111111111111)
20:39:57.781 [JavaFX Application Thread] DEBUG PrimaryStageWindow   - Scene size: 1821.0 x 1038.0
20:39:57.781 [JavaFX Application Thread] DEBUG PrimaryStageWindow   - Stage size: 1823.0 x 1067.0
20:39:57.786 [FXGL Background Thread 1 ] DEBUG Engine               - Initializing environment variables
20:39:57.807 [FXGL Background Thread 1 ] DEBUG FXGLAssetLoaderServi - User app class for loading assets: class game.GameApp
20:39:57.807 [FXGL Background Thread 1 ] DEBUG GameApplicationServi - Applying CSS: fxgl_dark.css
20:39:57.808 [FXGL Background Thread 1 ] DEBUG FXGLAssetLoaderServi - Loading from file system: jar:file:/home/2021/pcheng15/.m2/repository/com/github/almasb/fxgl/17.2/fxgl-17.2.jar!/fxglassets/ui/css/fxgl_dark.css
20:39:57.836 [FXGL Background Thread 1 ] DEBUG GameApplicationServi - Initializing application scenes
20:39:57.872 [FXGL Background Thread 1 ] DEBUG GameWorld            - Game world initialized
20:39:57.903 [FXGL Background Thread 1 ] DEBUG PhysicsWorld         - Physics world initialized: appHeight=1080, physics.ppm=50.0
20:39:57.903 [FXGL Background Thread 1 ] DEBUG PhysicsWorld         - Using strategy: BRUTE_FORCE
20:39:57.906 [FXGL Background Thread 1 ] DEBUG GameScene            - Game scene initialized: 1920x1080
20:39:57.915 [FXGL Background Thread 1 ] DEBUG FXGL.DefaultMenu     - createMenuBodyGameMenu()
20:39:57.925 [FXGL Background Thread 1 ] DEBUG FXGL.DefaultMenu     - createOptionsMenu()
20:39:57.933 [FXGL Background Thread 1 ] DEBUG FXGLAssetLoaderServi - Loading from file system: jar:file:/home/2021/pcheng15/.m2/repository/com/github/almasb/fxgl/17.2/fxgl-17.2.jar!/fxglassets/textures/particles/smoke.png
20:39:57.991 [FXGL Background Thread 1 ] DEBUG FXGLAssetLoaderServi - Loading from file system: jar:file:/home/2021/pcheng15/.m2/repository/com/github/almasb/fxgl/17.2/fxgl-17.2.jar!/fxglassets/textures/particles/trace_horizontal.png
20:39:58.012 [FXGL Background Thread 1 ] DEBUG GameApplicationServi - Application scenes initialized
20:39:58.021 [FXGL Background Thread 1 ] DEBUG SystemBundleService  - Loading FXGL system data
20:39:58.025 [FXGL Background Thread 1 ] DEBUG FileSystemAccess     - Reading from: /home/2021/pcheng15/Documents/javafxGame/system/fxgl.bundle
20:39:58.031 [FXGL Background Thread 1 ] DEBUG SystemBundleService  - Bundle FXGL: {}
20:39:58.031 [FXGL Background Thread 1 ] DEBUG UpdaterService       - Checking for updates
20:39:58.036 [FXGL Background Thread 4 ] DEBUG FXGLApplication      - Loading fonts
20:39:58.036 [FXGL Background Thread 4 ] DEBUG FXGLAssetLoaderServi - Loading from file system: jar:file:/home/2021/pcheng15/.m2/repository/com/github/almasb/fxgl/17.2/fxgl-17.2.jar!/fxglassets/ui/fonts/VarelaRound-Regular.ttf
20:39:58.036 [FXGL Background Thread 1 ] DEBUG FXGLApplication      - Loading default localization
20:39:58.036 [FXGL Background Thread 1 ] DEBUG FXGLAssetLoaderServi - Loading from file system: jar:file:/home/2021/pcheng15/.m2/repository/com/github/almasb/fxgl/17.2/fxgl-17.2.jar!/fxglassets/languages/english.lang
20:39:58.042 [FXGL Background Thread 4 ] DEBUG FXGLAssetLoaderServi - Loading from file system: jar:file:/home/2021/pcheng15/.m2/repository/com/github/almasb/fxgl/17.2/fxgl-17.2.jar!/fxglassets/ui/fonts/Abel-Regular.ttf
20:39:58.043 [FXGL Background Thread 4 ] DEBUG FXGLAssetLoaderServi - Loading from file system: jar:file:/home/2021/pcheng15/.m2/repository/com/github/almasb/fxgl/17.2/fxgl-17.2.jar!/fxglassets/ui/fonts/TerminalLandMono-Regular.otf
20:39:58.044 [FXGL Background Thread 4 ] DEBUG FXGLAssetLoaderServi - Loading from file system: jar:file:/home/2021/pcheng15/.m2/repository/com/github/almasb/fxgl/17.2/fxgl-17.2.jar!/fxglassets/ui/fonts/Courier-Prime.ttf
20:39:58.045 [FXGL Background Thread 1 ] INFO  FXGLApplication      - FXGL initialization took: 0.260 sec
20:39:58.046 [JavaFX Application Thread] DEBUG FXGLAssetLoaderServi - Loading from file system: jar:file:/home/2021/pcheng15/.m2/repository/com/github/almasb/fxgl/17.2/fxgl-17.2.jar!/fxglassets/textures/fxgl_icon.png
20:39:58.061 [JavaFX Application Thread] DEBUG FXGLAssetLoaderServi - Loading from file system: jar:file:/home/2021/pcheng15/.m2/repository/com/github/almasb/fxgl/17.2/fxgl-17.2.jar!/fxglassets/textures/fxgl_default_cursor.png
20:39:58.067 [JavaFX Application Thread] DEBUG Input                - Registered new binding: Screenshot - CTRL+8
20:39:58.068 [JavaFX Application Thread] DEBUG Input                - Registered new binding: System info dump - CTRL+9
20:39:58.068 [JavaFX Application Thread] DEBUG Input                - Registered new binding: Restart - CTRL+R
20:39:58.068 [JavaFX Application Thread] DEBUG Input                - Registered new binding: Toggle Debug Camera - CTRL+7
20:39:58.069 [JavaFX Application Thread] DEBUG LoopRunner           - Starting loop
20:39:58.069 [JavaFX Application Thread] DEBUG LoopRunner           - Initializing JavaFX AnimationTimerLoop
20:39:58.070 [JavaFX Application Thread] DEBUG GameApplicationServi - Starting new game
20:39:58.071 [JavaFX Application Thread] DEBUG Input                - Clearing active input actions
20:39:58.077 [JavaFX Application Thread] DEBUG GameApplicationServi - Removing overlay from FXGLStartupScene and adding to FXGLLoadingScene
20:39:58.077 [JavaFX Application Thread] DEBUG PrimaryStageWindow   - FXGLStartupScene -> FXGLLoadingScene
20:39:58.077 [JavaFX Application Thread] DEBUG GameApplicationServi - Clearing previous game
20:39:58.077 [JavaFX Application Thread] DEBUG GameScene            - Clearing game scene
20:39:58.077 [JavaFX Application Thread] DEBUG GameWorld            - Clearing game world
20:39:58.077 [JavaFX Application Thread] DEBUG PhysicsWorld         - Clearing physics world
20:39:58.078 [JavaFX Application Thread] DEBUG FXGLApplication      - Registering font factories with UI factory
20:39:58.078 [FXGL Background Thread 4 ] DEBUG FXGLApplication      - Initializing game
20:39:58.080 [FXGL Background Thread 4 ] DEBUG FXGLAssetLoaderServi - Loading from file system: file:/home/2021/pcheng15/Documents/javafxGame/target/classes/assets/textures/background.png
20:39:58.156 [FXGL Background Thread 4 ] DEBUG FXGLAssetLoaderServi - Loading from file system: file:/home/2021/pcheng15/Documents/javafxGame/target/classes/assets/textures/mat.png
20:39:58.215 [FXGL Background Thread 4 ] DEBUG FXGLAssetLoaderServi - Loading from file system: file:/home/2021/pcheng15/Documents/javafxGame/target/classes/assets/textures/level_one.png
20:39:58.240 [FXGL Background Thread 4 ] DEBUG FXGLAssetLoaderServi - Loading from file system: file:/home/2021/pcheng15/Documents/javafxGame/target/classes/assets/textures/level_two.png
20:39:58.269 [FXGL Background Thread 4 ] DEBUG FXGLAssetLoaderServi - Loading from file system: file:/home/2021/pcheng15/Documents/javafxGame/target/classes/assets/textures/level_three.png
20:39:58.304 [FXGL Background Thread 4 ] DEBUG FXGLAssetLoaderServi - Loading from file system: file:/home/2021/pcheng15/Documents/javafxGame/target/classes/assets/textures/level_one39.png
20:39:58.333 [FXGL Background Thread 4 ] DEBUG FXGLAssetLoaderServi - Loading from file system: file:/home/2021/pcheng15/Documents/javafxGame/target/classes/assets/textures/level_two29.png
20:39:58.360 [FXGL Background Thread 4 ] DEBUG FXGLAssetLoaderServi - Loading from file system: file:/home/2021/pcheng15/Documents/javafxGame/target/classes/assets/textures/level_three19.png
20:39:58.394 [FXGL Background Thread 4 ] DEBUG FXGLAssetLoaderServi - Loading from file system: file:/home/2021/pcheng15/Documents/javafxGame/target/classes/assets/textures/level_one38.png
20:39:58.417 [FXGL Background Thread 4 ] DEBUG FXGLAssetLoaderServi - Loading from file system: file:/home/2021/pcheng15/Documents/javafxGame/target/classes/assets/textures/level_two28.png
20:39:58.446 [FXGL Background Thread 4 ] DEBUG FXGLAssetLoaderServi - Loading from file system: file:/home/2021/pcheng15/Documents/javafxGame/target/classes/assets/textures/level_three18.png
20:39:58.479 [FXGL Background Thread 4 ] DEBUG FXGLAssetLoaderServi - Loading from file system: file:/home/2021/pcheng15/Documents/javafxGame/target/classes/assets/textures/level_one37.png
20:39:58.501 [FXGL Background Thread 4 ] DEBUG FXGLAssetLoaderServi - Loading from file system: file:/home/2021/pcheng15/Documents/javafxGame/target/classes/assets/textures/level_two27.png
20:39:58.529 [FXGL Background Thread 4 ] DEBUG FXGLAssetLoaderServi - Loading from file system: file:/home/2021/pcheng15/Documents/javafxGame/target/classes/assets/textures/level_three17.png
20:39:58.558 [FXGL Background Thread 4 ] DEBUG FXGLAssetLoaderServi - Loading from file system: file:/home/2021/pcheng15/Documents/javafxGame/target/classes/assets/textures/level_one36.png
20:39:58.579 [FXGL Background Thread 4 ] DEBUG FXGLAssetLoaderServi - Loading from file system: file:/home/2021/pcheng15/Documents/javafxGame/target/classes/assets/textures/level_two26.png
20:39:58.605 [FXGL Background Thread 4 ] DEBUG FXGLAssetLoaderServi - Loading from file system: file:/home/2021/pcheng15/Documents/javafxGame/target/classes/assets/textures/level_three16.png
20:39:58.637 [FXGL Background Thread 4 ] DEBUG FXGLAssetLoaderServi - Loading from file system: file:/home/2021/pcheng15/Documents/javafxGame/target/classes/assets/textures/noble4.png
20:39:58.660 [FXGL Background Thread 4 ] DEBUG FXGLAssetLoaderServi - Loading from file system: file:/home/2021/pcheng15/Documents/javafxGame/target/classes/assets/textures/noble3.png
20:39:58.681 [FXGL Background Thread 4 ] DEBUG FXGLAssetLoaderServi - Loading from file system: file:/home/2021/pcheng15/Documents/javafxGame/target/classes/assets/textures/noble2.png
20:39:58.703 [FXGL Background Thread 4 ] DEBUG FXGLAssetLoaderServi - Loading from file system: file:/home/2021/pcheng15/Documents/javafxGame/target/classes/assets/textures/noble1.png
20:39:58.725 [FXGL Background Thread 4 ] DEBUG FXGLAssetLoaderServi - Loading from file system: file:/home/2021/pcheng15/Documents/javafxGame/target/classes/assets/textures/noble0.png
20:39:58.746 [FXGL Background Thread 4 ] INFO  FXGLApplication      - Game initialization took: 0.668 sec
20:39:58.749 [JavaFX Application Thread] DEBUG Input                - Clearing active input actions
20:39:58.760 [JavaFX Application Thread] DEBUG GameApplicationServi - Removing overlay from FXGLLoadingScene and adding to GameScene
20:39:58.760 [JavaFX Application Thread] DEBUG PrimaryStageWindow   - FXGLLoadingScene -> GameScene
20:40:01.035 [FXGL Background Thread 3 ] DEBUG Engine               - Logging environment variables
20:40:01.035 [FXGL Background Thread 3 ] DEBUG Engine               - achievements: []
20:40:01.035 [FXGL Background Thread 3 ] DEBUG Engine               - actualHeight: 1024.0
20:40:01.036 [FXGL Background Thread 3 ] DEBUG Engine               - actualHeightProperty: ReadOnlyDoubleProperty [value: 1046.0]
20:40:01.036 [FXGL Background Thread 3 ] DEBUG Engine               - actualWidth: 1819.0
20:40:01.036 [FXGL Background Thread 3 ] DEBUG Engine               - actualWidthProperty: ReadOnlyDoubleProperty [value: 1819.0]
20:40:01.036 [FXGL Background Thread 3 ] DEBUG Engine               - appIcon: fxgl_icon.png
20:40:01.036 [FXGL Background Thread 3 ] DEBUG Engine               - applicationMode: DEVELOPER
20:40:01.036 [FXGL Background Thread 3 ] DEBUG Engine               - cSSList: [fxgl_dark.css]
20:40:01.036 [FXGL Background Thread 3 ] DEBUG Engine               - collisionDetectionStrategy: BRUTE_FORCE
20:40:01.036 [FXGL Background Thread 3 ] DEBUG Engine               - configClass: Optional.empty
20:40:01.036 [FXGL Background Thread 3 ] DEBUG Engine               - credits: []
20:40:01.036 [FXGL Background Thread 3 ] DEBUG Engine               - defaultCursor: CursorInfo(imageName=fxgl_default_cursor.png, hotspotX=7.0, hotspotY=6.0)
20:40:01.037 [FXGL Background Thread 3 ] DEBUG Engine               - devBBoxColorProperty: ObjectProperty [value: 0xff0000ff]
20:40:01.037 [FXGL Background Thread 3 ] DEBUG Engine               - devEnableDebugCameraProperty: BooleanProperty [value: false]
20:40:01.037 [FXGL Background Thread 3 ] DEBUG Engine               - devSensorColorProperty: ObjectProperty [value: 0xffff00ff]
20:40:01.037 [FXGL Background Thread 3 ] DEBUG Engine               - devShowBBoxProperty: BooleanProperty [value: false]
20:40:01.037 [FXGL Background Thread 3 ] DEBUG Engine               - devShowPositionProperty: BooleanProperty [value: false]
20:40:01.037 [FXGL Background Thread 3 ] DEBUG Engine               - enabledMenuItems: []
20:40:01.037 [FXGL Background Thread 3 ] DEBUG Engine               - engineServices: [class com.almasb.fxgl.app.services.FXGLAssetLoaderService, class com.almasb.fxgl.app.FXGLApplication$GameApplicationService, class com.almasb.fxgl.app.services.FXGLDialogService, class com.almasb.fxgl.app.services.IOTaskExecutorService, class com.almasb.fxgl.io.FileSystemService, class com.almasb.fxgl.localization.LocalizationService, class com.almasb.fxgl.app.services.SystemBundleService, class com.almasb.fxgl.profile.SaveLoadService, class com.almasb.fxgl.ui.FXGLUIFactoryServiceProvider, class com.almasb.fxgl.ui.FXGLDialogFactoryServiceProvider, class com.almasb.fxgl.audio.AudioPlayer, class com.almasb.fxgl.notification.impl.NotificationServiceProvider, class com.almasb.fxgl.achievement.AchievementService, class com.almasb.fxgl.cutscene.CutsceneService, class com.almasb.fxgl.minigames.MiniGameService, class com.almasb.fxgl.net.NetService, class com.almasb.fxgl.app.services.UpdaterService, class com.almasb.fxgl.dev.DevService]
20:40:01.037 [FXGL Background Thread 3 ] DEBUG Engine               - fontGame: Abel-Regular.ttf
20:40:01.037 [FXGL Background Thread 3 ] DEBUG Engine               - fontMono: TerminalLandMono-Regular.otf
20:40:01.038 [FXGL Background Thread 3 ] DEBUG Engine               - fontText: Courier-Prime.ttf
20:40:01.038 [FXGL Background Thread 3 ] DEBUG Engine               - fontUI: VarelaRound-Regular.ttf
20:40:01.038 [FXGL Background Thread 3 ] DEBUG Engine               - fullScreen: BooleanProperty [value: false]
20:40:01.038 [FXGL Background Thread 3 ] DEBUG Engine               - gameDifficulty: MEDIUM
20:40:01.038 [FXGL Background Thread 3 ] DEBUG Engine               - gameDifficultyProperty: ObjectProperty [value: MEDIUM]
20:40:01.038 [FXGL Background Thread 3 ] DEBUG Engine               - globalMusicVolume: 0.5
20:40:01.038 [FXGL Background Thread 3 ] DEBUG Engine               - globalMusicVolumeProperty: DoubleProperty [value: 0.5]
20:40:01.038 [FXGL Background Thread 3 ] DEBUG Engine               - globalSoundVolume: 0.5
20:40:01.038 [FXGL Background Thread 3 ] DEBUG Engine               - globalSoundVolumeProperty: DoubleProperty [value: 0.5]
20:40:01.038 [FXGL Background Thread 3 ] DEBUG Engine               - height: 1080
20:40:01.038 [FXGL Background Thread 3 ] DEBUG Engine               - is3D: false
20:40:01.038 [FXGL Background Thread 3 ] DEBUG Engine               - isAndroid: false
20:40:01.039 [FXGL Background Thread 3 ] DEBUG Engine               - isBrowser: false
20:40:01.039 [FXGL Background Thread 3 ] DEBUG Engine               - isClickFeedbackEnabled: false
20:40:01.039 [FXGL Background Thread 3 ] DEBUG Engine               - isCloseConfirmation: false
20:40:01.039 [FXGL Background Thread 3 ] DEBUG Engine               - isDesktop: true
20:40:01.039 [FXGL Background Thread 3 ] DEBUG Engine               - isDeveloperMenuEnabled: false
20:40:01.039 [FXGL Background Thread 3 ] DEBUG Engine               - isEmbedded: false
20:40:01.039 [FXGL Background Thread 3 ] DEBUG Engine               - isEntityPreloadEnabled: true
20:40:01.039 [FXGL Background Thread 3 ] DEBUG Engine               - isExperimentalTiledLargeMap: false
20:40:01.039 [FXGL Background Thread 3 ] DEBUG Engine               - isFileSystemWriteAllowed: true
20:40:01.039 [FXGL Background Thread 3 ] DEBUG Engine               - isFullScreenAllowed: false
20:40:01.039 [FXGL Background Thread 3 ] DEBUG Engine               - isFullScreenFromStart: false
20:40:01.040 [FXGL Background Thread 3 ] DEBUG Engine               - isGameMenuEnabled: true
20:40:01.040 [FXGL Background Thread 3 ] DEBUG Engine               - isIOS: false
20:40:01.040 [FXGL Background Thread 3 ] DEBUG Engine               - isIntroEnabled: false
20:40:01.040 [FXGL Background Thread 3 ] DEBUG Engine               - isLinux: true
20:40:01.040 [FXGL Background Thread 3 ] DEBUG Engine               - isMac: false
20:40:01.040 [FXGL Background Thread 3 ] DEBUG Engine               - isMainMenuEnabled: false
20:40:01.040 [FXGL Background Thread 3 ] DEBUG Engine               - isManualResizeEnabled: false
20:40:01.040 [FXGL Background Thread 3 ] DEBUG Engine               - isMobile: false
20:40:01.040 [FXGL Background Thread 3 ] DEBUG Engine               - isNative: false
20:40:01.040 [FXGL Background Thread 3 ] DEBUG Engine               - isPauseMusicWhenMinimized: true
20:40:01.040 [FXGL Background Thread 3 ] DEBUG Engine               - isPreserveResizeRatio: false
20:40:01.040 [FXGL Background Thread 3 ] DEBUG Engine               - isProfilingEnabled: false
20:40:01.040 [FXGL Background Thread 3 ] DEBUG Engine               - isScaleAffectedOnResize: true
20:40:01.040 [FXGL Background Thread 3 ] DEBUG Engine               - isSingleStep: false
20:40:01.040 [FXGL Background Thread 3 ] DEBUG Engine               - isUserProfileEnabled: false
20:40:01.040 [FXGL Background Thread 3 ] DEBUG Engine               - isWindows: false
20:40:01.041 [FXGL Background Thread 3 ] DEBUG Engine               - language: ObjectProperty [value: ENGLISH]
20:40:01.041 [FXGL Background Thread 3 ] DEBUG Engine               - menuKey: ESCAPE
20:40:01.041 [FXGL Background Thread 3 ] DEBUG Engine               - mouseSensitivity: 0.2
20:40:01.041 [FXGL Background Thread 3 ] DEBUG Engine               - notificationViewClass: class com.almasb.fxgl.notification.view.XboxNotificationView
20:40:01.041 [FXGL Background Thread 3 ] DEBUG Engine               - pixelsPerMeter: 50.0
20:40:01.041 [FXGL Background Thread 3 ] DEBUG Engine               - platform: LINUX
20:40:01.041 [FXGL Background Thread 3 ] DEBUG Engine               - prefHeightProperty: ReadOnlyDoubleProperty [value: 1080.0]
20:40:01.041 [FXGL Background Thread 3 ] DEBUG Engine               - prefWidthProperty: ReadOnlyDoubleProperty [value: 1920.0]
20:40:01.041 [FXGL Background Thread 3 ] DEBUG Engine               - profileDir: profiles/
20:40:01.041 [FXGL Background Thread 3 ] DEBUG Engine               - profileName: StringProperty [value: DEFAULT]
20:40:01.041 [FXGL Background Thread 3 ] DEBUG Engine               - randomSeed: -1
20:40:01.042 [FXGL Background Thread 3 ] DEBUG Engine               - runtimeInfo: RuntimeInfo(platform=LINUX, version=17.2, build=20.08.2022 16.50)
20:40:01.042 [FXGL Background Thread 3 ] DEBUG Engine               - saveFileExt: sav
20:40:01.042 [FXGL Background Thread 3 ] DEBUG Engine               - scaledHeightProp$fxgl: DoubleProperty [bound, value: 1046.0]
20:40:01.042 [FXGL Background Thread 3 ] DEBUG Engine               - scaledWidthProp$fxgl: DoubleProperty [bound, value: 1819.0]
20:40:01.042 [FXGL Background Thread 3 ] DEBUG Engine               - sceneFactory: com.almasb.fxgl.app.scene.SceneFactory@1e247cd
20:40:01.042 [FXGL Background Thread 3 ] DEBUG Engine               - secondsIn24h: 60
20:40:01.042 [FXGL Background Thread 3 ] DEBUG Engine               - soundMenuBack: menu/back.wav
20:40:01.042 [FXGL Background Thread 3 ] DEBUG Engine               - soundMenuPress: menu/press.wav
20:40:01.042 [FXGL Background Thread 3 ] DEBUG Engine               - soundMenuSelect: menu/select.wav
20:40:01.042 [FXGL Background Thread 3 ] DEBUG Engine               - soundNotification: core/notification.wav
20:40:01.042 [FXGL Background Thread 3 ] DEBUG Engine               - stageStyle: DECORATED
20:40:01.042 [FXGL Background Thread 3 ] DEBUG Engine               - supportedLanguages: [ENGLISH, FRENCH, GERMAN, HUNGARIAN, RUSSIAN]
20:40:01.042 [FXGL Background Thread 3 ] DEBUG Engine               - ticksPerSecond: -1
20:40:01.042 [FXGL Background Thread 3 ] DEBUG Engine               - title: Untitled
20:40:01.043 [FXGL Background Thread 3 ] DEBUG Engine               - urlGithub: https://github.com/AlmasB/FXGL
20:40:01.043 [FXGL Background Thread 3 ] DEBUG Engine               - urlLeaderboard: http://fxgl-top.herokuapp.com/
20:40:01.043 [FXGL Background Thread 3 ] DEBUG Engine               - urlPOM: https://raw.githubusercontent.com/AlmasB/FXGL/release/README.md
20:40:01.043 [FXGL Background Thread 3 ] DEBUG Engine               - userAppClass: class game.GameApp
20:40:01.043 [FXGL Background Thread 3 ] DEBUG Engine               - version: 0.0
20:40:01.043 [FXGL Background Thread 3 ] DEBUG Engine               - versionCheckDays: 7
20:40:01.043 [FXGL Background Thread 3 ] DEBUG Engine               - width: 1920
20:40:01.043 [FXGL Background Thread 3 ] DEBUG Engine               - Logging services
20:40:01.043 [FXGL Background Thread 3 ] DEBUG Engine               - class com.almasb.fxgl.app.services.FXGLAssetLoaderService
20:40:01.043 [FXGL Background Thread 3 ] DEBUG Engine               - class com.almasb.fxgl.app.FXGLApplication$GameApplicationService
20:40:01.043 [FXGL Background Thread 3 ] DEBUG Engine               - class com.almasb.fxgl.app.services.FXGLDialogService
20:40:01.043 [FXGL Background Thread 3 ] DEBUG Engine               - class com.almasb.fxgl.app.services.IOTaskExecutorService
20:40:01.043 [FXGL Background Thread 3 ] DEBUG Engine               - class com.almasb.fxgl.io.FileSystemService
20:40:01.043 [FXGL Background Thread 3 ] DEBUG Engine               - class com.almasb.fxgl.localization.LocalizationService
20:40:01.043 [FXGL Background Thread 3 ] DEBUG Engine               - class com.almasb.fxgl.app.services.SystemBundleService
20:40:01.043 [FXGL Background Thread 3 ] DEBUG Engine               - class com.almasb.fxgl.profile.SaveLoadService
20:40:01.044 [FXGL Background Thread 3 ] DEBUG Engine               - class com.almasb.fxgl.ui.FXGLUIFactoryServiceProvider
20:40:01.044 [FXGL Background Thread 3 ] DEBUG Engine               - class com.almasb.fxgl.ui.FXGLDialogFactoryServiceProvider
20:40:01.044 [FXGL Background Thread 3 ] DEBUG Engine               - class com.almasb.fxgl.audio.AudioPlayer
20:40:01.044 [FXGL Background Thread 3 ] DEBUG Engine               - class com.almasb.fxgl.notification.impl.NotificationServiceProvider
20:40:01.044 [FXGL Background Thread 3 ] DEBUG Engine               - class com.almasb.fxgl.achievement.AchievementService
20:40:01.044 [FXGL Background Thread 3 ] DEBUG Engine               - class com.almasb.fxgl.cutscene.CutsceneService
20:40:01.044 [FXGL Background Thread 3 ] DEBUG Engine               - class com.almasb.fxgl.minigames.MiniGameService
20:40:01.044 [FXGL Background Thread 3 ] DEBUG Engine               - class com.almasb.fxgl.net.NetService
20:40:01.044 [FXGL Background Thread 3 ] DEBUG Engine               - class com.almasb.fxgl.app.services.UpdaterService
20:40:01.044 [FXGL Background Thread 3 ] DEBUG Engine               - class com.almasb.fxgl.dev.DevService
20:40:26.122 [JavaFX Application Thread] DEBUG FXGLApplication      - Exiting FXGL
20:40:26.122 [JavaFX Application Thread] DEBUG LoopRunner           - Stopping loop
20:40:26.122 [JavaFX Application Thread] DEBUG SystemBundleService  - Saving FXGL system data
20:40:26.267 [JavaFX Application Thread] DEBUG FileSystemAccess     - Writing to: /home/2021/pcheng15/Documents/javafxGame/system/fxgl.bundle
20:40:26.272 [JavaFX Application Thread] DEBUG Async                - Shutting down background threads
20:40:26.273 [JavaFX Application Thread] DEBUG PrimaryStageWindow   - Closing main window
20:40:26.278 [JavaFX Application Thread] DEBUG Logger               - Closing Logger
