13:12:55.403 [main                     ] DEBUG Logger               - Configured Logger
13:12:55.426 [main                     ] DEBUG GameApplication      - Logging settings
Title: Untitled
Version: 0.0
Width: 1280
Height: 720
Fullscreen: false
Intro: false
Profiling: false
Single step:false
App Mode: DEVELOPER
Menu Key: ESCAPE
Stage Style: DECORATED
Scene Factory: class com.almasb.fxgl.app.scene.SceneFactory

13:12:55.962 [JavaFX Application Thread] DEBUG FXGLApplication      - Initializing FXGL
13:12:55.967 [JavaFX Application Thread] INFO  Engine               - FXGL-17.2 (20.08.2022 16.50) on WINDOWS (J:17.0.2 FX:18)
13:12:55.967 [JavaFX Application Thread] DEBUG Engine               - JRE Vendor Name: Oracle Corporation
13:12:55.967 [JavaFX Application Thread] DEBUG Engine               - Running on OS: Windows 11 version 10.0
13:12:55.967 [JavaFX Application Thread] DEBUG Engine               - Architecture: amd64
13:12:55.968 [JavaFX Application Thread] INFO  Engine               - Source code and latest versions at: https://github.com/AlmasB/FXGL
13:12:55.968 [JavaFX Application Thread] INFO  Engine               -       Ask questions and discuss at: https://github.com/AlmasB/FXGL/discussions
13:12:55.968 [JavaFX Application Thread] INFO  Engine               -              Join the FXGL chat at: https://gitter.im/AlmasB/FXGL
13:12:56.033 [JavaFX Application Thread] DEBUG PrimaryStageWindow   - Creating a JavaFX scene
13:12:56.061 [JavaFX Application Thread] DEBUG PrimaryStageWindow   - Target settings size: 1280.0 x 720.0
13:12:56.062 [JavaFX Application Thread] DEBUG PrimaryStageWindow   - Scaled scene size:    1280.0 x 720.0
13:12:56.062 [JavaFX Application Thread] DEBUG PrimaryStageWindow   - Scaled ratio: (1.0, 1.0)
13:12:56.063 [JavaFX Application Thread] DEBUG PrimaryStageWindow   - Set initial scene to FXGLStartupScene
13:12:56.068 [JavaFX Application Thread] DEBUG PrimaryStageWindow   - Opening main window
13:12:56.135 [JavaFX Application Thread] DEBUG PrimaryStageWindow   - Window border size: (14.6666259765625, 37.33331298828125)
13:12:56.136 [JavaFX Application Thread] DEBUG PrimaryStageWindow   - Scaled size: 1280.0 x 720.0
13:12:56.136 [JavaFX Application Thread] DEBUG PrimaryStageWindow   - Scaled ratio: (1.0, 1.0)
13:12:56.136 [JavaFX Application Thread] DEBUG PrimaryStageWindow   - Scene size: 1280.0 x 720.0
13:12:56.137 [JavaFX Application Thread] DEBUG PrimaryStageWindow   - Stage size: 1294.6666259765625 x 757.3333129882812
13:12:56.143 [FXGL Background Thread 1 ] DEBUG Engine               - Initializing environment variables
13:12:56.173 [FXGL Background Thread 1 ] DEBUG FXGLAssetLoaderServi - User app class for loading assets: class game.GameApp
13:12:56.173 [FXGL Background Thread 1 ] DEBUG GameApplicationServi - Applying CSS: fxgl_dark.css
13:12:56.173 [FXGL Background Thread 1 ] DEBUG FXGLAssetLoaderServi - Loading from file system: jar:file:/C:/Users/cpn02/.m2/repository/com/github/almasb/fxgl/17.2/fxgl-17.2.jar!/fxglassets/ui/css/fxgl_dark.css
13:12:56.206 [FXGL Background Thread 1 ] DEBUG GameApplicationServi - Initializing application scenes
13:12:56.239 [FXGL Background Thread 1 ] DEBUG GameWorld            - Game world initialized
13:12:56.285 [FXGL Background Thread 1 ] DEBUG PhysicsWorld         - Physics world initialized: appHeight=720, physics.ppm=50.0
13:12:56.285 [FXGL Background Thread 1 ] DEBUG PhysicsWorld         - Using strategy: BRUTE_FORCE
13:12:56.289 [FXGL Background Thread 1 ] DEBUG GameScene            - Game scene initialized: 1280x720
13:12:56.299 [FXGL Background Thread 1 ] DEBUG FXGL.DefaultMenu     - createMenuBodyGameMenu()
13:12:56.311 [FXGL Background Thread 1 ] DEBUG FXGL.DefaultMenu     - createOptionsMenu()
13:12:56.321 [FXGL Background Thread 1 ] DEBUG FXGLAssetLoaderServi - Loading from file system: jar:file:/C:/Users/cpn02/.m2/repository/com/github/almasb/fxgl/17.2/fxgl-17.2.jar!/fxglassets/textures/particles/smoke.png
13:12:56.403 [FXGL Background Thread 1 ] DEBUG FXGLAssetLoaderServi - Loading from file system: jar:file:/C:/Users/cpn02/.m2/repository/com/github/almasb/fxgl/17.2/fxgl-17.2.jar!/fxglassets/textures/particles/trace_horizontal.png
13:12:56.427 [FXGL Background Thread 1 ] DEBUG GameApplicationServi - Application scenes initialized
13:12:56.437 [FXGL Background Thread 1 ] DEBUG SystemBundleService  - Loading FXGL system data
13:12:56.439 [FXGL Background Thread 1 ] DEBUG FileSystemAccess     - Reading from: C:\Users\cpn02\OneDrive\document\javafxGame\system\fxgl.bundle
13:12:56.444 [FXGL Background Thread 1 ] DEBUG SystemBundleService  - Bundle FXGL: {}
13:12:56.444 [FXGL Background Thread 1 ] DEBUG UpdaterService       - Checking for updates
13:12:56.447 [FXGL Background Thread 4 ] DEBUG FXGLApplication      - Loading fonts
13:12:56.447 [FXGL Background Thread 1 ] DEBUG FXGLApplication      - Loading default localization
13:12:56.447 [FXGL Background Thread 4 ] DEBUG FXGLAssetLoaderServi - Loading from file system: jar:file:/C:/Users/cpn02/.m2/repository/com/github/almasb/fxgl/17.2/fxgl-17.2.jar!/fxglassets/ui/fonts/VarelaRound-Regular.ttf
13:12:56.448 [FXGL Background Thread 1 ] DEBUG FXGLAssetLoaderServi - Loading from file system: jar:file:/C:/Users/cpn02/.m2/repository/com/github/almasb/fxgl/17.2/fxgl-17.2.jar!/fxglassets/languages/english.lang
13:12:56.484 [FXGL Background Thread 1 ] INFO  FXGLApplication      - FXGL initialization took: 0.341 sec
13:12:56.486 [JavaFX Application Thread] DEBUG FXGLAssetLoaderServi - Loading from file system: jar:file:/C:/Users/cpn02/.m2/repository/com/github/almasb/fxgl/17.2/fxgl-17.2.jar!/fxglassets/textures/fxgl_icon.png
13:12:56.505 [JavaFX Application Thread] DEBUG FXGLAssetLoaderServi - Loading from file system: jar:file:/C:/Users/cpn02/.m2/repository/com/github/almasb/fxgl/17.2/fxgl-17.2.jar!/fxglassets/textures/fxgl_default_cursor.png
13:12:56.526 [JavaFX Application Thread] DEBUG Input                - Registered new binding: Screenshot - CTRL+8
13:12:56.526 [JavaFX Application Thread] DEBUG Input                - Registered new binding: System info dump - CTRL+9
13:12:56.527 [JavaFX Application Thread] DEBUG Input                - Registered new binding: Restart - CTRL+R
13:12:56.527 [JavaFX Application Thread] DEBUG Input                - Registered new binding: Toggle Debug Camera - CTRL+7
13:12:56.534 [JavaFX Application Thread] DEBUG LoopRunner           - Starting loop
13:12:56.534 [JavaFX Application Thread] DEBUG LoopRunner           - Initializing JavaFX AnimationTimerLoop
13:12:56.536 [JavaFX Application Thread] DEBUG GameApplicationServi - Starting new game
13:12:56.537 [JavaFX Application Thread] DEBUG Input                - Clearing active input actions
13:12:56.543 [FXGL Background Thread 4 ] DEBUG FXGLAssetLoaderServi - Loading from file system: jar:file:/C:/Users/cpn02/.m2/repository/com/github/almasb/fxgl/17.2/fxgl-17.2.jar!/fxglassets/ui/fonts/Abel-Regular.ttf
13:12:56.546 [FXGL Background Thread 4 ] DEBUG FXGLAssetLoaderServi - Loading from file system: jar:file:/C:/Users/cpn02/.m2/repository/com/github/almasb/fxgl/17.2/fxgl-17.2.jar!/fxglassets/ui/fonts/TerminalLandMono-Regular.otf
13:12:56.549 [JavaFX Application Thread] DEBUG GameApplicationServi - Removing overlay from FXGLStartupScene and adding to FXGLLoadingScene
13:12:56.549 [FXGL Background Thread 4 ] DEBUG FXGLAssetLoaderServi - Loading from file system: jar:file:/C:/Users/cpn02/.m2/repository/com/github/almasb/fxgl/17.2/fxgl-17.2.jar!/fxglassets/ui/fonts/Courier-Prime.ttf
13:12:56.549 [JavaFX Application Thread] DEBUG PrimaryStageWindow   - FXGLStartupScene -> FXGLLoadingScene
13:12:56.549 [JavaFX Application Thread] DEBUG GameApplicationServi - Clearing previous game
13:12:56.549 [JavaFX Application Thread] DEBUG GameScene            - Clearing game scene
13:12:56.550 [JavaFX Application Thread] DEBUG GameWorld            - Clearing game world
13:12:56.550 [JavaFX Application Thread] DEBUG PhysicsWorld         - Clearing physics world
13:12:56.552 [FXGL Background Thread 1 ] DEBUG FXGLApplication      - Initializing game
13:12:56.561 [FXGL Background Thread 1 ] DEBUG FXGLAssetLoaderServi - Loading from file system: file:/C:/Users/cpn02/OneDrive/document/javafxGame/target/classes/assets/textures/mat.png
13:12:56.599 [JavaFX Application Thread] DEBUG FXGLApplication      - Registering font factories with UI factory
13:12:56.672 [FXGL Background Thread 1 ] DEBUG FXGLAssetLoaderServi - Loading from file system: file:/C:/Users/cpn02/OneDrive/document/javafxGame/target/classes/assets/textures/sample_red.png
13:12:56.734 [FXGL Background Thread 1 ] DEBUG FXGLAssetLoaderServi - Loading from file system: file:/C:/Users/cpn02/OneDrive/document/javafxGame/target/classes/assets/textures/sample_blue.png
13:12:56.788 [FXGL Background Thread 1 ] INFO  FXGLApplication      - Game initialization took: 0.235 sec
13:12:56.789 [JavaFX Application Thread] DEBUG Input                - Clearing active input actions
13:12:56.796 [JavaFX Application Thread] DEBUG GameApplicationServi - Removing overlay from FXGLLoadingScene and adding to GameScene
13:12:56.797 [JavaFX Application Thread] DEBUG PrimaryStageWindow   - FXGLLoadingScene -> GameScene
13:12:59.308 [JavaFX Application Thread] DEBUG FXGLApplication      - Exiting FXGL
13:12:59.308 [JavaFX Application Thread] DEBUG LoopRunner           - Stopping loop
13:12:59.308 [JavaFX Application Thread] DEBUG SystemBundleService  - Saving FXGL system data
13:12:59.311 [JavaFX Application Thread] DEBUG FileSystemAccess     - Writing to: C:\Users\cpn02\OneDrive\document\javafxGame\system\fxgl.bundle
13:12:59.312 [JavaFX Application Thread] DEBUG Async                - Shutting down background threads
13:12:59.312 [JavaFX Application Thread] DEBUG PrimaryStageWindow   - Closing main window
13:12:59.323 [JavaFX Application Thread] DEBUG Logger               - Closing Logger
