16:57:11.275 [main                     ] DEBUG Logger               - Configured Logger
16:57:11.298 [main                     ] DEBUG GameApplication      - Logging settings
Title: Untitled
Version: 0.0
Width: 1920
Height: 1080
Fullscreen: false
Intro: false
Profiling: false
Single step:false
App Mode: DEVELOPER
Menu Key: ESCAPE
Stage Style: DECORATED
Scene Factory: class com.almasb.fxgl.app.scene.SceneFactory

16:57:11.934 [JavaFX Application Thread] DEBUG FXGLApplication      - Initializing FXGL
16:57:11.938 [JavaFX Application Thread] INFO  Engine               - FXGL-17.2 (20.08.2022 16.50) on WINDOWS (J:17.0.2 FX:18)
16:57:11.938 [JavaFX Application Thread] DEBUG Engine               - JRE Vendor Name: Oracle Corporation
16:57:11.938 [JavaFX Application Thread] DEBUG Engine               - Running on OS: Windows 11 version 10.0
16:57:11.938 [JavaFX Application Thread] DEBUG Engine               - Architecture: amd64
16:57:11.938 [JavaFX Application Thread] INFO  Engine               - Source code and latest versions at: https://github.com/AlmasB/FXGL
16:57:11.938 [JavaFX Application Thread] INFO  Engine               -       Ask questions and discuss at: https://github.com/AlmasB/FXGL/discussions
16:57:11.939 [JavaFX Application Thread] INFO  Engine               -              Join the FXGL chat at: https://gitter.im/AlmasB/FXGL
16:57:12.029 [JavaFX Application Thread] DEBUG PrimaryStageWindow   - Creating a JavaFX scene
16:57:12.029 [JavaFX Application Thread] DEBUG PrimaryStageWindow   - Target size > screen size
16:57:12.065 [JavaFX Application Thread] DEBUG PrimaryStageWindow   - Target settings size: 1920.0 x 1080.0
16:57:12.065 [JavaFX Application Thread] DEBUG PrimaryStageWindow   - Scaled scene size:    1596.0 x 911.0
16:57:12.065 [JavaFX Application Thread] DEBUG PrimaryStageWindow   - Scaled ratio: (0.83125, 0.8435185185185186)
16:57:12.066 [JavaFX Application Thread] DEBUG PrimaryStageWindow   - Set initial scene to FXGLStartupScene
16:57:12.073 [JavaFX Application Thread] DEBUG PrimaryStageWindow   - Opening main window
16:57:12.158 [JavaFX Application Thread] DEBUG PrimaryStageWindow   - Window border size: (14.6666259765625, 37.66668701171875)
16:57:12.158 [JavaFX Application Thread] DEBUG PrimaryStageWindow   - Scaled size: 1596.0 x 911.0
16:57:12.159 [JavaFX Application Thread] DEBUG PrimaryStageWindow   - Scaled ratio: (0.83125, 0.8435185185185186)
16:57:12.159 [JavaFX Application Thread] DEBUG PrimaryStageWindow   - Scene size: 1596.0 x 911.0
16:57:12.160 [JavaFX Application Thread] DEBUG PrimaryStageWindow   - Stage size: 1610.6666259765625 x 948.6666870117188
16:57:12.167 [FXGL Background Thread 1 ] DEBUG Engine               - Initializing environment variables
16:57:12.220 [FXGL Background Thread 1 ] DEBUG FXGLAssetLoaderServi - User app class for loading assets: class game.GameApp
16:57:12.220 [FXGL Background Thread 1 ] DEBUG GameApplicationServi - Applying CSS: fxgl_dark.css
16:57:12.221 [FXGL Background Thread 1 ] DEBUG FXGLAssetLoaderServi - Loading from file system: jar:file:/C:/Users/cpn02/.m2/repository/com/github/almasb/fxgl/17.2/fxgl-17.2.jar!/fxglassets/ui/css/fxgl_dark.css
16:57:12.260 [FXGL Background Thread 1 ] DEBUG GameApplicationServi - Initializing application scenes
16:57:12.306 [FXGL Background Thread 1 ] DEBUG GameWorld            - Game world initialized
16:57:12.355 [FXGL Background Thread 1 ] DEBUG PhysicsWorld         - Physics world initialized: appHeight=1080, physics.ppm=50.0
16:57:12.356 [FXGL Background Thread 1 ] DEBUG PhysicsWorld         - Using strategy: BRUTE_FORCE
16:57:12.359 [FXGL Background Thread 1 ] DEBUG GameScene            - Game scene initialized: 1920x1080
16:57:12.372 [FXGL Background Thread 1 ] DEBUG FXGL.DefaultMenu     - createMenuBodyGameMenu()
16:57:12.388 [FXGL Background Thread 1 ] DEBUG FXGL.DefaultMenu     - createOptionsMenu()
16:57:12.399 [FXGL Background Thread 1 ] DEBUG FXGLAssetLoaderServi - Loading from file system: jar:file:/C:/Users/cpn02/.m2/repository/com/github/almasb/fxgl/17.2/fxgl-17.2.jar!/fxglassets/textures/particles/smoke.png
16:57:12.471 [FXGL Background Thread 1 ] DEBUG FXGLAssetLoaderServi - Loading from file system: jar:file:/C:/Users/cpn02/.m2/repository/com/github/almasb/fxgl/17.2/fxgl-17.2.jar!/fxglassets/textures/particles/trace_horizontal.png
16:57:12.494 [FXGL Background Thread 1 ] DEBUG GameApplicationServi - Application scenes initialized
16:57:12.507 [FXGL Background Thread 1 ] DEBUG SystemBundleService  - Loading FXGL system data
16:57:12.513 [FXGL Background Thread 1 ] DEBUG FileSystemAccess     - Reading from: C:\Users\cpn02\OneDrive\document\javafxGame\system\fxgl.bundle
16:57:12.520 [FXGL Background Thread 1 ] DEBUG SystemBundleService  - Bundle FXGL: {}
16:57:12.520 [FXGL Background Thread 1 ] DEBUG UpdaterService       - Checking for updates
16:57:12.524 [FXGL Background Thread 4 ] DEBUG FXGLApplication      - Loading fonts
16:57:12.525 [FXGL Background Thread 1 ] DEBUG FXGLApplication      - Loading default localization
16:57:12.525 [FXGL Background Thread 4 ] DEBUG FXGLAssetLoaderServi - Loading from file system: jar:file:/C:/Users/cpn02/.m2/repository/com/github/almasb/fxgl/17.2/fxgl-17.2.jar!/fxglassets/ui/fonts/VarelaRound-Regular.ttf
16:57:12.525 [FXGL Background Thread 1 ] DEBUG FXGLAssetLoaderServi - Loading from file system: jar:file:/C:/Users/cpn02/.m2/repository/com/github/almasb/fxgl/17.2/fxgl-17.2.jar!/fxglassets/languages/english.lang
16:57:12.543 [FXGL Background Thread 1 ] INFO  FXGLApplication      - FXGL initialization took: 0.376 sec
16:57:12.543 [JavaFX Application Thread] DEBUG FXGLAssetLoaderServi - Loading from file system: jar:file:/C:/Users/cpn02/.m2/repository/com/github/almasb/fxgl/17.2/fxgl-17.2.jar!/fxglassets/textures/fxgl_icon.png
16:57:12.556 [JavaFX Application Thread] DEBUG FXGLAssetLoaderServi - Loading from file system: jar:file:/C:/Users/cpn02/.m2/repository/com/github/almasb/fxgl/17.2/fxgl-17.2.jar!/fxglassets/textures/fxgl_default_cursor.png
16:57:12.564 [JavaFX Application Thread] DEBUG Input                - Registered new binding: Screenshot - CTRL+8
16:57:12.566 [JavaFX Application Thread] DEBUG Input                - Registered new binding: System info dump - CTRL+9
16:57:12.566 [JavaFX Application Thread] DEBUG Input                - Registered new binding: Restart - CTRL+R
16:57:12.567 [JavaFX Application Thread] DEBUG Input                - Registered new binding: Toggle Debug Camera - CTRL+7
16:57:12.569 [JavaFX Application Thread] DEBUG LoopRunner           - Starting loop
16:57:12.570 [JavaFX Application Thread] DEBUG LoopRunner           - Initializing JavaFX AnimationTimerLoop
16:57:12.572 [JavaFX Application Thread] DEBUG GameApplicationServi - Starting new game
16:57:12.572 [JavaFX Application Thread] DEBUG Input                - Clearing active input actions
16:57:12.580 [JavaFX Application Thread] DEBUG GameApplicationServi - Removing overlay from FXGLStartupScene and adding to FXGLLoadingScene
16:57:12.580 [JavaFX Application Thread] DEBUG PrimaryStageWindow   - FXGLStartupScene -> FXGLLoadingScene
16:57:12.580 [JavaFX Application Thread] DEBUG GameApplicationServi - Clearing previous game
16:57:12.580 [JavaFX Application Thread] DEBUG GameScene            - Clearing game scene
16:57:12.580 [JavaFX Application Thread] DEBUG GameWorld            - Clearing game world
16:57:12.580 [JavaFX Application Thread] DEBUG PhysicsWorld         - Clearing physics world
16:57:12.582 [FXGL Background Thread 1 ] DEBUG FXGLApplication      - Initializing game
16:57:12.582 [FXGL Background Thread 4 ] DEBUG FXGLAssetLoaderServi - Loading from file system: jar:file:/C:/Users/cpn02/.m2/repository/com/github/almasb/fxgl/17.2/fxgl-17.2.jar!/fxglassets/ui/fonts/Abel-Regular.ttf
16:57:12.584 [FXGL Background Thread 4 ] DEBUG FXGLAssetLoaderServi - Loading from file system: jar:file:/C:/Users/cpn02/.m2/repository/com/github/almasb/fxgl/17.2/fxgl-17.2.jar!/fxglassets/ui/fonts/TerminalLandMono-Regular.otf
16:57:12.587 [FXGL Background Thread 4 ] DEBUG FXGLAssetLoaderServi - Loading from file system: jar:file:/C:/Users/cpn02/.m2/repository/com/github/almasb/fxgl/17.2/fxgl-17.2.jar!/fxglassets/ui/fonts/Courier-Prime.ttf
16:57:12.587 [FXGL Background Thread 1 ] DEBUG FXGLAssetLoaderServi - Loading from file system: file:/C:/Users/cpn02/OneDrive/document/javafxGame/target/classes/assets/textures/mat.png
16:57:12.612 [JavaFX Application Thread] DEBUG FXGLApplication      - Registering font factories with UI factory
16:57:12.741 [FXGL Background Thread 1 ] DEBUG FXGLAssetLoaderServi - Loading from file system: file:/C:/Users/cpn02/OneDrive/document/javafxGame/target/classes/assets/textures/level_one.png
16:57:12.788 [FXGL Background Thread 1 ] DEBUG FXGLAssetLoaderServi - Loading from file system: file:/C:/Users/cpn02/OneDrive/document/javafxGame/target/classes/assets/textures/level_two.png
16:57:12.822 [FXGL Background Thread 1 ] DEBUG FXGLAssetLoaderServi - Loading from file system: file:/C:/Users/cpn02/OneDrive/document/javafxGame/target/classes/assets/textures/level_three.png
16:57:12.866 [FXGL Background Thread 1 ] DEBUG FXGLAssetLoaderServi - Loading from file system: file:/C:/Users/cpn02/OneDrive/document/javafxGame/target/classes/assets/textures/sample_one1.png
16:57:12.902 [FXGL Background Thread 1 ] DEBUG FXGLAssetLoaderServi - Loading from file system: file:/C:/Users/cpn02/OneDrive/document/javafxGame/target/classes/assets/textures/sample_two0.png
16:57:12.948 [FXGL Background Thread 1 ] DEBUG FXGLAssetLoaderServi - Loading from file system: file:/C:/Users/cpn02/OneDrive/document/javafxGame/target/classes/assets/textures/sample_three1.png
16:57:12.987 [FXGL Background Thread 1 ] DEBUG FXGLAssetLoaderServi - Loading from file system: file:/C:/Users/cpn02/OneDrive/document/javafxGame/target/classes/assets/textures/sample_three0.png
16:57:13.027 [FXGL Background Thread 1 ] DEBUG FXGLAssetLoaderServi - Loading from file system: file:/C:/Users/cpn02/OneDrive/document/javafxGame/target/classes/assets/textures/sample_two1.png
16:57:13.068 [FXGL Background Thread 1 ] DEBUG FXGLAssetLoaderServi - Loading from file system: file:/C:/Users/cpn02/OneDrive/document/javafxGame/target/classes/assets/textures/sample_one0.png
16:57:13.101 [FXGL Background Thread 1 ] INFO  FXGLApplication      - Game initialization took: 0.518 sec
16:57:13.102 [JavaFX Application Thread] DEBUG Input                - Clearing active input actions
16:57:13.108 [JavaFX Application Thread] DEBUG GameApplicationServi - Removing overlay from FXGLLoadingScene and adding to GameScene
16:57:13.108 [JavaFX Application Thread] DEBUG PrimaryStageWindow   - FXGLLoadingScene -> GameScene
16:57:15.524 [FXGL Background Thread 3 ] DEBUG Engine               - Logging environment variables
16:57:15.524 [FXGL Background Thread 3 ] DEBUG Engine               - achievements: []
16:57:15.525 [FXGL Background Thread 3 ] DEBUG Engine               - actualHeight: 911.0
16:57:15.525 [FXGL Background Thread 3 ] DEBUG Engine               - actualHeightProperty: ReadOnlyDoubleProperty [value: 911.0]
16:57:15.525 [FXGL Background Thread 3 ] DEBUG Engine               - actualWidth: 1596.0
16:57:15.525 [FXGL Background Thread 3 ] DEBUG Engine               - actualWidthProperty: ReadOnlyDoubleProperty [value: 1596.0]
16:57:15.525 [FXGL Background Thread 3 ] DEBUG Engine               - appIcon: fxgl_icon.png
16:57:15.525 [FXGL Background Thread 3 ] DEBUG Engine               - applicationMode: DEVELOPER
16:57:15.525 [FXGL Background Thread 3 ] DEBUG Engine               - cSSList: [fxgl_dark.css]
16:57:15.525 [FXGL Background Thread 3 ] DEBUG Engine               - collisionDetectionStrategy: BRUTE_FORCE
16:57:15.525 [FXGL Background Thread 3 ] DEBUG Engine               - configClass: Optional.empty
16:57:15.525 [FXGL Background Thread 3 ] DEBUG Engine               - credits: []
16:57:15.527 [FXGL Background Thread 3 ] DEBUG Engine               - defaultCursor: CursorInfo(imageName=fxgl_default_cursor.png, hotspotX=7.0, hotspotY=6.0)
16:57:15.527 [FXGL Background Thread 3 ] DEBUG Engine               - devBBoxColorProperty: ObjectProperty [value: 0xff0000ff]
16:57:15.527 [FXGL Background Thread 3 ] DEBUG Engine               - devEnableDebugCameraProperty: BooleanProperty [value: false]
16:57:15.527 [FXGL Background Thread 3 ] DEBUG Engine               - devSensorColorProperty: ObjectProperty [value: 0xffff00ff]
16:57:15.528 [FXGL Background Thread 3 ] DEBUG Engine               - devShowBBoxProperty: BooleanProperty [value: false]
16:57:15.528 [FXGL Background Thread 3 ] DEBUG Engine               - devShowPositionProperty: BooleanProperty [value: false]
16:57:15.528 [FXGL Background Thread 3 ] DEBUG Engine               - enabledMenuItems: []
16:57:15.528 [FXGL Background Thread 3 ] DEBUG Engine               - engineServices: [class com.almasb.fxgl.app.services.FXGLAssetLoaderService, class com.almasb.fxgl.app.FXGLApplication$GameApplicationService, class com.almasb.fxgl.app.services.FXGLDialogService, class com.almasb.fxgl.app.services.IOTaskExecutorService, class com.almasb.fxgl.io.FileSystemService, class com.almasb.fxgl.localization.LocalizationService, class com.almasb.fxgl.app.services.SystemBundleService, class com.almasb.fxgl.profile.SaveLoadService, class com.almasb.fxgl.ui.FXGLUIFactoryServiceProvider, class com.almasb.fxgl.ui.FXGLDialogFactoryServiceProvider, class com.almasb.fxgl.audio.AudioPlayer, class com.almasb.fxgl.notification.impl.NotificationServiceProvider, class com.almasb.fxgl.achievement.AchievementService, class com.almasb.fxgl.cutscene.CutsceneService, class com.almasb.fxgl.minigames.MiniGameService, class com.almasb.fxgl.net.NetService, class com.almasb.fxgl.app.services.UpdaterService, class com.almasb.fxgl.dev.DevService]
16:57:15.528 [FXGL Background Thread 3 ] DEBUG Engine               - fontGame: Abel-Regular.ttf
16:57:15.528 [FXGL Background Thread 3 ] DEBUG Engine               - fontMono: TerminalLandMono-Regular.otf
16:57:15.528 [FXGL Background Thread 3 ] DEBUG Engine               - fontText: Courier-Prime.ttf
16:57:15.528 [FXGL Background Thread 3 ] DEBUG Engine               - fontUI: VarelaRound-Regular.ttf
16:57:15.528 [FXGL Background Thread 3 ] DEBUG Engine               - fullScreen: BooleanProperty [value: false]
16:57:15.528 [FXGL Background Thread 3 ] DEBUG Engine               - gameDifficulty: MEDIUM
16:57:15.528 [FXGL Background Thread 3 ] DEBUG Engine               - gameDifficultyProperty: ObjectProperty [value: MEDIUM]
16:57:15.528 [FXGL Background Thread 3 ] DEBUG Engine               - globalMusicVolume: 0.5
16:57:15.528 [FXGL Background Thread 3 ] DEBUG Engine               - globalMusicVolumeProperty: DoubleProperty [value: 0.5]
16:57:15.528 [FXGL Background Thread 3 ] DEBUG Engine               - globalSoundVolume: 0.5
16:57:15.528 [FXGL Background Thread 3 ] DEBUG Engine               - globalSoundVolumeProperty: DoubleProperty [value: 0.5]
16:57:15.528 [FXGL Background Thread 3 ] DEBUG Engine               - height: 1080
16:57:15.528 [FXGL Background Thread 3 ] DEBUG Engine               - is3D: false
16:57:15.528 [FXGL Background Thread 3 ] DEBUG Engine               - isAndroid: false
16:57:15.529 [FXGL Background Thread 3 ] DEBUG Engine               - isBrowser: false
16:57:15.529 [FXGL Background Thread 3 ] DEBUG Engine               - isClickFeedbackEnabled: false
16:57:15.529 [FXGL Background Thread 3 ] DEBUG Engine               - isCloseConfirmation: false
16:57:15.529 [FXGL Background Thread 3 ] DEBUG Engine               - isDesktop: true
16:57:15.529 [FXGL Background Thread 3 ] DEBUG Engine               - isDeveloperMenuEnabled: false
16:57:15.529 [FXGL Background Thread 3 ] DEBUG Engine               - isEmbedded: false
16:57:15.529 [FXGL Background Thread 3 ] DEBUG Engine               - isEntityPreloadEnabled: true
16:57:15.529 [FXGL Background Thread 3 ] DEBUG Engine               - isExperimentalTiledLargeMap: false
16:57:15.529 [FXGL Background Thread 3 ] DEBUG Engine               - isFileSystemWriteAllowed: true
16:57:15.529 [FXGL Background Thread 3 ] DEBUG Engine               - isFullScreenAllowed: false
16:57:15.529 [FXGL Background Thread 3 ] DEBUG Engine               - isFullScreenFromStart: false
16:57:15.529 [FXGL Background Thread 3 ] DEBUG Engine               - isGameMenuEnabled: true
16:57:15.529 [FXGL Background Thread 3 ] DEBUG Engine               - isIOS: false
16:57:15.529 [FXGL Background Thread 3 ] DEBUG Engine               - isIntroEnabled: false
16:57:15.529 [FXGL Background Thread 3 ] DEBUG Engine               - isLinux: false
16:57:15.529 [FXGL Background Thread 3 ] DEBUG Engine               - isMac: false
16:57:15.529 [FXGL Background Thread 3 ] DEBUG Engine               - isMainMenuEnabled: false
16:57:15.529 [FXGL Background Thread 3 ] DEBUG Engine               - isManualResizeEnabled: false
16:57:15.530 [FXGL Background Thread 3 ] DEBUG Engine               - isMobile: false
16:57:15.530 [FXGL Background Thread 3 ] DEBUG Engine               - isNative: false
16:57:15.530 [FXGL Background Thread 3 ] DEBUG Engine               - isPauseMusicWhenMinimized: true
16:57:15.530 [FXGL Background Thread 3 ] DEBUG Engine               - isPreserveResizeRatio: false
16:57:15.530 [FXGL Background Thread 3 ] DEBUG Engine               - isProfilingEnabled: false
16:57:15.530 [FXGL Background Thread 3 ] DEBUG Engine               - isScaleAffectedOnResize: true
16:57:15.530 [FXGL Background Thread 3 ] DEBUG Engine               - isSingleStep: false
16:57:15.530 [FXGL Background Thread 3 ] DEBUG Engine               - isUserProfileEnabled: false
16:57:15.530 [FXGL Background Thread 3 ] DEBUG Engine               - isWindows: true
16:57:15.530 [FXGL Background Thread 3 ] DEBUG Engine               - language: ObjectProperty [value: ENGLISH]
16:57:15.530 [FXGL Background Thread 3 ] DEBUG Engine               - menuKey: ESCAPE
16:57:15.530 [FXGL Background Thread 3 ] DEBUG Engine               - mouseSensitivity: 0.2
16:57:15.530 [FXGL Background Thread 3 ] DEBUG Engine               - notificationViewClass: class com.almasb.fxgl.notification.view.XboxNotificationView
16:57:15.530 [FXGL Background Thread 3 ] DEBUG Engine               - pixelsPerMeter: 50.0
16:57:15.530 [FXGL Background Thread 3 ] DEBUG Engine               - platform: WINDOWS
16:57:15.530 [FXGL Background Thread 3 ] DEBUG Engine               - prefHeightProperty: ReadOnlyDoubleProperty [value: 1080.0]
16:57:15.530 [FXGL Background Thread 3 ] DEBUG Engine               - prefWidthProperty: ReadOnlyDoubleProperty [value: 1920.0]
16:57:15.531 [FXGL Background Thread 3 ] DEBUG Engine               - profileDir: profiles/
16:57:15.531 [FXGL Background Thread 3 ] DEBUG Engine               - profileName: StringProperty [value: DEFAULT]
16:57:15.531 [FXGL Background Thread 3 ] DEBUG Engine               - randomSeed: -1
16:57:15.531 [FXGL Background Thread 3 ] DEBUG Engine               - runtimeInfo: RuntimeInfo(platform=WINDOWS, version=17.2, build=20.08.2022 16.50)
16:57:15.531 [FXGL Background Thread 3 ] DEBUG Engine               - saveFileExt: sav
16:57:15.531 [FXGL Background Thread 3 ] DEBUG Engine               - scaledHeightProp$fxgl: DoubleProperty [bound, value: 911.0]
16:57:15.531 [FXGL Background Thread 3 ] DEBUG Engine               - scaledWidthProp$fxgl: DoubleProperty [bound, value: 1596.0]
16:57:15.531 [FXGL Background Thread 3 ] DEBUG Engine               - sceneFactory: com.almasb.fxgl.app.scene.SceneFactory@495ad5f8
16:57:15.531 [FXGL Background Thread 3 ] DEBUG Engine               - secondsIn24h: 60
16:57:15.531 [FXGL Background Thread 3 ] DEBUG Engine               - soundMenuBack: menu/back.wav
16:57:15.531 [FXGL Background Thread 3 ] DEBUG Engine               - soundMenuPress: menu/press.wav
16:57:15.531 [FXGL Background Thread 3 ] DEBUG Engine               - soundMenuSelect: menu/select.wav
16:57:15.531 [FXGL Background Thread 3 ] DEBUG Engine               - soundNotification: core/notification.wav
16:57:15.531 [FXGL Background Thread 3 ] DEBUG Engine               - stageStyle: DECORATED
16:57:15.531 [FXGL Background Thread 3 ] DEBUG Engine               - supportedLanguages: [ENGLISH, FRENCH, GERMAN, HUNGARIAN, RUSSIAN]
16:57:15.531 [FXGL Background Thread 3 ] DEBUG Engine               - ticksPerSecond: -1
16:57:15.531 [FXGL Background Thread 3 ] DEBUG Engine               - title: Untitled
16:57:15.531 [FXGL Background Thread 3 ] DEBUG Engine               - urlGithub: https://github.com/AlmasB/FXGL
16:57:15.532 [FXGL Background Thread 3 ] DEBUG Engine               - urlLeaderboard: http://fxgl-top.herokuapp.com/
16:57:15.532 [FXGL Background Thread 3 ] DEBUG Engine               - urlPOM: https://raw.githubusercontent.com/AlmasB/FXGL/release/README.md
16:57:15.532 [FXGL Background Thread 3 ] DEBUG Engine               - userAppClass: class game.GameApp
16:57:15.532 [FXGL Background Thread 3 ] DEBUG Engine               - version: 0.0
16:57:15.532 [FXGL Background Thread 3 ] DEBUG Engine               - versionCheckDays: 7
16:57:15.532 [FXGL Background Thread 3 ] DEBUG Engine               - width: 1920
16:57:15.532 [FXGL Background Thread 3 ] DEBUG Engine               - Logging services
16:57:15.532 [FXGL Background Thread 3 ] DEBUG Engine               - class com.almasb.fxgl.app.services.FXGLAssetLoaderService
16:57:15.532 [FXGL Background Thread 3 ] DEBUG Engine               - class com.almasb.fxgl.app.FXGLApplication$GameApplicationService
16:57:15.532 [FXGL Background Thread 3 ] DEBUG Engine               - class com.almasb.fxgl.app.services.FXGLDialogService
16:57:15.532 [FXGL Background Thread 3 ] DEBUG Engine               - class com.almasb.fxgl.app.services.IOTaskExecutorService
16:57:15.532 [FXGL Background Thread 3 ] DEBUG Engine               - class com.almasb.fxgl.io.FileSystemService
16:57:15.532 [FXGL Background Thread 3 ] DEBUG Engine               - class com.almasb.fxgl.localization.LocalizationService
16:57:15.532 [FXGL Background Thread 3 ] DEBUG Engine               - class com.almasb.fxgl.app.services.SystemBundleService
16:57:15.532 [FXGL Background Thread 3 ] DEBUG Engine               - class com.almasb.fxgl.profile.SaveLoadService
16:57:15.532 [FXGL Background Thread 3 ] DEBUG Engine               - class com.almasb.fxgl.ui.FXGLUIFactoryServiceProvider
16:57:15.532 [FXGL Background Thread 3 ] DEBUG Engine               - class com.almasb.fxgl.ui.FXGLDialogFactoryServiceProvider
16:57:15.532 [FXGL Background Thread 3 ] DEBUG Engine               - class com.almasb.fxgl.audio.AudioPlayer
16:57:15.532 [FXGL Background Thread 3 ] DEBUG Engine               - class com.almasb.fxgl.notification.impl.NotificationServiceProvider
16:57:15.532 [FXGL Background Thread 3 ] DEBUG Engine               - class com.almasb.fxgl.achievement.AchievementService
16:57:15.532 [FXGL Background Thread 3 ] DEBUG Engine               - class com.almasb.fxgl.cutscene.CutsceneService
16:57:15.532 [FXGL Background Thread 3 ] DEBUG Engine               - class com.almasb.fxgl.minigames.MiniGameService
16:57:15.533 [FXGL Background Thread 3 ] DEBUG Engine               - class com.almasb.fxgl.net.NetService
16:57:15.533 [FXGL Background Thread 3 ] DEBUG Engine               - class com.almasb.fxgl.app.services.UpdaterService
16:57:15.533 [FXGL Background Thread 3 ] DEBUG Engine               - class com.almasb.fxgl.dev.DevService
16:57:18.885 [JavaFX Application Thread] DEBUG FXGLApplication      - Exiting FXGL
16:57:18.885 [JavaFX Application Thread] DEBUG LoopRunner           - Stopping loop
16:57:18.885 [JavaFX Application Thread] DEBUG SystemBundleService  - Saving FXGL system data
16:57:18.888 [JavaFX Application Thread] DEBUG FileSystemAccess     - Writing to: C:\Users\cpn02\OneDrive\document\javafxGame\system\fxgl.bundle
16:57:18.889 [JavaFX Application Thread] DEBUG Async                - Shutting down background threads
16:57:18.889 [JavaFX Application Thread] DEBUG PrimaryStageWindow   - Closing main window
16:57:18.904 [JavaFX Application Thread] DEBUG Logger               - Closing Logger
