16:58:40.890 [main                     ] DEBUG Logger               - Configured Logger
16:58:40.911 [main                     ] DEBUG GameApplication      - Logging settings
Title: Untitled
Version: 0.0
Width: 1920
Height: 1080
Fullscreen: false
Intro: false
Profiling: false
Single step:false
App Mode: DEVELOPER
Menu Key: ESCAPE
Stage Style: DECORATED
Scene Factory: class com.almasb.fxgl.app.scene.SceneFactory

16:58:41.496 [JavaFX Application Thread] DEBUG FXGLApplication      - Initializing FXGL
16:58:41.501 [JavaFX Application Thread] INFO  Engine               - FXGL-17.2 (20.08.2022 16.50) on WINDOWS (J:17.0.2 FX:18)
16:58:41.501 [JavaFX Application Thread] DEBUG Engine               - JRE Vendor Name: Oracle Corporation
16:58:41.501 [JavaFX Application Thread] DEBUG Engine               - Running on OS: Windows 11 version 10.0
16:58:41.501 [JavaFX Application Thread] DEBUG Engine               - Architecture: amd64
16:58:41.501 [JavaFX Application Thread] INFO  Engine               - Source code and latest versions at: https://github.com/AlmasB/FXGL
16:58:41.501 [JavaFX Application Thread] INFO  Engine               -       Ask questions and discuss at: https://github.com/AlmasB/FXGL/discussions
16:58:41.501 [JavaFX Application Thread] INFO  Engine               -              Join the FXGL chat at: https://gitter.im/AlmasB/FXGL
16:58:41.570 [JavaFX Application Thread] DEBUG PrimaryStageWindow   - Creating a JavaFX scene
16:58:41.570 [JavaFX Application Thread] DEBUG PrimaryStageWindow   - Target size > screen size
16:58:41.599 [JavaFX Application Thread] DEBUG PrimaryStageWindow   - Target settings size: 1920.0 x 1080.0
16:58:41.599 [JavaFX Application Thread] DEBUG PrimaryStageWindow   - Scaled scene size:    1596.0 x 911.0
16:58:41.600 [JavaFX Application Thread] DEBUG PrimaryStageWindow   - Scaled ratio: (0.83125, 0.8435185185185186)
16:58:41.600 [JavaFX Application Thread] DEBUG PrimaryStageWindow   - Set initial scene to FXGLStartupScene
16:58:41.605 [JavaFX Application Thread] DEBUG PrimaryStageWindow   - Opening main window
16:58:41.676 [JavaFX Application Thread] DEBUG PrimaryStageWindow   - Window border size: (14.6666259765625, 37.66668701171875)
16:58:41.677 [JavaFX Application Thread] DEBUG PrimaryStageWindow   - Scaled size: 1596.0 x 911.0
16:58:41.677 [JavaFX Application Thread] DEBUG PrimaryStageWindow   - Scaled ratio: (0.83125, 0.8435185185185186)
16:58:41.677 [JavaFX Application Thread] DEBUG PrimaryStageWindow   - Scene size: 1596.0 x 911.0
16:58:41.678 [JavaFX Application Thread] DEBUG PrimaryStageWindow   - Stage size: 1610.6666259765625 x 948.6666870117188
16:58:41.684 [FXGL Background Thread 1 ] DEBUG Engine               - Initializing environment variables
16:58:41.718 [FXGL Background Thread 1 ] DEBUG FXGLAssetLoaderServi - User app class for loading assets: class game.GameApp
16:58:41.718 [FXGL Background Thread 1 ] DEBUG GameApplicationServi - Applying CSS: fxgl_dark.css
16:58:41.719 [FXGL Background Thread 1 ] DEBUG FXGLAssetLoaderServi - Loading from file system: jar:file:/C:/Users/cpn02/.m2/repository/com/github/almasb/fxgl/17.2/fxgl-17.2.jar!/fxglassets/ui/css/fxgl_dark.css
16:58:41.751 [FXGL Background Thread 1 ] DEBUG GameApplicationServi - Initializing application scenes
16:58:41.784 [FXGL Background Thread 1 ] DEBUG GameWorld            - Game world initialized
16:58:41.821 [FXGL Background Thread 1 ] DEBUG PhysicsWorld         - Physics world initialized: appHeight=1080, physics.ppm=50.0
16:58:41.821 [FXGL Background Thread 1 ] DEBUG PhysicsWorld         - Using strategy: BRUTE_FORCE
16:58:41.824 [FXGL Background Thread 1 ] DEBUG GameScene            - Game scene initialized: 1920x1080
16:58:41.840 [FXGL Background Thread 1 ] DEBUG FXGL.DefaultMenu     - createMenuBodyGameMenu()
16:58:41.854 [FXGL Background Thread 1 ] DEBUG FXGL.DefaultMenu     - createOptionsMenu()
16:58:41.866 [FXGL Background Thread 1 ] DEBUG FXGLAssetLoaderServi - Loading from file system: jar:file:/C:/Users/cpn02/.m2/repository/com/github/almasb/fxgl/17.2/fxgl-17.2.jar!/fxglassets/textures/particles/smoke.png
16:58:41.941 [FXGL Background Thread 1 ] DEBUG FXGLAssetLoaderServi - Loading from file system: jar:file:/C:/Users/cpn02/.m2/repository/com/github/almasb/fxgl/17.2/fxgl-17.2.jar!/fxglassets/textures/particles/trace_horizontal.png
16:58:41.959 [FXGL Background Thread 1 ] DEBUG GameApplicationServi - Application scenes initialized
16:58:41.968 [FXGL Background Thread 1 ] DEBUG SystemBundleService  - Loading FXGL system data
16:58:41.972 [FXGL Background Thread 1 ] DEBUG FileSystemAccess     - Reading from: C:\Users\cpn02\OneDrive\document\javafxGame\system\fxgl.bundle
16:58:41.977 [FXGL Background Thread 1 ] DEBUG SystemBundleService  - Bundle FXGL: {}
16:58:41.978 [FXGL Background Thread 1 ] DEBUG UpdaterService       - Checking for updates
16:58:41.981 [FXGL Background Thread 4 ] DEBUG FXGLApplication      - Loading fonts
16:58:41.981 [FXGL Background Thread 1 ] DEBUG FXGLApplication      - Loading default localization
16:58:41.982 [FXGL Background Thread 4 ] DEBUG FXGLAssetLoaderServi - Loading from file system: jar:file:/C:/Users/cpn02/.m2/repository/com/github/almasb/fxgl/17.2/fxgl-17.2.jar!/fxglassets/ui/fonts/VarelaRound-Regular.ttf
16:58:41.982 [FXGL Background Thread 1 ] DEBUG FXGLAssetLoaderServi - Loading from file system: jar:file:/C:/Users/cpn02/.m2/repository/com/github/almasb/fxgl/17.2/fxgl-17.2.jar!/fxglassets/languages/english.lang
16:58:42.000 [FXGL Background Thread 1 ] INFO  FXGLApplication      - FXGL initialization took: 0.316 sec
16:58:42.001 [JavaFX Application Thread] DEBUG FXGLAssetLoaderServi - Loading from file system: jar:file:/C:/Users/cpn02/.m2/repository/com/github/almasb/fxgl/17.2/fxgl-17.2.jar!/fxglassets/textures/fxgl_icon.png
16:58:42.022 [JavaFX Application Thread] DEBUG FXGLAssetLoaderServi - Loading from file system: jar:file:/C:/Users/cpn02/.m2/repository/com/github/almasb/fxgl/17.2/fxgl-17.2.jar!/fxglassets/textures/fxgl_default_cursor.png
16:58:42.032 [JavaFX Application Thread] DEBUG Input                - Registered new binding: Screenshot - CTRL+8
16:58:42.033 [JavaFX Application Thread] DEBUG Input                - Registered new binding: System info dump - CTRL+9
16:58:42.034 [JavaFX Application Thread] DEBUG Input                - Registered new binding: Restart - CTRL+R
16:58:42.034 [JavaFX Application Thread] DEBUG Input                - Registered new binding: Toggle Debug Camera - CTRL+7
16:58:42.037 [JavaFX Application Thread] DEBUG LoopRunner           - Starting loop
16:58:42.037 [JavaFX Application Thread] DEBUG LoopRunner           - Initializing JavaFX AnimationTimerLoop
16:58:42.040 [JavaFX Application Thread] DEBUG GameApplicationServi - Starting new game
16:58:42.040 [JavaFX Application Thread] DEBUG Input                - Clearing active input actions
16:58:42.054 [JavaFX Application Thread] DEBUG GameApplicationServi - Removing overlay from FXGLStartupScene and adding to FXGLLoadingScene
16:58:42.055 [JavaFX Application Thread] DEBUG PrimaryStageWindow   - FXGLStartupScene -> FXGLLoadingScene
16:58:42.055 [JavaFX Application Thread] DEBUG GameApplicationServi - Clearing previous game
16:58:42.055 [JavaFX Application Thread] DEBUG GameScene            - Clearing game scene
16:58:42.055 [JavaFX Application Thread] DEBUG GameWorld            - Clearing game world
16:58:42.055 [JavaFX Application Thread] DEBUG PhysicsWorld         - Clearing physics world
16:58:42.060 [FXGL Background Thread 4 ] DEBUG FXGLAssetLoaderServi - Loading from file system: jar:file:/C:/Users/cpn02/.m2/repository/com/github/almasb/fxgl/17.2/fxgl-17.2.jar!/fxglassets/ui/fonts/Abel-Regular.ttf
16:58:42.060 [FXGL Background Thread 1 ] DEBUG FXGLApplication      - Initializing game
16:58:42.062 [FXGL Background Thread 4 ] DEBUG FXGLAssetLoaderServi - Loading from file system: jar:file:/C:/Users/cpn02/.m2/repository/com/github/almasb/fxgl/17.2/fxgl-17.2.jar!/fxglassets/ui/fonts/TerminalLandMono-Regular.otf
16:58:42.064 [FXGL Background Thread 1 ] DEBUG FXGLAssetLoaderServi - Loading from file system: file:/C:/Users/cpn02/OneDrive/document/javafxGame/target/classes/assets/textures/mat.png
16:58:42.065 [FXGL Background Thread 4 ] DEBUG FXGLAssetLoaderServi - Loading from file system: jar:file:/C:/Users/cpn02/.m2/repository/com/github/almasb/fxgl/17.2/fxgl-17.2.jar!/fxglassets/ui/fonts/Courier-Prime.ttf
16:58:42.102 [JavaFX Application Thread] DEBUG FXGLApplication      - Registering font factories with UI factory
16:58:42.175 [FXGL Background Thread 1 ] DEBUG FXGLAssetLoaderServi - Loading from file system: file:/C:/Users/cpn02/OneDrive/document/javafxGame/target/classes/assets/textures/level_one.png
16:58:42.234 [FXGL Background Thread 1 ] DEBUG FXGLAssetLoaderServi - Loading from file system: file:/C:/Users/cpn02/OneDrive/document/javafxGame/target/classes/assets/textures/level_two.png
16:58:42.312 [FXGL Background Thread 1 ] DEBUG FXGLAssetLoaderServi - Loading from file system: file:/C:/Users/cpn02/OneDrive/document/javafxGame/target/classes/assets/textures/level_three.png
16:58:42.356 [FXGL Background Thread 1 ] DEBUG FXGLAssetLoaderServi - Loading from file system: file:/C:/Users/cpn02/OneDrive/document/javafxGame/target/classes/assets/textures/sample_one1.png
16:58:42.390 [FXGL Background Thread 1 ] DEBUG FXGLAssetLoaderServi - Loading from file system: file:/C:/Users/cpn02/OneDrive/document/javafxGame/target/classes/assets/textures/sample_two0.png
16:58:42.432 [FXGL Background Thread 1 ] DEBUG FXGLAssetLoaderServi - Loading from file system: file:/C:/Users/cpn02/OneDrive/document/javafxGame/target/classes/assets/textures/sample_three1.png
16:58:42.473 [FXGL Background Thread 1 ] DEBUG FXGLAssetLoaderServi - Loading from file system: file:/C:/Users/cpn02/OneDrive/document/javafxGame/target/classes/assets/textures/sample_three0.png
16:58:42.513 [FXGL Background Thread 1 ] DEBUG FXGLAssetLoaderServi - Loading from file system: file:/C:/Users/cpn02/OneDrive/document/javafxGame/target/classes/assets/textures/sample_two1.png
16:58:42.545 [FXGL Background Thread 1 ] DEBUG FXGLAssetLoaderServi - Loading from file system: file:/C:/Users/cpn02/OneDrive/document/javafxGame/target/classes/assets/textures/sample_one0.png
16:58:42.574 [FXGL Background Thread 1 ] INFO  FXGLApplication      - Game initialization took: 0.514 sec
16:58:42.575 [JavaFX Application Thread] DEBUG Input                - Clearing active input actions
16:58:42.581 [JavaFX Application Thread] DEBUG GameApplicationServi - Removing overlay from FXGLLoadingScene and adding to GameScene
16:58:42.582 [JavaFX Application Thread] DEBUG PrimaryStageWindow   - FXGLLoadingScene -> GameScene
16:58:44.980 [FXGL Background Thread 3 ] DEBUG Engine               - Logging environment variables
16:58:44.980 [FXGL Background Thread 3 ] DEBUG Engine               - achievements: []
16:58:44.981 [FXGL Background Thread 3 ] DEBUG Engine               - actualHeight: 911.0
16:58:44.981 [FXGL Background Thread 3 ] DEBUG Engine               - actualHeightProperty: ReadOnlyDoubleProperty [value: 911.0]
16:58:44.981 [FXGL Background Thread 3 ] DEBUG Engine               - actualWidth: 1596.0
16:58:44.981 [FXGL Background Thread 3 ] DEBUG Engine               - actualWidthProperty: ReadOnlyDoubleProperty [value: 1596.0]
16:58:44.981 [FXGL Background Thread 3 ] DEBUG Engine               - appIcon: fxgl_icon.png
16:58:44.981 [FXGL Background Thread 3 ] DEBUG Engine               - applicationMode: DEVELOPER
16:58:44.982 [FXGL Background Thread 3 ] DEBUG Engine               - cSSList: [fxgl_dark.css]
16:58:44.982 [FXGL Background Thread 3 ] DEBUG Engine               - collisionDetectionStrategy: BRUTE_FORCE
16:58:44.982 [FXGL Background Thread 3 ] DEBUG Engine               - configClass: Optional.empty
16:58:44.982 [FXGL Background Thread 3 ] DEBUG Engine               - credits: []
16:58:44.983 [FXGL Background Thread 3 ] DEBUG Engine               - defaultCursor: CursorInfo(imageName=fxgl_default_cursor.png, hotspotX=7.0, hotspotY=6.0)
16:58:44.984 [FXGL Background Thread 3 ] DEBUG Engine               - devBBoxColorProperty: ObjectProperty [value: 0xff0000ff]
16:58:44.984 [FXGL Background Thread 3 ] DEBUG Engine               - devEnableDebugCameraProperty: BooleanProperty [value: false]
16:58:44.984 [FXGL Background Thread 3 ] DEBUG Engine               - devSensorColorProperty: ObjectProperty [value: 0xffff00ff]
16:58:44.984 [FXGL Background Thread 3 ] DEBUG Engine               - devShowBBoxProperty: BooleanProperty [value: false]
16:58:44.984 [FXGL Background Thread 3 ] DEBUG Engine               - devShowPositionProperty: BooleanProperty [value: false]
16:58:44.984 [FXGL Background Thread 3 ] DEBUG Engine               - enabledMenuItems: []
16:58:44.984 [FXGL Background Thread 3 ] DEBUG Engine               - engineServices: [class com.almasb.fxgl.app.services.FXGLAssetLoaderService, class com.almasb.fxgl.app.FXGLApplication$GameApplicationService, class com.almasb.fxgl.app.services.FXGLDialogService, class com.almasb.fxgl.app.services.IOTaskExecutorService, class com.almasb.fxgl.io.FileSystemService, class com.almasb.fxgl.localization.LocalizationService, class com.almasb.fxgl.app.services.SystemBundleService, class com.almasb.fxgl.profile.SaveLoadService, class com.almasb.fxgl.ui.FXGLUIFactoryServiceProvider, class com.almasb.fxgl.ui.FXGLDialogFactoryServiceProvider, class com.almasb.fxgl.audio.AudioPlayer, class com.almasb.fxgl.notification.impl.NotificationServiceProvider, class com.almasb.fxgl.achievement.AchievementService, class com.almasb.fxgl.cutscene.CutsceneService, class com.almasb.fxgl.minigames.MiniGameService, class com.almasb.fxgl.net.NetService, class com.almasb.fxgl.app.services.UpdaterService, class com.almasb.fxgl.dev.DevService]
16:58:44.984 [FXGL Background Thread 3 ] DEBUG Engine               - fontGame: Abel-Regular.ttf
16:58:44.984 [FXGL Background Thread 3 ] DEBUG Engine               - fontMono: TerminalLandMono-Regular.otf
16:58:44.984 [FXGL Background Thread 3 ] DEBUG Engine               - fontText: Courier-Prime.ttf
16:58:44.984 [FXGL Background Thread 3 ] DEBUG Engine               - fontUI: VarelaRound-Regular.ttf
16:58:44.984 [FXGL Background Thread 3 ] DEBUG Engine               - fullScreen: BooleanProperty [value: false]
16:58:44.984 [FXGL Background Thread 3 ] DEBUG Engine               - gameDifficulty: MEDIUM
16:58:44.985 [FXGL Background Thread 3 ] DEBUG Engine               - gameDifficultyProperty: ObjectProperty [value: MEDIUM]
16:58:44.985 [FXGL Background Thread 3 ] DEBUG Engine               - globalMusicVolume: 0.5
16:58:44.985 [FXGL Background Thread 3 ] DEBUG Engine               - globalMusicVolumeProperty: DoubleProperty [value: 0.5]
16:58:44.985 [FXGL Background Thread 3 ] DEBUG Engine               - globalSoundVolume: 0.5
16:58:44.985 [FXGL Background Thread 3 ] DEBUG Engine               - globalSoundVolumeProperty: DoubleProperty [value: 0.5]
16:58:44.985 [FXGL Background Thread 3 ] DEBUG Engine               - height: 1080
16:58:44.985 [FXGL Background Thread 3 ] DEBUG Engine               - is3D: false
16:58:44.985 [FXGL Background Thread 3 ] DEBUG Engine               - isAndroid: false
16:58:44.985 [FXGL Background Thread 3 ] DEBUG Engine               - isBrowser: false
16:58:44.985 [FXGL Background Thread 3 ] DEBUG Engine               - isClickFeedbackEnabled: false
16:58:44.985 [FXGL Background Thread 3 ] DEBUG Engine               - isCloseConfirmation: false
16:58:44.985 [FXGL Background Thread 3 ] DEBUG Engine               - isDesktop: true
16:58:44.985 [FXGL Background Thread 3 ] DEBUG Engine               - isDeveloperMenuEnabled: false
16:58:44.985 [FXGL Background Thread 3 ] DEBUG Engine               - isEmbedded: false
16:58:44.986 [FXGL Background Thread 3 ] DEBUG Engine               - isEntityPreloadEnabled: true
16:58:44.986 [FXGL Background Thread 3 ] DEBUG Engine               - isExperimentalTiledLargeMap: false
16:58:44.986 [FXGL Background Thread 3 ] DEBUG Engine               - isFileSystemWriteAllowed: true
16:58:44.986 [FXGL Background Thread 3 ] DEBUG Engine               - isFullScreenAllowed: false
16:58:44.986 [FXGL Background Thread 3 ] DEBUG Engine               - isFullScreenFromStart: false
16:58:44.986 [FXGL Background Thread 3 ] DEBUG Engine               - isGameMenuEnabled: true
16:58:44.986 [FXGL Background Thread 3 ] DEBUG Engine               - isIOS: false
16:58:44.986 [FXGL Background Thread 3 ] DEBUG Engine               - isIntroEnabled: false
16:58:44.986 [FXGL Background Thread 3 ] DEBUG Engine               - isLinux: false
16:58:44.986 [FXGL Background Thread 3 ] DEBUG Engine               - isMac: false
16:58:44.986 [FXGL Background Thread 3 ] DEBUG Engine               - isMainMenuEnabled: false
16:58:44.986 [FXGL Background Thread 3 ] DEBUG Engine               - isManualResizeEnabled: false
16:58:44.986 [FXGL Background Thread 3 ] DEBUG Engine               - isMobile: false
16:58:44.987 [FXGL Background Thread 3 ] DEBUG Engine               - isNative: false
16:58:44.987 [FXGL Background Thread 3 ] DEBUG Engine               - isPauseMusicWhenMinimized: true
16:58:44.987 [FXGL Background Thread 3 ] DEBUG Engine               - isPreserveResizeRatio: false
16:58:44.987 [FXGL Background Thread 3 ] DEBUG Engine               - isProfilingEnabled: false
16:58:44.987 [FXGL Background Thread 3 ] DEBUG Engine               - isScaleAffectedOnResize: true
16:58:44.987 [FXGL Background Thread 3 ] DEBUG Engine               - isSingleStep: false
16:58:44.987 [FXGL Background Thread 3 ] DEBUG Engine               - isUserProfileEnabled: false
16:58:44.987 [FXGL Background Thread 3 ] DEBUG Engine               - isWindows: true
16:58:44.987 [FXGL Background Thread 3 ] DEBUG Engine               - language: ObjectProperty [value: ENGLISH]
16:58:44.987 [FXGL Background Thread 3 ] DEBUG Engine               - menuKey: ESCAPE
16:58:44.987 [FXGL Background Thread 3 ] DEBUG Engine               - mouseSensitivity: 0.2
16:58:44.987 [FXGL Background Thread 3 ] DEBUG Engine               - notificationViewClass: class com.almasb.fxgl.notification.view.XboxNotificationView
16:58:44.988 [FXGL Background Thread 3 ] DEBUG Engine               - pixelsPerMeter: 50.0
16:58:44.988 [FXGL Background Thread 3 ] DEBUG Engine               - platform: WINDOWS
16:58:44.988 [FXGL Background Thread 3 ] DEBUG Engine               - prefHeightProperty: ReadOnlyDoubleProperty [value: 1080.0]
16:58:44.988 [FXGL Background Thread 3 ] DEBUG Engine               - prefWidthProperty: ReadOnlyDoubleProperty [value: 1920.0]
16:58:44.988 [FXGL Background Thread 3 ] DEBUG Engine               - profileDir: profiles/
16:58:44.988 [FXGL Background Thread 3 ] DEBUG Engine               - profileName: StringProperty [value: DEFAULT]
16:58:44.988 [FXGL Background Thread 3 ] DEBUG Engine               - randomSeed: -1
16:58:44.988 [FXGL Background Thread 3 ] DEBUG Engine               - runtimeInfo: RuntimeInfo(platform=WINDOWS, version=17.2, build=20.08.2022 16.50)
16:58:44.988 [FXGL Background Thread 3 ] DEBUG Engine               - saveFileExt: sav
16:58:44.988 [FXGL Background Thread 3 ] DEBUG Engine               - scaledHeightProp$fxgl: DoubleProperty [bound, value: 911.0]
16:58:44.988 [FXGL Background Thread 3 ] DEBUG Engine               - scaledWidthProp$fxgl: DoubleProperty [bound, value: 1596.0]
16:58:44.988 [FXGL Background Thread 3 ] DEBUG Engine               - sceneFactory: com.almasb.fxgl.app.scene.SceneFactory@30b29bc4
16:58:44.988 [FXGL Background Thread 3 ] DEBUG Engine               - secondsIn24h: 60
16:58:44.989 [FXGL Background Thread 3 ] DEBUG Engine               - soundMenuBack: menu/back.wav
16:58:44.989 [FXGL Background Thread 3 ] DEBUG Engine               - soundMenuPress: menu/press.wav
16:58:44.989 [FXGL Background Thread 3 ] DEBUG Engine               - soundMenuSelect: menu/select.wav
16:58:44.989 [FXGL Background Thread 3 ] DEBUG Engine               - soundNotification: core/notification.wav
16:58:44.989 [FXGL Background Thread 3 ] DEBUG Engine               - stageStyle: DECORATED
16:58:44.989 [FXGL Background Thread 3 ] DEBUG Engine               - supportedLanguages: [ENGLISH, FRENCH, GERMAN, HUNGARIAN, RUSSIAN]
16:58:44.989 [FXGL Background Thread 3 ] DEBUG Engine               - ticksPerSecond: -1
16:58:44.989 [FXGL Background Thread 3 ] DEBUG Engine               - title: Untitled
16:58:44.989 [FXGL Background Thread 3 ] DEBUG Engine               - urlGithub: https://github.com/AlmasB/FXGL
16:58:44.989 [FXGL Background Thread 3 ] DEBUG Engine               - urlLeaderboard: http://fxgl-top.herokuapp.com/
16:58:44.989 [FXGL Background Thread 3 ] DEBUG Engine               - urlPOM: https://raw.githubusercontent.com/AlmasB/FXGL/release/README.md
16:58:44.989 [FXGL Background Thread 3 ] DEBUG Engine               - userAppClass: class game.GameApp
16:58:44.989 [FXGL Background Thread 3 ] DEBUG Engine               - version: 0.0
16:58:44.989 [FXGL Background Thread 3 ] DEBUG Engine               - versionCheckDays: 7
16:58:44.989 [FXGL Background Thread 3 ] DEBUG Engine               - width: 1920
16:58:44.989 [FXGL Background Thread 3 ] DEBUG Engine               - Logging services
16:58:44.989 [FXGL Background Thread 3 ] DEBUG Engine               - class com.almasb.fxgl.app.services.FXGLAssetLoaderService
16:58:44.989 [FXGL Background Thread 3 ] DEBUG Engine               - class com.almasb.fxgl.app.FXGLApplication$GameApplicationService
16:58:44.989 [FXGL Background Thread 3 ] DEBUG Engine               - class com.almasb.fxgl.app.services.FXGLDialogService
16:58:44.989 [FXGL Background Thread 3 ] DEBUG Engine               - class com.almasb.fxgl.app.services.IOTaskExecutorService
16:58:44.989 [FXGL Background Thread 3 ] DEBUG Engine               - class com.almasb.fxgl.io.FileSystemService
16:58:44.990 [FXGL Background Thread 3 ] DEBUG Engine               - class com.almasb.fxgl.localization.LocalizationService
16:58:44.990 [FXGL Background Thread 3 ] DEBUG Engine               - class com.almasb.fxgl.app.services.SystemBundleService
16:58:44.990 [FXGL Background Thread 3 ] DEBUG Engine               - class com.almasb.fxgl.profile.SaveLoadService
16:58:44.990 [FXGL Background Thread 3 ] DEBUG Engine               - class com.almasb.fxgl.ui.FXGLUIFactoryServiceProvider
16:58:44.990 [FXGL Background Thread 3 ] DEBUG Engine               - class com.almasb.fxgl.ui.FXGLDialogFactoryServiceProvider
16:58:44.990 [FXGL Background Thread 3 ] DEBUG Engine               - class com.almasb.fxgl.audio.AudioPlayer
16:58:44.990 [FXGL Background Thread 3 ] DEBUG Engine               - class com.almasb.fxgl.notification.impl.NotificationServiceProvider
16:58:44.990 [FXGL Background Thread 3 ] DEBUG Engine               - class com.almasb.fxgl.achievement.AchievementService
16:58:44.990 [FXGL Background Thread 3 ] DEBUG Engine               - class com.almasb.fxgl.cutscene.CutsceneService
16:58:44.990 [FXGL Background Thread 3 ] DEBUG Engine               - class com.almasb.fxgl.minigames.MiniGameService
16:58:44.990 [FXGL Background Thread 3 ] DEBUG Engine               - class com.almasb.fxgl.net.NetService
16:58:44.990 [FXGL Background Thread 3 ] DEBUG Engine               - class com.almasb.fxgl.app.services.UpdaterService
16:58:44.990 [FXGL Background Thread 3 ] DEBUG Engine               - class com.almasb.fxgl.dev.DevService
16:59:50.438 [JavaFX Application Thread] DEBUG FXGLApplication      - Exiting FXGL
16:59:50.438 [JavaFX Application Thread] DEBUG LoopRunner           - Stopping loop
16:59:50.438 [JavaFX Application Thread] DEBUG SystemBundleService  - Saving FXGL system data
16:59:50.449 [JavaFX Application Thread] DEBUG FileSystemAccess     - Writing to: C:\Users\cpn02\OneDrive\document\javafxGame\system\fxgl.bundle
16:59:50.451 [JavaFX Application Thread] DEBUG Async                - Shutting down background threads
16:59:50.451 [JavaFX Application Thread] DEBUG PrimaryStageWindow   - Closing main window
16:59:50.469 [JavaFX Application Thread] DEBUG Logger               - Closing Logger
