23:17:46.104 [main                     ] DEBUG Logger               - Configured Logger
23:17:46.149 [main                     ] DEBUG GameApplication      - Logging settings
Title: Untitled
Version: 0.0
Width: 1920
Height: 1080
Fullscreen: false
Intro: false
Profiling: false
Single step:false
App Mode: DEVELOPER
Menu Key: ESCAPE
Stage Style: DECORATED
Scene Factory: class com.almasb.fxgl.app.scene.SceneFactory

23:17:47.314 [JavaFX Application Thread] DEBUG FXGLApplication      - Initializing FXGL
23:17:47.322 [JavaFX Application Thread] INFO  Engine               - FXGL-17.2 (20.08.2022 16.50) on WINDOWS (J:17 FX:18)
23:17:47.323 [JavaFX Application Thread] DEBUG Engine               - JRE Vendor Name: Oracle Corporation
23:17:47.323 [JavaFX Application Thread] DEBUG Engine               - Running on OS: Windows 10 version 10.0
23:17:47.324 [JavaFX Application Thread] DEBUG Engine               - Architecture: amd64
23:17:47.324 [JavaFX Application Thread] INFO  Engine               - Source code and latest versions at: https://github.com/AlmasB/FXGL
23:17:47.324 [JavaFX Application Thread] INFO  Engine               -       Ask questions and discuss at: https://github.com/AlmasB/FXGL/discussions
23:17:47.325 [JavaFX Application Thread] INFO  Engine               -              Join the FXGL chat at: https://gitter.im/AlmasB/FXGL
23:17:47.566 [JavaFX Application Thread] DEBUG PrimaryStageWindow   - Creating a JavaFX scene
23:17:47.566 [JavaFX Application Thread] DEBUG PrimaryStageWindow   - Target size > screen size
23:17:47.678 [JavaFX Application Thread] DEBUG PrimaryStageWindow   - Target settings size: 1920.0 x 1080.0
23:17:47.678 [JavaFX Application Thread] DEBUG PrimaryStageWindow   - Scaled scene size:    1439.0 x 823.0
23:17:47.678 [JavaFX Application Thread] DEBUG PrimaryStageWindow   - Scaled ratio: (0.7494791666666667, 0.7620370370370371)
23:17:47.680 [JavaFX Application Thread] DEBUG PrimaryStageWindow   - Set initial scene to FXGLStartupScene
23:17:47.695 [JavaFX Application Thread] DEBUG PrimaryStageWindow   - Opening main window
23:17:47.870 [JavaFX Application Thread] DEBUG PrimaryStageWindow   - Window border size: (14.5999755859375, 37.79998779296875)
23:17:47.871 [JavaFX Application Thread] DEBUG PrimaryStageWindow   - Scaled size: 1439.0 x 823.0
23:17:47.871 [JavaFX Application Thread] DEBUG PrimaryStageWindow   - Scaled ratio: (0.7494791666666667, 0.7620370370370371)
23:17:47.872 [JavaFX Application Thread] DEBUG PrimaryStageWindow   - Scene size: 1439.0 x 823.0
23:17:47.872 [JavaFX Application Thread] DEBUG PrimaryStageWindow   - Stage size: 1453.5999755859375 x 860.7999877929688
23:17:47.888 [FXGL Background Thread 1 ] DEBUG Engine               - Initializing environment variables
23:17:47.986 [FXGL Background Thread 1 ] DEBUG FXGLAssetLoaderServi - User app class for loading assets: class game.GameApp
23:17:47.986 [FXGL Background Thread 1 ] DEBUG GameApplicationServi - Applying CSS: fxgl_dark.css
23:17:47.988 [FXGL Background Thread 1 ] DEBUG FXGLAssetLoaderServi - Loading from file system: jar:file:/C:/Users/cpn02/.m2/repository/com/github/almasb/fxgl/17.2/fxgl-17.2.jar!/fxglassets/ui/css/fxgl_dark.css
23:17:48.096 [FXGL Background Thread 1 ] DEBUG GameApplicationServi - Initializing application scenes
23:17:48.261 [FXGL Background Thread 1 ] DEBUG GameWorld            - Game world initialized
23:17:48.367 [FXGL Background Thread 1 ] DEBUG PhysicsWorld         - Physics world initialized: appHeight=1080, physics.ppm=50.0
23:17:48.368 [FXGL Background Thread 1 ] DEBUG PhysicsWorld         - Using strategy: BRUTE_FORCE
23:17:48.373 [FXGL Background Thread 1 ] DEBUG GameScene            - Game scene initialized: 1920x1080
23:17:48.395 [FXGL Background Thread 1 ] DEBUG FXGL.DefaultMenu     - createMenuBodyGameMenu()
23:17:48.428 [FXGL Background Thread 1 ] DEBUG FXGL.DefaultMenu     - createOptionsMenu()
23:17:48.446 [FXGL Background Thread 1 ] DEBUG FXGLAssetLoaderServi - Loading from file system: jar:file:/C:/Users/cpn02/.m2/repository/com/github/almasb/fxgl/17.2/fxgl-17.2.jar!/fxglassets/textures/particles/smoke.png
23:17:48.604 [FXGL Background Thread 1 ] DEBUG FXGLAssetLoaderServi - Loading from file system: jar:file:/C:/Users/cpn02/.m2/repository/com/github/almasb/fxgl/17.2/fxgl-17.2.jar!/fxglassets/textures/particles/trace_horizontal.png
23:17:48.654 [FXGL Background Thread 1 ] DEBUG GameApplicationServi - Application scenes initialized
23:17:48.675 [FXGL Background Thread 1 ] DEBUG SystemBundleService  - Loading FXGL system data
23:17:48.682 [FXGL Background Thread 1 ] DEBUG FileSystemAccess     - Reading from: C:\Users\cpn02\Documents\GitHub\javafxGame\system\fxgl.bundle
23:17:48.696 [FXGL Background Thread 1 ] DEBUG SystemBundleService  - Bundle FXGL: {}
23:17:48.696 [FXGL Background Thread 1 ] DEBUG UpdaterService       - Checking for updates
23:17:48.702 [FXGL Background Thread 4 ] DEBUG FXGLApplication      - Loading fonts
23:17:48.703 [FXGL Background Thread 1 ] DEBUG FXGLApplication      - Loading default localization
23:17:48.703 [FXGL Background Thread 4 ] DEBUG FXGLAssetLoaderServi - Loading from file system: jar:file:/C:/Users/cpn02/.m2/repository/com/github/almasb/fxgl/17.2/fxgl-17.2.jar!/fxglassets/ui/fonts/VarelaRound-Regular.ttf
23:17:48.705 [FXGL Background Thread 1 ] DEBUG FXGLAssetLoaderServi - Loading from file system: jar:file:/C:/Users/cpn02/.m2/repository/com/github/almasb/fxgl/17.2/fxgl-17.2.jar!/fxglassets/languages/english.lang
23:17:48.744 [FXGL Background Thread 1 ] INFO  FXGLApplication      - FXGL initialization took: 0.855 sec
23:17:48.747 [JavaFX Application Thread] DEBUG FXGLAssetLoaderServi - Loading from file system: jar:file:/C:/Users/cpn02/.m2/repository/com/github/almasb/fxgl/17.2/fxgl-17.2.jar!/fxglassets/textures/fxgl_icon.png
23:17:48.784 [JavaFX Application Thread] DEBUG FXGLAssetLoaderServi - Loading from file system: jar:file:/C:/Users/cpn02/.m2/repository/com/github/almasb/fxgl/17.2/fxgl-17.2.jar!/fxglassets/textures/fxgl_default_cursor.png
23:17:48.817 [JavaFX Application Thread] DEBUG Input                - Registered new binding: Screenshot - CTRL+8
23:17:48.818 [JavaFX Application Thread] DEBUG Input                - Registered new binding: System info dump - CTRL+9
23:17:48.820 [JavaFX Application Thread] DEBUG Input                - Registered new binding: Restart - CTRL+R
23:17:48.822 [JavaFX Application Thread] DEBUG Input                - Registered new binding: Toggle Debug Camera - CTRL+7
23:17:48.829 [JavaFX Application Thread] DEBUG LoopRunner           - Starting loop
23:17:48.829 [JavaFX Application Thread] DEBUG LoopRunner           - Initializing JavaFX AnimationTimerLoop
23:17:48.833 [JavaFX Application Thread] DEBUG GameApplicationServi - Starting new game
23:17:48.834 [JavaFX Application Thread] DEBUG Input                - Clearing active input actions
23:17:48.855 [JavaFX Application Thread] DEBUG GameApplicationServi - Removing overlay from FXGLStartupScene and adding to FXGLLoadingScene
23:17:48.856 [JavaFX Application Thread] DEBUG PrimaryStageWindow   - FXGLStartupScene -> FXGLLoadingScene
23:17:48.856 [JavaFX Application Thread] DEBUG GameApplicationServi - Clearing previous game
23:17:48.857 [JavaFX Application Thread] DEBUG GameScene            - Clearing game scene
23:17:48.857 [JavaFX Application Thread] DEBUG GameWorld            - Clearing game world
23:17:48.857 [JavaFX Application Thread] DEBUG PhysicsWorld         - Clearing physics world
23:17:48.860 [FXGL Background Thread 1 ] DEBUG FXGLApplication      - Initializing game
23:17:48.868 [FXGL Background Thread 1 ] DEBUG FXGLAssetLoaderServi - Loading from file system: file:/C:/Users/cpn02/Documents/GitHub/javafxGame/target/classes/assets/textures/background.png
23:17:48.941 [FXGL Background Thread 4 ] DEBUG FXGLAssetLoaderServi - Loading from file system: jar:file:/C:/Users/cpn02/.m2/repository/com/github/almasb/fxgl/17.2/fxgl-17.2.jar!/fxglassets/ui/fonts/Abel-Regular.ttf
23:17:48.947 [FXGL Background Thread 4 ] DEBUG FXGLAssetLoaderServi - Loading from file system: jar:file:/C:/Users/cpn02/.m2/repository/com/github/almasb/fxgl/17.2/fxgl-17.2.jar!/fxglassets/ui/fonts/TerminalLandMono-Regular.otf
23:17:48.954 [FXGL Background Thread 4 ] DEBUG FXGLAssetLoaderServi - Loading from file system: jar:file:/C:/Users/cpn02/.m2/repository/com/github/almasb/fxgl/17.2/fxgl-17.2.jar!/fxglassets/ui/fonts/Courier-Prime.ttf
23:17:49.075 [JavaFX Application Thread] DEBUG FXGLApplication      - Registering font factories with UI factory
23:17:49.118 [FXGL Background Thread 1 ] DEBUG FXGLAssetLoaderServi - Loading from file system: file:/C:/Users/cpn02/Documents/GitHub/javafxGame/target/classes/assets/textures/mat.png
23:17:49.336 [FXGL Background Thread 1 ] DEBUG FXGLAssetLoaderServi - Loading from file system: file:/C:/Users/cpn02/Documents/GitHub/javafxGame/target/classes/assets/textures/level_one.png
23:17:49.406 [FXGL Background Thread 1 ] DEBUG FXGLAssetLoaderServi - Loading from file system: file:/C:/Users/cpn02/Documents/GitHub/javafxGame/target/classes/assets/textures/level_two.png
23:17:49.496 [FXGL Background Thread 1 ] DEBUG FXGLAssetLoaderServi - Loading from file system: file:/C:/Users/cpn02/Documents/GitHub/javafxGame/target/classes/assets/textures/level_three.png
23:17:49.605 [FXGL Background Thread 1 ] DEBUG FXGLAssetLoaderServi - Loading from file system: file:/C:/Users/cpn02/Documents/GitHub/javafxGame/target/classes/assets/textures/level_one39.png
23:17:49.692 [FXGL Background Thread 1 ] DEBUG FXGLAssetLoaderServi - Loading from file system: file:/C:/Users/cpn02/Documents/GitHub/javafxGame/target/classes/assets/textures/level_two29.png
23:17:49.756 [FXGL Background Thread 1 ] DEBUG FXGLAssetLoaderServi - Loading from file system: file:/C:/Users/cpn02/Documents/GitHub/javafxGame/target/classes/assets/textures/level_three19.png
23:17:49.836 [FXGL Background Thread 1 ] DEBUG FXGLAssetLoaderServi - Loading from file system: file:/C:/Users/cpn02/Documents/GitHub/javafxGame/target/classes/assets/textures/level_one38.png
23:17:49.888 [FXGL Background Thread 1 ] DEBUG FXGLAssetLoaderServi - Loading from file system: file:/C:/Users/cpn02/Documents/GitHub/javafxGame/target/classes/assets/textures/level_two28.png
23:17:49.953 [FXGL Background Thread 1 ] DEBUG FXGLAssetLoaderServi - Loading from file system: file:/C:/Users/cpn02/Documents/GitHub/javafxGame/target/classes/assets/textures/level_three18.png
23:17:50.022 [FXGL Background Thread 1 ] DEBUG FXGLAssetLoaderServi - Loading from file system: file:/C:/Users/cpn02/Documents/GitHub/javafxGame/target/classes/assets/textures/level_one37.png
23:17:50.088 [FXGL Background Thread 1 ] DEBUG FXGLAssetLoaderServi - Loading from file system: file:/C:/Users/cpn02/Documents/GitHub/javafxGame/target/classes/assets/textures/level_two27.png
23:17:50.173 [FXGL Background Thread 1 ] DEBUG FXGLAssetLoaderServi - Loading from file system: file:/C:/Users/cpn02/Documents/GitHub/javafxGame/target/classes/assets/textures/level_three17.png
23:17:50.263 [FXGL Background Thread 1 ] DEBUG FXGLAssetLoaderServi - Loading from file system: file:/C:/Users/cpn02/Documents/GitHub/javafxGame/target/classes/assets/textures/level_one36.png
23:17:50.330 [FXGL Background Thread 1 ] DEBUG FXGLAssetLoaderServi - Loading from file system: file:/C:/Users/cpn02/Documents/GitHub/javafxGame/target/classes/assets/textures/level_two26.png
23:17:50.416 [FXGL Background Thread 1 ] DEBUG FXGLAssetLoaderServi - Loading from file system: file:/C:/Users/cpn02/Documents/GitHub/javafxGame/target/classes/assets/textures/level_three16.png
23:17:50.504 [FXGL Background Thread 1 ] DEBUG FXGLAssetLoaderServi - Loading from file system: file:/C:/Users/cpn02/Documents/GitHub/javafxGame/target/classes/assets/textures/noble4.png
23:17:50.584 [FXGL Background Thread 1 ] DEBUG FXGLAssetLoaderServi - Loading from file system: file:/C:/Users/cpn02/Documents/GitHub/javafxGame/target/classes/assets/textures/noble3.png
23:17:50.646 [FXGL Background Thread 1 ] DEBUG FXGLAssetLoaderServi - Loading from file system: file:/C:/Users/cpn02/Documents/GitHub/javafxGame/target/classes/assets/textures/noble2.png
23:17:50.721 [FXGL Background Thread 1 ] DEBUG FXGLAssetLoaderServi - Loading from file system: file:/C:/Users/cpn02/Documents/GitHub/javafxGame/target/classes/assets/textures/noble1.png
23:17:50.789 [FXGL Background Thread 1 ] DEBUG FXGLAssetLoaderServi - Loading from file system: file:/C:/Users/cpn02/Documents/GitHub/javafxGame/target/classes/assets/textures/noble0.png
23:17:50.852 [FXGL Background Thread 1 ] INFO  FXGLApplication      - Game initialization took: 1.993 sec
23:17:50.853 [JavaFX Application Thread] DEBUG Input                - Clearing active input actions
23:17:50.881 [JavaFX Application Thread] DEBUG GameApplicationServi - Removing overlay from FXGLLoadingScene and adding to GameScene
23:17:50.881 [JavaFX Application Thread] DEBUG PrimaryStageWindow   - FXGLLoadingScene -> GameScene
23:17:51.702 [FXGL Background Thread 3 ] DEBUG Engine               - Logging environment variables
23:17:51.703 [FXGL Background Thread 3 ] DEBUG Engine               - achievements: []
23:17:51.703 [FXGL Background Thread 3 ] DEBUG Engine               - actualHeight: 823.0
23:17:51.704 [FXGL Background Thread 3 ] DEBUG Engine               - actualHeightProperty: ReadOnlyDoubleProperty [value: 823.0]
23:17:51.704 [FXGL Background Thread 3 ] DEBUG Engine               - actualWidth: 1439.0
23:17:51.704 [FXGL Background Thread 3 ] DEBUG Engine               - actualWidthProperty: ReadOnlyDoubleProperty [value: 1439.0]
23:17:51.705 [FXGL Background Thread 3 ] DEBUG Engine               - appIcon: fxgl_icon.png
23:17:51.705 [FXGL Background Thread 3 ] DEBUG Engine               - applicationMode: DEVELOPER
23:17:51.705 [FXGL Background Thread 3 ] DEBUG Engine               - cSSList: [fxgl_dark.css]
23:17:51.705 [FXGL Background Thread 3 ] DEBUG Engine               - collisionDetectionStrategy: BRUTE_FORCE
23:17:51.706 [FXGL Background Thread 3 ] DEBUG Engine               - configClass: Optional.empty
23:17:51.706 [FXGL Background Thread 3 ] DEBUG Engine               - credits: []
23:17:51.707 [FXGL Background Thread 3 ] DEBUG Engine               - defaultCursor: CursorInfo(imageName=fxgl_default_cursor.png, hotspotX=7.0, hotspotY=6.0)
23:17:51.708 [FXGL Background Thread 3 ] DEBUG Engine               - devBBoxColorProperty: ObjectProperty [value: 0xff0000ff]
23:17:51.708 [FXGL Background Thread 3 ] DEBUG Engine               - devEnableDebugCameraProperty: BooleanProperty [value: false]
23:17:51.708 [FXGL Background Thread 3 ] DEBUG Engine               - devSensorColorProperty: ObjectProperty [value: 0xffff00ff]
23:17:51.709 [FXGL Background Thread 3 ] DEBUG Engine               - devShowBBoxProperty: BooleanProperty [value: false]
23:17:51.709 [FXGL Background Thread 3 ] DEBUG Engine               - devShowPositionProperty: BooleanProperty [value: false]
23:17:51.709 [FXGL Background Thread 3 ] DEBUG Engine               - enabledMenuItems: []
23:17:51.710 [FXGL Background Thread 3 ] DEBUG Engine               - engineServices: [class com.almasb.fxgl.app.services.FXGLAssetLoaderService, class com.almasb.fxgl.app.FXGLApplication$GameApplicationService, class com.almasb.fxgl.app.services.FXGLDialogService, class com.almasb.fxgl.app.services.IOTaskExecutorService, class com.almasb.fxgl.io.FileSystemService, class com.almasb.fxgl.localization.LocalizationService, class com.almasb.fxgl.app.services.SystemBundleService, class com.almasb.fxgl.profile.SaveLoadService, class com.almasb.fxgl.ui.FXGLUIFactoryServiceProvider, class com.almasb.fxgl.ui.FXGLDialogFactoryServiceProvider, class com.almasb.fxgl.audio.AudioPlayer, class com.almasb.fxgl.notification.impl.NotificationServiceProvider, class com.almasb.fxgl.achievement.AchievementService, class com.almasb.fxgl.cutscene.CutsceneService, class com.almasb.fxgl.minigames.MiniGameService, class com.almasb.fxgl.net.NetService, class com.almasb.fxgl.app.services.UpdaterService, class com.almasb.fxgl.dev.DevService]
23:17:51.710 [FXGL Background Thread 3 ] DEBUG Engine               - fontGame: Abel-Regular.ttf
23:17:51.710 [FXGL Background Thread 3 ] DEBUG Engine               - fontMono: TerminalLandMono-Regular.otf
23:17:51.710 [FXGL Background Thread 3 ] DEBUG Engine               - fontText: Courier-Prime.ttf
23:17:51.711 [FXGL Background Thread 3 ] DEBUG Engine               - fontUI: VarelaRound-Regular.ttf
23:17:51.711 [FXGL Background Thread 3 ] DEBUG Engine               - fullScreen: BooleanProperty [value: false]
23:17:51.711 [FXGL Background Thread 3 ] DEBUG Engine               - gameDifficulty: MEDIUM
23:17:51.711 [FXGL Background Thread 3 ] DEBUG Engine               - gameDifficultyProperty: ObjectProperty [value: MEDIUM]
23:17:51.712 [FXGL Background Thread 3 ] DEBUG Engine               - globalMusicVolume: 0.5
23:17:51.712 [FXGL Background Thread 3 ] DEBUG Engine               - globalMusicVolumeProperty: DoubleProperty [value: 0.5]
23:17:51.712 [FXGL Background Thread 3 ] DEBUG Engine               - globalSoundVolume: 0.5
23:17:51.712 [FXGL Background Thread 3 ] DEBUG Engine               - globalSoundVolumeProperty: DoubleProperty [value: 0.5]
23:17:51.712 [FXGL Background Thread 3 ] DEBUG Engine               - height: 1080
23:17:51.713 [FXGL Background Thread 3 ] DEBUG Engine               - is3D: false
23:17:51.713 [FXGL Background Thread 3 ] DEBUG Engine               - isAndroid: false
23:17:51.713 [FXGL Background Thread 3 ] DEBUG Engine               - isBrowser: false
23:17:51.713 [FXGL Background Thread 3 ] DEBUG Engine               - isClickFeedbackEnabled: false
23:17:51.714 [FXGL Background Thread 3 ] DEBUG Engine               - isCloseConfirmation: false
23:17:51.714 [FXGL Background Thread 3 ] DEBUG Engine               - isDesktop: true
23:17:51.715 [FXGL Background Thread 3 ] DEBUG Engine               - isDeveloperMenuEnabled: false
23:17:51.716 [FXGL Background Thread 3 ] DEBUG Engine               - isEmbedded: false
23:17:51.716 [FXGL Background Thread 3 ] DEBUG Engine               - isEntityPreloadEnabled: true
23:17:51.717 [FXGL Background Thread 3 ] DEBUG Engine               - isExperimentalTiledLargeMap: false
23:17:51.717 [FXGL Background Thread 3 ] DEBUG Engine               - isFileSystemWriteAllowed: true
23:17:51.717 [FXGL Background Thread 3 ] DEBUG Engine               - isFullScreenAllowed: false
23:17:51.717 [FXGL Background Thread 3 ] DEBUG Engine               - isFullScreenFromStart: false
23:17:51.717 [FXGL Background Thread 3 ] DEBUG Engine               - isGameMenuEnabled: true
23:17:51.718 [FXGL Background Thread 3 ] DEBUG Engine               - isIOS: false
23:17:51.718 [FXGL Background Thread 3 ] DEBUG Engine               - isIntroEnabled: false
23:17:51.718 [FXGL Background Thread 3 ] DEBUG Engine               - isLinux: false
23:17:51.718 [FXGL Background Thread 3 ] DEBUG Engine               - isMac: false
23:17:51.718 [FXGL Background Thread 3 ] DEBUG Engine               - isMainMenuEnabled: false
23:17:51.719 [FXGL Background Thread 3 ] DEBUG Engine               - isManualResizeEnabled: false
23:17:51.719 [FXGL Background Thread 3 ] DEBUG Engine               - isMobile: false
23:17:51.719 [FXGL Background Thread 3 ] DEBUG Engine               - isNative: false
23:17:51.719 [FXGL Background Thread 3 ] DEBUG Engine               - isPauseMusicWhenMinimized: true
23:17:51.719 [FXGL Background Thread 3 ] DEBUG Engine               - isPreserveResizeRatio: false
23:17:51.719 [FXGL Background Thread 3 ] DEBUG Engine               - isProfilingEnabled: false
23:17:51.719 [FXGL Background Thread 3 ] DEBUG Engine               - isScaleAffectedOnResize: true
23:17:51.720 [FXGL Background Thread 3 ] DEBUG Engine               - isSingleStep: false
23:17:51.720 [FXGL Background Thread 3 ] DEBUG Engine               - isUserProfileEnabled: false
23:17:51.720 [FXGL Background Thread 3 ] DEBUG Engine               - isWindows: true
23:17:51.720 [FXGL Background Thread 3 ] DEBUG Engine               - language: ObjectProperty [value: ENGLISH]
23:17:51.720 [FXGL Background Thread 3 ] DEBUG Engine               - menuKey: ESCAPE
23:17:51.721 [FXGL Background Thread 3 ] DEBUG Engine               - mouseSensitivity: 0.2
23:17:51.721 [FXGL Background Thread 3 ] DEBUG Engine               - notificationViewClass: class com.almasb.fxgl.notification.view.XboxNotificationView
23:17:51.721 [FXGL Background Thread 3 ] DEBUG Engine               - pixelsPerMeter: 50.0
23:17:51.721 [FXGL Background Thread 3 ] DEBUG Engine               - platform: WINDOWS
23:17:51.721 [FXGL Background Thread 3 ] DEBUG Engine               - prefHeightProperty: ReadOnlyDoubleProperty [value: 1080.0]
23:17:51.721 [FXGL Background Thread 3 ] DEBUG Engine               - prefWidthProperty: ReadOnlyDoubleProperty [value: 1920.0]
23:17:51.722 [FXGL Background Thread 3 ] DEBUG Engine               - profileDir: profiles/
23:17:51.722 [FXGL Background Thread 3 ] DEBUG Engine               - profileName: StringProperty [value: DEFAULT]
23:17:51.722 [FXGL Background Thread 3 ] DEBUG Engine               - randomSeed: -1
23:17:51.722 [FXGL Background Thread 3 ] DEBUG Engine               - runtimeInfo: RuntimeInfo(platform=WINDOWS, version=17.2, build=20.08.2022 16.50)
23:17:51.722 [FXGL Background Thread 3 ] DEBUG Engine               - saveFileExt: sav
23:17:51.722 [FXGL Background Thread 3 ] DEBUG Engine               - scaledHeightProp$fxgl: DoubleProperty [bound, value: 823.0]
23:17:51.723 [FXGL Background Thread 3 ] DEBUG Engine               - scaledWidthProp$fxgl: DoubleProperty [bound, value: 1439.0]
23:17:51.723 [FXGL Background Thread 3 ] DEBUG Engine               - sceneFactory: com.almasb.fxgl.app.scene.SceneFactory@2aee8e3d
23:17:51.723 [FXGL Background Thread 3 ] DEBUG Engine               - secondsIn24h: 60
23:17:51.723 [FXGL Background Thread 3 ] DEBUG Engine               - soundMenuBack: menu/back.wav
23:17:51.723 [FXGL Background Thread 3 ] DEBUG Engine               - soundMenuPress: menu/press.wav
23:17:51.723 [FXGL Background Thread 3 ] DEBUG Engine               - soundMenuSelect: menu/select.wav
23:17:51.723 [FXGL Background Thread 3 ] DEBUG Engine               - soundNotification: core/notification.wav
23:17:51.723 [FXGL Background Thread 3 ] DEBUG Engine               - stageStyle: DECORATED
23:17:51.723 [FXGL Background Thread 3 ] DEBUG Engine               - supportedLanguages: [ENGLISH, FRENCH, GERMAN, HUNGARIAN, RUSSIAN]
23:17:51.724 [FXGL Background Thread 3 ] DEBUG Engine               - ticksPerSecond: -1
23:17:51.724 [FXGL Background Thread 3 ] DEBUG Engine               - title: Untitled
23:17:51.724 [FXGL Background Thread 3 ] DEBUG Engine               - urlGithub: https://github.com/AlmasB/FXGL
23:17:51.724 [FXGL Background Thread 3 ] DEBUG Engine               - urlLeaderboard: http://fxgl-top.herokuapp.com/
23:17:51.724 [FXGL Background Thread 3 ] DEBUG Engine               - urlPOM: https://raw.githubusercontent.com/AlmasB/FXGL/release/README.md
23:17:51.724 [FXGL Background Thread 3 ] DEBUG Engine               - userAppClass: class game.GameApp
23:17:51.724 [FXGL Background Thread 3 ] DEBUG Engine               - version: 0.0
23:17:51.725 [FXGL Background Thread 3 ] DEBUG Engine               - versionCheckDays: 7
23:17:51.725 [FXGL Background Thread 3 ] DEBUG Engine               - width: 1920
23:17:51.725 [FXGL Background Thread 3 ] DEBUG Engine               - Logging services
23:17:51.725 [FXGL Background Thread 3 ] DEBUG Engine               - class com.almasb.fxgl.app.services.FXGLAssetLoaderService
23:17:51.725 [FXGL Background Thread 3 ] DEBUG Engine               - class com.almasb.fxgl.app.FXGLApplication$GameApplicationService
23:17:51.725 [FXGL Background Thread 3 ] DEBUG Engine               - class com.almasb.fxgl.app.services.FXGLDialogService
23:17:51.725 [FXGL Background Thread 3 ] DEBUG Engine               - class com.almasb.fxgl.app.services.IOTaskExecutorService
23:17:51.725 [FXGL Background Thread 3 ] DEBUG Engine               - class com.almasb.fxgl.io.FileSystemService
23:17:51.726 [FXGL Background Thread 3 ] DEBUG Engine               - class com.almasb.fxgl.localization.LocalizationService
23:17:51.726 [FXGL Background Thread 3 ] DEBUG Engine               - class com.almasb.fxgl.app.services.SystemBundleService
23:17:51.726 [FXGL Background Thread 3 ] DEBUG Engine               - class com.almasb.fxgl.profile.SaveLoadService
23:17:51.726 [FXGL Background Thread 3 ] DEBUG Engine               - class com.almasb.fxgl.ui.FXGLUIFactoryServiceProvider
23:17:51.726 [FXGL Background Thread 3 ] DEBUG Engine               - class com.almasb.fxgl.ui.FXGLDialogFactoryServiceProvider
23:17:51.727 [FXGL Background Thread 3 ] DEBUG Engine               - class com.almasb.fxgl.audio.AudioPlayer
23:17:51.727 [FXGL Background Thread 3 ] DEBUG Engine               - class com.almasb.fxgl.notification.impl.NotificationServiceProvider
23:17:51.727 [FXGL Background Thread 3 ] DEBUG Engine               - class com.almasb.fxgl.achievement.AchievementService
23:17:51.727 [FXGL Background Thread 3 ] DEBUG Engine               - class com.almasb.fxgl.cutscene.CutsceneService
23:17:51.727 [FXGL Background Thread 3 ] DEBUG Engine               - class com.almasb.fxgl.minigames.MiniGameService
23:17:51.727 [FXGL Background Thread 3 ] DEBUG Engine               - class com.almasb.fxgl.net.NetService
23:17:51.727 [FXGL Background Thread 3 ] DEBUG Engine               - class com.almasb.fxgl.app.services.UpdaterService
23:17:51.727 [FXGL Background Thread 3 ] DEBUG Engine               - class com.almasb.fxgl.dev.DevService
23:17:58.711 [JavaFX Application Thread] DEBUG FXGLAssetLoaderServi - Loading from file system: file:/C:/Users/cpn02/Documents/GitHub/javafxGame/target/classes/assets/textures/level_one35.png
23:18:02.560 [JavaFX Application Thread] DEBUG FXGLAssetLoaderServi - Loading from file system: file:/C:/Users/cpn02/Documents/GitHub/javafxGame/target/classes/assets/textures/level_three15.png
23:18:27.062 [JavaFX Application Thread] DEBUG FXGLApplication      - Exiting FXGL
23:18:27.063 [JavaFX Application Thread] DEBUG LoopRunner           - Stopping loop
23:18:27.063 [JavaFX Application Thread] DEBUG SystemBundleService  - Saving FXGL system data
23:18:27.067 [JavaFX Application Thread] DEBUG FileSystemAccess     - Writing to: C:\Users\cpn02\Documents\GitHub\javafxGame\system\fxgl.bundle
23:18:27.071 [JavaFX Application Thread] DEBUG Async                - Shutting down background threads
23:18:27.071 [JavaFX Application Thread] DEBUG PrimaryStageWindow   - Closing main window
23:18:27.089 [JavaFX Application Thread] DEBUG Logger               - Closing Logger
