17:42:54.625 [main                     ] DEBUG Logger               - Configured Logger
17:42:54.647 [main                     ] DEBUG GameApplication      - Logging settings
Title: Untitled
Version: 0.0
Width: 1920
Height: 1080
Fullscreen: false
Intro: false
Profiling: false
Single step:false
App Mode: DEVELOPER
Menu Key: ESCAPE
Stage Style: DECORATED
Scene Factory: class com.almasb.fxgl.app.scene.SceneFactory

17:42:54.878 [JavaFX Application Thread] DEBUG FXGLApplication      - Initializing FXGL
17:42:54.881 [JavaFX Application Thread] INFO  Engine               - FXGL-17.2 (20.08.2022 16.50) on LINUX (J:17.0.3 FX:18)
17:42:54.882 [JavaFX Application Thread] DEBUG Engine               - JRE Vendor Name: Eclipse Adoptium
17:42:54.882 [JavaFX Application Thread] DEBUG Engine               - Running on OS: Linux version 5.15.0-52-generic
17:42:54.882 [JavaFX Application Thread] DEBUG Engine               - Architecture: amd64
17:42:54.882 [JavaFX Application Thread] INFO  Engine               - Source code and latest versions at: https://github.com/AlmasB/FXGL
17:42:54.882 [JavaFX Application Thread] INFO  Engine               -       Ask questions and discuss at: https://github.com/AlmasB/FXGL/discussions
17:42:54.882 [JavaFX Application Thread] INFO  Engine               -              Join the FXGL chat at: https://gitter.im/AlmasB/FXGL
17:42:54.948 [JavaFX Application Thread] DEBUG PrimaryStageWindow   - Creating a JavaFX scene
17:42:54.949 [JavaFX Application Thread] DEBUG PrimaryStageWindow   - Target size > screen size
17:42:55.077 [JavaFX Application Thread] DEBUG PrimaryStageWindow   - Target settings size: 1920.0 x 1080.0
17:42:55.078 [JavaFX Application Thread] DEBUG PrimaryStageWindow   - Scaled scene size:    1821.0 x 1038.0
17:42:55.078 [JavaFX Application Thread] DEBUG PrimaryStageWindow   - Scaled ratio: (0.9484375, 0.9611111111111111)
17:42:55.079 [JavaFX Application Thread] DEBUG PrimaryStageWindow   - Set initial scene to FXGLStartupScene
17:42:55.083 [JavaFX Application Thread] DEBUG PrimaryStageWindow   - Opening main window
17:42:55.107 [JavaFX Application Thread] DEBUG PrimaryStageWindow   - Window border size: (2.0, 29.0)
17:42:55.108 [JavaFX Application Thread] DEBUG PrimaryStageWindow   - Scaled size: 1821.0 x 1038.0
17:42:55.108 [JavaFX Application Thread] DEBUG PrimaryStageWindow   - Scaled ratio: (0.9484375, 0.9611111111111111)
17:42:55.108 [JavaFX Application Thread] DEBUG PrimaryStageWindow   - Scene size: 1821.0 x 1038.0
17:42:55.108 [JavaFX Application Thread] DEBUG PrimaryStageWindow   - Stage size: 1823.0 x 1067.0
17:42:55.113 [FXGL Background Thread 1 ] DEBUG Engine               - Initializing environment variables
17:42:55.137 [FXGL Background Thread 1 ] DEBUG FXGLAssetLoaderServi - User app class for loading assets: class game.GameApp
17:42:55.138 [FXGL Background Thread 1 ] DEBUG GameApplicationServi - Applying CSS: fxgl_dark.css
17:42:55.138 [FXGL Background Thread 1 ] DEBUG FXGLAssetLoaderServi - Loading from file system: jar:file:/home/2021/pcheng15/.m2/repository/com/github/almasb/fxgl/17.2/fxgl-17.2.jar!/fxglassets/ui/css/fxgl_dark.css
17:42:55.168 [FXGL Background Thread 1 ] DEBUG GameApplicationServi - Initializing application scenes
17:42:55.204 [FXGL Background Thread 1 ] DEBUG GameWorld            - Game world initialized
17:42:55.235 [FXGL Background Thread 1 ] DEBUG PhysicsWorld         - Physics world initialized: appHeight=1080, physics.ppm=50.0
17:42:55.235 [FXGL Background Thread 1 ] DEBUG PhysicsWorld         - Using strategy: BRUTE_FORCE
17:42:55.239 [FXGL Background Thread 1 ] DEBUG GameScene            - Game scene initialized: 1920x1080
17:42:55.247 [FXGL Background Thread 1 ] DEBUG FXGL.DefaultMenu     - createMenuBodyGameMenu()
17:42:55.257 [FXGL Background Thread 1 ] DEBUG FXGL.DefaultMenu     - createOptionsMenu()
17:42:55.264 [FXGL Background Thread 1 ] DEBUG FXGLAssetLoaderServi - Loading from file system: jar:file:/home/2021/pcheng15/.m2/repository/com/github/almasb/fxgl/17.2/fxgl-17.2.jar!/fxglassets/textures/particles/smoke.png
17:42:55.322 [FXGL Background Thread 1 ] DEBUG FXGLAssetLoaderServi - Loading from file system: jar:file:/home/2021/pcheng15/.m2/repository/com/github/almasb/fxgl/17.2/fxgl-17.2.jar!/fxglassets/textures/particles/trace_horizontal.png
17:42:55.344 [FXGL Background Thread 1 ] DEBUG GameApplicationServi - Application scenes initialized
17:42:55.352 [FXGL Background Thread 1 ] DEBUG SystemBundleService  - Loading FXGL system data
17:42:55.355 [FXGL Background Thread 1 ] DEBUG FileSystemAccess     - Reading from: /home/2021/pcheng15/Documents/javafxGame/system/fxgl.bundle
17:42:55.361 [FXGL Background Thread 1 ] DEBUG SystemBundleService  - Bundle FXGL: {}
17:42:55.361 [FXGL Background Thread 1 ] DEBUG UpdaterService       - Checking for updates
17:42:55.364 [FXGL Background Thread 4 ] DEBUG FXGLApplication      - Loading fonts
17:42:55.364 [FXGL Background Thread 1 ] DEBUG FXGLApplication      - Loading default localization
17:42:55.364 [FXGL Background Thread 4 ] DEBUG FXGLAssetLoaderServi - Loading from file system: jar:file:/home/2021/pcheng15/.m2/repository/com/github/almasb/fxgl/17.2/fxgl-17.2.jar!/fxglassets/ui/fonts/VarelaRound-Regular.ttf
17:42:55.364 [FXGL Background Thread 1 ] DEBUG FXGLAssetLoaderServi - Loading from file system: jar:file:/home/2021/pcheng15/.m2/repository/com/github/almasb/fxgl/17.2/fxgl-17.2.jar!/fxglassets/languages/english.lang
17:42:55.372 [FXGL Background Thread 4 ] DEBUG FXGLAssetLoaderServi - Loading from file system: jar:file:/home/2021/pcheng15/.m2/repository/com/github/almasb/fxgl/17.2/fxgl-17.2.jar!/fxglassets/ui/fonts/Abel-Regular.ttf
17:42:55.373 [FXGL Background Thread 4 ] DEBUG FXGLAssetLoaderServi - Loading from file system: jar:file:/home/2021/pcheng15/.m2/repository/com/github/almasb/fxgl/17.2/fxgl-17.2.jar!/fxglassets/ui/fonts/TerminalLandMono-Regular.otf
17:42:55.374 [FXGL Background Thread 4 ] DEBUG FXGLAssetLoaderServi - Loading from file system: jar:file:/home/2021/pcheng15/.m2/repository/com/github/almasb/fxgl/17.2/fxgl-17.2.jar!/fxglassets/ui/fonts/Courier-Prime.ttf
17:42:55.375 [FXGL Background Thread 1 ] INFO  FXGLApplication      - FXGL initialization took: 0.262 sec
17:42:55.376 [JavaFX Application Thread] DEBUG FXGLAssetLoaderServi - Loading from file system: jar:file:/home/2021/pcheng15/.m2/repository/com/github/almasb/fxgl/17.2/fxgl-17.2.jar!/fxglassets/textures/fxgl_icon.png
17:42:55.391 [JavaFX Application Thread] DEBUG FXGLAssetLoaderServi - Loading from file system: jar:file:/home/2021/pcheng15/.m2/repository/com/github/almasb/fxgl/17.2/fxgl-17.2.jar!/fxglassets/textures/fxgl_default_cursor.png
17:42:55.397 [JavaFX Application Thread] DEBUG Input                - Registered new binding: Screenshot - CTRL+8
17:42:55.397 [JavaFX Application Thread] DEBUG Input                - Registered new binding: System info dump - CTRL+9
17:42:55.397 [JavaFX Application Thread] DEBUG Input                - Registered new binding: Restart - CTRL+R
17:42:55.398 [JavaFX Application Thread] DEBUG Input                - Registered new binding: Toggle Debug Camera - CTRL+7
17:42:55.399 [JavaFX Application Thread] DEBUG LoopRunner           - Starting loop
17:42:55.399 [JavaFX Application Thread] DEBUG LoopRunner           - Initializing JavaFX AnimationTimerLoop
17:42:55.399 [JavaFX Application Thread] DEBUG GameApplicationServi - Starting new game
17:42:55.400 [JavaFX Application Thread] DEBUG Input                - Clearing active input actions
17:42:55.405 [JavaFX Application Thread] DEBUG GameApplicationServi - Removing overlay from FXGLStartupScene and adding to FXGLLoadingScene
17:42:55.406 [JavaFX Application Thread] DEBUG PrimaryStageWindow   - FXGLStartupScene -> FXGLLoadingScene
17:42:55.406 [JavaFX Application Thread] DEBUG GameApplicationServi - Clearing previous game
17:42:55.406 [JavaFX Application Thread] DEBUG GameScene            - Clearing game scene
17:42:55.406 [JavaFX Application Thread] DEBUG GameWorld            - Clearing game world
17:42:55.406 [JavaFX Application Thread] DEBUG PhysicsWorld         - Clearing physics world
17:42:55.407 [JavaFX Application Thread] DEBUG FXGLApplication      - Registering font factories with UI factory
17:42:55.407 [FXGL Background Thread 4 ] DEBUG FXGLApplication      - Initializing game
17:42:55.409 [FXGL Background Thread 4 ] DEBUG FXGLAssetLoaderServi - Loading from file system: file:/home/2021/pcheng15/Documents/javafxGame/target/classes/assets/textures/background.png
17:42:55.483 [FXGL Background Thread 4 ] DEBUG FXGLAssetLoaderServi - Loading from file system: file:/home/2021/pcheng15/Documents/javafxGame/target/classes/assets/textures/mat.png
17:42:55.544 [FXGL Background Thread 4 ] DEBUG FXGLAssetLoaderServi - Loading from file system: file:/home/2021/pcheng15/Documents/javafxGame/target/classes/assets/textures/level_one.png
17:42:55.569 [FXGL Background Thread 4 ] DEBUG FXGLAssetLoaderServi - Loading from file system: file:/home/2021/pcheng15/Documents/javafxGame/target/classes/assets/textures/level_two.png
17:42:55.599 [FXGL Background Thread 4 ] DEBUG FXGLAssetLoaderServi - Loading from file system: file:/home/2021/pcheng15/Documents/javafxGame/target/classes/assets/textures/level_three.png
17:42:55.633 [FXGL Background Thread 4 ] DEBUG FXGLAssetLoaderServi - Loading from file system: file:/home/2021/pcheng15/Documents/javafxGame/target/classes/assets/textures/level_one11.png
17:42:55.671 [FXGL Background Thread 4 ] DEBUG FXGLAssetLoaderServi - Loading from file system: file:/home/2021/pcheng15/Documents/javafxGame/target/classes/assets/textures/level_two15.png
17:42:55.703 [FXGL Background Thread 4 ] DEBUG FXGLAssetLoaderServi - Loading from file system: file:/home/2021/pcheng15/Documents/javafxGame/target/classes/assets/textures/level_three6.png
17:42:55.740 [FXGL Background Thread 4 ] DEBUG FXGLAssetLoaderServi - Loading from file system: file:/home/2021/pcheng15/Documents/javafxGame/target/classes/assets/textures/level_one20.png
17:42:55.772 [FXGL Background Thread 4 ] DEBUG FXGLAssetLoaderServi - Loading from file system: file:/home/2021/pcheng15/Documents/javafxGame/target/classes/assets/textures/level_two13.png
17:42:55.801 [FXGL Background Thread 4 ] DEBUG FXGLAssetLoaderServi - Loading from file system: file:/home/2021/pcheng15/Documents/javafxGame/target/classes/assets/textures/level_three12.png
17:42:55.835 [FXGL Background Thread 4 ] DEBUG FXGLAssetLoaderServi - Loading from file system: file:/home/2021/pcheng15/Documents/javafxGame/target/classes/assets/textures/level_one15.png
17:42:55.865 [FXGL Background Thread 4 ] DEBUG FXGLAssetLoaderServi - Loading from file system: file:/home/2021/pcheng15/Documents/javafxGame/target/classes/assets/textures/level_two8.png
17:42:55.905 [FXGL Background Thread 4 ] DEBUG FXGLAssetLoaderServi - Loading from file system: file:/home/2021/pcheng15/Documents/javafxGame/target/classes/assets/textures/level_three15.png
17:42:55.946 [FXGL Background Thread 4 ] DEBUG FXGLAssetLoaderServi - Loading from file system: file:/home/2021/pcheng15/Documents/javafxGame/target/classes/assets/textures/level_one13.png
17:42:55.981 [FXGL Background Thread 4 ] DEBUG FXGLAssetLoaderServi - Loading from file system: file:/home/2021/pcheng15/Documents/javafxGame/target/classes/assets/textures/level_two2.png
17:42:56.014 [FXGL Background Thread 4 ] DEBUG FXGLAssetLoaderServi - Loading from file system: file:/home/2021/pcheng15/Documents/javafxGame/target/classes/assets/textures/level_three13.png
17:42:56.050 [FXGL Background Thread 4 ] INFO  FXGLApplication      - Game initialization took: 0.642 sec
17:42:56.052 [JavaFX Application Thread] DEBUG Input                - Clearing active input actions
17:42:56.062 [JavaFX Application Thread] DEBUG GameApplicationServi - Removing overlay from FXGLLoadingScene and adding to GameScene
17:42:56.062 [JavaFX Application Thread] DEBUG PrimaryStageWindow   - FXGLLoadingScene -> GameScene
17:42:58.363 [FXGL Background Thread 3 ] DEBUG Engine               - Logging environment variables
17:42:58.363 [FXGL Background Thread 3 ] DEBUG Engine               - achievements: []
17:42:58.363 [FXGL Background Thread 3 ] DEBUG Engine               - actualHeight: 1024.0
17:42:58.364 [FXGL Background Thread 3 ] DEBUG Engine               - actualHeightProperty: ReadOnlyDoubleProperty [value: 1046.0]
17:42:58.364 [FXGL Background Thread 3 ] DEBUG Engine               - actualWidth: 1819.0
17:42:58.364 [FXGL Background Thread 3 ] DEBUG Engine               - actualWidthProperty: ReadOnlyDoubleProperty [value: 1819.0]
17:42:58.364 [FXGL Background Thread 3 ] DEBUG Engine               - appIcon: fxgl_icon.png
17:42:58.364 [FXGL Background Thread 3 ] DEBUG Engine               - applicationMode: DEVELOPER
17:42:58.364 [FXGL Background Thread 3 ] DEBUG Engine               - cSSList: [fxgl_dark.css]
17:42:58.364 [FXGL Background Thread 3 ] DEBUG Engine               - collisionDetectionStrategy: BRUTE_FORCE
17:42:58.364 [FXGL Background Thread 3 ] DEBUG Engine               - configClass: Optional.empty
17:42:58.364 [FXGL Background Thread 3 ] DEBUG Engine               - credits: []
17:42:58.364 [FXGL Background Thread 3 ] DEBUG Engine               - defaultCursor: CursorInfo(imageName=fxgl_default_cursor.png, hotspotX=7.0, hotspotY=6.0)
17:42:58.364 [FXGL Background Thread 3 ] DEBUG Engine               - devBBoxColorProperty: ObjectProperty [value: 0xff0000ff]
17:42:58.364 [FXGL Background Thread 3 ] DEBUG Engine               - devEnableDebugCameraProperty: BooleanProperty [value: false]
17:42:58.365 [FXGL Background Thread 3 ] DEBUG Engine               - devSensorColorProperty: ObjectProperty [value: 0xffff00ff]
17:42:58.365 [FXGL Background Thread 3 ] DEBUG Engine               - devShowBBoxProperty: BooleanProperty [value: false]
17:42:58.365 [FXGL Background Thread 3 ] DEBUG Engine               - devShowPositionProperty: BooleanProperty [value: false]
17:42:58.365 [FXGL Background Thread 3 ] DEBUG Engine               - enabledMenuItems: []
17:42:58.365 [FXGL Background Thread 3 ] DEBUG Engine               - engineServices: [class com.almasb.fxgl.app.services.FXGLAssetLoaderService, class com.almasb.fxgl.app.FXGLApplication$GameApplicationService, class com.almasb.fxgl.app.services.FXGLDialogService, class com.almasb.fxgl.app.services.IOTaskExecutorService, class com.almasb.fxgl.io.FileSystemService, class com.almasb.fxgl.localization.LocalizationService, class com.almasb.fxgl.app.services.SystemBundleService, class com.almasb.fxgl.profile.SaveLoadService, class com.almasb.fxgl.ui.FXGLUIFactoryServiceProvider, class com.almasb.fxgl.ui.FXGLDialogFactoryServiceProvider, class com.almasb.fxgl.audio.AudioPlayer, class com.almasb.fxgl.notification.impl.NotificationServiceProvider, class com.almasb.fxgl.achievement.AchievementService, class com.almasb.fxgl.cutscene.CutsceneService, class com.almasb.fxgl.minigames.MiniGameService, class com.almasb.fxgl.net.NetService, class com.almasb.fxgl.app.services.UpdaterService, class com.almasb.fxgl.dev.DevService]
17:42:58.365 [FXGL Background Thread 3 ] DEBUG Engine               - fontGame: Abel-Regular.ttf
17:42:58.365 [FXGL Background Thread 3 ] DEBUG Engine               - fontMono: TerminalLandMono-Regular.otf
17:42:58.365 [FXGL Background Thread 3 ] DEBUG Engine               - fontText: Courier-Prime.ttf
17:42:58.365 [FXGL Background Thread 3 ] DEBUG Engine               - fontUI: VarelaRound-Regular.ttf
17:42:58.365 [FXGL Background Thread 3 ] DEBUG Engine               - fullScreen: BooleanProperty [value: false]
17:42:58.365 [FXGL Background Thread 3 ] DEBUG Engine               - gameDifficulty: MEDIUM
17:42:58.365 [FXGL Background Thread 3 ] DEBUG Engine               - gameDifficultyProperty: ObjectProperty [value: MEDIUM]
17:42:58.366 [FXGL Background Thread 3 ] DEBUG Engine               - globalMusicVolume: 0.5
17:42:58.366 [FXGL Background Thread 3 ] DEBUG Engine               - globalMusicVolumeProperty: DoubleProperty [value: 0.5]
17:42:58.366 [FXGL Background Thread 3 ] DEBUG Engine               - globalSoundVolume: 0.5
17:42:58.366 [FXGL Background Thread 3 ] DEBUG Engine               - globalSoundVolumeProperty: DoubleProperty [value: 0.5]
17:42:58.366 [FXGL Background Thread 3 ] DEBUG Engine               - height: 1080
17:42:58.366 [FXGL Background Thread 3 ] DEBUG Engine               - is3D: false
17:42:58.366 [FXGL Background Thread 3 ] DEBUG Engine               - isAndroid: false
17:42:58.366 [FXGL Background Thread 3 ] DEBUG Engine               - isBrowser: false
17:42:58.366 [FXGL Background Thread 3 ] DEBUG Engine               - isClickFeedbackEnabled: false
17:42:58.366 [FXGL Background Thread 3 ] DEBUG Engine               - isCloseConfirmation: false
17:42:58.366 [FXGL Background Thread 3 ] DEBUG Engine               - isDesktop: true
17:42:58.366 [FXGL Background Thread 3 ] DEBUG Engine               - isDeveloperMenuEnabled: false
17:42:58.366 [FXGL Background Thread 3 ] DEBUG Engine               - isEmbedded: false
17:42:58.366 [FXGL Background Thread 3 ] DEBUG Engine               - isEntityPreloadEnabled: true
17:42:58.366 [FXGL Background Thread 3 ] DEBUG Engine               - isExperimentalTiledLargeMap: false
17:42:58.367 [FXGL Background Thread 3 ] DEBUG Engine               - isFileSystemWriteAllowed: true
17:42:58.367 [FXGL Background Thread 3 ] DEBUG Engine               - isFullScreenAllowed: false
17:42:58.367 [FXGL Background Thread 3 ] DEBUG Engine               - isFullScreenFromStart: false
17:42:58.367 [FXGL Background Thread 3 ] DEBUG Engine               - isGameMenuEnabled: true
17:42:58.367 [FXGL Background Thread 3 ] DEBUG Engine               - isIOS: false
17:42:58.367 [FXGL Background Thread 3 ] DEBUG Engine               - isIntroEnabled: false
17:42:58.367 [FXGL Background Thread 3 ] DEBUG Engine               - isLinux: true
17:42:58.367 [FXGL Background Thread 3 ] DEBUG Engine               - isMac: false
17:42:58.367 [FXGL Background Thread 3 ] DEBUG Engine               - isMainMenuEnabled: false
17:42:58.367 [FXGL Background Thread 3 ] DEBUG Engine               - isManualResizeEnabled: false
17:42:58.367 [FXGL Background Thread 3 ] DEBUG Engine               - isMobile: false
17:42:58.367 [FXGL Background Thread 3 ] DEBUG Engine               - isNative: false
17:42:58.367 [FXGL Background Thread 3 ] DEBUG Engine               - isPauseMusicWhenMinimized: true
17:42:58.367 [FXGL Background Thread 3 ] DEBUG Engine               - isPreserveResizeRatio: false
17:42:58.367 [FXGL Background Thread 3 ] DEBUG Engine               - isProfilingEnabled: false
17:42:58.368 [FXGL Background Thread 3 ] DEBUG Engine               - isScaleAffectedOnResize: true
17:42:58.368 [FXGL Background Thread 3 ] DEBUG Engine               - isSingleStep: false
17:42:58.368 [FXGL Background Thread 3 ] DEBUG Engine               - isUserProfileEnabled: false
17:42:58.368 [FXGL Background Thread 3 ] DEBUG Engine               - isWindows: false
17:42:58.368 [FXGL Background Thread 3 ] DEBUG Engine               - language: ObjectProperty [value: ENGLISH]
17:42:58.368 [FXGL Background Thread 3 ] DEBUG Engine               - menuKey: ESCAPE
17:42:58.368 [FXGL Background Thread 3 ] DEBUG Engine               - mouseSensitivity: 0.2
17:42:58.368 [FXGL Background Thread 3 ] DEBUG Engine               - notificationViewClass: class com.almasb.fxgl.notification.view.XboxNotificationView
17:42:58.368 [FXGL Background Thread 3 ] DEBUG Engine               - pixelsPerMeter: 50.0
17:42:58.368 [FXGL Background Thread 3 ] DEBUG Engine               - platform: LINUX
17:42:58.368 [FXGL Background Thread 3 ] DEBUG Engine               - prefHeightProperty: ReadOnlyDoubleProperty [value: 1080.0]
17:42:58.368 [FXGL Background Thread 3 ] DEBUG Engine               - prefWidthProperty: ReadOnlyDoubleProperty [value: 1920.0]
17:42:58.368 [FXGL Background Thread 3 ] DEBUG Engine               - profileDir: profiles/
17:42:58.368 [FXGL Background Thread 3 ] DEBUG Engine               - profileName: StringProperty [value: DEFAULT]
17:42:58.368 [FXGL Background Thread 3 ] DEBUG Engine               - randomSeed: -1
17:42:58.369 [FXGL Background Thread 3 ] DEBUG Engine               - runtimeInfo: RuntimeInfo(platform=LINUX, version=17.2, build=20.08.2022 16.50)
17:42:58.369 [FXGL Background Thread 3 ] DEBUG Engine               - saveFileExt: sav
17:42:58.369 [FXGL Background Thread 3 ] DEBUG Engine               - scaledHeightProp$fxgl: DoubleProperty [bound, value: 1046.0]
17:42:58.369 [FXGL Background Thread 3 ] DEBUG Engine               - scaledWidthProp$fxgl: DoubleProperty [bound, value: 1819.0]
17:42:58.369 [FXGL Background Thread 3 ] DEBUG Engine               - sceneFactory: com.almasb.fxgl.app.scene.SceneFactory@7de1d10
17:42:58.369 [FXGL Background Thread 3 ] DEBUG Engine               - secondsIn24h: 60
17:42:58.369 [FXGL Background Thread 3 ] DEBUG Engine               - soundMenuBack: menu/back.wav
17:42:58.369 [FXGL Background Thread 3 ] DEBUG Engine               - soundMenuPress: menu/press.wav
17:42:58.369 [FXGL Background Thread 3 ] DEBUG Engine               - soundMenuSelect: menu/select.wav
17:42:58.369 [FXGL Background Thread 3 ] DEBUG Engine               - soundNotification: core/notification.wav
17:42:58.369 [FXGL Background Thread 3 ] DEBUG Engine               - stageStyle: DECORATED
17:42:58.370 [FXGL Background Thread 3 ] DEBUG Engine               - supportedLanguages: [ENGLISH, FRENCH, GERMAN, HUNGARIAN, RUSSIAN]
17:42:58.370 [FXGL Background Thread 3 ] DEBUG Engine               - ticksPerSecond: -1
17:42:58.370 [FXGL Background Thread 3 ] DEBUG Engine               - title: Untitled
17:42:58.370 [FXGL Background Thread 3 ] DEBUG Engine               - urlGithub: https://github.com/AlmasB/FXGL
17:42:58.370 [FXGL Background Thread 3 ] DEBUG Engine               - urlLeaderboard: http://fxgl-top.herokuapp.com/
17:42:58.370 [FXGL Background Thread 3 ] DEBUG Engine               - urlPOM: https://raw.githubusercontent.com/AlmasB/FXGL/release/README.md
17:42:58.370 [FXGL Background Thread 3 ] DEBUG Engine               - userAppClass: class game.GameApp
17:42:58.370 [FXGL Background Thread 3 ] DEBUG Engine               - version: 0.0
17:42:58.370 [FXGL Background Thread 3 ] DEBUG Engine               - versionCheckDays: 7
17:42:58.370 [FXGL Background Thread 3 ] DEBUG Engine               - width: 1920
17:42:58.370 [FXGL Background Thread 3 ] DEBUG Engine               - Logging services
17:42:58.370 [FXGL Background Thread 3 ] DEBUG Engine               - class com.almasb.fxgl.app.services.FXGLAssetLoaderService
17:42:58.370 [FXGL Background Thread 3 ] DEBUG Engine               - class com.almasb.fxgl.app.FXGLApplication$GameApplicationService
17:42:58.370 [FXGL Background Thread 3 ] DEBUG Engine               - class com.almasb.fxgl.app.services.FXGLDialogService
17:42:58.370 [FXGL Background Thread 3 ] DEBUG Engine               - class com.almasb.fxgl.app.services.IOTaskExecutorService
17:42:58.370 [FXGL Background Thread 3 ] DEBUG Engine               - class com.almasb.fxgl.io.FileSystemService
17:42:58.370 [FXGL Background Thread 3 ] DEBUG Engine               - class com.almasb.fxgl.localization.LocalizationService
17:42:58.370 [FXGL Background Thread 3 ] DEBUG Engine               - class com.almasb.fxgl.app.services.SystemBundleService
17:42:58.371 [FXGL Background Thread 3 ] DEBUG Engine               - class com.almasb.fxgl.profile.SaveLoadService
17:42:58.371 [FXGL Background Thread 3 ] DEBUG Engine               - class com.almasb.fxgl.ui.FXGLUIFactoryServiceProvider
17:42:58.371 [FXGL Background Thread 3 ] DEBUG Engine               - class com.almasb.fxgl.ui.FXGLDialogFactoryServiceProvider
17:42:58.371 [FXGL Background Thread 3 ] DEBUG Engine               - class com.almasb.fxgl.audio.AudioPlayer
17:42:58.371 [FXGL Background Thread 3 ] DEBUG Engine               - class com.almasb.fxgl.notification.impl.NotificationServiceProvider
17:42:58.371 [FXGL Background Thread 3 ] DEBUG Engine               - class com.almasb.fxgl.achievement.AchievementService
17:42:58.371 [FXGL Background Thread 3 ] DEBUG Engine               - class com.almasb.fxgl.cutscene.CutsceneService
17:42:58.371 [FXGL Background Thread 3 ] DEBUG Engine               - class com.almasb.fxgl.minigames.MiniGameService
17:42:58.371 [FXGL Background Thread 3 ] DEBUG Engine               - class com.almasb.fxgl.net.NetService
17:42:58.371 [FXGL Background Thread 3 ] DEBUG Engine               - class com.almasb.fxgl.app.services.UpdaterService
17:42:58.371 [FXGL Background Thread 3 ] DEBUG Engine               - class com.almasb.fxgl.dev.DevService
17:43:00.577 [JavaFX Application Thread] DEBUG FXGLAssetLoaderServi - Loading from file system: file:/home/2021/pcheng15/Documents/javafxGame/target/classes/assets/textures/level_one8.png
17:43:03.078 [JavaFX Application Thread] DEBUG FXGLAssetLoaderServi - Loading from file system: file:/home/2021/pcheng15/Documents/javafxGame/target/classes/assets/textures/level_one2.png
17:43:04.808 [JavaFX Application Thread] DEBUG FXGLAssetLoaderServi - Loading from file system: file:/home/2021/pcheng15/Documents/javafxGame/target/classes/assets/textures/level_one3.png
17:43:06.839 [JavaFX Application Thread] DEBUG FXGLAssetLoaderServi - Loading from file system: file:/home/2021/pcheng15/Documents/javafxGame/target/classes/assets/textures/level_one7.png
17:43:08.043 [JavaFX Application Thread] DEBUG FXGLAssetLoaderServi - Loading from file system: file:/home/2021/pcheng15/Documents/javafxGame/target/classes/assets/textures/level_two3.png
17:43:09.757 [JavaFX Application Thread] DEBUG FXGLAssetLoaderServi - Loading from file system: file:/home/2021/pcheng15/Documents/javafxGame/target/classes/assets/textures/level_two7.png
17:43:11.543 [JavaFX Application Thread] DEBUG FXGLAssetLoaderServi - Loading from file system: file:/home/2021/pcheng15/Documents/javafxGame/target/classes/assets/textures/level_three8.png
17:43:13.975 [JavaFX Application Thread] DEBUG FXGLAssetLoaderServi - Loading from file system: file:/home/2021/pcheng15/Documents/javafxGame/target/classes/assets/textures/level_three2.png
17:43:21.409 [JavaFX Application Thread] DEBUG FXGLApplication      - Exiting FXGL
17:43:21.409 [JavaFX Application Thread] DEBUG LoopRunner           - Stopping loop
17:43:21.409 [JavaFX Application Thread] DEBUG SystemBundleService  - Saving FXGL system data
17:43:21.414 [JavaFX Application Thread] DEBUG FileSystemAccess     - Writing to: /home/2021/pcheng15/Documents/javafxGame/system/fxgl.bundle
17:43:21.419 [JavaFX Application Thread] DEBUG Async                - Shutting down background threads
17:43:21.420 [JavaFX Application Thread] DEBUG PrimaryStageWindow   - Closing main window
17:43:21.421 [JavaFX Application Thread] DEBUG Logger               - Closing Logger
