12:55:28.539 [main                     ] DEBUG Logger               - Configured Logger
12:55:28.561 [main                     ] DEBUG GameApplication      - Logging settings
Title: Untitled
Version: 0.0
Width: 1280
Height: 720
Fullscreen: false
Intro: false
Profiling: false
Single step:false
App Mode: DEVELOPER
Menu Key: ESCAPE
Stage Style: DECORATED
Scene Factory: class com.almasb.fxgl.app.scene.SceneFactory

12:55:29.220 [JavaFX Application Thread] DEBUG FXGLApplication      - Initializing FXGL
12:55:29.224 [JavaFX Application Thread] INFO  Engine               - FXGL-17.2 (20.08.2022 16.50) on WINDOWS (J:17.0.2 FX:18)
12:55:29.224 [JavaFX Application Thread] DEBUG Engine               - JRE Vendor Name: Oracle Corporation
12:55:29.224 [JavaFX Application Thread] DEBUG Engine               - Running on OS: Windows 11 version 10.0
12:55:29.224 [JavaFX Application Thread] DEBUG Engine               - Architecture: amd64
12:55:29.225 [JavaFX Application Thread] INFO  Engine               - Source code and latest versions at: https://github.com/AlmasB/FXGL
12:55:29.225 [JavaFX Application Thread] INFO  Engine               -       Ask questions and discuss at: https://github.com/AlmasB/FXGL/discussions
12:55:29.225 [JavaFX Application Thread] INFO  Engine               -              Join the FXGL chat at: https://gitter.im/AlmasB/FXGL
12:55:29.303 [JavaFX Application Thread] DEBUG PrimaryStageWindow   - Creating a JavaFX scene
12:55:29.335 [JavaFX Application Thread] DEBUG PrimaryStageWindow   - Target settings size: 1280.0 x 720.0
12:55:29.335 [JavaFX Application Thread] DEBUG PrimaryStageWindow   - Scaled scene size:    1280.0 x 720.0
12:55:29.335 [JavaFX Application Thread] DEBUG PrimaryStageWindow   - Scaled ratio: (1.0, 1.0)
12:55:29.336 [JavaFX Application Thread] DEBUG PrimaryStageWindow   - Set initial scene to FXGLStartupScene
12:55:29.341 [JavaFX Application Thread] DEBUG PrimaryStageWindow   - Opening main window
12:55:29.420 [JavaFX Application Thread] DEBUG PrimaryStageWindow   - Window border size: (14.6666259765625, 37.33331298828125)
12:55:29.420 [JavaFX Application Thread] DEBUG PrimaryStageWindow   - Scaled size: 1280.0 x 720.0
12:55:29.421 [JavaFX Application Thread] DEBUG PrimaryStageWindow   - Scaled ratio: (1.0, 1.0)
12:55:29.421 [JavaFX Application Thread] DEBUG PrimaryStageWindow   - Scene size: 1280.0 x 720.0
12:55:29.421 [JavaFX Application Thread] DEBUG PrimaryStageWindow   - Stage size: 1294.6666259765625 x 757.3333129882812
12:55:29.432 [FXGL Background Thread 1 ] DEBUG Engine               - Initializing environment variables
12:55:29.476 [FXGL Background Thread 1 ] DEBUG FXGLAssetLoaderServi - User app class for loading assets: class game.GameApp
12:55:29.477 [FXGL Background Thread 1 ] DEBUG GameApplicationServi - Applying CSS: fxgl_dark.css
12:55:29.479 [FXGL Background Thread 1 ] DEBUG FXGLAssetLoaderServi - Loading from file system: jar:file:/C:/Users/cpn02/.m2/repository/com/github/almasb/fxgl/17.2/fxgl-17.2.jar!/fxglassets/ui/css/fxgl_dark.css
12:55:29.516 [FXGL Background Thread 1 ] DEBUG GameApplicationServi - Initializing application scenes
12:55:29.562 [FXGL Background Thread 1 ] DEBUG GameWorld            - Game world initialized
12:55:29.615 [FXGL Background Thread 1 ] DEBUG PhysicsWorld         - Physics world initialized: appHeight=720, physics.ppm=50.0
12:55:29.616 [FXGL Background Thread 1 ] DEBUG PhysicsWorld         - Using strategy: BRUTE_FORCE
12:55:29.621 [FXGL Background Thread 1 ] DEBUG GameScene            - Game scene initialized: 1280x720
12:55:29.638 [FXGL Background Thread 1 ] DEBUG FXGL.DefaultMenu     - createMenuBodyGameMenu()
12:55:29.655 [FXGL Background Thread 1 ] DEBUG FXGL.DefaultMenu     - createOptionsMenu()
12:55:29.665 [FXGL Background Thread 1 ] DEBUG FXGLAssetLoaderServi - Loading from file system: jar:file:/C:/Users/cpn02/.m2/repository/com/github/almasb/fxgl/17.2/fxgl-17.2.jar!/fxglassets/textures/particles/smoke.png
12:55:29.741 [FXGL Background Thread 1 ] DEBUG FXGLAssetLoaderServi - Loading from file system: jar:file:/C:/Users/cpn02/.m2/repository/com/github/almasb/fxgl/17.2/fxgl-17.2.jar!/fxglassets/textures/particles/trace_horizontal.png
12:55:29.761 [FXGL Background Thread 1 ] DEBUG GameApplicationServi - Application scenes initialized
12:55:29.778 [FXGL Background Thread 1 ] DEBUG SystemBundleService  - Loading FXGL system data
12:55:29.783 [FXGL Background Thread 1 ] DEBUG FileSystemAccess     - Reading from: C:\Users\cpn02\OneDrive\document\javafxGame\system\fxgl.bundle
12:55:29.789 [FXGL Background Thread 1 ] DEBUG SystemBundleService  - Bundle FXGL: {}
12:55:29.789 [FXGL Background Thread 1 ] DEBUG UpdaterService       - Checking for updates
12:55:29.792 [FXGL Background Thread 4 ] DEBUG FXGLApplication      - Loading fonts
12:55:29.792 [FXGL Background Thread 1 ] DEBUG FXGLApplication      - Loading default localization
12:55:29.793 [FXGL Background Thread 4 ] DEBUG FXGLAssetLoaderServi - Loading from file system: jar:file:/C:/Users/cpn02/.m2/repository/com/github/almasb/fxgl/17.2/fxgl-17.2.jar!/fxglassets/ui/fonts/VarelaRound-Regular.ttf
12:55:29.793 [FXGL Background Thread 1 ] DEBUG FXGLAssetLoaderServi - Loading from file system: jar:file:/C:/Users/cpn02/.m2/repository/com/github/almasb/fxgl/17.2/fxgl-17.2.jar!/fxglassets/languages/english.lang
12:55:29.808 [FXGL Background Thread 1 ] INFO  FXGLApplication      - FXGL initialization took: 0.377 sec
12:55:29.810 [JavaFX Application Thread] DEBUG FXGLAssetLoaderServi - Loading from file system: jar:file:/C:/Users/cpn02/.m2/repository/com/github/almasb/fxgl/17.2/fxgl-17.2.jar!/fxglassets/textures/fxgl_icon.png
12:55:29.826 [JavaFX Application Thread] DEBUG FXGLAssetLoaderServi - Loading from file system: jar:file:/C:/Users/cpn02/.m2/repository/com/github/almasb/fxgl/17.2/fxgl-17.2.jar!/fxglassets/textures/fxgl_default_cursor.png
12:55:29.837 [JavaFX Application Thread] DEBUG Input                - Registered new binding: Screenshot - CTRL+8
12:55:29.837 [JavaFX Application Thread] DEBUG Input                - Registered new binding: System info dump - CTRL+9
12:55:29.838 [JavaFX Application Thread] DEBUG Input                - Registered new binding: Restart - CTRL+R
12:55:29.839 [JavaFX Application Thread] DEBUG Input                - Registered new binding: Toggle Debug Camera - CTRL+7
12:55:29.842 [JavaFX Application Thread] DEBUG LoopRunner           - Starting loop
12:55:29.842 [JavaFX Application Thread] DEBUG LoopRunner           - Initializing JavaFX AnimationTimerLoop
12:55:29.845 [JavaFX Application Thread] DEBUG GameApplicationServi - Starting new game
12:55:29.846 [JavaFX Application Thread] DEBUG Input                - Clearing active input actions
12:55:29.857 [JavaFX Application Thread] DEBUG GameApplicationServi - Removing overlay from FXGLStartupScene and adding to FXGLLoadingScene
12:55:29.857 [JavaFX Application Thread] DEBUG PrimaryStageWindow   - FXGLStartupScene -> FXGLLoadingScene
12:55:29.857 [JavaFX Application Thread] DEBUG GameApplicationServi - Clearing previous game
12:55:29.857 [JavaFX Application Thread] DEBUG GameScene            - Clearing game scene
12:55:29.857 [JavaFX Application Thread] DEBUG GameWorld            - Clearing game world
12:55:29.857 [JavaFX Application Thread] DEBUG PhysicsWorld         - Clearing physics world
12:55:29.859 [FXGL Background Thread 1 ] DEBUG FXGLApplication      - Initializing game
12:55:29.862 [FXGL Background Thread 1 ] DEBUG FXGLAssetLoaderServi - Loading from file system: file:/C:/Users/cpn02/OneDrive/document/javafxGame/target/classes/assets/textures/sample.png
12:55:29.865 [FXGL Background Thread 4 ] DEBUG FXGLAssetLoaderServi - Loading from file system: jar:file:/C:/Users/cpn02/.m2/repository/com/github/almasb/fxgl/17.2/fxgl-17.2.jar!/fxglassets/ui/fonts/Abel-Regular.ttf
12:55:29.868 [FXGL Background Thread 4 ] DEBUG FXGLAssetLoaderServi - Loading from file system: jar:file:/C:/Users/cpn02/.m2/repository/com/github/almasb/fxgl/17.2/fxgl-17.2.jar!/fxglassets/ui/fonts/TerminalLandMono-Regular.otf
12:55:29.870 [FXGL Background Thread 4 ] DEBUG FXGLAssetLoaderServi - Loading from file system: jar:file:/C:/Users/cpn02/.m2/repository/com/github/almasb/fxgl/17.2/fxgl-17.2.jar!/fxglassets/ui/fonts/Courier-Prime.ttf
12:55:29.875 [FXGL Background Thread 1 ] INFO  FXGLApplication      - Game initialization took: 0.016 sec
12:55:29.895 [JavaFX Application Thread] DEBUG FXGLApplication      - Registering font factories with UI factory
12:55:29.897 [JavaFX Application Thread] DEBUG Input                - Clearing active input actions
12:55:29.901 [JavaFX Application Thread] DEBUG GameApplicationServi - Removing overlay from FXGLLoadingScene and adding to GameScene
12:55:29.901 [JavaFX Application Thread] DEBUG PrimaryStageWindow   - FXGLLoadingScene -> GameScene
12:55:32.465 [JavaFX Application Thread] DEBUG FXGLApplication      - Exiting FXGL
12:55:32.465 [JavaFX Application Thread] DEBUG LoopRunner           - Stopping loop
12:55:32.465 [JavaFX Application Thread] DEBUG SystemBundleService  - Saving FXGL system data
12:55:32.467 [JavaFX Application Thread] DEBUG FileSystemAccess     - Writing to: C:\Users\cpn02\OneDrive\document\javafxGame\system\fxgl.bundle
12:55:32.469 [JavaFX Application Thread] DEBUG Async                - Shutting down background threads
12:55:32.469 [JavaFX Application Thread] DEBUG PrimaryStageWindow   - Closing main window
12:55:32.482 [JavaFX Application Thread] DEBUG Logger               - Closing Logger
