15:23:06.728 [main                     ] DEBUG Logger               - Configured Logger
15:23:06.741 [main                     ] DEBUG GameApplication      - Logging settings
Title: Untitled
Version: 0.0
Width: 1920
Height: 1080
Fullscreen: false
Intro: false
Profiling: false
Single step:false
App Mode: DEVELOPER
Menu Key: ESCAPE
Stage Style: DECORATED
Scene Factory: class com.almasb.fxgl.app.scene.SceneFactory

15:23:06.882 [JavaFX Application Thread] DEBUG FXGLApplication      - Initializing FXGL
15:23:06.889 [JavaFX Application Thread] INFO  Engine               - FXGL-17.2 (20.08.2022 16.50) on LINUX (J:17.0.3 FX:18)
15:23:06.889 [JavaFX Application Thread] DEBUG Engine               - JRE Vendor Name: Eclipse Adoptium
15:23:06.889 [JavaFX Application Thread] DEBUG Engine               - Running on OS: Linux version 5.15.0-52-generic
15:23:06.889 [JavaFX Application Thread] DEBUG Engine               - Architecture: amd64
15:23:06.890 [JavaFX Application Thread] INFO  Engine               - Source code and latest versions at: https://github.com/AlmasB/FXGL
15:23:06.890 [JavaFX Application Thread] INFO  Engine               -       Ask questions and discuss at: https://github.com/AlmasB/FXGL/discussions
15:23:06.890 [JavaFX Application Thread] INFO  Engine               -              Join the FXGL chat at: https://gitter.im/AlmasB/FXGL
15:23:06.934 [JavaFX Application Thread] DEBUG PrimaryStageWindow   - Creating a JavaFX scene
15:23:06.934 [JavaFX Application Thread] DEBUG PrimaryStageWindow   - Target size > screen size
15:23:06.952 [JavaFX Application Thread] DEBUG PrimaryStageWindow   - Target settings size: 1920.0 x 1080.0
15:23:06.952 [JavaFX Application Thread] DEBUG PrimaryStageWindow   - Scaled scene size:    1821.0 x 1038.0
15:23:06.952 [JavaFX Application Thread] DEBUG PrimaryStageWindow   - Scaled ratio: (0.9484375, 0.9611111111111111)
15:23:06.953 [JavaFX Application Thread] DEBUG PrimaryStageWindow   - Set initial scene to FXGLStartupScene
15:23:06.957 [JavaFX Application Thread] DEBUG PrimaryStageWindow   - Opening main window
15:23:06.982 [JavaFX Application Thread] DEBUG PrimaryStageWindow   - Window border size: (2.0, 29.0)
15:23:06.982 [JavaFX Application Thread] DEBUG PrimaryStageWindow   - Scaled size: 1821.0 x 1038.0
15:23:06.982 [JavaFX Application Thread] DEBUG PrimaryStageWindow   - Scaled ratio: (0.9484375, 0.9611111111111111)
15:23:06.982 [JavaFX Application Thread] DEBUG PrimaryStageWindow   - Scene size: 1821.0 x 1038.0
15:23:06.983 [JavaFX Application Thread] DEBUG PrimaryStageWindow   - Stage size: 1823.0 x 1067.0
15:23:06.987 [FXGL Background Thread 1 ] DEBUG Engine               - Initializing environment variables
15:23:07.010 [FXGL Background Thread 1 ] DEBUG FXGLAssetLoaderServi - User app class for loading assets: class game.GameApp
15:23:07.010 [FXGL Background Thread 1 ] DEBUG GameApplicationServi - Applying CSS: fxgl_dark.css
15:23:07.010 [FXGL Background Thread 1 ] DEBUG FXGLAssetLoaderServi - Loading from file system: jar:file:/home/2021/pcheng15/.m2/repository/com/github/almasb/fxgl/17.2/fxgl-17.2.jar!/fxglassets/ui/css/fxgl_dark.css
15:23:07.040 [FXGL Background Thread 1 ] DEBUG GameApplicationServi - Initializing application scenes
15:23:07.057 [FXGL Background Thread 1 ] DEBUG GameWorld            - Game world initialized
15:23:07.092 [FXGL Background Thread 1 ] DEBUG PhysicsWorld         - Physics world initialized: appHeight=1080, physics.ppm=50.0
15:23:07.092 [FXGL Background Thread 1 ] DEBUG PhysicsWorld         - Using strategy: BRUTE_FORCE
15:23:07.095 [FXGL Background Thread 1 ] DEBUG GameScene            - Game scene initialized: 1920x1080
15:23:07.104 [FXGL Background Thread 1 ] DEBUG FXGL.DefaultMenu     - createMenuBodyGameMenu()
15:23:07.113 [FXGL Background Thread 1 ] DEBUG FXGL.DefaultMenu     - createOptionsMenu()
15:23:07.121 [FXGL Background Thread 1 ] DEBUG FXGLAssetLoaderServi - Loading from file system: jar:file:/home/2021/pcheng15/.m2/repository/com/github/almasb/fxgl/17.2/fxgl-17.2.jar!/fxglassets/textures/particles/smoke.png
15:23:07.180 [FXGL Background Thread 1 ] DEBUG FXGLAssetLoaderServi - Loading from file system: jar:file:/home/2021/pcheng15/.m2/repository/com/github/almasb/fxgl/17.2/fxgl-17.2.jar!/fxglassets/textures/particles/trace_horizontal.png
15:23:07.204 [FXGL Background Thread 1 ] DEBUG GameApplicationServi - Application scenes initialized
15:23:07.212 [FXGL Background Thread 1 ] DEBUG SystemBundleService  - Loading FXGL system data
15:23:07.215 [FXGL Background Thread 1 ] DEBUG FileSystemAccess     - Reading from: /home/2021/pcheng15/Documents/javafxGame/system/fxgl.bundle
15:23:07.222 [FXGL Background Thread 1 ] DEBUG SystemBundleService  - Bundle FXGL: {}
15:23:07.222 [FXGL Background Thread 1 ] DEBUG UpdaterService       - Checking for updates
15:23:07.225 [FXGL Background Thread 4 ] DEBUG FXGLApplication      - Loading fonts
15:23:07.226 [FXGL Background Thread 1 ] DEBUG FXGLApplication      - Loading default localization
15:23:07.226 [FXGL Background Thread 4 ] DEBUG FXGLAssetLoaderServi - Loading from file system: jar:file:/home/2021/pcheng15/.m2/repository/com/github/almasb/fxgl/17.2/fxgl-17.2.jar!/fxglassets/ui/fonts/VarelaRound-Regular.ttf
15:23:07.226 [FXGL Background Thread 1 ] DEBUG FXGLAssetLoaderServi - Loading from file system: jar:file:/home/2021/pcheng15/.m2/repository/com/github/almasb/fxgl/17.2/fxgl-17.2.jar!/fxglassets/languages/english.lang
15:23:07.234 [FXGL Background Thread 4 ] DEBUG FXGLAssetLoaderServi - Loading from file system: jar:file:/home/2021/pcheng15/.m2/repository/com/github/almasb/fxgl/17.2/fxgl-17.2.jar!/fxglassets/ui/fonts/Abel-Regular.ttf
15:23:07.235 [FXGL Background Thread 4 ] DEBUG FXGLAssetLoaderServi - Loading from file system: jar:file:/home/2021/pcheng15/.m2/repository/com/github/almasb/fxgl/17.2/fxgl-17.2.jar!/fxglassets/ui/fonts/TerminalLandMono-Regular.otf
15:23:07.236 [FXGL Background Thread 4 ] DEBUG FXGLAssetLoaderServi - Loading from file system: jar:file:/home/2021/pcheng15/.m2/repository/com/github/almasb/fxgl/17.2/fxgl-17.2.jar!/fxglassets/ui/fonts/Courier-Prime.ttf
15:23:07.237 [FXGL Background Thread 1 ] INFO  FXGLApplication      - FXGL initialization took: 0.249 sec
15:23:07.238 [JavaFX Application Thread] DEBUG FXGLAssetLoaderServi - Loading from file system: jar:file:/home/2021/pcheng15/.m2/repository/com/github/almasb/fxgl/17.2/fxgl-17.2.jar!/fxglassets/textures/fxgl_icon.png
15:23:07.251 [JavaFX Application Thread] DEBUG FXGLAssetLoaderServi - Loading from file system: jar:file:/home/2021/pcheng15/.m2/repository/com/github/almasb/fxgl/17.2/fxgl-17.2.jar!/fxglassets/textures/fxgl_default_cursor.png
15:23:07.258 [JavaFX Application Thread] DEBUG Input                - Registered new binding: Screenshot - CTRL+8
15:23:07.258 [JavaFX Application Thread] DEBUG Input                - Registered new binding: System info dump - CTRL+9
15:23:07.259 [JavaFX Application Thread] DEBUG Input                - Registered new binding: Restart - CTRL+R
15:23:07.259 [JavaFX Application Thread] DEBUG Input                - Registered new binding: Toggle Debug Camera - CTRL+7
15:23:07.260 [JavaFX Application Thread] DEBUG LoopRunner           - Starting loop
15:23:07.260 [JavaFX Application Thread] DEBUG LoopRunner           - Initializing JavaFX AnimationTimerLoop
15:23:07.261 [JavaFX Application Thread] DEBUG GameApplicationServi - Starting new game
15:23:07.261 [JavaFX Application Thread] DEBUG Input                - Clearing active input actions
15:23:07.268 [JavaFX Application Thread] DEBUG GameApplicationServi - Removing overlay from FXGLStartupScene and adding to FXGLLoadingScene
15:23:07.268 [JavaFX Application Thread] DEBUG PrimaryStageWindow   - FXGLStartupScene -> FXGLLoadingScene
15:23:07.269 [JavaFX Application Thread] DEBUG GameApplicationServi - Clearing previous game
15:23:07.269 [JavaFX Application Thread] DEBUG GameScene            - Clearing game scene
15:23:07.269 [JavaFX Application Thread] DEBUG GameWorld            - Clearing game world
15:23:07.269 [JavaFX Application Thread] DEBUG PhysicsWorld         - Clearing physics world
15:23:07.270 [FXGL Background Thread 4 ] DEBUG FXGLApplication      - Initializing game
15:23:07.270 [JavaFX Application Thread] DEBUG FXGLApplication      - Registering font factories with UI factory
15:23:07.272 [FXGL Background Thread 4 ] DEBUG FXGLAssetLoaderServi - Loading from file system: file:/home/2021/pcheng15/Documents/javafxGame/target/classes/assets/textures/background.png
15:23:07.354 [FXGL Background Thread 4 ] DEBUG FXGLAssetLoaderServi - Loading from file system: file:/home/2021/pcheng15/Documents/javafxGame/target/classes/assets/textures/mat.png
15:23:07.422 [FXGL Background Thread 4 ] DEBUG FXGLAssetLoaderServi - Loading from file system: file:/home/2021/pcheng15/Documents/javafxGame/target/classes/assets/textures/level_one.png
15:23:07.452 [FXGL Background Thread 4 ] DEBUG FXGLAssetLoaderServi - Loading from file system: file:/home/2021/pcheng15/Documents/javafxGame/target/classes/assets/textures/level_two.png
15:23:07.488 [FXGL Background Thread 4 ] DEBUG FXGLAssetLoaderServi - Loading from file system: file:/home/2021/pcheng15/Documents/javafxGame/target/classes/assets/textures/level_three.png
15:23:07.528 [FXGL Background Thread 4 ] DEBUG FXGLAssetLoaderServi - Loading from file system: file:/home/2021/pcheng15/Documents/javafxGame/target/classes/assets/textures/sample_one1.png
15:23:07.559 [FXGL Background Thread 4 ] DEBUG FXGLAssetLoaderServi - Loading from file system: file:/home/2021/pcheng15/Documents/javafxGame/target/classes/assets/textures/sample_two0.png
15:23:07.600 [FXGL Background Thread 4 ] DEBUG FXGLAssetLoaderServi - Loading from file system: file:/home/2021/pcheng15/Documents/javafxGame/target/classes/assets/textures/sample_three1.png
15:23:07.637 [FXGL Background Thread 4 ] DEBUG FXGLAssetLoaderServi - Loading from file system: file:/home/2021/pcheng15/Documents/javafxGame/target/classes/assets/textures/sample_three0.png
15:23:07.672 [FXGL Background Thread 4 ] DEBUG FXGLAssetLoaderServi - Loading from file system: file:/home/2021/pcheng15/Documents/javafxGame/target/classes/assets/textures/sample_two1.png
15:23:07.702 [FXGL Background Thread 4 ] DEBUG FXGLAssetLoaderServi - Loading from file system: file:/home/2021/pcheng15/Documents/javafxGame/target/classes/assets/textures/sample_one0.png
15:23:07.727 [FXGL Background Thread 4 ] INFO  FXGLApplication      - Game initialization took: 0.457 sec
15:23:07.727 [JavaFX Application Thread] DEBUG Input                - Clearing active input actions
15:23:07.737 [JavaFX Application Thread] DEBUG GameApplicationServi - Removing overlay from FXGLLoadingScene and adding to GameScene
15:23:07.737 [JavaFX Application Thread] DEBUG PrimaryStageWindow   - FXGLLoadingScene -> GameScene
15:23:10.224 [FXGL Background Thread 3 ] DEBUG Engine               - Logging environment variables
15:23:10.225 [FXGL Background Thread 3 ] DEBUG Engine               - achievements: []
15:23:10.225 [FXGL Background Thread 3 ] DEBUG Engine               - actualHeight: 1024.0
15:23:10.226 [FXGL Background Thread 3 ] DEBUG Engine               - actualHeightProperty: ReadOnlyDoubleProperty [value: 1046.0]
15:23:10.226 [FXGL Background Thread 3 ] DEBUG Engine               - actualWidth: 1819.0
15:23:10.226 [FXGL Background Thread 3 ] DEBUG Engine               - actualWidthProperty: ReadOnlyDoubleProperty [value: 1819.0]
15:23:10.226 [FXGL Background Thread 3 ] DEBUG Engine               - appIcon: fxgl_icon.png
15:23:10.226 [FXGL Background Thread 3 ] DEBUG Engine               - applicationMode: DEVELOPER
15:23:10.226 [FXGL Background Thread 3 ] DEBUG Engine               - cSSList: [fxgl_dark.css]
15:23:10.226 [FXGL Background Thread 3 ] DEBUG Engine               - collisionDetectionStrategy: BRUTE_FORCE
15:23:10.226 [FXGL Background Thread 3 ] DEBUG Engine               - configClass: Optional.empty
15:23:10.226 [FXGL Background Thread 3 ] DEBUG Engine               - credits: []
15:23:10.226 [FXGL Background Thread 3 ] DEBUG Engine               - defaultCursor: CursorInfo(imageName=fxgl_default_cursor.png, hotspotX=7.0, hotspotY=6.0)
15:23:10.227 [FXGL Background Thread 3 ] DEBUG Engine               - devBBoxColorProperty: ObjectProperty [value: 0xff0000ff]
15:23:10.227 [FXGL Background Thread 3 ] DEBUG Engine               - devEnableDebugCameraProperty: BooleanProperty [value: false]
15:23:10.227 [FXGL Background Thread 3 ] DEBUG Engine               - devSensorColorProperty: ObjectProperty [value: 0xffff00ff]
15:23:10.227 [FXGL Background Thread 3 ] DEBUG Engine               - devShowBBoxProperty: BooleanProperty [value: false]
15:23:10.227 [FXGL Background Thread 3 ] DEBUG Engine               - devShowPositionProperty: BooleanProperty [value: false]
15:23:10.227 [FXGL Background Thread 3 ] DEBUG Engine               - enabledMenuItems: []
15:23:10.227 [FXGL Background Thread 3 ] DEBUG Engine               - engineServices: [class com.almasb.fxgl.app.services.FXGLAssetLoaderService, class com.almasb.fxgl.app.FXGLApplication$GameApplicationService, class com.almasb.fxgl.app.services.FXGLDialogService, class com.almasb.fxgl.app.services.IOTaskExecutorService, class com.almasb.fxgl.io.FileSystemService, class com.almasb.fxgl.localization.LocalizationService, class com.almasb.fxgl.app.services.SystemBundleService, class com.almasb.fxgl.profile.SaveLoadService, class com.almasb.fxgl.ui.FXGLUIFactoryServiceProvider, class com.almasb.fxgl.ui.FXGLDialogFactoryServiceProvider, class com.almasb.fxgl.audio.AudioPlayer, class com.almasb.fxgl.notification.impl.NotificationServiceProvider, class com.almasb.fxgl.achievement.AchievementService, class com.almasb.fxgl.cutscene.CutsceneService, class com.almasb.fxgl.minigames.MiniGameService, class com.almasb.fxgl.net.NetService, class com.almasb.fxgl.app.services.UpdaterService, class com.almasb.fxgl.dev.DevService]
15:23:10.227 [FXGL Background Thread 3 ] DEBUG Engine               - fontGame: Abel-Regular.ttf
15:23:10.227 [FXGL Background Thread 3 ] DEBUG Engine               - fontMono: TerminalLandMono-Regular.otf
15:23:10.227 [FXGL Background Thread 3 ] DEBUG Engine               - fontText: Courier-Prime.ttf
15:23:10.228 [FXGL Background Thread 3 ] DEBUG Engine               - fontUI: VarelaRound-Regular.ttf
15:23:10.228 [FXGL Background Thread 3 ] DEBUG Engine               - fullScreen: BooleanProperty [value: false]
15:23:10.228 [FXGL Background Thread 3 ] DEBUG Engine               - gameDifficulty: MEDIUM
15:23:10.228 [FXGL Background Thread 3 ] DEBUG Engine               - gameDifficultyProperty: ObjectProperty [value: MEDIUM]
15:23:10.228 [FXGL Background Thread 3 ] DEBUG Engine               - globalMusicVolume: 0.5
15:23:10.228 [FXGL Background Thread 3 ] DEBUG Engine               - globalMusicVolumeProperty: DoubleProperty [value: 0.5]
15:23:10.228 [FXGL Background Thread 3 ] DEBUG Engine               - globalSoundVolume: 0.5
15:23:10.228 [FXGL Background Thread 3 ] DEBUG Engine               - globalSoundVolumeProperty: DoubleProperty [value: 0.5]
15:23:10.228 [FXGL Background Thread 3 ] DEBUG Engine               - height: 1080
15:23:10.228 [FXGL Background Thread 3 ] DEBUG Engine               - is3D: false
15:23:10.228 [FXGL Background Thread 3 ] DEBUG Engine               - isAndroid: false
15:23:10.229 [FXGL Background Thread 3 ] DEBUG Engine               - isBrowser: false
15:23:10.229 [FXGL Background Thread 3 ] DEBUG Engine               - isClickFeedbackEnabled: false
15:23:10.229 [FXGL Background Thread 3 ] DEBUG Engine               - isCloseConfirmation: false
15:23:10.229 [FXGL Background Thread 3 ] DEBUG Engine               - isDesktop: true
15:23:10.229 [FXGL Background Thread 3 ] DEBUG Engine               - isDeveloperMenuEnabled: false
15:23:10.229 [FXGL Background Thread 3 ] DEBUG Engine               - isEmbedded: false
15:23:10.229 [FXGL Background Thread 3 ] DEBUG Engine               - isEntityPreloadEnabled: true
15:23:10.229 [FXGL Background Thread 3 ] DEBUG Engine               - isExperimentalTiledLargeMap: false
15:23:10.229 [FXGL Background Thread 3 ] DEBUG Engine               - isFileSystemWriteAllowed: true
15:23:10.229 [FXGL Background Thread 3 ] DEBUG Engine               - isFullScreenAllowed: false
15:23:10.229 [FXGL Background Thread 3 ] DEBUG Engine               - isFullScreenFromStart: false
15:23:10.229 [FXGL Background Thread 3 ] DEBUG Engine               - isGameMenuEnabled: true
15:23:10.229 [FXGL Background Thread 3 ] DEBUG Engine               - isIOS: false
15:23:10.229 [FXGL Background Thread 3 ] DEBUG Engine               - isIntroEnabled: false
15:23:10.230 [FXGL Background Thread 3 ] DEBUG Engine               - isLinux: true
15:23:10.230 [FXGL Background Thread 3 ] DEBUG Engine               - isMac: false
15:23:10.230 [FXGL Background Thread 3 ] DEBUG Engine               - isMainMenuEnabled: false
15:23:10.230 [FXGL Background Thread 3 ] DEBUG Engine               - isManualResizeEnabled: false
15:23:10.230 [FXGL Background Thread 3 ] DEBUG Engine               - isMobile: false
15:23:10.230 [FXGL Background Thread 3 ] DEBUG Engine               - isNative: false
15:23:10.230 [FXGL Background Thread 3 ] DEBUG Engine               - isPauseMusicWhenMinimized: true
15:23:10.230 [FXGL Background Thread 3 ] DEBUG Engine               - isPreserveResizeRatio: false
15:23:10.230 [FXGL Background Thread 3 ] DEBUG Engine               - isProfilingEnabled: false
15:23:10.230 [FXGL Background Thread 3 ] DEBUG Engine               - isScaleAffectedOnResize: true
15:23:10.230 [FXGL Background Thread 3 ] DEBUG Engine               - isSingleStep: false
15:23:10.230 [FXGL Background Thread 3 ] DEBUG Engine               - isUserProfileEnabled: false
15:23:10.230 [FXGL Background Thread 3 ] DEBUG Engine               - isWindows: false
15:23:10.230 [FXGL Background Thread 3 ] DEBUG Engine               - language: ObjectProperty [value: ENGLISH]
15:23:10.231 [FXGL Background Thread 3 ] DEBUG Engine               - menuKey: ESCAPE
15:23:10.231 [FXGL Background Thread 3 ] DEBUG Engine               - mouseSensitivity: 0.2
15:23:10.231 [FXGL Background Thread 3 ] DEBUG Engine               - notificationViewClass: class com.almasb.fxgl.notification.view.XboxNotificationView
15:23:10.231 [FXGL Background Thread 3 ] DEBUG Engine               - pixelsPerMeter: 50.0
15:23:10.231 [FXGL Background Thread 3 ] DEBUG Engine               - platform: LINUX
15:23:10.231 [FXGL Background Thread 3 ] DEBUG Engine               - prefHeightProperty: ReadOnlyDoubleProperty [value: 1080.0]
15:23:10.231 [FXGL Background Thread 3 ] DEBUG Engine               - prefWidthProperty: ReadOnlyDoubleProperty [value: 1920.0]
15:23:10.231 [FXGL Background Thread 3 ] DEBUG Engine               - profileDir: profiles/
15:23:10.231 [FXGL Background Thread 3 ] DEBUG Engine               - profileName: StringProperty [value: DEFAULT]
15:23:10.231 [FXGL Background Thread 3 ] DEBUG Engine               - randomSeed: -1
15:23:10.231 [FXGL Background Thread 3 ] DEBUG Engine               - runtimeInfo: RuntimeInfo(platform=LINUX, version=17.2, build=20.08.2022 16.50)
15:23:10.231 [FXGL Background Thread 3 ] DEBUG Engine               - saveFileExt: sav
15:23:10.231 [FXGL Background Thread 3 ] DEBUG Engine               - scaledHeightProp$fxgl: DoubleProperty [bound, value: 1046.0]
15:23:10.231 [FXGL Background Thread 3 ] DEBUG Engine               - scaledWidthProp$fxgl: DoubleProperty [bound, value: 1819.0]
15:23:10.232 [FXGL Background Thread 3 ] DEBUG Engine               - sceneFactory: com.almasb.fxgl.app.scene.SceneFactory@54156845
15:23:10.232 [FXGL Background Thread 3 ] DEBUG Engine               - secondsIn24h: 60
15:23:10.232 [FXGL Background Thread 3 ] DEBUG Engine               - soundMenuBack: menu/back.wav
15:23:10.232 [FXGL Background Thread 3 ] DEBUG Engine               - soundMenuPress: menu/press.wav
15:23:10.232 [FXGL Background Thread 3 ] DEBUG Engine               - soundMenuSelect: menu/select.wav
15:23:10.232 [FXGL Background Thread 3 ] DEBUG Engine               - soundNotification: core/notification.wav
15:23:10.232 [FXGL Background Thread 3 ] DEBUG Engine               - stageStyle: DECORATED
15:23:10.232 [FXGL Background Thread 3 ] DEBUG Engine               - supportedLanguages: [ENGLISH, FRENCH, GERMAN, HUNGARIAN, RUSSIAN]
15:23:10.232 [FXGL Background Thread 3 ] DEBUG Engine               - ticksPerSecond: -1
15:23:10.232 [FXGL Background Thread 3 ] DEBUG Engine               - title: Untitled
15:23:10.232 [FXGL Background Thread 3 ] DEBUG Engine               - urlGithub: https://github.com/AlmasB/FXGL
15:23:10.232 [FXGL Background Thread 3 ] DEBUG Engine               - urlLeaderboard: http://fxgl-top.herokuapp.com/
15:23:10.232 [FXGL Background Thread 3 ] DEBUG Engine               - urlPOM: https://raw.githubusercontent.com/AlmasB/FXGL/release/README.md
15:23:10.232 [FXGL Background Thread 3 ] DEBUG Engine               - userAppClass: class game.GameApp
15:23:10.232 [FXGL Background Thread 3 ] DEBUG Engine               - version: 0.0
15:23:10.232 [FXGL Background Thread 3 ] DEBUG Engine               - versionCheckDays: 7
15:23:10.233 [FXGL Background Thread 3 ] DEBUG Engine               - width: 1920
15:23:10.233 [FXGL Background Thread 3 ] DEBUG Engine               - Logging services
15:23:10.233 [FXGL Background Thread 3 ] DEBUG Engine               - class com.almasb.fxgl.app.services.FXGLAssetLoaderService
15:23:10.233 [FXGL Background Thread 3 ] DEBUG Engine               - class com.almasb.fxgl.app.FXGLApplication$GameApplicationService
15:23:10.233 [FXGL Background Thread 3 ] DEBUG Engine               - class com.almasb.fxgl.app.services.FXGLDialogService
15:23:10.233 [FXGL Background Thread 3 ] DEBUG Engine               - class com.almasb.fxgl.app.services.IOTaskExecutorService
15:23:10.233 [FXGL Background Thread 3 ] DEBUG Engine               - class com.almasb.fxgl.io.FileSystemService
15:23:10.233 [FXGL Background Thread 3 ] DEBUG Engine               - class com.almasb.fxgl.localization.LocalizationService
15:23:10.233 [FXGL Background Thread 3 ] DEBUG Engine               - class com.almasb.fxgl.app.services.SystemBundleService
15:23:10.233 [FXGL Background Thread 3 ] DEBUG Engine               - class com.almasb.fxgl.profile.SaveLoadService
15:23:10.233 [FXGL Background Thread 3 ] DEBUG Engine               - class com.almasb.fxgl.ui.FXGLUIFactoryServiceProvider
15:23:10.233 [FXGL Background Thread 3 ] DEBUG Engine               - class com.almasb.fxgl.ui.FXGLDialogFactoryServiceProvider
15:23:10.233 [FXGL Background Thread 3 ] DEBUG Engine               - class com.almasb.fxgl.audio.AudioPlayer
15:23:10.233 [FXGL Background Thread 3 ] DEBUG Engine               - class com.almasb.fxgl.notification.impl.NotificationServiceProvider
15:23:10.233 [FXGL Background Thread 3 ] DEBUG Engine               - class com.almasb.fxgl.achievement.AchievementService
15:23:10.233 [FXGL Background Thread 3 ] DEBUG Engine               - class com.almasb.fxgl.cutscene.CutsceneService
15:23:10.233 [FXGL Background Thread 3 ] DEBUG Engine               - class com.almasb.fxgl.minigames.MiniGameService
15:23:10.234 [FXGL Background Thread 3 ] DEBUG Engine               - class com.almasb.fxgl.net.NetService
15:23:10.234 [FXGL Background Thread 3 ] DEBUG Engine               - class com.almasb.fxgl.app.services.UpdaterService
15:23:10.234 [FXGL Background Thread 3 ] DEBUG Engine               - class com.almasb.fxgl.dev.DevService
15:23:10.813 [JavaFX Application Thread] DEBUG FXGLApplication      - Exiting FXGL
15:23:10.813 [JavaFX Application Thread] DEBUG LoopRunner           - Stopping loop
15:23:10.813 [JavaFX Application Thread] DEBUG SystemBundleService  - Saving FXGL system data
15:23:10.815 [JavaFX Application Thread] DEBUG FileSystemAccess     - Writing to: /home/2021/pcheng15/Documents/javafxGame/system/fxgl.bundle
15:23:10.817 [JavaFX Application Thread] DEBUG Async                - Shutting down background threads
15:23:10.817 [JavaFX Application Thread] DEBUG PrimaryStageWindow   - Closing main window
15:23:10.818 [JavaFX Application Thread] DEBUG Logger               - Closing Logger
