12:57:40.127 [main                     ] DEBUG Logger               - Configured Logger
12:57:40.152 [main                     ] DEBUG GameApplication      - Logging settings
Title: Untitled
Version: 0.0
Width: 1280
Height: 720
Fullscreen: false
Intro: false
Profiling: false
Single step:false
App Mode: DEVELOPER
Menu Key: ESCAPE
Stage Style: DECORATED
Scene Factory: class com.almasb.fxgl.app.scene.SceneFactory

12:57:40.784 [JavaFX Application Thread] DEBUG FXGLApplication      - Initializing FXGL
12:57:40.788 [JavaFX Application Thread] INFO  Engine               - FXGL-17.2 (20.08.2022 16.50) on WINDOWS (J:17.0.2 FX:18)
12:57:40.788 [JavaFX Application Thread] DEBUG Engine               - JRE Vendor Name: Oracle Corporation
12:57:40.789 [JavaFX Application Thread] DEBUG Engine               - Running on OS: Windows 11 version 10.0
12:57:40.789 [JavaFX Application Thread] DEBUG Engine               - Architecture: amd64
12:57:40.789 [JavaFX Application Thread] INFO  Engine               - Source code and latest versions at: https://github.com/AlmasB/FXGL
12:57:40.789 [JavaFX Application Thread] INFO  Engine               -       Ask questions and discuss at: https://github.com/AlmasB/FXGL/discussions
12:57:40.789 [JavaFX Application Thread] INFO  Engine               -              Join the FXGL chat at: https://gitter.im/AlmasB/FXGL
12:57:40.864 [JavaFX Application Thread] DEBUG PrimaryStageWindow   - Creating a JavaFX scene
12:57:40.894 [JavaFX Application Thread] DEBUG PrimaryStageWindow   - Target settings size: 1280.0 x 720.0
12:57:40.894 [JavaFX Application Thread] DEBUG PrimaryStageWindow   - Scaled scene size:    1280.0 x 720.0
12:57:40.894 [JavaFX Application Thread] DEBUG PrimaryStageWindow   - Scaled ratio: (1.0, 1.0)
12:57:40.895 [JavaFX Application Thread] DEBUG PrimaryStageWindow   - Set initial scene to FXGLStartupScene
12:57:40.901 [JavaFX Application Thread] DEBUG PrimaryStageWindow   - Opening main window
12:57:40.980 [JavaFX Application Thread] DEBUG PrimaryStageWindow   - Window border size: (14.6666259765625, 37.33331298828125)
12:57:40.980 [JavaFX Application Thread] DEBUG PrimaryStageWindow   - Scaled size: 1280.0 x 720.0
12:57:40.981 [JavaFX Application Thread] DEBUG PrimaryStageWindow   - Scaled ratio: (1.0, 1.0)
12:57:40.981 [JavaFX Application Thread] DEBUG PrimaryStageWindow   - Scene size: 1280.0 x 720.0
12:57:40.981 [JavaFX Application Thread] DEBUG PrimaryStageWindow   - Stage size: 1294.6666259765625 x 757.3333129882812
12:57:40.992 [FXGL Background Thread 1 ] DEBUG Engine               - Initializing environment variables
12:57:41.036 [FXGL Background Thread 1 ] DEBUG FXGLAssetLoaderServi - User app class for loading assets: class game.GameApp
12:57:41.036 [FXGL Background Thread 1 ] DEBUG GameApplicationServi - Applying CSS: fxgl_dark.css
12:57:41.037 [FXGL Background Thread 1 ] DEBUG FXGLAssetLoaderServi - Loading from file system: jar:file:/C:/Users/cpn02/.m2/repository/com/github/almasb/fxgl/17.2/fxgl-17.2.jar!/fxglassets/ui/css/fxgl_dark.css
12:57:41.074 [FXGL Background Thread 1 ] DEBUG GameApplicationServi - Initializing application scenes
12:57:41.118 [FXGL Background Thread 1 ] DEBUG GameWorld            - Game world initialized
12:57:41.168 [FXGL Background Thread 1 ] DEBUG PhysicsWorld         - Physics world initialized: appHeight=720, physics.ppm=50.0
12:57:41.169 [FXGL Background Thread 1 ] DEBUG PhysicsWorld         - Using strategy: BRUTE_FORCE
12:57:41.173 [FXGL Background Thread 1 ] DEBUG GameScene            - Game scene initialized: 1280x720
12:57:41.189 [FXGL Background Thread 1 ] DEBUG FXGL.DefaultMenu     - createMenuBodyGameMenu()
12:57:41.205 [FXGL Background Thread 1 ] DEBUG FXGL.DefaultMenu     - createOptionsMenu()
12:57:41.216 [FXGL Background Thread 1 ] DEBUG FXGLAssetLoaderServi - Loading from file system: jar:file:/C:/Users/cpn02/.m2/repository/com/github/almasb/fxgl/17.2/fxgl-17.2.jar!/fxglassets/textures/particles/smoke.png
12:57:41.291 [FXGL Background Thread 1 ] DEBUG FXGLAssetLoaderServi - Loading from file system: jar:file:/C:/Users/cpn02/.m2/repository/com/github/almasb/fxgl/17.2/fxgl-17.2.jar!/fxglassets/textures/particles/trace_horizontal.png
12:57:41.316 [FXGL Background Thread 1 ] DEBUG GameApplicationServi - Application scenes initialized
12:57:41.331 [FXGL Background Thread 1 ] DEBUG SystemBundleService  - Loading FXGL system data
12:57:41.335 [FXGL Background Thread 1 ] DEBUG FileSystemAccess     - Reading from: C:\Users\cpn02\OneDrive\document\javafxGame\system\fxgl.bundle
12:57:41.342 [FXGL Background Thread 1 ] DEBUG SystemBundleService  - Bundle FXGL: {}
12:57:41.342 [FXGL Background Thread 1 ] DEBUG UpdaterService       - Checking for updates
12:57:41.346 [FXGL Background Thread 4 ] DEBUG FXGLApplication      - Loading fonts
12:57:41.347 [FXGL Background Thread 4 ] DEBUG FXGLAssetLoaderServi - Loading from file system: jar:file:/C:/Users/cpn02/.m2/repository/com/github/almasb/fxgl/17.2/fxgl-17.2.jar!/fxglassets/ui/fonts/VarelaRound-Regular.ttf
12:57:41.347 [FXGL Background Thread 1 ] DEBUG FXGLApplication      - Loading default localization
12:57:41.348 [FXGL Background Thread 1 ] DEBUG FXGLAssetLoaderServi - Loading from file system: jar:file:/C:/Users/cpn02/.m2/repository/com/github/almasb/fxgl/17.2/fxgl-17.2.jar!/fxglassets/languages/english.lang
12:57:41.374 [FXGL Background Thread 1 ] INFO  FXGLApplication      - FXGL initialization took: 0.382 sec
12:57:41.376 [JavaFX Application Thread] DEBUG FXGLAssetLoaderServi - Loading from file system: jar:file:/C:/Users/cpn02/.m2/repository/com/github/almasb/fxgl/17.2/fxgl-17.2.jar!/fxglassets/textures/fxgl_icon.png
12:57:41.391 [JavaFX Application Thread] DEBUG FXGLAssetLoaderServi - Loading from file system: jar:file:/C:/Users/cpn02/.m2/repository/com/github/almasb/fxgl/17.2/fxgl-17.2.jar!/fxglassets/textures/fxgl_default_cursor.png
12:57:41.404 [JavaFX Application Thread] DEBUG Input                - Registered new binding: Screenshot - CTRL+8
12:57:41.405 [JavaFX Application Thread] DEBUG Input                - Registered new binding: System info dump - CTRL+9
12:57:41.406 [JavaFX Application Thread] DEBUG Input                - Registered new binding: Restart - CTRL+R
12:57:41.407 [JavaFX Application Thread] DEBUG Input                - Registered new binding: Toggle Debug Camera - CTRL+7
12:57:41.412 [JavaFX Application Thread] DEBUG LoopRunner           - Starting loop
12:57:41.412 [JavaFX Application Thread] DEBUG LoopRunner           - Initializing JavaFX AnimationTimerLoop
12:57:41.414 [JavaFX Application Thread] DEBUG GameApplicationServi - Starting new game
12:57:41.414 [JavaFX Application Thread] DEBUG Input                - Clearing active input actions
12:57:41.426 [JavaFX Application Thread] DEBUG GameApplicationServi - Removing overlay from FXGLStartupScene and adding to FXGLLoadingScene
12:57:41.427 [JavaFX Application Thread] DEBUG PrimaryStageWindow   - FXGLStartupScene -> FXGLLoadingScene
12:57:41.427 [JavaFX Application Thread] DEBUG GameApplicationServi - Clearing previous game
12:57:41.427 [JavaFX Application Thread] DEBUG GameScene            - Clearing game scene
12:57:41.427 [JavaFX Application Thread] DEBUG GameWorld            - Clearing game world
12:57:41.427 [JavaFX Application Thread] DEBUG PhysicsWorld         - Clearing physics world
12:57:41.429 [FXGL Background Thread 1 ] DEBUG FXGLApplication      - Initializing game
12:57:41.432 [FXGL Background Thread 4 ] DEBUG FXGLAssetLoaderServi - Loading from file system: jar:file:/C:/Users/cpn02/.m2/repository/com/github/almasb/fxgl/17.2/fxgl-17.2.jar!/fxglassets/ui/fonts/Abel-Regular.ttf
12:57:41.436 [FXGL Background Thread 4 ] DEBUG FXGLAssetLoaderServi - Loading from file system: jar:file:/C:/Users/cpn02/.m2/repository/com/github/almasb/fxgl/17.2/fxgl-17.2.jar!/fxglassets/ui/fonts/TerminalLandMono-Regular.otf
12:57:41.437 [FXGL Background Thread 1 ] DEBUG FXGLAssetLoaderServi - Loading from file system: file:/C:/Users/cpn02/OneDrive/document/javafxGame/target/classes/assets/textures/sample.png
12:57:41.439 [FXGL Background Thread 4 ] DEBUG FXGLAssetLoaderServi - Loading from file system: jar:file:/C:/Users/cpn02/.m2/repository/com/github/almasb/fxgl/17.2/fxgl-17.2.jar!/fxglassets/ui/fonts/Courier-Prime.ttf
12:57:41.457 [FXGL Background Thread 1 ] INFO  FXGLApplication      - Game initialization took: 0.028 sec
12:57:41.479 [JavaFX Application Thread] DEBUG FXGLApplication      - Registering font factories with UI factory
12:57:41.481 [JavaFX Application Thread] DEBUG Input                - Clearing active input actions
12:57:41.488 [JavaFX Application Thread] DEBUG GameApplicationServi - Removing overlay from FXGLLoadingScene and adding to GameScene
12:57:41.488 [JavaFX Application Thread] DEBUG PrimaryStageWindow   - FXGLLoadingScene -> GameScene
12:57:44.346 [FXGL Background Thread 3 ] DEBUG Engine               - Logging environment variables
12:57:44.347 [FXGL Background Thread 3 ] DEBUG Engine               - achievements: []
12:57:44.347 [FXGL Background Thread 3 ] DEBUG Engine               - actualHeight: 720.0
12:57:44.347 [FXGL Background Thread 3 ] DEBUG Engine               - actualHeightProperty: ReadOnlyDoubleProperty [value: 720.0]
12:57:44.347 [FXGL Background Thread 3 ] DEBUG Engine               - actualWidth: 1280.0
12:57:44.347 [FXGL Background Thread 3 ] DEBUG Engine               - actualWidthProperty: ReadOnlyDoubleProperty [value: 1280.0]
12:57:44.347 [FXGL Background Thread 3 ] DEBUG Engine               - appIcon: fxgl_icon.png
12:57:44.348 [FXGL Background Thread 3 ] DEBUG Engine               - applicationMode: DEVELOPER
12:57:44.348 [FXGL Background Thread 3 ] DEBUG Engine               - cSSList: [fxgl_dark.css]
12:57:44.348 [FXGL Background Thread 3 ] DEBUG Engine               - collisionDetectionStrategy: BRUTE_FORCE
12:57:44.348 [FXGL Background Thread 3 ] DEBUG Engine               - configClass: Optional.empty
12:57:44.348 [FXGL Background Thread 3 ] DEBUG Engine               - credits: []
12:57:44.348 [FXGL Background Thread 3 ] DEBUG Engine               - defaultCursor: CursorInfo(imageName=fxgl_default_cursor.png, hotspotX=7.0, hotspotY=6.0)
12:57:44.348 [FXGL Background Thread 3 ] DEBUG Engine               - devBBoxColorProperty: ObjectProperty [value: 0xff0000ff]
12:57:44.348 [FXGL Background Thread 3 ] DEBUG Engine               - devEnableDebugCameraProperty: BooleanProperty [value: false]
12:57:44.349 [FXGL Background Thread 3 ] DEBUG Engine               - devSensorColorProperty: ObjectProperty [value: 0xffff00ff]
12:57:44.349 [FXGL Background Thread 3 ] DEBUG Engine               - devShowBBoxProperty: BooleanProperty [value: false]
12:57:44.349 [FXGL Background Thread 3 ] DEBUG Engine               - devShowPositionProperty: BooleanProperty [value: false]
12:57:44.349 [FXGL Background Thread 3 ] DEBUG Engine               - enabledMenuItems: []
12:57:44.349 [FXGL Background Thread 3 ] DEBUG Engine               - engineServices: [class com.almasb.fxgl.app.services.FXGLAssetLoaderService, class com.almasb.fxgl.app.FXGLApplication$GameApplicationService, class com.almasb.fxgl.app.services.FXGLDialogService, class com.almasb.fxgl.app.services.IOTaskExecutorService, class com.almasb.fxgl.io.FileSystemService, class com.almasb.fxgl.localization.LocalizationService, class com.almasb.fxgl.app.services.SystemBundleService, class com.almasb.fxgl.profile.SaveLoadService, class com.almasb.fxgl.ui.FXGLUIFactoryServiceProvider, class com.almasb.fxgl.ui.FXGLDialogFactoryServiceProvider, class com.almasb.fxgl.audio.AudioPlayer, class com.almasb.fxgl.notification.impl.NotificationServiceProvider, class com.almasb.fxgl.achievement.AchievementService, class com.almasb.fxgl.cutscene.CutsceneService, class com.almasb.fxgl.minigames.MiniGameService, class com.almasb.fxgl.net.NetService, class com.almasb.fxgl.app.services.UpdaterService, class com.almasb.fxgl.dev.DevService]
12:57:44.349 [FXGL Background Thread 3 ] DEBUG Engine               - fontGame: Abel-Regular.ttf
12:57:44.349 [FXGL Background Thread 3 ] DEBUG Engine               - fontMono: TerminalLandMono-Regular.otf
12:57:44.349 [FXGL Background Thread 3 ] DEBUG Engine               - fontText: Courier-Prime.ttf
12:57:44.349 [FXGL Background Thread 3 ] DEBUG Engine               - fontUI: VarelaRound-Regular.ttf
12:57:44.349 [FXGL Background Thread 3 ] DEBUG Engine               - fullScreen: BooleanProperty [value: false]
12:57:44.349 [FXGL Background Thread 3 ] DEBUG Engine               - gameDifficulty: MEDIUM
12:57:44.349 [FXGL Background Thread 3 ] DEBUG Engine               - gameDifficultyProperty: ObjectProperty [value: MEDIUM]
12:57:44.349 [FXGL Background Thread 3 ] DEBUG Engine               - globalMusicVolume: 0.5
12:57:44.350 [FXGL Background Thread 3 ] DEBUG Engine               - globalMusicVolumeProperty: DoubleProperty [value: 0.5]
12:57:44.350 [FXGL Background Thread 3 ] DEBUG Engine               - globalSoundVolume: 0.5
12:57:44.350 [FXGL Background Thread 3 ] DEBUG Engine               - globalSoundVolumeProperty: DoubleProperty [value: 0.5]
12:57:44.350 [FXGL Background Thread 3 ] DEBUG Engine               - height: 720
12:57:44.350 [FXGL Background Thread 3 ] DEBUG Engine               - is3D: false
12:57:44.350 [FXGL Background Thread 3 ] DEBUG Engine               - isAndroid: false
12:57:44.350 [FXGL Background Thread 3 ] DEBUG Engine               - isBrowser: false
12:57:44.350 [FXGL Background Thread 3 ] DEBUG Engine               - isClickFeedbackEnabled: false
12:57:44.350 [FXGL Background Thread 3 ] DEBUG Engine               - isCloseConfirmation: false
12:57:44.350 [FXGL Background Thread 3 ] DEBUG Engine               - isDesktop: true
12:57:44.350 [FXGL Background Thread 3 ] DEBUG Engine               - isDeveloperMenuEnabled: false
12:57:44.350 [FXGL Background Thread 3 ] DEBUG Engine               - isEmbedded: false
12:57:44.350 [FXGL Background Thread 3 ] DEBUG Engine               - isEntityPreloadEnabled: true
12:57:44.350 [FXGL Background Thread 3 ] DEBUG Engine               - isExperimentalTiledLargeMap: false
12:57:44.350 [FXGL Background Thread 3 ] DEBUG Engine               - isFileSystemWriteAllowed: true
12:57:44.351 [FXGL Background Thread 3 ] DEBUG Engine               - isFullScreenAllowed: false
12:57:44.351 [FXGL Background Thread 3 ] DEBUG Engine               - isFullScreenFromStart: false
12:57:44.351 [FXGL Background Thread 3 ] DEBUG Engine               - isGameMenuEnabled: true
12:57:44.351 [FXGL Background Thread 3 ] DEBUG Engine               - isIOS: false
12:57:44.351 [FXGL Background Thread 3 ] DEBUG Engine               - isIntroEnabled: false
12:57:44.351 [FXGL Background Thread 3 ] DEBUG Engine               - isLinux: false
12:57:44.351 [FXGL Background Thread 3 ] DEBUG Engine               - isMac: false
12:57:44.351 [FXGL Background Thread 3 ] DEBUG Engine               - isMainMenuEnabled: false
12:57:44.351 [FXGL Background Thread 3 ] DEBUG Engine               - isManualResizeEnabled: false
12:57:44.351 [FXGL Background Thread 3 ] DEBUG Engine               - isMobile: false
12:57:44.351 [FXGL Background Thread 3 ] DEBUG Engine               - isNative: false
12:57:44.351 [FXGL Background Thread 3 ] DEBUG Engine               - isPauseMusicWhenMinimized: true
12:57:44.351 [FXGL Background Thread 3 ] DEBUG Engine               - isPreserveResizeRatio: false
12:57:44.351 [FXGL Background Thread 3 ] DEBUG Engine               - isProfilingEnabled: false
12:57:44.351 [FXGL Background Thread 3 ] DEBUG Engine               - isScaleAffectedOnResize: true
12:57:44.352 [FXGL Background Thread 3 ] DEBUG Engine               - isSingleStep: false
12:57:44.352 [FXGL Background Thread 3 ] DEBUG Engine               - isUserProfileEnabled: false
12:57:44.352 [FXGL Background Thread 3 ] DEBUG Engine               - isWindows: true
12:57:44.352 [FXGL Background Thread 3 ] DEBUG Engine               - language: ObjectProperty [value: ENGLISH]
12:57:44.352 [FXGL Background Thread 3 ] DEBUG Engine               - menuKey: ESCAPE
12:57:44.352 [FXGL Background Thread 3 ] DEBUG Engine               - mouseSensitivity: 0.2
12:57:44.352 [FXGL Background Thread 3 ] DEBUG Engine               - notificationViewClass: class com.almasb.fxgl.notification.view.XboxNotificationView
12:57:44.352 [FXGL Background Thread 3 ] DEBUG Engine               - pixelsPerMeter: 50.0
12:57:44.352 [FXGL Background Thread 3 ] DEBUG Engine               - platform: WINDOWS
12:57:44.352 [FXGL Background Thread 3 ] DEBUG Engine               - prefHeightProperty: ReadOnlyDoubleProperty [value: 720.0]
12:57:44.352 [FXGL Background Thread 3 ] DEBUG Engine               - prefWidthProperty: ReadOnlyDoubleProperty [value: 1280.0]
12:57:44.352 [FXGL Background Thread 3 ] DEBUG Engine               - profileDir: profiles/
12:57:44.352 [FXGL Background Thread 3 ] DEBUG Engine               - profileName: StringProperty [value: DEFAULT]
12:57:44.353 [FXGL Background Thread 3 ] DEBUG Engine               - randomSeed: -1
12:57:44.353 [FXGL Background Thread 3 ] DEBUG Engine               - runtimeInfo: RuntimeInfo(platform=WINDOWS, version=17.2, build=20.08.2022 16.50)
12:57:44.353 [FXGL Background Thread 3 ] DEBUG Engine               - saveFileExt: sav
12:57:44.353 [FXGL Background Thread 3 ] DEBUG Engine               - scaledHeightProp$fxgl: DoubleProperty [bound, value: 720.0]
12:57:44.353 [FXGL Background Thread 3 ] DEBUG Engine               - scaledWidthProp$fxgl: DoubleProperty [bound, value: 1280.0]
12:57:44.353 [FXGL Background Thread 3 ] DEBUG Engine               - sceneFactory: com.almasb.fxgl.app.scene.SceneFactory@26d6954
12:57:44.353 [FXGL Background Thread 3 ] DEBUG Engine               - secondsIn24h: 60
12:57:44.353 [FXGL Background Thread 3 ] DEBUG Engine               - soundMenuBack: menu/back.wav
12:57:44.354 [FXGL Background Thread 3 ] DEBUG Engine               - soundMenuPress: menu/press.wav
12:57:44.354 [FXGL Background Thread 3 ] DEBUG Engine               - soundMenuSelect: menu/select.wav
12:57:44.354 [FXGL Background Thread 3 ] DEBUG Engine               - soundNotification: core/notification.wav
12:57:44.354 [FXGL Background Thread 3 ] DEBUG Engine               - stageStyle: DECORATED
12:57:44.354 [FXGL Background Thread 3 ] DEBUG Engine               - supportedLanguages: [ENGLISH, FRENCH, GERMAN, HUNGARIAN, RUSSIAN]
12:57:44.354 [FXGL Background Thread 3 ] DEBUG Engine               - ticksPerSecond: -1
12:57:44.354 [FXGL Background Thread 3 ] DEBUG Engine               - title: Untitled
12:57:44.354 [FXGL Background Thread 3 ] DEBUG Engine               - urlGithub: https://github.com/AlmasB/FXGL
12:57:44.354 [FXGL Background Thread 3 ] DEBUG Engine               - urlLeaderboard: http://fxgl-top.herokuapp.com/
12:57:44.354 [FXGL Background Thread 3 ] DEBUG Engine               - urlPOM: https://raw.githubusercontent.com/AlmasB/FXGL/release/README.md
12:57:44.354 [FXGL Background Thread 3 ] DEBUG Engine               - userAppClass: class game.GameApp
12:57:44.354 [FXGL Background Thread 3 ] DEBUG Engine               - version: 0.0
12:57:44.354 [FXGL Background Thread 3 ] DEBUG Engine               - versionCheckDays: 7
12:57:44.354 [FXGL Background Thread 3 ] DEBUG Engine               - width: 1280
12:57:44.354 [FXGL Background Thread 3 ] DEBUG Engine               - Logging services
12:57:44.354 [FXGL Background Thread 3 ] DEBUG Engine               - class com.almasb.fxgl.app.services.FXGLAssetLoaderService
12:57:44.354 [FXGL Background Thread 3 ] DEBUG Engine               - class com.almasb.fxgl.app.FXGLApplication$GameApplicationService
12:57:44.354 [FXGL Background Thread 3 ] DEBUG Engine               - class com.almasb.fxgl.app.services.FXGLDialogService
12:57:44.354 [FXGL Background Thread 3 ] DEBUG Engine               - class com.almasb.fxgl.app.services.IOTaskExecutorService
12:57:44.354 [FXGL Background Thread 3 ] DEBUG Engine               - class com.almasb.fxgl.io.FileSystemService
12:57:44.354 [FXGL Background Thread 3 ] DEBUG Engine               - class com.almasb.fxgl.localization.LocalizationService
12:57:44.354 [FXGL Background Thread 3 ] DEBUG Engine               - class com.almasb.fxgl.app.services.SystemBundleService
12:57:44.354 [FXGL Background Thread 3 ] DEBUG Engine               - class com.almasb.fxgl.profile.SaveLoadService
12:57:44.354 [FXGL Background Thread 3 ] DEBUG Engine               - class com.almasb.fxgl.ui.FXGLUIFactoryServiceProvider
12:57:44.355 [FXGL Background Thread 3 ] DEBUG Engine               - class com.almasb.fxgl.ui.FXGLDialogFactoryServiceProvider
12:57:44.355 [FXGL Background Thread 3 ] DEBUG Engine               - class com.almasb.fxgl.audio.AudioPlayer
12:57:44.355 [FXGL Background Thread 3 ] DEBUG Engine               - class com.almasb.fxgl.notification.impl.NotificationServiceProvider
12:57:44.355 [FXGL Background Thread 3 ] DEBUG Engine               - class com.almasb.fxgl.achievement.AchievementService
12:57:44.355 [FXGL Background Thread 3 ] DEBUG Engine               - class com.almasb.fxgl.cutscene.CutsceneService
12:57:44.355 [FXGL Background Thread 3 ] DEBUG Engine               - class com.almasb.fxgl.minigames.MiniGameService
12:57:44.355 [FXGL Background Thread 3 ] DEBUG Engine               - class com.almasb.fxgl.net.NetService
12:57:44.355 [FXGL Background Thread 3 ] DEBUG Engine               - class com.almasb.fxgl.app.services.UpdaterService
12:57:44.355 [FXGL Background Thread 3 ] DEBUG Engine               - class com.almasb.fxgl.dev.DevService
12:57:47.127 [JavaFX Application Thread] DEBUG FXGLApplication      - Exiting FXGL
12:57:47.127 [JavaFX Application Thread] DEBUG LoopRunner           - Stopping loop
12:57:47.127 [JavaFX Application Thread] DEBUG SystemBundleService  - Saving FXGL system data
12:57:47.130 [JavaFX Application Thread] DEBUG FileSystemAccess     - Writing to: C:\Users\cpn02\OneDrive\document\javafxGame\system\fxgl.bundle
12:57:47.131 [JavaFX Application Thread] DEBUG Async                - Shutting down background threads
12:57:47.131 [JavaFX Application Thread] DEBUG PrimaryStageWindow   - Closing main window
12:57:47.147 [JavaFX Application Thread] DEBUG Logger               - Closing Logger
