12:56:57.887 [main                     ] DEBUG Logger               - Configured Logger
12:56:57.908 [main                     ] DEBUG GameApplication      - Logging settings
Title: Untitled
Version: 0.0
Width: 1280
Height: 720
Fullscreen: false
Intro: false
Profiling: false
Single step:false
App Mode: DEVELOPER
Menu Key: ESCAPE
Stage Style: DECORATED
Scene Factory: class com.almasb.fxgl.app.scene.SceneFactory

12:56:58.534 [JavaFX Application Thread] DEBUG FXGLApplication      - Initializing FXGL
12:56:58.539 [JavaFX Application Thread] INFO  Engine               - FXGL-17.2 (20.08.2022 16.50) on WINDOWS (J:17.0.2 FX:18)
12:56:58.539 [JavaFX Application Thread] DEBUG Engine               - JRE Vendor Name: Oracle Corporation
12:56:58.539 [JavaFX Application Thread] DEBUG Engine               - Running on OS: Windows 11 version 10.0
12:56:58.539 [JavaFX Application Thread] DEBUG Engine               - Architecture: amd64
12:56:58.539 [JavaFX Application Thread] INFO  Engine               - Source code and latest versions at: https://github.com/AlmasB/FXGL
12:56:58.539 [JavaFX Application Thread] INFO  Engine               -       Ask questions and discuss at: https://github.com/AlmasB/FXGL/discussions
12:56:58.539 [JavaFX Application Thread] INFO  Engine               -              Join the FXGL chat at: https://gitter.im/AlmasB/FXGL
12:56:58.616 [JavaFX Application Thread] DEBUG PrimaryStageWindow   - Creating a JavaFX scene
12:56:58.645 [JavaFX Application Thread] DEBUG PrimaryStageWindow   - Target settings size: 1280.0 x 720.0
12:56:58.645 [JavaFX Application Thread] DEBUG PrimaryStageWindow   - Scaled scene size:    1280.0 x 720.0
12:56:58.646 [JavaFX Application Thread] DEBUG PrimaryStageWindow   - Scaled ratio: (1.0, 1.0)
12:56:58.646 [JavaFX Application Thread] DEBUG PrimaryStageWindow   - Set initial scene to FXGLStartupScene
12:56:58.651 [JavaFX Application Thread] DEBUG PrimaryStageWindow   - Opening main window
12:56:58.731 [JavaFX Application Thread] DEBUG PrimaryStageWindow   - Window border size: (14.6666259765625, 37.33331298828125)
12:56:58.731 [JavaFX Application Thread] DEBUG PrimaryStageWindow   - Scaled size: 1280.0 x 720.0
12:56:58.732 [JavaFX Application Thread] DEBUG PrimaryStageWindow   - Scaled ratio: (1.0, 1.0)
12:56:58.732 [JavaFX Application Thread] DEBUG PrimaryStageWindow   - Scene size: 1280.0 x 720.0
12:56:58.732 [JavaFX Application Thread] DEBUG PrimaryStageWindow   - Stage size: 1294.6666259765625 x 757.3333129882812
12:56:58.740 [FXGL Background Thread 1 ] DEBUG Engine               - Initializing environment variables
12:56:58.783 [FXGL Background Thread 1 ] DEBUG FXGLAssetLoaderServi - User app class for loading assets: class game.GameApp
12:56:58.784 [FXGL Background Thread 1 ] DEBUG GameApplicationServi - Applying CSS: fxgl_dark.css
12:56:58.785 [FXGL Background Thread 1 ] DEBUG FXGLAssetLoaderServi - Loading from file system: jar:file:/C:/Users/cpn02/.m2/repository/com/github/almasb/fxgl/17.2/fxgl-17.2.jar!/fxglassets/ui/css/fxgl_dark.css
12:56:58.820 [FXGL Background Thread 1 ] DEBUG GameApplicationServi - Initializing application scenes
12:56:58.862 [FXGL Background Thread 1 ] DEBUG GameWorld            - Game world initialized
12:56:58.909 [FXGL Background Thread 1 ] DEBUG PhysicsWorld         - Physics world initialized: appHeight=720, physics.ppm=50.0
12:56:58.910 [FXGL Background Thread 1 ] DEBUG PhysicsWorld         - Using strategy: BRUTE_FORCE
12:56:58.915 [FXGL Background Thread 1 ] DEBUG GameScene            - Game scene initialized: 1280x720
12:56:58.933 [FXGL Background Thread 1 ] DEBUG FXGL.DefaultMenu     - createMenuBodyGameMenu()
12:56:58.950 [FXGL Background Thread 1 ] DEBUG FXGL.DefaultMenu     - createOptionsMenu()
12:56:58.963 [FXGL Background Thread 1 ] DEBUG FXGLAssetLoaderServi - Loading from file system: jar:file:/C:/Users/cpn02/.m2/repository/com/github/almasb/fxgl/17.2/fxgl-17.2.jar!/fxglassets/textures/particles/smoke.png
12:56:59.040 [FXGL Background Thread 1 ] DEBUG FXGLAssetLoaderServi - Loading from file system: jar:file:/C:/Users/cpn02/.m2/repository/com/github/almasb/fxgl/17.2/fxgl-17.2.jar!/fxglassets/textures/particles/trace_horizontal.png
12:56:59.075 [FXGL Background Thread 1 ] DEBUG GameApplicationServi - Application scenes initialized
12:56:59.092 [FXGL Background Thread 1 ] DEBUG SystemBundleService  - Loading FXGL system data
12:56:59.097 [FXGL Background Thread 1 ] DEBUG FileSystemAccess     - Reading from: C:\Users\cpn02\OneDrive\document\javafxGame\system\fxgl.bundle
12:56:59.104 [FXGL Background Thread 1 ] DEBUG SystemBundleService  - Bundle FXGL: {}
12:56:59.104 [FXGL Background Thread 1 ] DEBUG UpdaterService       - Checking for updates
12:56:59.110 [FXGL Background Thread 4 ] DEBUG FXGLApplication      - Loading fonts
12:56:59.110 [FXGL Background Thread 4 ] DEBUG FXGLAssetLoaderServi - Loading from file system: jar:file:/C:/Users/cpn02/.m2/repository/com/github/almasb/fxgl/17.2/fxgl-17.2.jar!/fxglassets/ui/fonts/VarelaRound-Regular.ttf
12:56:59.110 [FXGL Background Thread 1 ] DEBUG FXGLApplication      - Loading default localization
12:56:59.111 [FXGL Background Thread 1 ] DEBUG FXGLAssetLoaderServi - Loading from file system: jar:file:/C:/Users/cpn02/.m2/repository/com/github/almasb/fxgl/17.2/fxgl-17.2.jar!/fxglassets/languages/english.lang
12:56:59.134 [FXGL Background Thread 1 ] INFO  FXGLApplication      - FXGL initialization took: 0.393 sec
12:56:59.136 [JavaFX Application Thread] DEBUG FXGLAssetLoaderServi - Loading from file system: jar:file:/C:/Users/cpn02/.m2/repository/com/github/almasb/fxgl/17.2/fxgl-17.2.jar!/fxglassets/textures/fxgl_icon.png
12:56:59.154 [JavaFX Application Thread] DEBUG FXGLAssetLoaderServi - Loading from file system: jar:file:/C:/Users/cpn02/.m2/repository/com/github/almasb/fxgl/17.2/fxgl-17.2.jar!/fxglassets/textures/fxgl_default_cursor.png
12:56:59.169 [JavaFX Application Thread] DEBUG Input                - Registered new binding: Screenshot - CTRL+8
12:56:59.170 [JavaFX Application Thread] DEBUG Input                - Registered new binding: System info dump - CTRL+9
12:56:59.170 [JavaFX Application Thread] DEBUG Input                - Registered new binding: Restart - CTRL+R
12:56:59.171 [JavaFX Application Thread] DEBUG Input                - Registered new binding: Toggle Debug Camera - CTRL+7
12:56:59.174 [JavaFX Application Thread] DEBUG LoopRunner           - Starting loop
12:56:59.174 [JavaFX Application Thread] DEBUG LoopRunner           - Initializing JavaFX AnimationTimerLoop
12:56:59.175 [JavaFX Application Thread] DEBUG GameApplicationServi - Starting new game
12:56:59.176 [JavaFX Application Thread] DEBUG Input                - Clearing active input actions
12:56:59.188 [JavaFX Application Thread] DEBUG GameApplicationServi - Removing overlay from FXGLStartupScene and adding to FXGLLoadingScene
12:56:59.188 [JavaFX Application Thread] DEBUG PrimaryStageWindow   - FXGLStartupScene -> FXGLLoadingScene
12:56:59.188 [JavaFX Application Thread] DEBUG GameApplicationServi - Clearing previous game
12:56:59.188 [JavaFX Application Thread] DEBUG GameScene            - Clearing game scene
12:56:59.189 [JavaFX Application Thread] DEBUG GameWorld            - Clearing game world
12:56:59.189 [JavaFX Application Thread] DEBUG PhysicsWorld         - Clearing physics world
12:56:59.191 [FXGL Background Thread 1 ] DEBUG FXGLApplication      - Initializing game
12:56:59.194 [FXGL Background Thread 1 ] DEBUG FXGLAssetLoaderServi - Loading from file system: file:/C:/Users/cpn02/OneDrive/document/javafxGame/target/classes/assets/textures/sample.png
12:56:59.211 [FXGL Background Thread 1 ] INFO  FXGLApplication      - Game initialization took: 0.020 sec
12:56:59.225 [FXGL Background Thread 4 ] DEBUG FXGLAssetLoaderServi - Loading from file system: jar:file:/C:/Users/cpn02/.m2/repository/com/github/almasb/fxgl/17.2/fxgl-17.2.jar!/fxglassets/ui/fonts/Abel-Regular.ttf
12:56:59.229 [FXGL Background Thread 4 ] DEBUG FXGLAssetLoaderServi - Loading from file system: jar:file:/C:/Users/cpn02/.m2/repository/com/github/almasb/fxgl/17.2/fxgl-17.2.jar!/fxglassets/ui/fonts/TerminalLandMono-Regular.otf
12:56:59.233 [FXGL Background Thread 4 ] DEBUG FXGLAssetLoaderServi - Loading from file system: jar:file:/C:/Users/cpn02/.m2/repository/com/github/almasb/fxgl/17.2/fxgl-17.2.jar!/fxglassets/ui/fonts/Courier-Prime.ttf
12:56:59.239 [JavaFX Application Thread] DEBUG Input                - Clearing active input actions
12:56:59.247 [JavaFX Application Thread] DEBUG GameApplicationServi - Removing overlay from FXGLLoadingScene and adding to GameScene
12:56:59.247 [JavaFX Application Thread] DEBUG PrimaryStageWindow   - FXGLLoadingScene -> GameScene
12:56:59.248 [JavaFX Application Thread] DEBUG FXGLApplication      - Registering font factories with UI factory
12:57:02.109 [FXGL Background Thread 3 ] DEBUG Engine               - Logging environment variables
12:57:02.109 [FXGL Background Thread 3 ] DEBUG Engine               - achievements: []
12:57:02.110 [FXGL Background Thread 3 ] DEBUG Engine               - actualHeight: 720.0
12:57:02.110 [FXGL Background Thread 3 ] DEBUG Engine               - actualHeightProperty: ReadOnlyDoubleProperty [value: 720.0]
12:57:02.110 [FXGL Background Thread 3 ] DEBUG Engine               - actualWidth: 1280.0
12:57:02.110 [FXGL Background Thread 3 ] DEBUG Engine               - actualWidthProperty: ReadOnlyDoubleProperty [value: 1280.0]
12:57:02.110 [FXGL Background Thread 3 ] DEBUG Engine               - appIcon: fxgl_icon.png
12:57:02.110 [FXGL Background Thread 3 ] DEBUG Engine               - applicationMode: DEVELOPER
12:57:02.110 [FXGL Background Thread 3 ] DEBUG Engine               - cSSList: [fxgl_dark.css]
12:57:02.110 [FXGL Background Thread 3 ] DEBUG Engine               - collisionDetectionStrategy: BRUTE_FORCE
12:57:02.110 [FXGL Background Thread 3 ] DEBUG Engine               - configClass: Optional.empty
12:57:02.110 [FXGL Background Thread 3 ] DEBUG Engine               - credits: []
12:57:02.112 [FXGL Background Thread 3 ] DEBUG Engine               - defaultCursor: CursorInfo(imageName=fxgl_default_cursor.png, hotspotX=7.0, hotspotY=6.0)
12:57:02.113 [FXGL Background Thread 3 ] DEBUG Engine               - devBBoxColorProperty: ObjectProperty [value: 0xff0000ff]
12:57:02.113 [FXGL Background Thread 3 ] DEBUG Engine               - devEnableDebugCameraProperty: BooleanProperty [value: false]
12:57:02.113 [FXGL Background Thread 3 ] DEBUG Engine               - devSensorColorProperty: ObjectProperty [value: 0xffff00ff]
12:57:02.113 [FXGL Background Thread 3 ] DEBUG Engine               - devShowBBoxProperty: BooleanProperty [value: false]
12:57:02.113 [FXGL Background Thread 3 ] DEBUG Engine               - devShowPositionProperty: BooleanProperty [value: false]
12:57:02.113 [FXGL Background Thread 3 ] DEBUG Engine               - enabledMenuItems: []
12:57:02.114 [FXGL Background Thread 3 ] DEBUG Engine               - engineServices: [class com.almasb.fxgl.app.services.FXGLAssetLoaderService, class com.almasb.fxgl.app.FXGLApplication$GameApplicationService, class com.almasb.fxgl.app.services.FXGLDialogService, class com.almasb.fxgl.app.services.IOTaskExecutorService, class com.almasb.fxgl.io.FileSystemService, class com.almasb.fxgl.localization.LocalizationService, class com.almasb.fxgl.app.services.SystemBundleService, class com.almasb.fxgl.profile.SaveLoadService, class com.almasb.fxgl.ui.FXGLUIFactoryServiceProvider, class com.almasb.fxgl.ui.FXGLDialogFactoryServiceProvider, class com.almasb.fxgl.audio.AudioPlayer, class com.almasb.fxgl.notification.impl.NotificationServiceProvider, class com.almasb.fxgl.achievement.AchievementService, class com.almasb.fxgl.cutscene.CutsceneService, class com.almasb.fxgl.minigames.MiniGameService, class com.almasb.fxgl.net.NetService, class com.almasb.fxgl.app.services.UpdaterService, class com.almasb.fxgl.dev.DevService]
12:57:02.114 [FXGL Background Thread 3 ] DEBUG Engine               - fontGame: Abel-Regular.ttf
12:57:02.114 [FXGL Background Thread 3 ] DEBUG Engine               - fontMono: TerminalLandMono-Regular.otf
12:57:02.114 [FXGL Background Thread 3 ] DEBUG Engine               - fontText: Courier-Prime.ttf
12:57:02.114 [FXGL Background Thread 3 ] DEBUG Engine               - fontUI: VarelaRound-Regular.ttf
12:57:02.114 [FXGL Background Thread 3 ] DEBUG Engine               - fullScreen: BooleanProperty [value: false]
12:57:02.114 [FXGL Background Thread 3 ] DEBUG Engine               - gameDifficulty: MEDIUM
12:57:02.114 [FXGL Background Thread 3 ] DEBUG Engine               - gameDifficultyProperty: ObjectProperty [value: MEDIUM]
12:57:02.114 [FXGL Background Thread 3 ] DEBUG Engine               - globalMusicVolume: 0.5
12:57:02.114 [FXGL Background Thread 3 ] DEBUG Engine               - globalMusicVolumeProperty: DoubleProperty [value: 0.5]
12:57:02.114 [FXGL Background Thread 3 ] DEBUG Engine               - globalSoundVolume: 0.5
12:57:02.114 [FXGL Background Thread 3 ] DEBUG Engine               - globalSoundVolumeProperty: DoubleProperty [value: 0.5]
12:57:02.114 [FXGL Background Thread 3 ] DEBUG Engine               - height: 720
12:57:02.114 [FXGL Background Thread 3 ] DEBUG Engine               - is3D: false
12:57:02.114 [FXGL Background Thread 3 ] DEBUG Engine               - isAndroid: false
12:57:02.114 [FXGL Background Thread 3 ] DEBUG Engine               - isBrowser: false
12:57:02.114 [FXGL Background Thread 3 ] DEBUG Engine               - isClickFeedbackEnabled: false
12:57:02.114 [FXGL Background Thread 3 ] DEBUG Engine               - isCloseConfirmation: false
12:57:02.115 [FXGL Background Thread 3 ] DEBUG Engine               - isDesktop: true
12:57:02.115 [FXGL Background Thread 3 ] DEBUG Engine               - isDeveloperMenuEnabled: false
12:57:02.115 [FXGL Background Thread 3 ] DEBUG Engine               - isEmbedded: false
12:57:02.115 [FXGL Background Thread 3 ] DEBUG Engine               - isEntityPreloadEnabled: true
12:57:02.115 [FXGL Background Thread 3 ] DEBUG Engine               - isExperimentalTiledLargeMap: false
12:57:02.115 [FXGL Background Thread 3 ] DEBUG Engine               - isFileSystemWriteAllowed: true
12:57:02.115 [FXGL Background Thread 3 ] DEBUG Engine               - isFullScreenAllowed: false
12:57:02.115 [FXGL Background Thread 3 ] DEBUG Engine               - isFullScreenFromStart: false
12:57:02.115 [FXGL Background Thread 3 ] DEBUG Engine               - isGameMenuEnabled: true
12:57:02.115 [FXGL Background Thread 3 ] DEBUG Engine               - isIOS: false
12:57:02.115 [FXGL Background Thread 3 ] DEBUG Engine               - isIntroEnabled: false
12:57:02.115 [FXGL Background Thread 3 ] DEBUG Engine               - isLinux: false
12:57:02.115 [FXGL Background Thread 3 ] DEBUG Engine               - isMac: false
12:57:02.115 [FXGL Background Thread 3 ] DEBUG Engine               - isMainMenuEnabled: false
12:57:02.115 [FXGL Background Thread 3 ] DEBUG Engine               - isManualResizeEnabled: false
12:57:02.115 [FXGL Background Thread 3 ] DEBUG Engine               - isMobile: false
12:57:02.115 [FXGL Background Thread 3 ] DEBUG Engine               - isNative: false
12:57:02.116 [FXGL Background Thread 3 ] DEBUG Engine               - isPauseMusicWhenMinimized: true
12:57:02.116 [FXGL Background Thread 3 ] DEBUG Engine               - isPreserveResizeRatio: false
12:57:02.116 [FXGL Background Thread 3 ] DEBUG Engine               - isProfilingEnabled: false
12:57:02.116 [FXGL Background Thread 3 ] DEBUG Engine               - isScaleAffectedOnResize: true
12:57:02.116 [FXGL Background Thread 3 ] DEBUG Engine               - isSingleStep: false
12:57:02.116 [FXGL Background Thread 3 ] DEBUG Engine               - isUserProfileEnabled: false
12:57:02.116 [FXGL Background Thread 3 ] DEBUG Engine               - isWindows: true
12:57:02.116 [FXGL Background Thread 3 ] DEBUG Engine               - language: ObjectProperty [value: ENGLISH]
12:57:02.116 [FXGL Background Thread 3 ] DEBUG Engine               - menuKey: ESCAPE
12:57:02.116 [FXGL Background Thread 3 ] DEBUG Engine               - mouseSensitivity: 0.2
12:57:02.116 [FXGL Background Thread 3 ] DEBUG Engine               - notificationViewClass: class com.almasb.fxgl.notification.view.XboxNotificationView
12:57:02.116 [FXGL Background Thread 3 ] DEBUG Engine               - pixelsPerMeter: 50.0
12:57:02.116 [FXGL Background Thread 3 ] DEBUG Engine               - platform: WINDOWS
12:57:02.116 [FXGL Background Thread 3 ] DEBUG Engine               - prefHeightProperty: ReadOnlyDoubleProperty [value: 720.0]
12:57:02.116 [FXGL Background Thread 3 ] DEBUG Engine               - prefWidthProperty: ReadOnlyDoubleProperty [value: 1280.0]
12:57:02.116 [FXGL Background Thread 3 ] DEBUG Engine               - profileDir: profiles/
12:57:02.116 [FXGL Background Thread 3 ] DEBUG Engine               - profileName: StringProperty [value: DEFAULT]
12:57:02.117 [FXGL Background Thread 3 ] DEBUG Engine               - randomSeed: -1
12:57:02.117 [FXGL Background Thread 3 ] DEBUG Engine               - runtimeInfo: RuntimeInfo(platform=WINDOWS, version=17.2, build=20.08.2022 16.50)
12:57:02.117 [FXGL Background Thread 3 ] DEBUG Engine               - saveFileExt: sav
12:57:02.117 [FXGL Background Thread 3 ] DEBUG Engine               - scaledHeightProp$fxgl: DoubleProperty [bound, value: 720.0]
12:57:02.117 [FXGL Background Thread 3 ] DEBUG Engine               - scaledWidthProp$fxgl: DoubleProperty [bound, value: 1280.0]
12:57:02.117 [FXGL Background Thread 3 ] DEBUG Engine               - sceneFactory: com.almasb.fxgl.app.scene.SceneFactory@1ef276b6
12:57:02.117 [FXGL Background Thread 3 ] DEBUG Engine               - secondsIn24h: 60
12:57:02.117 [FXGL Background Thread 3 ] DEBUG Engine               - soundMenuBack: menu/back.wav
12:57:02.117 [FXGL Background Thread 3 ] DEBUG Engine               - soundMenuPress: menu/press.wav
12:57:02.117 [FXGL Background Thread 3 ] DEBUG Engine               - soundMenuSelect: menu/select.wav
12:57:02.117 [FXGL Background Thread 3 ] DEBUG Engine               - soundNotification: core/notification.wav
12:57:02.117 [FXGL Background Thread 3 ] DEBUG Engine               - stageStyle: DECORATED
12:57:02.117 [FXGL Background Thread 3 ] DEBUG Engine               - supportedLanguages: [ENGLISH, FRENCH, GERMAN, HUNGARIAN, RUSSIAN]
12:57:02.117 [FXGL Background Thread 3 ] DEBUG Engine               - ticksPerSecond: -1
12:57:02.117 [FXGL Background Thread 3 ] DEBUG Engine               - title: Untitled
12:57:02.117 [FXGL Background Thread 3 ] DEBUG Engine               - urlGithub: https://github.com/AlmasB/FXGL
12:57:02.118 [FXGL Background Thread 3 ] DEBUG Engine               - urlLeaderboard: http://fxgl-top.herokuapp.com/
12:57:02.118 [FXGL Background Thread 3 ] DEBUG Engine               - urlPOM: https://raw.githubusercontent.com/AlmasB/FXGL/release/README.md
12:57:02.118 [FXGL Background Thread 3 ] DEBUG Engine               - userAppClass: class game.GameApp
12:57:02.118 [FXGL Background Thread 3 ] DEBUG Engine               - version: 0.0
12:57:02.118 [FXGL Background Thread 3 ] DEBUG Engine               - versionCheckDays: 7
12:57:02.118 [FXGL Background Thread 3 ] DEBUG Engine               - width: 1280
12:57:02.118 [FXGL Background Thread 3 ] DEBUG Engine               - Logging services
12:57:02.118 [FXGL Background Thread 3 ] DEBUG Engine               - class com.almasb.fxgl.app.services.FXGLAssetLoaderService
12:57:02.118 [FXGL Background Thread 3 ] DEBUG Engine               - class com.almasb.fxgl.app.FXGLApplication$GameApplicationService
12:57:02.118 [FXGL Background Thread 3 ] DEBUG Engine               - class com.almasb.fxgl.app.services.FXGLDialogService
12:57:02.118 [FXGL Background Thread 3 ] DEBUG Engine               - class com.almasb.fxgl.app.services.IOTaskExecutorService
12:57:02.118 [FXGL Background Thread 3 ] DEBUG Engine               - class com.almasb.fxgl.io.FileSystemService
12:57:02.118 [FXGL Background Thread 3 ] DEBUG Engine               - class com.almasb.fxgl.localization.LocalizationService
12:57:02.118 [FXGL Background Thread 3 ] DEBUG Engine               - class com.almasb.fxgl.app.services.SystemBundleService
12:57:02.118 [FXGL Background Thread 3 ] DEBUG Engine               - class com.almasb.fxgl.profile.SaveLoadService
12:57:02.118 [FXGL Background Thread 3 ] DEBUG Engine               - class com.almasb.fxgl.ui.FXGLUIFactoryServiceProvider
12:57:02.118 [FXGL Background Thread 3 ] DEBUG Engine               - class com.almasb.fxgl.ui.FXGLDialogFactoryServiceProvider
12:57:02.118 [FXGL Background Thread 3 ] DEBUG Engine               - class com.almasb.fxgl.audio.AudioPlayer
12:57:02.118 [FXGL Background Thread 3 ] DEBUG Engine               - class com.almasb.fxgl.notification.impl.NotificationServiceProvider
12:57:02.118 [FXGL Background Thread 3 ] DEBUG Engine               - class com.almasb.fxgl.achievement.AchievementService
12:57:02.119 [FXGL Background Thread 3 ] DEBUG Engine               - class com.almasb.fxgl.cutscene.CutsceneService
12:57:02.119 [FXGL Background Thread 3 ] DEBUG Engine               - class com.almasb.fxgl.minigames.MiniGameService
12:57:02.119 [FXGL Background Thread 3 ] DEBUG Engine               - class com.almasb.fxgl.net.NetService
12:57:02.119 [FXGL Background Thread 3 ] DEBUG Engine               - class com.almasb.fxgl.app.services.UpdaterService
12:57:02.119 [FXGL Background Thread 3 ] DEBUG Engine               - class com.almasb.fxgl.dev.DevService
12:57:03.279 [JavaFX Application Thread] DEBUG FXGLApplication      - Exiting FXGL
12:57:03.279 [JavaFX Application Thread] DEBUG LoopRunner           - Stopping loop
12:57:03.279 [JavaFX Application Thread] DEBUG SystemBundleService  - Saving FXGL system data
12:57:03.282 [JavaFX Application Thread] DEBUG FileSystemAccess     - Writing to: C:\Users\cpn02\OneDrive\document\javafxGame\system\fxgl.bundle
12:57:03.283 [JavaFX Application Thread] DEBUG Async                - Shutting down background threads
12:57:03.284 [JavaFX Application Thread] DEBUG PrimaryStageWindow   - Closing main window
12:57:03.299 [JavaFX Application Thread] DEBUG Logger               - Closing Logger
