13:14:04.262 [main                     ] DEBUG Logger               - Configured Logger
13:14:04.281 [main                     ] DEBUG GameApplication      - Logging settings
Title: Untitled
Version: 0.0
Width: 1280
Height: 720
Fullscreen: false
Intro: false
Profiling: false
Single step:false
App Mode: DEVELOPER
Menu Key: ESCAPE
Stage Style: DECORATED
Scene Factory: class com.almasb.fxgl.app.scene.SceneFactory

13:14:04.821 [JavaFX Application Thread] DEBUG FXGLApplication      - Initializing FXGL
13:14:04.825 [JavaFX Application Thread] INFO  Engine               - FXGL-17.2 (20.08.2022 16.50) on WINDOWS (J:17.0.2 FX:18)
13:14:04.825 [JavaFX Application Thread] DEBUG Engine               - JRE Vendor Name: Oracle Corporation
13:14:04.825 [JavaFX Application Thread] DEBUG Engine               - Running on OS: Windows 11 version 10.0
13:14:04.825 [JavaFX Application Thread] DEBUG Engine               - Architecture: amd64
13:14:04.825 [JavaFX Application Thread] INFO  Engine               - Source code and latest versions at: https://github.com/AlmasB/FXGL
13:14:04.825 [JavaFX Application Thread] INFO  Engine               -       Ask questions and discuss at: https://github.com/AlmasB/FXGL/discussions
13:14:04.825 [JavaFX Application Thread] INFO  Engine               -              Join the FXGL chat at: https://gitter.im/AlmasB/FXGL
13:14:04.893 [JavaFX Application Thread] DEBUG PrimaryStageWindow   - Creating a JavaFX scene
13:14:04.921 [JavaFX Application Thread] DEBUG PrimaryStageWindow   - Target settings size: 1280.0 x 720.0
13:14:04.921 [JavaFX Application Thread] DEBUG PrimaryStageWindow   - Scaled scene size:    1280.0 x 720.0
13:14:04.921 [JavaFX Application Thread] DEBUG PrimaryStageWindow   - Scaled ratio: (1.0, 1.0)
13:14:04.922 [JavaFX Application Thread] DEBUG PrimaryStageWindow   - Set initial scene to FXGLStartupScene
13:14:04.928 [JavaFX Application Thread] DEBUG PrimaryStageWindow   - Opening main window
13:14:04.996 [JavaFX Application Thread] DEBUG PrimaryStageWindow   - Window border size: (14.6666259765625, 37.33331298828125)
13:14:04.996 [JavaFX Application Thread] DEBUG PrimaryStageWindow   - Scaled size: 1280.0 x 720.0
13:14:04.996 [JavaFX Application Thread] DEBUG PrimaryStageWindow   - Scaled ratio: (1.0, 1.0)
13:14:04.996 [JavaFX Application Thread] DEBUG PrimaryStageWindow   - Scene size: 1280.0 x 720.0
13:14:04.996 [JavaFX Application Thread] DEBUG PrimaryStageWindow   - Stage size: 1294.6666259765625 x 757.3333129882812
13:14:05.003 [FXGL Background Thread 1 ] DEBUG Engine               - Initializing environment variables
13:14:05.028 [FXGL Background Thread 1 ] DEBUG FXGLAssetLoaderServi - User app class for loading assets: class game.GameApp
13:14:05.029 [FXGL Background Thread 1 ] DEBUG GameApplicationServi - Applying CSS: fxgl_dark.css
13:14:05.030 [FXGL Background Thread 1 ] DEBUG FXGLAssetLoaderServi - Loading from file system: jar:file:/C:/Users/cpn02/.m2/repository/com/github/almasb/fxgl/17.2/fxgl-17.2.jar!/fxglassets/ui/css/fxgl_dark.css
13:14:05.065 [FXGL Background Thread 1 ] DEBUG GameApplicationServi - Initializing application scenes
13:14:05.099 [FXGL Background Thread 1 ] DEBUG GameWorld            - Game world initialized
13:14:05.149 [FXGL Background Thread 1 ] DEBUG PhysicsWorld         - Physics world initialized: appHeight=720, physics.ppm=50.0
13:14:05.149 [FXGL Background Thread 1 ] DEBUG PhysicsWorld         - Using strategy: BRUTE_FORCE
13:14:05.154 [FXGL Background Thread 1 ] DEBUG GameScene            - Game scene initialized: 1280x720
13:14:05.166 [FXGL Background Thread 1 ] DEBUG FXGL.DefaultMenu     - createMenuBodyGameMenu()
13:14:05.181 [FXGL Background Thread 1 ] DEBUG FXGL.DefaultMenu     - createOptionsMenu()
13:14:05.192 [FXGL Background Thread 1 ] DEBUG FXGLAssetLoaderServi - Loading from file system: jar:file:/C:/Users/cpn02/.m2/repository/com/github/almasb/fxgl/17.2/fxgl-17.2.jar!/fxglassets/textures/particles/smoke.png
13:14:05.271 [FXGL Background Thread 1 ] DEBUG FXGLAssetLoaderServi - Loading from file system: jar:file:/C:/Users/cpn02/.m2/repository/com/github/almasb/fxgl/17.2/fxgl-17.2.jar!/fxglassets/textures/particles/trace_horizontal.png
13:14:05.292 [FXGL Background Thread 1 ] DEBUG GameApplicationServi - Application scenes initialized
13:14:05.301 [FXGL Background Thread 1 ] DEBUG SystemBundleService  - Loading FXGL system data
13:14:05.304 [FXGL Background Thread 1 ] DEBUG FileSystemAccess     - Reading from: C:\Users\cpn02\OneDrive\document\javafxGame\system\fxgl.bundle
13:14:05.309 [FXGL Background Thread 1 ] DEBUG SystemBundleService  - Bundle FXGL: {}
13:14:05.309 [FXGL Background Thread 1 ] DEBUG UpdaterService       - Checking for updates
13:14:05.312 [FXGL Background Thread 4 ] DEBUG FXGLApplication      - Loading fonts
13:14:05.313 [FXGL Background Thread 4 ] DEBUG FXGLAssetLoaderServi - Loading from file system: jar:file:/C:/Users/cpn02/.m2/repository/com/github/almasb/fxgl/17.2/fxgl-17.2.jar!/fxglassets/ui/fonts/VarelaRound-Regular.ttf
13:14:05.314 [FXGL Background Thread 1 ] DEBUG FXGLApplication      - Loading default localization
13:14:05.314 [FXGL Background Thread 1 ] DEBUG FXGLAssetLoaderServi - Loading from file system: jar:file:/C:/Users/cpn02/.m2/repository/com/github/almasb/fxgl/17.2/fxgl-17.2.jar!/fxglassets/languages/english.lang
13:14:05.344 [FXGL Background Thread 1 ] INFO  FXGLApplication      - FXGL initialization took: 0.342 sec
13:14:05.346 [JavaFX Application Thread] DEBUG FXGLAssetLoaderServi - Loading from file system: jar:file:/C:/Users/cpn02/.m2/repository/com/github/almasb/fxgl/17.2/fxgl-17.2.jar!/fxglassets/textures/fxgl_icon.png
13:14:05.364 [JavaFX Application Thread] DEBUG FXGLAssetLoaderServi - Loading from file system: jar:file:/C:/Users/cpn02/.m2/repository/com/github/almasb/fxgl/17.2/fxgl-17.2.jar!/fxglassets/textures/fxgl_default_cursor.png
13:14:05.379 [FXGL Background Thread 4 ] DEBUG FXGLAssetLoaderServi - Loading from file system: jar:file:/C:/Users/cpn02/.m2/repository/com/github/almasb/fxgl/17.2/fxgl-17.2.jar!/fxglassets/ui/fonts/Abel-Regular.ttf
13:14:05.385 [FXGL Background Thread 4 ] DEBUG FXGLAssetLoaderServi - Loading from file system: jar:file:/C:/Users/cpn02/.m2/repository/com/github/almasb/fxgl/17.2/fxgl-17.2.jar!/fxglassets/ui/fonts/TerminalLandMono-Regular.otf
13:14:05.387 [FXGL Background Thread 4 ] DEBUG FXGLAssetLoaderServi - Loading from file system: jar:file:/C:/Users/cpn02/.m2/repository/com/github/almasb/fxgl/17.2/fxgl-17.2.jar!/fxglassets/ui/fonts/Courier-Prime.ttf
13:14:05.389 [JavaFX Application Thread] DEBUG Input                - Registered new binding: Screenshot - CTRL+8
13:14:05.389 [JavaFX Application Thread] DEBUG Input                - Registered new binding: System info dump - CTRL+9
13:14:05.390 [JavaFX Application Thread] DEBUG Input                - Registered new binding: Restart - CTRL+R
13:14:05.392 [JavaFX Application Thread] DEBUG Input                - Registered new binding: Toggle Debug Camera - CTRL+7
13:14:05.396 [JavaFX Application Thread] DEBUG LoopRunner           - Starting loop
13:14:05.396 [JavaFX Application Thread] DEBUG LoopRunner           - Initializing JavaFX AnimationTimerLoop
13:14:05.399 [JavaFX Application Thread] DEBUG GameApplicationServi - Starting new game
13:14:05.400 [JavaFX Application Thread] DEBUG Input                - Clearing active input actions
13:14:05.409 [JavaFX Application Thread] DEBUG GameApplicationServi - Removing overlay from FXGLStartupScene and adding to FXGLLoadingScene
13:14:05.410 [JavaFX Application Thread] DEBUG PrimaryStageWindow   - FXGLStartupScene -> FXGLLoadingScene
13:14:05.410 [JavaFX Application Thread] DEBUG GameApplicationServi - Clearing previous game
13:14:05.410 [JavaFX Application Thread] DEBUG GameScene            - Clearing game scene
13:14:05.410 [JavaFX Application Thread] DEBUG GameWorld            - Clearing game world
13:14:05.410 [JavaFX Application Thread] DEBUG PhysicsWorld         - Clearing physics world
13:14:05.413 [FXGL Background Thread 4 ] DEBUG FXGLApplication      - Initializing game
13:14:05.413 [JavaFX Application Thread] DEBUG FXGLApplication      - Registering font factories with UI factory
13:14:05.421 [FXGL Background Thread 4 ] DEBUG FXGLAssetLoaderServi - Loading from file system: file:/C:/Users/cpn02/OneDrive/document/javafxGame/target/classes/assets/textures/mat.png
13:14:05.507 [FXGL Background Thread 4 ] DEBUG FXGLAssetLoaderServi - Loading from file system: file:/C:/Users/cpn02/OneDrive/document/javafxGame/target/classes/assets/textures/sample_red.png
13:14:05.558 [FXGL Background Thread 4 ] DEBUG FXGLAssetLoaderServi - Loading from file system: file:/C:/Users/cpn02/OneDrive/document/javafxGame/target/classes/assets/textures/sample_blue.png
13:14:05.598 [FXGL Background Thread 4 ] INFO  FXGLApplication      - Game initialization took: 0.186 sec
13:14:05.627 [JavaFX Application Thread] DEBUG Input                - Clearing active input actions
13:14:05.632 [JavaFX Application Thread] DEBUG GameApplicationServi - Removing overlay from FXGLLoadingScene and adding to GameScene
13:14:05.633 [JavaFX Application Thread] DEBUG PrimaryStageWindow   - FXGLLoadingScene -> GameScene
13:14:07.324 [JavaFX Application Thread] DEBUG FXGLApplication      - Exiting FXGL
13:14:07.324 [JavaFX Application Thread] DEBUG LoopRunner           - Stopping loop
13:14:07.324 [JavaFX Application Thread] DEBUG SystemBundleService  - Saving FXGL system data
13:14:07.326 [JavaFX Application Thread] DEBUG FileSystemAccess     - Writing to: C:\Users\cpn02\OneDrive\document\javafxGame\system\fxgl.bundle
13:14:07.327 [JavaFX Application Thread] DEBUG Async                - Shutting down background threads
13:14:07.327 [JavaFX Application Thread] DEBUG PrimaryStageWindow   - Closing main window
13:14:07.341 [JavaFX Application Thread] DEBUG Logger               - Closing Logger
