15:03:05.278 [main                     ] DEBUG Logger               - Configured Logger
15:03:05.299 [main                     ] DEBUG GameApplication      - Logging settings
Title: Untitled
Version: 0.0
Width: 1920
Height: 1080
Fullscreen: false
Intro: false
Profiling: false
Single step:false
App Mode: DEVELOPER
Menu Key: ESCAPE
Stage Style: DECORATED
Scene Factory: class com.almasb.fxgl.app.scene.SceneFactory

15:03:05.848 [JavaFX Application Thread] DEBUG FXGLApplication      - Initializing FXGL
15:03:05.853 [JavaFX Application Thread] INFO  Engine               - FXGL-17.2 (20.08.2022 16.50) on WINDOWS (J:17.0.2 FX:18)
15:03:05.853 [JavaFX Application Thread] DEBUG Engine               - JRE Vendor Name: Oracle Corporation
15:03:05.853 [JavaFX Application Thread] DEBUG Engine               - Running on OS: Windows 11 version 10.0
15:03:05.853 [JavaFX Application Thread] DEBUG Engine               - Architecture: amd64
15:03:05.854 [JavaFX Application Thread] INFO  Engine               - Source code and latest versions at: https://github.com/AlmasB/FXGL
15:03:05.854 [JavaFX Application Thread] INFO  Engine               -       Ask questions and discuss at: https://github.com/AlmasB/FXGL/discussions
15:03:05.854 [JavaFX Application Thread] INFO  Engine               -              Join the FXGL chat at: https://gitter.im/AlmasB/FXGL
15:03:05.925 [JavaFX Application Thread] DEBUG PrimaryStageWindow   - Creating a JavaFX scene
15:03:05.925 [JavaFX Application Thread] DEBUG PrimaryStageWindow   - Target size > screen size
15:03:05.953 [JavaFX Application Thread] DEBUG PrimaryStageWindow   - Target settings size: 1920.0 x 1080.0
15:03:05.954 [JavaFX Application Thread] DEBUG PrimaryStageWindow   - Scaled scene size:    1596.0 x 911.0
15:03:05.954 [JavaFX Application Thread] DEBUG PrimaryStageWindow   - Scaled ratio: (0.83125, 0.8435185185185186)
15:03:05.955 [JavaFX Application Thread] DEBUG PrimaryStageWindow   - Set initial scene to FXGLStartupScene
15:03:05.960 [JavaFX Application Thread] DEBUG PrimaryStageWindow   - Opening main window
15:03:06.025 [JavaFX Application Thread] DEBUG PrimaryStageWindow   - Window border size: (14.6666259765625, 37.66668701171875)
15:03:06.025 [JavaFX Application Thread] DEBUG PrimaryStageWindow   - Scaled size: 1596.0 x 911.0
15:03:06.025 [JavaFX Application Thread] DEBUG PrimaryStageWindow   - Scaled ratio: (0.83125, 0.8435185185185186)
15:03:06.026 [JavaFX Application Thread] DEBUG PrimaryStageWindow   - Scene size: 1596.0 x 911.0
15:03:06.026 [JavaFX Application Thread] DEBUG PrimaryStageWindow   - Stage size: 1610.6666259765625 x 948.6666870117188
15:03:06.032 [FXGL Background Thread 1 ] DEBUG Engine               - Initializing environment variables
15:03:06.065 [FXGL Background Thread 1 ] DEBUG FXGLAssetLoaderServi - User app class for loading assets: class game.GameApp
15:03:06.065 [FXGL Background Thread 1 ] DEBUG GameApplicationServi - Applying CSS: fxgl_dark.css
15:03:06.066 [FXGL Background Thread 1 ] DEBUG FXGLAssetLoaderServi - Loading from file system: jar:file:/C:/Users/cpn02/.m2/repository/com/github/almasb/fxgl/17.2/fxgl-17.2.jar!/fxglassets/ui/css/fxgl_dark.css
15:03:06.105 [FXGL Background Thread 1 ] DEBUG GameApplicationServi - Initializing application scenes
15:03:06.140 [FXGL Background Thread 1 ] DEBUG GameWorld            - Game world initialized
15:03:06.182 [FXGL Background Thread 1 ] DEBUG PhysicsWorld         - Physics world initialized: appHeight=1080, physics.ppm=50.0
15:03:06.183 [FXGL Background Thread 1 ] DEBUG PhysicsWorld         - Using strategy: BRUTE_FORCE
15:03:06.188 [FXGL Background Thread 1 ] DEBUG GameScene            - Game scene initialized: 1920x1080
15:03:06.199 [FXGL Background Thread 1 ] DEBUG FXGL.DefaultMenu     - createMenuBodyGameMenu()
15:03:06.213 [FXGL Background Thread 1 ] DEBUG FXGL.DefaultMenu     - createOptionsMenu()
15:03:06.224 [FXGL Background Thread 1 ] DEBUG FXGLAssetLoaderServi - Loading from file system: jar:file:/C:/Users/cpn02/.m2/repository/com/github/almasb/fxgl/17.2/fxgl-17.2.jar!/fxglassets/textures/particles/smoke.png
15:03:06.307 [FXGL Background Thread 1 ] DEBUG FXGLAssetLoaderServi - Loading from file system: jar:file:/C:/Users/cpn02/.m2/repository/com/github/almasb/fxgl/17.2/fxgl-17.2.jar!/fxglassets/textures/particles/trace_horizontal.png
15:03:06.330 [FXGL Background Thread 1 ] DEBUG GameApplicationServi - Application scenes initialized
15:03:06.340 [FXGL Background Thread 1 ] DEBUG SystemBundleService  - Loading FXGL system data
15:03:06.343 [FXGL Background Thread 1 ] DEBUG FileSystemAccess     - Reading from: C:\Users\cpn02\OneDrive\document\javafxGame\system\fxgl.bundle
15:03:06.347 [FXGL Background Thread 1 ] DEBUG SystemBundleService  - Bundle FXGL: {}
15:03:06.348 [FXGL Background Thread 1 ] DEBUG UpdaterService       - Checking for updates
15:03:06.350 [FXGL Background Thread 4 ] DEBUG FXGLApplication      - Loading fonts
15:03:06.351 [FXGL Background Thread 4 ] DEBUG FXGLAssetLoaderServi - Loading from file system: jar:file:/C:/Users/cpn02/.m2/repository/com/github/almasb/fxgl/17.2/fxgl-17.2.jar!/fxglassets/ui/fonts/VarelaRound-Regular.ttf
15:03:06.351 [FXGL Background Thread 1 ] DEBUG FXGLApplication      - Loading default localization
15:03:06.352 [FXGL Background Thread 1 ] DEBUG FXGLAssetLoaderServi - Loading from file system: jar:file:/C:/Users/cpn02/.m2/repository/com/github/almasb/fxgl/17.2/fxgl-17.2.jar!/fxglassets/languages/english.lang
15:03:06.380 [FXGL Background Thread 1 ] INFO  FXGLApplication      - FXGL initialization took: 0.348 sec
15:03:06.381 [JavaFX Application Thread] DEBUG FXGLAssetLoaderServi - Loading from file system: jar:file:/C:/Users/cpn02/.m2/repository/com/github/almasb/fxgl/17.2/fxgl-17.2.jar!/fxglassets/textures/fxgl_icon.png
15:03:06.403 [JavaFX Application Thread] DEBUG FXGLAssetLoaderServi - Loading from file system: jar:file:/C:/Users/cpn02/.m2/repository/com/github/almasb/fxgl/17.2/fxgl-17.2.jar!/fxglassets/textures/fxgl_default_cursor.png
15:03:06.424 [JavaFX Application Thread] DEBUG Input                - Registered new binding: Screenshot - CTRL+8
15:03:06.425 [JavaFX Application Thread] DEBUG Input                - Registered new binding: System info dump - CTRL+9
15:03:06.425 [FXGL Background Thread 4 ] DEBUG FXGLAssetLoaderServi - Loading from file system: jar:file:/C:/Users/cpn02/.m2/repository/com/github/almasb/fxgl/17.2/fxgl-17.2.jar!/fxglassets/ui/fonts/Abel-Regular.ttf
15:03:06.426 [JavaFX Application Thread] DEBUG Input                - Registered new binding: Restart - CTRL+R
15:03:06.427 [JavaFX Application Thread] DEBUG Input                - Registered new binding: Toggle Debug Camera - CTRL+7
15:03:06.428 [FXGL Background Thread 4 ] DEBUG FXGLAssetLoaderServi - Loading from file system: jar:file:/C:/Users/cpn02/.m2/repository/com/github/almasb/fxgl/17.2/fxgl-17.2.jar!/fxglassets/ui/fonts/TerminalLandMono-Regular.otf
15:03:06.430 [FXGL Background Thread 4 ] DEBUG FXGLAssetLoaderServi - Loading from file system: jar:file:/C:/Users/cpn02/.m2/repository/com/github/almasb/fxgl/17.2/fxgl-17.2.jar!/fxglassets/ui/fonts/Courier-Prime.ttf
15:03:06.431 [JavaFX Application Thread] DEBUG LoopRunner           - Starting loop
15:03:06.432 [JavaFX Application Thread] DEBUG LoopRunner           - Initializing JavaFX AnimationTimerLoop
15:03:06.435 [JavaFX Application Thread] DEBUG GameApplicationServi - Starting new game
15:03:06.436 [JavaFX Application Thread] DEBUG Input                - Clearing active input actions
15:03:06.446 [JavaFX Application Thread] DEBUG GameApplicationServi - Removing overlay from FXGLStartupScene and adding to FXGLLoadingScene
15:03:06.447 [JavaFX Application Thread] DEBUG PrimaryStageWindow   - FXGLStartupScene -> FXGLLoadingScene
15:03:06.447 [JavaFX Application Thread] DEBUG GameApplicationServi - Clearing previous game
15:03:06.447 [JavaFX Application Thread] DEBUG GameScene            - Clearing game scene
15:03:06.447 [JavaFX Application Thread] DEBUG GameWorld            - Clearing game world
15:03:06.447 [JavaFX Application Thread] DEBUG PhysicsWorld         - Clearing physics world
15:03:06.451 [JavaFX Application Thread] DEBUG FXGLApplication      - Registering font factories with UI factory
15:03:06.451 [FXGL Background Thread 4 ] DEBUG FXGLApplication      - Initializing game
15:03:06.457 [FXGL Background Thread 4 ] DEBUG FXGLAssetLoaderServi - Loading from file system: file:/C:/Users/cpn02/OneDrive/document/javafxGame/target/classes/assets/textures/mat.png
15:03:06.549 [FXGL Background Thread 4 ] DEBUG FXGLAssetLoaderServi - Loading from file system: file:/C:/Users/cpn02/OneDrive/document/javafxGame/target/classes/assets/textures/level_three.png
15:03:06.589 [FXGL Background Thread 4 ] DEBUG FXGLAssetLoaderServi - Loading from file system: file:/C:/Users/cpn02/OneDrive/document/javafxGame/target/classes/assets/textures/sample_red.png
15:03:06.651 [FXGL Background Thread 4 ] DEBUG FXGLAssetLoaderServi - Loading from file system: file:/C:/Users/cpn02/OneDrive/document/javafxGame/target/classes/assets/textures/sample_blue.png
15:03:06.695 [FXGL Background Thread 4 ] INFO  FXGLApplication      - Game initialization took: 0.245 sec
15:03:06.696 [JavaFX Application Thread] DEBUG Input                - Clearing active input actions
15:03:06.703 [JavaFX Application Thread] DEBUG GameApplicationServi - Removing overlay from FXGLLoadingScene and adding to GameScene
15:03:06.704 [JavaFX Application Thread] DEBUG PrimaryStageWindow   - FXGLLoadingScene -> GameScene
15:03:09.351 [FXGL Background Thread 3 ] DEBUG Engine               - Logging environment variables
15:03:09.351 [FXGL Background Thread 3 ] DEBUG Engine               - achievements: []
15:03:09.351 [FXGL Background Thread 3 ] DEBUG Engine               - actualHeight: 911.0
15:03:09.351 [FXGL Background Thread 3 ] DEBUG Engine               - actualHeightProperty: ReadOnlyDoubleProperty [value: 911.0]
15:03:09.351 [FXGL Background Thread 3 ] DEBUG Engine               - actualWidth: 1596.0
15:03:09.351 [FXGL Background Thread 3 ] DEBUG Engine               - actualWidthProperty: ReadOnlyDoubleProperty [value: 1596.0]
15:03:09.352 [FXGL Background Thread 3 ] DEBUG Engine               - appIcon: fxgl_icon.png
15:03:09.352 [FXGL Background Thread 3 ] DEBUG Engine               - applicationMode: DEVELOPER
15:03:09.352 [FXGL Background Thread 3 ] DEBUG Engine               - cSSList: [fxgl_dark.css]
15:03:09.352 [FXGL Background Thread 3 ] DEBUG Engine               - collisionDetectionStrategy: BRUTE_FORCE
15:03:09.352 [FXGL Background Thread 3 ] DEBUG Engine               - configClass: Optional.empty
15:03:09.352 [FXGL Background Thread 3 ] DEBUG Engine               - credits: []
15:03:09.355 [FXGL Background Thread 3 ] DEBUG Engine               - defaultCursor: CursorInfo(imageName=fxgl_default_cursor.png, hotspotX=7.0, hotspotY=6.0)
15:03:09.355 [FXGL Background Thread 3 ] DEBUG Engine               - devBBoxColorProperty: ObjectProperty [value: 0xff0000ff]
15:03:09.355 [FXGL Background Thread 3 ] DEBUG Engine               - devEnableDebugCameraProperty: BooleanProperty [value: false]
15:03:09.355 [FXGL Background Thread 3 ] DEBUG Engine               - devSensorColorProperty: ObjectProperty [value: 0xffff00ff]
15:03:09.355 [FXGL Background Thread 3 ] DEBUG Engine               - devShowBBoxProperty: BooleanProperty [value: false]
15:03:09.355 [FXGL Background Thread 3 ] DEBUG Engine               - devShowPositionProperty: BooleanProperty [value: false]
15:03:09.355 [FXGL Background Thread 3 ] DEBUG Engine               - enabledMenuItems: []
15:03:09.356 [FXGL Background Thread 3 ] DEBUG Engine               - engineServices: [class com.almasb.fxgl.app.services.FXGLAssetLoaderService, class com.almasb.fxgl.app.FXGLApplication$GameApplicationService, class com.almasb.fxgl.app.services.FXGLDialogService, class com.almasb.fxgl.app.services.IOTaskExecutorService, class com.almasb.fxgl.io.FileSystemService, class com.almasb.fxgl.localization.LocalizationService, class com.almasb.fxgl.app.services.SystemBundleService, class com.almasb.fxgl.profile.SaveLoadService, class com.almasb.fxgl.ui.FXGLUIFactoryServiceProvider, class com.almasb.fxgl.ui.FXGLDialogFactoryServiceProvider, class com.almasb.fxgl.audio.AudioPlayer, class com.almasb.fxgl.notification.impl.NotificationServiceProvider, class com.almasb.fxgl.achievement.AchievementService, class com.almasb.fxgl.cutscene.CutsceneService, class com.almasb.fxgl.minigames.MiniGameService, class com.almasb.fxgl.net.NetService, class com.almasb.fxgl.app.services.UpdaterService, class com.almasb.fxgl.dev.DevService]
15:03:09.356 [FXGL Background Thread 3 ] DEBUG Engine               - fontGame: Abel-Regular.ttf
15:03:09.356 [FXGL Background Thread 3 ] DEBUG Engine               - fontMono: TerminalLandMono-Regular.otf
15:03:09.356 [FXGL Background Thread 3 ] DEBUG Engine               - fontText: Courier-Prime.ttf
15:03:09.356 [FXGL Background Thread 3 ] DEBUG Engine               - fontUI: VarelaRound-Regular.ttf
15:03:09.356 [FXGL Background Thread 3 ] DEBUG Engine               - fullScreen: BooleanProperty [value: false]
15:03:09.356 [FXGL Background Thread 3 ] DEBUG Engine               - gameDifficulty: MEDIUM
15:03:09.356 [FXGL Background Thread 3 ] DEBUG Engine               - gameDifficultyProperty: ObjectProperty [value: MEDIUM]
15:03:09.356 [FXGL Background Thread 3 ] DEBUG Engine               - globalMusicVolume: 0.5
15:03:09.356 [FXGL Background Thread 3 ] DEBUG Engine               - globalMusicVolumeProperty: DoubleProperty [value: 0.5]
15:03:09.356 [FXGL Background Thread 3 ] DEBUG Engine               - globalSoundVolume: 0.5
15:03:09.356 [FXGL Background Thread 3 ] DEBUG Engine               - globalSoundVolumeProperty: DoubleProperty [value: 0.5]
15:03:09.356 [FXGL Background Thread 3 ] DEBUG Engine               - height: 1080
15:03:09.357 [FXGL Background Thread 3 ] DEBUG Engine               - is3D: false
15:03:09.357 [FXGL Background Thread 3 ] DEBUG Engine               - isAndroid: false
15:03:09.357 [FXGL Background Thread 3 ] DEBUG Engine               - isBrowser: false
15:03:09.357 [FXGL Background Thread 3 ] DEBUG Engine               - isClickFeedbackEnabled: false
15:03:09.357 [FXGL Background Thread 3 ] DEBUG Engine               - isCloseConfirmation: false
15:03:09.357 [FXGL Background Thread 3 ] DEBUG Engine               - isDesktop: true
15:03:09.357 [FXGL Background Thread 3 ] DEBUG Engine               - isDeveloperMenuEnabled: false
15:03:09.357 [FXGL Background Thread 3 ] DEBUG Engine               - isEmbedded: false
15:03:09.357 [FXGL Background Thread 3 ] DEBUG Engine               - isEntityPreloadEnabled: true
15:03:09.357 [FXGL Background Thread 3 ] DEBUG Engine               - isExperimentalTiledLargeMap: false
15:03:09.357 [FXGL Background Thread 3 ] DEBUG Engine               - isFileSystemWriteAllowed: true
15:03:09.357 [FXGL Background Thread 3 ] DEBUG Engine               - isFullScreenAllowed: false
15:03:09.357 [FXGL Background Thread 3 ] DEBUG Engine               - isFullScreenFromStart: false
15:03:09.357 [FXGL Background Thread 3 ] DEBUG Engine               - isGameMenuEnabled: true
15:03:09.357 [FXGL Background Thread 3 ] DEBUG Engine               - isIOS: false
15:03:09.357 [FXGL Background Thread 3 ] DEBUG Engine               - isIntroEnabled: false
15:03:09.357 [FXGL Background Thread 3 ] DEBUG Engine               - isLinux: false
15:03:09.358 [FXGL Background Thread 3 ] DEBUG Engine               - isMac: false
15:03:09.358 [FXGL Background Thread 3 ] DEBUG Engine               - isMainMenuEnabled: false
15:03:09.358 [FXGL Background Thread 3 ] DEBUG Engine               - isManualResizeEnabled: false
15:03:09.358 [FXGL Background Thread 3 ] DEBUG Engine               - isMobile: false
15:03:09.358 [FXGL Background Thread 3 ] DEBUG Engine               - isNative: false
15:03:09.358 [FXGL Background Thread 3 ] DEBUG Engine               - isPauseMusicWhenMinimized: true
15:03:09.358 [FXGL Background Thread 3 ] DEBUG Engine               - isPreserveResizeRatio: false
15:03:09.358 [FXGL Background Thread 3 ] DEBUG Engine               - isProfilingEnabled: false
15:03:09.358 [FXGL Background Thread 3 ] DEBUG Engine               - isScaleAffectedOnResize: true
15:03:09.358 [FXGL Background Thread 3 ] DEBUG Engine               - isSingleStep: false
15:03:09.358 [FXGL Background Thread 3 ] DEBUG Engine               - isUserProfileEnabled: false
15:03:09.358 [FXGL Background Thread 3 ] DEBUG Engine               - isWindows: true
15:03:09.358 [FXGL Background Thread 3 ] DEBUG Engine               - language: ObjectProperty [value: ENGLISH]
15:03:09.358 [FXGL Background Thread 3 ] DEBUG Engine               - menuKey: ESCAPE
15:03:09.358 [FXGL Background Thread 3 ] DEBUG Engine               - mouseSensitivity: 0.2
15:03:09.358 [FXGL Background Thread 3 ] DEBUG Engine               - notificationViewClass: class com.almasb.fxgl.notification.view.XboxNotificationView
15:03:09.358 [FXGL Background Thread 3 ] DEBUG Engine               - pixelsPerMeter: 50.0
15:03:09.358 [FXGL Background Thread 3 ] DEBUG Engine               - platform: WINDOWS
15:03:09.358 [FXGL Background Thread 3 ] DEBUG Engine               - prefHeightProperty: ReadOnlyDoubleProperty [value: 1080.0]
15:03:09.359 [FXGL Background Thread 3 ] DEBUG Engine               - prefWidthProperty: ReadOnlyDoubleProperty [value: 1920.0]
15:03:09.359 [FXGL Background Thread 3 ] DEBUG Engine               - profileDir: profiles/
15:03:09.359 [FXGL Background Thread 3 ] DEBUG Engine               - profileName: StringProperty [value: DEFAULT]
15:03:09.359 [FXGL Background Thread 3 ] DEBUG Engine               - randomSeed: -1
15:03:09.359 [FXGL Background Thread 3 ] DEBUG Engine               - runtimeInfo: RuntimeInfo(platform=WINDOWS, version=17.2, build=20.08.2022 16.50)
15:03:09.359 [FXGL Background Thread 3 ] DEBUG Engine               - saveFileExt: sav
15:03:09.359 [FXGL Background Thread 3 ] DEBUG Engine               - scaledHeightProp$fxgl: DoubleProperty [bound, value: 911.0]
15:03:09.359 [FXGL Background Thread 3 ] DEBUG Engine               - scaledWidthProp$fxgl: DoubleProperty [bound, value: 1596.0]
15:03:09.359 [FXGL Background Thread 3 ] DEBUG Engine               - sceneFactory: com.almasb.fxgl.app.scene.SceneFactory@70fae243
15:03:09.359 [FXGL Background Thread 3 ] DEBUG Engine               - secondsIn24h: 60
15:03:09.359 [FXGL Background Thread 3 ] DEBUG Engine               - soundMenuBack: menu/back.wav
15:03:09.359 [FXGL Background Thread 3 ] DEBUG Engine               - soundMenuPress: menu/press.wav
15:03:09.359 [FXGL Background Thread 3 ] DEBUG Engine               - soundMenuSelect: menu/select.wav
15:03:09.360 [FXGL Background Thread 3 ] DEBUG Engine               - soundNotification: core/notification.wav
15:03:09.360 [FXGL Background Thread 3 ] DEBUG Engine               - stageStyle: DECORATED
15:03:09.360 [FXGL Background Thread 3 ] DEBUG Engine               - supportedLanguages: [ENGLISH, FRENCH, GERMAN, HUNGARIAN, RUSSIAN]
15:03:09.360 [FXGL Background Thread 3 ] DEBUG Engine               - ticksPerSecond: -1
15:03:09.360 [FXGL Background Thread 3 ] DEBUG Engine               - title: Untitled
15:03:09.360 [FXGL Background Thread 3 ] DEBUG Engine               - urlGithub: https://github.com/AlmasB/FXGL
15:03:09.360 [FXGL Background Thread 3 ] DEBUG Engine               - urlLeaderboard: http://fxgl-top.herokuapp.com/
15:03:09.360 [FXGL Background Thread 3 ] DEBUG Engine               - urlPOM: https://raw.githubusercontent.com/AlmasB/FXGL/release/README.md
15:03:09.360 [FXGL Background Thread 3 ] DEBUG Engine               - userAppClass: class game.GameApp
15:03:09.360 [FXGL Background Thread 3 ] DEBUG Engine               - version: 0.0
15:03:09.360 [FXGL Background Thread 3 ] DEBUG Engine               - versionCheckDays: 7
15:03:09.360 [FXGL Background Thread 3 ] DEBUG Engine               - width: 1920
15:03:09.360 [FXGL Background Thread 3 ] DEBUG Engine               - Logging services
15:03:09.360 [FXGL Background Thread 3 ] DEBUG Engine               - class com.almasb.fxgl.app.services.FXGLAssetLoaderService
15:03:09.360 [FXGL Background Thread 3 ] DEBUG Engine               - class com.almasb.fxgl.app.FXGLApplication$GameApplicationService
15:03:09.360 [FXGL Background Thread 3 ] DEBUG Engine               - class com.almasb.fxgl.app.services.FXGLDialogService
15:03:09.360 [FXGL Background Thread 3 ] DEBUG Engine               - class com.almasb.fxgl.app.services.IOTaskExecutorService
15:03:09.360 [FXGL Background Thread 3 ] DEBUG Engine               - class com.almasb.fxgl.io.FileSystemService
15:03:09.360 [FXGL Background Thread 3 ] DEBUG Engine               - class com.almasb.fxgl.localization.LocalizationService
15:03:09.360 [FXGL Background Thread 3 ] DEBUG Engine               - class com.almasb.fxgl.app.services.SystemBundleService
15:03:09.361 [FXGL Background Thread 3 ] DEBUG Engine               - class com.almasb.fxgl.profile.SaveLoadService
15:03:09.361 [FXGL Background Thread 3 ] DEBUG Engine               - class com.almasb.fxgl.ui.FXGLUIFactoryServiceProvider
15:03:09.361 [FXGL Background Thread 3 ] DEBUG Engine               - class com.almasb.fxgl.ui.FXGLDialogFactoryServiceProvider
15:03:09.361 [FXGL Background Thread 3 ] DEBUG Engine               - class com.almasb.fxgl.audio.AudioPlayer
15:03:09.361 [FXGL Background Thread 3 ] DEBUG Engine               - class com.almasb.fxgl.notification.impl.NotificationServiceProvider
15:03:09.361 [FXGL Background Thread 3 ] DEBUG Engine               - class com.almasb.fxgl.achievement.AchievementService
15:03:09.361 [FXGL Background Thread 3 ] DEBUG Engine               - class com.almasb.fxgl.cutscene.CutsceneService
15:03:09.361 [FXGL Background Thread 3 ] DEBUG Engine               - class com.almasb.fxgl.minigames.MiniGameService
15:03:09.361 [FXGL Background Thread 3 ] DEBUG Engine               - class com.almasb.fxgl.net.NetService
15:03:09.361 [FXGL Background Thread 3 ] DEBUG Engine               - class com.almasb.fxgl.app.services.UpdaterService
15:03:09.361 [FXGL Background Thread 3 ] DEBUG Engine               - class com.almasb.fxgl.dev.DevService
15:03:16.380 [JavaFX Application Thread] DEBUG FXGLApplication      - Exiting FXGL
15:03:16.380 [JavaFX Application Thread] DEBUG LoopRunner           - Stopping loop
15:03:16.380 [JavaFX Application Thread] DEBUG SystemBundleService  - Saving FXGL system data
15:03:16.381 [JavaFX Application Thread] DEBUG FileSystemAccess     - Writing to: C:\Users\cpn02\OneDrive\document\javafxGame\system\fxgl.bundle
15:03:16.382 [JavaFX Application Thread] DEBUG Async                - Shutting down background threads
15:03:16.383 [JavaFX Application Thread] DEBUG PrimaryStageWindow   - Closing main window
15:03:16.397 [JavaFX Application Thread] DEBUG Logger               - Closing Logger
