14:36:57.260 [main                     ] DEBUG Logger               - Configured Logger
14:36:57.280 [main                     ] DEBUG GameApplication      - Logging settings
Title: Untitled
Version: 0.0
Width: 1920
Height: 1080
Fullscreen: false
Intro: false
Profiling: false
Single step:false
App Mode: DEVELOPER
Menu Key: ESCAPE
Stage Style: DECORATED
Scene Factory: class com.almasb.fxgl.app.scene.SceneFactory

14:36:57.827 [JavaFX Application Thread] DEBUG FXGLApplication      - Initializing FXGL
14:36:57.831 [JavaFX Application Thread] INFO  Engine               - FXGL-17.2 (20.08.2022 16.50) on WINDOWS (J:17.0.2 FX:18)
14:36:57.832 [JavaFX Application Thread] DEBUG Engine               - JRE Vendor Name: Oracle Corporation
14:36:57.832 [JavaFX Application Thread] DEBUG Engine               - Running on OS: Windows 11 version 10.0
14:36:57.832 [JavaFX Application Thread] DEBUG Engine               - Architecture: amd64
14:36:57.832 [JavaFX Application Thread] INFO  Engine               - Source code and latest versions at: https://github.com/AlmasB/FXGL
14:36:57.832 [JavaFX Application Thread] INFO  Engine               -       Ask questions and discuss at: https://github.com/AlmasB/FXGL/discussions
14:36:57.832 [JavaFX Application Thread] INFO  Engine               -              Join the FXGL chat at: https://gitter.im/AlmasB/FXGL
14:36:57.904 [JavaFX Application Thread] DEBUG PrimaryStageWindow   - Creating a JavaFX scene
14:36:57.905 [JavaFX Application Thread] DEBUG PrimaryStageWindow   - Target size > screen size
14:36:57.934 [JavaFX Application Thread] DEBUG PrimaryStageWindow   - Target settings size: 1920.0 x 1080.0
14:36:57.934 [JavaFX Application Thread] DEBUG PrimaryStageWindow   - Scaled scene size:    1596.0 x 911.0
14:36:57.934 [JavaFX Application Thread] DEBUG PrimaryStageWindow   - Scaled ratio: (0.83125, 0.8435185185185186)
14:36:57.935 [JavaFX Application Thread] DEBUG PrimaryStageWindow   - Set initial scene to FXGLStartupScene
14:36:57.941 [JavaFX Application Thread] DEBUG PrimaryStageWindow   - Opening main window
14:36:58.008 [JavaFX Application Thread] DEBUG PrimaryStageWindow   - Window border size: (14.6666259765625, 37.66668701171875)
14:36:58.009 [JavaFX Application Thread] DEBUG PrimaryStageWindow   - Scaled size: 1596.0 x 911.0
14:36:58.009 [JavaFX Application Thread] DEBUG PrimaryStageWindow   - Scaled ratio: (0.83125, 0.8435185185185186)
14:36:58.010 [JavaFX Application Thread] DEBUG PrimaryStageWindow   - Scene size: 1596.0 x 911.0
14:36:58.010 [JavaFX Application Thread] DEBUG PrimaryStageWindow   - Stage size: 1610.6666259765625 x 948.6666870117188
14:36:58.016 [FXGL Background Thread 1 ] DEBUG Engine               - Initializing environment variables
14:36:58.054 [FXGL Background Thread 1 ] DEBUG FXGLAssetLoaderServi - User app class for loading assets: class game.GameApp
14:36:58.055 [FXGL Background Thread 1 ] DEBUG GameApplicationServi - Applying CSS: fxgl_dark.css
14:36:58.056 [FXGL Background Thread 1 ] DEBUG FXGLAssetLoaderServi - Loading from file system: jar:file:/C:/Users/cpn02/.m2/repository/com/github/almasb/fxgl/17.2/fxgl-17.2.jar!/fxglassets/ui/css/fxgl_dark.css
14:36:58.092 [FXGL Background Thread 1 ] DEBUG GameApplicationServi - Initializing application scenes
14:36:58.129 [FXGL Background Thread 1 ] DEBUG GameWorld            - Game world initialized
14:36:58.178 [FXGL Background Thread 1 ] DEBUG PhysicsWorld         - Physics world initialized: appHeight=1080, physics.ppm=50.0
14:36:58.178 [FXGL Background Thread 1 ] DEBUG PhysicsWorld         - Using strategy: BRUTE_FORCE
14:36:58.184 [FXGL Background Thread 1 ] DEBUG GameScene            - Game scene initialized: 1920x1080
14:36:58.197 [FXGL Background Thread 1 ] DEBUG FXGL.DefaultMenu     - createMenuBodyGameMenu()
14:36:58.214 [FXGL Background Thread 1 ] DEBUG FXGL.DefaultMenu     - createOptionsMenu()
14:36:58.226 [FXGL Background Thread 1 ] DEBUG FXGLAssetLoaderServi - Loading from file system: jar:file:/C:/Users/cpn02/.m2/repository/com/github/almasb/fxgl/17.2/fxgl-17.2.jar!/fxglassets/textures/particles/smoke.png
14:36:58.301 [FXGL Background Thread 1 ] DEBUG FXGLAssetLoaderServi - Loading from file system: jar:file:/C:/Users/cpn02/.m2/repository/com/github/almasb/fxgl/17.2/fxgl-17.2.jar!/fxglassets/textures/particles/trace_horizontal.png
14:36:58.330 [FXGL Background Thread 1 ] DEBUG GameApplicationServi - Application scenes initialized
14:36:58.342 [FXGL Background Thread 1 ] DEBUG SystemBundleService  - Loading FXGL system data
14:36:58.347 [FXGL Background Thread 1 ] DEBUG FileSystemAccess     - Reading from: C:\Users\cpn02\OneDrive\document\javafxGame\system\fxgl.bundle
14:36:58.353 [FXGL Background Thread 1 ] DEBUG SystemBundleService  - Bundle FXGL: {}
14:36:58.354 [FXGL Background Thread 1 ] DEBUG UpdaterService       - Checking for updates
14:36:58.357 [FXGL Background Thread 4 ] DEBUG FXGLApplication      - Loading fonts
14:36:58.358 [FXGL Background Thread 1 ] DEBUG FXGLApplication      - Loading default localization
14:36:58.358 [FXGL Background Thread 4 ] DEBUG FXGLAssetLoaderServi - Loading from file system: jar:file:/C:/Users/cpn02/.m2/repository/com/github/almasb/fxgl/17.2/fxgl-17.2.jar!/fxglassets/ui/fonts/VarelaRound-Regular.ttf
14:36:58.359 [FXGL Background Thread 1 ] DEBUG FXGLAssetLoaderServi - Loading from file system: jar:file:/C:/Users/cpn02/.m2/repository/com/github/almasb/fxgl/17.2/fxgl-17.2.jar!/fxglassets/languages/english.lang
14:36:58.383 [FXGL Background Thread 1 ] INFO  FXGLApplication      - FXGL initialization took: 0.367 sec
14:36:58.384 [JavaFX Application Thread] DEBUG FXGLAssetLoaderServi - Loading from file system: jar:file:/C:/Users/cpn02/.m2/repository/com/github/almasb/fxgl/17.2/fxgl-17.2.jar!/fxglassets/textures/fxgl_icon.png
14:36:58.400 [JavaFX Application Thread] DEBUG FXGLAssetLoaderServi - Loading from file system: jar:file:/C:/Users/cpn02/.m2/repository/com/github/almasb/fxgl/17.2/fxgl-17.2.jar!/fxglassets/textures/fxgl_default_cursor.png
14:36:58.412 [JavaFX Application Thread] DEBUG Input                - Registered new binding: Screenshot - CTRL+8
14:36:58.413 [JavaFX Application Thread] DEBUG Input                - Registered new binding: System info dump - CTRL+9
14:36:58.413 [JavaFX Application Thread] DEBUG Input                - Registered new binding: Restart - CTRL+R
14:36:58.414 [JavaFX Application Thread] DEBUG Input                - Registered new binding: Toggle Debug Camera - CTRL+7
14:36:58.419 [JavaFX Application Thread] DEBUG LoopRunner           - Starting loop
14:36:58.419 [JavaFX Application Thread] DEBUG LoopRunner           - Initializing JavaFX AnimationTimerLoop
14:36:58.422 [JavaFX Application Thread] DEBUG GameApplicationServi - Starting new game
14:36:58.422 [FXGL Background Thread 4 ] DEBUG FXGLAssetLoaderServi - Loading from file system: jar:file:/C:/Users/cpn02/.m2/repository/com/github/almasb/fxgl/17.2/fxgl-17.2.jar!/fxglassets/ui/fonts/Abel-Regular.ttf
14:36:58.422 [JavaFX Application Thread] DEBUG Input                - Clearing active input actions
14:36:58.424 [FXGL Background Thread 4 ] DEBUG FXGLAssetLoaderServi - Loading from file system: jar:file:/C:/Users/cpn02/.m2/repository/com/github/almasb/fxgl/17.2/fxgl-17.2.jar!/fxglassets/ui/fonts/TerminalLandMono-Regular.otf
14:36:58.426 [FXGL Background Thread 4 ] DEBUG FXGLAssetLoaderServi - Loading from file system: jar:file:/C:/Users/cpn02/.m2/repository/com/github/almasb/fxgl/17.2/fxgl-17.2.jar!/fxglassets/ui/fonts/Courier-Prime.ttf
14:36:58.430 [JavaFX Application Thread] DEBUG GameApplicationServi - Removing overlay from FXGLStartupScene and adding to FXGLLoadingScene
14:36:58.431 [JavaFX Application Thread] DEBUG PrimaryStageWindow   - FXGLStartupScene -> FXGLLoadingScene
14:36:58.431 [JavaFX Application Thread] DEBUG GameApplicationServi - Clearing previous game
14:36:58.431 [JavaFX Application Thread] DEBUG GameScene            - Clearing game scene
14:36:58.431 [JavaFX Application Thread] DEBUG GameWorld            - Clearing game world
14:36:58.431 [JavaFX Application Thread] DEBUG PhysicsWorld         - Clearing physics world
14:36:58.433 [FXGL Background Thread 4 ] DEBUG FXGLApplication      - Initializing game
14:36:58.438 [FXGL Background Thread 4 ] DEBUG FXGLAssetLoaderServi - Loading from file system: file:/C:/Users/cpn02/OneDrive/document/javafxGame/target/classes/assets/textures/mat.png
14:36:58.465 [JavaFX Application Thread] DEBUG FXGLApplication      - Registering font factories with UI factory
14:36:58.526 [FXGL Background Thread 4 ] DEBUG FXGLAssetLoaderServi - Loading from file system: file:/C:/Users/cpn02/OneDrive/document/javafxGame/target/classes/assets/textures/level_three.png
14:36:58.573 [FXGL Background Thread 4 ] DEBUG FXGLAssetLoaderServi - Loading from file system: file:/C:/Users/cpn02/OneDrive/document/javafxGame/target/classes/assets/textures/sample_red.png
14:36:58.637 [FXGL Background Thread 4 ] DEBUG FXGLAssetLoaderServi - Loading from file system: file:/C:/Users/cpn02/OneDrive/document/javafxGame/target/classes/assets/textures/sample_blue.png
14:36:58.676 [FXGL Background Thread 4 ] INFO  FXGLApplication      - Game initialization took: 0.243 sec
14:36:58.679 [JavaFX Application Thread] DEBUG Input                - Clearing active input actions
14:36:58.686 [JavaFX Application Thread] DEBUG GameApplicationServi - Removing overlay from FXGLLoadingScene and adding to GameScene
14:36:58.686 [JavaFX Application Thread] DEBUG PrimaryStageWindow   - FXGLLoadingScene -> GameScene
14:37:00.317 [JavaFX Application Thread] DEBUG FXGLApplication      - Exiting FXGL
14:37:00.318 [JavaFX Application Thread] DEBUG LoopRunner           - Stopping loop
14:37:00.318 [JavaFX Application Thread] DEBUG SystemBundleService  - Saving FXGL system data
14:37:00.319 [JavaFX Application Thread] DEBUG FileSystemAccess     - Writing to: C:\Users\cpn02\OneDrive\document\javafxGame\system\fxgl.bundle
14:37:00.320 [JavaFX Application Thread] DEBUG Async                - Shutting down background threads
14:37:00.321 [JavaFX Application Thread] DEBUG PrimaryStageWindow   - Closing main window
14:37:00.335 [JavaFX Application Thread] DEBUG Logger               - Closing Logger
