17:51:20.186 [main                     ] DEBUG Logger               - Configured Logger
17:51:20.209 [main                     ] DEBUG GameApplication      - Logging settings
Title: Untitled
Version: 0.0
Width: 1920
Height: 1080
Fullscreen: false
Intro: false
Profiling: false
Single step:false
App Mode: DEVELOPER
Menu Key: ESCAPE
Stage Style: DECORATED
Scene Factory: class com.almasb.fxgl.app.scene.SceneFactory

17:51:20.774 [JavaFX Application Thread] DEBUG FXGLApplication      - Initializing FXGL
17:51:20.777 [JavaFX Application Thread] INFO  Engine               - FXGL-17.2 (20.08.2022 16.50) on WINDOWS (J:17.0.2 FX:18)
17:51:20.778 [JavaFX Application Thread] DEBUG Engine               - JRE Vendor Name: Oracle Corporation
17:51:20.778 [JavaFX Application Thread] DEBUG Engine               - Running on OS: Windows 11 version 10.0
17:51:20.778 [JavaFX Application Thread] DEBUG Engine               - Architecture: amd64
17:51:20.778 [JavaFX Application Thread] INFO  Engine               - Source code and latest versions at: https://github.com/AlmasB/FXGL
17:51:20.778 [JavaFX Application Thread] INFO  Engine               -       Ask questions and discuss at: https://github.com/AlmasB/FXGL/discussions
17:51:20.778 [JavaFX Application Thread] INFO  Engine               -              Join the FXGL chat at: https://gitter.im/AlmasB/FXGL
17:51:20.850 [JavaFX Application Thread] DEBUG PrimaryStageWindow   - Creating a JavaFX scene
17:51:20.851 [JavaFX Application Thread] DEBUG PrimaryStageWindow   - Target size > screen size
17:51:20.879 [JavaFX Application Thread] DEBUG PrimaryStageWindow   - Target settings size: 1920.0 x 1080.0
17:51:20.880 [JavaFX Application Thread] DEBUG PrimaryStageWindow   - Scaled scene size:    1596.0 x 911.0
17:51:20.880 [JavaFX Application Thread] DEBUG PrimaryStageWindow   - Scaled ratio: (0.83125, 0.8435185185185186)
17:51:20.880 [JavaFX Application Thread] DEBUG PrimaryStageWindow   - Set initial scene to FXGLStartupScene
17:51:20.886 [JavaFX Application Thread] DEBUG PrimaryStageWindow   - Opening main window
17:51:20.957 [JavaFX Application Thread] DEBUG PrimaryStageWindow   - Window border size: (14.6666259765625, 37.66668701171875)
17:51:20.957 [JavaFX Application Thread] DEBUG PrimaryStageWindow   - Scaled size: 1596.0 x 911.0
17:51:20.958 [JavaFX Application Thread] DEBUG PrimaryStageWindow   - Scaled ratio: (0.83125, 0.8435185185185186)
17:51:20.958 [JavaFX Application Thread] DEBUG PrimaryStageWindow   - Scene size: 1596.0 x 911.0
17:51:20.958 [JavaFX Application Thread] DEBUG PrimaryStageWindow   - Stage size: 1610.6666259765625 x 948.6666870117188
17:51:20.965 [FXGL Background Thread 1 ] DEBUG Engine               - Initializing environment variables
17:51:21.003 [FXGL Background Thread 1 ] DEBUG FXGLAssetLoaderServi - User app class for loading assets: class game.GameApp
17:51:21.003 [FXGL Background Thread 1 ] DEBUG GameApplicationServi - Applying CSS: fxgl_dark.css
17:51:21.003 [FXGL Background Thread 1 ] DEBUG FXGLAssetLoaderServi - Loading from file system: jar:file:/C:/Users/cpn02/.m2/repository/com/github/almasb/fxgl/17.2/fxgl-17.2.jar!/fxglassets/ui/css/fxgl_dark.css
17:51:21.042 [FXGL Background Thread 1 ] DEBUG GameApplicationServi - Initializing application scenes
17:51:21.083 [FXGL Background Thread 1 ] DEBUG GameWorld            - Game world initialized
17:51:21.133 [FXGL Background Thread 1 ] DEBUG PhysicsWorld         - Physics world initialized: appHeight=1080, physics.ppm=50.0
17:51:21.133 [FXGL Background Thread 1 ] DEBUG PhysicsWorld         - Using strategy: BRUTE_FORCE
17:51:21.138 [FXGL Background Thread 1 ] DEBUG GameScene            - Game scene initialized: 1920x1080
17:51:21.154 [FXGL Background Thread 1 ] DEBUG FXGL.DefaultMenu     - createMenuBodyGameMenu()
17:51:21.170 [FXGL Background Thread 1 ] DEBUG FXGL.DefaultMenu     - createOptionsMenu()
17:51:21.179 [FXGL Background Thread 1 ] DEBUG FXGLAssetLoaderServi - Loading from file system: jar:file:/C:/Users/cpn02/.m2/repository/com/github/almasb/fxgl/17.2/fxgl-17.2.jar!/fxglassets/textures/particles/smoke.png
17:51:21.265 [FXGL Background Thread 1 ] DEBUG FXGLAssetLoaderServi - Loading from file system: jar:file:/C:/Users/cpn02/.m2/repository/com/github/almasb/fxgl/17.2/fxgl-17.2.jar!/fxglassets/textures/particles/trace_horizontal.png
17:51:21.293 [FXGL Background Thread 1 ] DEBUG GameApplicationServi - Application scenes initialized
17:51:21.306 [FXGL Background Thread 1 ] DEBUG SystemBundleService  - Loading FXGL system data
17:51:21.311 [FXGL Background Thread 1 ] DEBUG FileSystemAccess     - Reading from: C:\Users\cpn02\OneDrive\document\javafxGame\system\fxgl.bundle
17:51:21.318 [FXGL Background Thread 1 ] DEBUG SystemBundleService  - Bundle FXGL: {}
17:51:21.318 [FXGL Background Thread 1 ] DEBUG UpdaterService       - Checking for updates
17:51:21.323 [FXGL Background Thread 4 ] DEBUG FXGLApplication      - Loading fonts
17:51:21.323 [FXGL Background Thread 4 ] DEBUG FXGLAssetLoaderServi - Loading from file system: jar:file:/C:/Users/cpn02/.m2/repository/com/github/almasb/fxgl/17.2/fxgl-17.2.jar!/fxglassets/ui/fonts/VarelaRound-Regular.ttf
17:51:21.324 [FXGL Background Thread 1 ] DEBUG FXGLApplication      - Loading default localization
17:51:21.325 [FXGL Background Thread 1 ] DEBUG FXGLAssetLoaderServi - Loading from file system: jar:file:/C:/Users/cpn02/.m2/repository/com/github/almasb/fxgl/17.2/fxgl-17.2.jar!/fxglassets/languages/english.lang
17:51:21.353 [FXGL Background Thread 1 ] INFO  FXGLApplication      - FXGL initialization took: 0.388 sec
17:51:21.353 [JavaFX Application Thread] DEBUG FXGLAssetLoaderServi - Loading from file system: jar:file:/C:/Users/cpn02/.m2/repository/com/github/almasb/fxgl/17.2/fxgl-17.2.jar!/fxglassets/textures/fxgl_icon.png
17:51:21.368 [JavaFX Application Thread] DEBUG FXGLAssetLoaderServi - Loading from file system: jar:file:/C:/Users/cpn02/.m2/repository/com/github/almasb/fxgl/17.2/fxgl-17.2.jar!/fxglassets/textures/fxgl_default_cursor.png
17:51:21.388 [FXGL Background Thread 4 ] DEBUG FXGLAssetLoaderServi - Loading from file system: jar:file:/C:/Users/cpn02/.m2/repository/com/github/almasb/fxgl/17.2/fxgl-17.2.jar!/fxglassets/ui/fonts/Abel-Regular.ttf
17:51:21.391 [FXGL Background Thread 4 ] DEBUG FXGLAssetLoaderServi - Loading from file system: jar:file:/C:/Users/cpn02/.m2/repository/com/github/almasb/fxgl/17.2/fxgl-17.2.jar!/fxglassets/ui/fonts/TerminalLandMono-Regular.otf
17:51:21.391 [JavaFX Application Thread] DEBUG Input                - Registered new binding: Screenshot - CTRL+8
17:51:21.392 [JavaFX Application Thread] DEBUG Input                - Registered new binding: System info dump - CTRL+9
17:51:21.393 [JavaFX Application Thread] DEBUG Input                - Registered new binding: Restart - CTRL+R
17:51:21.393 [FXGL Background Thread 4 ] DEBUG FXGLAssetLoaderServi - Loading from file system: jar:file:/C:/Users/cpn02/.m2/repository/com/github/almasb/fxgl/17.2/fxgl-17.2.jar!/fxglassets/ui/fonts/Courier-Prime.ttf
17:51:21.395 [JavaFX Application Thread] DEBUG Input                - Registered new binding: Toggle Debug Camera - CTRL+7
17:51:21.400 [JavaFX Application Thread] DEBUG LoopRunner           - Starting loop
17:51:21.400 [JavaFX Application Thread] DEBUG LoopRunner           - Initializing JavaFX AnimationTimerLoop
17:51:21.405 [JavaFX Application Thread] DEBUG GameApplicationServi - Starting new game
17:51:21.405 [JavaFX Application Thread] DEBUG Input                - Clearing active input actions
17:51:21.415 [JavaFX Application Thread] DEBUG GameApplicationServi - Removing overlay from FXGLStartupScene and adding to FXGLLoadingScene
17:51:21.416 [JavaFX Application Thread] DEBUG PrimaryStageWindow   - FXGLStartupScene -> FXGLLoadingScene
17:51:21.416 [JavaFX Application Thread] DEBUG GameApplicationServi - Clearing previous game
17:51:21.416 [JavaFX Application Thread] DEBUG GameScene            - Clearing game scene
17:51:21.416 [JavaFX Application Thread] DEBUG GameWorld            - Clearing game world
17:51:21.416 [JavaFX Application Thread] DEBUG PhysicsWorld         - Clearing physics world
17:51:21.419 [JavaFX Application Thread] DEBUG FXGLApplication      - Registering font factories with UI factory
17:51:21.419 [FXGL Background Thread 4 ] DEBUG FXGLApplication      - Initializing game
17:51:21.428 [FXGL Background Thread 4 ] DEBUG FXGLAssetLoaderServi - Loading from file system: file:/C:/Users/cpn02/OneDrive/document/javafxGame/target/classes/assets/textures/background.png
17:51:21.510 [FXGL Background Thread 4 ] DEBUG FXGLAssetLoaderServi - Loading from file system: file:/C:/Users/cpn02/OneDrive/document/javafxGame/target/classes/assets/textures/mat.png
17:51:21.597 [FXGL Background Thread 4 ] DEBUG FXGLAssetLoaderServi - Loading from file system: file:/C:/Users/cpn02/OneDrive/document/javafxGame/target/classes/assets/textures/level_one.png
17:51:21.633 [FXGL Background Thread 4 ] DEBUG FXGLAssetLoaderServi - Loading from file system: file:/C:/Users/cpn02/OneDrive/document/javafxGame/target/classes/assets/textures/level_two.png
17:51:21.667 [FXGL Background Thread 4 ] DEBUG FXGLAssetLoaderServi - Loading from file system: file:/C:/Users/cpn02/OneDrive/document/javafxGame/target/classes/assets/textures/level_three.png
17:51:21.706 [FXGL Background Thread 4 ] DEBUG FXGLAssetLoaderServi - Loading from file system: file:/C:/Users/cpn02/OneDrive/document/javafxGame/target/classes/assets/textures/sample_one1.png
17:51:21.737 [FXGL Background Thread 4 ] DEBUG FXGLAssetLoaderServi - Loading from file system: file:/C:/Users/cpn02/OneDrive/document/javafxGame/target/classes/assets/textures/sample_two0.png
17:51:21.781 [FXGL Background Thread 4 ] DEBUG FXGLAssetLoaderServi - Loading from file system: file:/C:/Users/cpn02/OneDrive/document/javafxGame/target/classes/assets/textures/sample_three1.png
17:51:21.826 [FXGL Background Thread 4 ] DEBUG FXGLAssetLoaderServi - Loading from file system: file:/C:/Users/cpn02/OneDrive/document/javafxGame/target/classes/assets/textures/sample_three0.png
17:51:21.868 [FXGL Background Thread 4 ] DEBUG FXGLAssetLoaderServi - Loading from file system: file:/C:/Users/cpn02/OneDrive/document/javafxGame/target/classes/assets/textures/sample_two1.png
17:51:21.906 [FXGL Background Thread 4 ] DEBUG FXGLAssetLoaderServi - Loading from file system: file:/C:/Users/cpn02/OneDrive/document/javafxGame/target/classes/assets/textures/sample_one0.png
17:51:21.937 [FXGL Background Thread 4 ] INFO  FXGLApplication      - Game initialization took: 0.518 sec
17:51:21.941 [JavaFX Application Thread] DEBUG Input                - Clearing active input actions
17:51:21.950 [JavaFX Application Thread] DEBUG GameApplicationServi - Removing overlay from FXGLLoadingScene and adding to GameScene
17:51:21.950 [JavaFX Application Thread] DEBUG PrimaryStageWindow   - FXGLLoadingScene -> GameScene
17:51:24.321 [FXGL Background Thread 3 ] DEBUG Engine               - Logging environment variables
17:51:24.321 [FXGL Background Thread 3 ] DEBUG Engine               - achievements: []
17:51:24.321 [FXGL Background Thread 3 ] DEBUG Engine               - actualHeight: 911.0
17:51:24.321 [FXGL Background Thread 3 ] DEBUG Engine               - actualHeightProperty: ReadOnlyDoubleProperty [value: 911.0]
17:51:24.322 [FXGL Background Thread 3 ] DEBUG Engine               - actualWidth: 1596.0
17:51:24.322 [FXGL Background Thread 3 ] DEBUG Engine               - actualWidthProperty: ReadOnlyDoubleProperty [value: 1596.0]
17:51:24.322 [FXGL Background Thread 3 ] DEBUG Engine               - appIcon: fxgl_icon.png
17:51:24.322 [FXGL Background Thread 3 ] DEBUG Engine               - applicationMode: DEVELOPER
17:51:24.322 [FXGL Background Thread 3 ] DEBUG Engine               - cSSList: [fxgl_dark.css]
17:51:24.322 [FXGL Background Thread 3 ] DEBUG Engine               - collisionDetectionStrategy: BRUTE_FORCE
17:51:24.322 [FXGL Background Thread 3 ] DEBUG Engine               - configClass: Optional.empty
17:51:24.322 [FXGL Background Thread 3 ] DEBUG Engine               - credits: []
17:51:24.322 [FXGL Background Thread 3 ] DEBUG Engine               - defaultCursor: CursorInfo(imageName=fxgl_default_cursor.png, hotspotX=7.0, hotspotY=6.0)
17:51:24.322 [FXGL Background Thread 3 ] DEBUG Engine               - devBBoxColorProperty: ObjectProperty [value: 0xff0000ff]
17:51:24.323 [FXGL Background Thread 3 ] DEBUG Engine               - devEnableDebugCameraProperty: BooleanProperty [value: false]
17:51:24.324 [FXGL Background Thread 3 ] DEBUG Engine               - devSensorColorProperty: ObjectProperty [value: 0xffff00ff]
17:51:24.324 [FXGL Background Thread 3 ] DEBUG Engine               - devShowBBoxProperty: BooleanProperty [value: false]
17:51:24.324 [FXGL Background Thread 3 ] DEBUG Engine               - devShowPositionProperty: BooleanProperty [value: false]
17:51:24.324 [FXGL Background Thread 3 ] DEBUG Engine               - enabledMenuItems: []
17:51:24.324 [FXGL Background Thread 3 ] DEBUG Engine               - engineServices: [class com.almasb.fxgl.app.services.FXGLAssetLoaderService, class com.almasb.fxgl.app.FXGLApplication$GameApplicationService, class com.almasb.fxgl.app.services.FXGLDialogService, class com.almasb.fxgl.app.services.IOTaskExecutorService, class com.almasb.fxgl.io.FileSystemService, class com.almasb.fxgl.localization.LocalizationService, class com.almasb.fxgl.app.services.SystemBundleService, class com.almasb.fxgl.profile.SaveLoadService, class com.almasb.fxgl.ui.FXGLUIFactoryServiceProvider, class com.almasb.fxgl.ui.FXGLDialogFactoryServiceProvider, class com.almasb.fxgl.audio.AudioPlayer, class com.almasb.fxgl.notification.impl.NotificationServiceProvider, class com.almasb.fxgl.achievement.AchievementService, class com.almasb.fxgl.cutscene.CutsceneService, class com.almasb.fxgl.minigames.MiniGameService, class com.almasb.fxgl.net.NetService, class com.almasb.fxgl.app.services.UpdaterService, class com.almasb.fxgl.dev.DevService]
17:51:24.324 [FXGL Background Thread 3 ] DEBUG Engine               - fontGame: Abel-Regular.ttf
17:51:24.324 [FXGL Background Thread 3 ] DEBUG Engine               - fontMono: TerminalLandMono-Regular.otf
17:51:24.324 [FXGL Background Thread 3 ] DEBUG Engine               - fontText: Courier-Prime.ttf
17:51:24.324 [FXGL Background Thread 3 ] DEBUG Engine               - fontUI: VarelaRound-Regular.ttf
17:51:24.324 [FXGL Background Thread 3 ] DEBUG Engine               - fullScreen: BooleanProperty [value: false]
17:51:24.324 [FXGL Background Thread 3 ] DEBUG Engine               - gameDifficulty: MEDIUM
17:51:24.324 [FXGL Background Thread 3 ] DEBUG Engine               - gameDifficultyProperty: ObjectProperty [value: MEDIUM]
17:51:24.324 [FXGL Background Thread 3 ] DEBUG Engine               - globalMusicVolume: 0.5
17:51:24.324 [FXGL Background Thread 3 ] DEBUG Engine               - globalMusicVolumeProperty: DoubleProperty [value: 0.5]
17:51:24.324 [FXGL Background Thread 3 ] DEBUG Engine               - globalSoundVolume: 0.5
17:51:24.324 [FXGL Background Thread 3 ] DEBUG Engine               - globalSoundVolumeProperty: DoubleProperty [value: 0.5]
17:51:24.325 [FXGL Background Thread 3 ] DEBUG Engine               - height: 1080
17:51:24.325 [FXGL Background Thread 3 ] DEBUG Engine               - is3D: false
17:51:24.325 [FXGL Background Thread 3 ] DEBUG Engine               - isAndroid: false
17:51:24.325 [FXGL Background Thread 3 ] DEBUG Engine               - isBrowser: false
17:51:24.325 [FXGL Background Thread 3 ] DEBUG Engine               - isClickFeedbackEnabled: false
17:51:24.325 [FXGL Background Thread 3 ] DEBUG Engine               - isCloseConfirmation: false
17:51:24.325 [FXGL Background Thread 3 ] DEBUG Engine               - isDesktop: true
17:51:24.325 [FXGL Background Thread 3 ] DEBUG Engine               - isDeveloperMenuEnabled: false
17:51:24.325 [FXGL Background Thread 3 ] DEBUG Engine               - isEmbedded: false
17:51:24.325 [FXGL Background Thread 3 ] DEBUG Engine               - isEntityPreloadEnabled: true
17:51:24.325 [FXGL Background Thread 3 ] DEBUG Engine               - isExperimentalTiledLargeMap: false
17:51:24.325 [FXGL Background Thread 3 ] DEBUG Engine               - isFileSystemWriteAllowed: true
17:51:24.325 [FXGL Background Thread 3 ] DEBUG Engine               - isFullScreenAllowed: false
17:51:24.325 [FXGL Background Thread 3 ] DEBUG Engine               - isFullScreenFromStart: false
17:51:24.325 [FXGL Background Thread 3 ] DEBUG Engine               - isGameMenuEnabled: true
17:51:24.325 [FXGL Background Thread 3 ] DEBUG Engine               - isIOS: false
17:51:24.325 [FXGL Background Thread 3 ] DEBUG Engine               - isIntroEnabled: false
17:51:24.325 [FXGL Background Thread 3 ] DEBUG Engine               - isLinux: false
17:51:24.326 [FXGL Background Thread 3 ] DEBUG Engine               - isMac: false
17:51:24.326 [FXGL Background Thread 3 ] DEBUG Engine               - isMainMenuEnabled: false
17:51:24.326 [FXGL Background Thread 3 ] DEBUG Engine               - isManualResizeEnabled: false
17:51:24.326 [FXGL Background Thread 3 ] DEBUG Engine               - isMobile: false
17:51:24.326 [FXGL Background Thread 3 ] DEBUG Engine               - isNative: false
17:51:24.326 [FXGL Background Thread 3 ] DEBUG Engine               - isPauseMusicWhenMinimized: true
17:51:24.326 [FXGL Background Thread 3 ] DEBUG Engine               - isPreserveResizeRatio: false
17:51:24.326 [FXGL Background Thread 3 ] DEBUG Engine               - isProfilingEnabled: false
17:51:24.326 [FXGL Background Thread 3 ] DEBUG Engine               - isScaleAffectedOnResize: true
17:51:24.326 [FXGL Background Thread 3 ] DEBUG Engine               - isSingleStep: false
17:51:24.326 [FXGL Background Thread 3 ] DEBUG Engine               - isUserProfileEnabled: false
17:51:24.326 [FXGL Background Thread 3 ] DEBUG Engine               - isWindows: true
17:51:24.326 [FXGL Background Thread 3 ] DEBUG Engine               - language: ObjectProperty [value: ENGLISH]
17:51:24.326 [FXGL Background Thread 3 ] DEBUG Engine               - menuKey: ESCAPE
17:51:24.326 [FXGL Background Thread 3 ] DEBUG Engine               - mouseSensitivity: 0.2
17:51:24.326 [FXGL Background Thread 3 ] DEBUG Engine               - notificationViewClass: class com.almasb.fxgl.notification.view.XboxNotificationView
17:51:24.326 [FXGL Background Thread 3 ] DEBUG Engine               - pixelsPerMeter: 50.0
17:51:24.326 [FXGL Background Thread 3 ] DEBUG Engine               - platform: WINDOWS
17:51:24.326 [FXGL Background Thread 3 ] DEBUG Engine               - prefHeightProperty: ReadOnlyDoubleProperty [value: 1080.0]
17:51:24.326 [FXGL Background Thread 3 ] DEBUG Engine               - prefWidthProperty: ReadOnlyDoubleProperty [value: 1920.0]
17:51:24.327 [FXGL Background Thread 3 ] DEBUG Engine               - profileDir: profiles/
17:51:24.327 [FXGL Background Thread 3 ] DEBUG Engine               - profileName: StringProperty [value: DEFAULT]
17:51:24.327 [FXGL Background Thread 3 ] DEBUG Engine               - randomSeed: -1
17:51:24.327 [FXGL Background Thread 3 ] DEBUG Engine               - runtimeInfo: RuntimeInfo(platform=WINDOWS, version=17.2, build=20.08.2022 16.50)
17:51:24.327 [FXGL Background Thread 3 ] DEBUG Engine               - saveFileExt: sav
17:51:24.327 [FXGL Background Thread 3 ] DEBUG Engine               - scaledHeightProp$fxgl: DoubleProperty [bound, value: 911.0]
17:51:24.327 [FXGL Background Thread 3 ] DEBUG Engine               - scaledWidthProp$fxgl: DoubleProperty [bound, value: 1596.0]
17:51:24.327 [FXGL Background Thread 3 ] DEBUG Engine               - sceneFactory: com.almasb.fxgl.app.scene.SceneFactory@431e8b8b
17:51:24.328 [FXGL Background Thread 3 ] DEBUG Engine               - secondsIn24h: 60
17:51:24.328 [FXGL Background Thread 3 ] DEBUG Engine               - soundMenuBack: menu/back.wav
17:51:24.328 [FXGL Background Thread 3 ] DEBUG Engine               - soundMenuPress: menu/press.wav
17:51:24.328 [FXGL Background Thread 3 ] DEBUG Engine               - soundMenuSelect: menu/select.wav
17:51:24.328 [FXGL Background Thread 3 ] DEBUG Engine               - soundNotification: core/notification.wav
17:51:24.328 [FXGL Background Thread 3 ] DEBUG Engine               - stageStyle: DECORATED
17:51:24.328 [FXGL Background Thread 3 ] DEBUG Engine               - supportedLanguages: [ENGLISH, FRENCH, GERMAN, HUNGARIAN, RUSSIAN]
17:51:24.328 [FXGL Background Thread 3 ] DEBUG Engine               - ticksPerSecond: -1
17:51:24.328 [FXGL Background Thread 3 ] DEBUG Engine               - title: Untitled
17:51:24.328 [FXGL Background Thread 3 ] DEBUG Engine               - urlGithub: https://github.com/AlmasB/FXGL
17:51:24.328 [FXGL Background Thread 3 ] DEBUG Engine               - urlLeaderboard: http://fxgl-top.herokuapp.com/
17:51:24.328 [FXGL Background Thread 3 ] DEBUG Engine               - urlPOM: https://raw.githubusercontent.com/AlmasB/FXGL/release/README.md
17:51:24.328 [FXGL Background Thread 3 ] DEBUG Engine               - userAppClass: class game.GameApp
17:51:24.328 [FXGL Background Thread 3 ] DEBUG Engine               - version: 0.0
17:51:24.328 [FXGL Background Thread 3 ] DEBUG Engine               - versionCheckDays: 7
17:51:24.328 [FXGL Background Thread 3 ] DEBUG Engine               - width: 1920
17:51:24.328 [FXGL Background Thread 3 ] DEBUG Engine               - Logging services
17:51:24.328 [FXGL Background Thread 3 ] DEBUG Engine               - class com.almasb.fxgl.app.services.FXGLAssetLoaderService
17:51:24.328 [FXGL Background Thread 3 ] DEBUG Engine               - class com.almasb.fxgl.app.FXGLApplication$GameApplicationService
17:51:24.328 [FXGL Background Thread 3 ] DEBUG Engine               - class com.almasb.fxgl.app.services.FXGLDialogService
17:51:24.328 [FXGL Background Thread 3 ] DEBUG Engine               - class com.almasb.fxgl.app.services.IOTaskExecutorService
17:51:24.328 [FXGL Background Thread 3 ] DEBUG Engine               - class com.almasb.fxgl.io.FileSystemService
17:51:24.328 [FXGL Background Thread 3 ] DEBUG Engine               - class com.almasb.fxgl.localization.LocalizationService
17:51:24.328 [FXGL Background Thread 3 ] DEBUG Engine               - class com.almasb.fxgl.app.services.SystemBundleService
17:51:24.329 [FXGL Background Thread 3 ] DEBUG Engine               - class com.almasb.fxgl.profile.SaveLoadService
17:51:24.329 [FXGL Background Thread 3 ] DEBUG Engine               - class com.almasb.fxgl.ui.FXGLUIFactoryServiceProvider
17:51:24.329 [FXGL Background Thread 3 ] DEBUG Engine               - class com.almasb.fxgl.ui.FXGLDialogFactoryServiceProvider
17:51:24.329 [FXGL Background Thread 3 ] DEBUG Engine               - class com.almasb.fxgl.audio.AudioPlayer
17:51:24.329 [FXGL Background Thread 3 ] DEBUG Engine               - class com.almasb.fxgl.notification.impl.NotificationServiceProvider
17:51:24.329 [FXGL Background Thread 3 ] DEBUG Engine               - class com.almasb.fxgl.achievement.AchievementService
17:51:24.329 [FXGL Background Thread 3 ] DEBUG Engine               - class com.almasb.fxgl.cutscene.CutsceneService
17:51:24.329 [FXGL Background Thread 3 ] DEBUG Engine               - class com.almasb.fxgl.minigames.MiniGameService
17:51:24.329 [FXGL Background Thread 3 ] DEBUG Engine               - class com.almasb.fxgl.net.NetService
17:51:24.329 [FXGL Background Thread 3 ] DEBUG Engine               - class com.almasb.fxgl.app.services.UpdaterService
17:51:24.329 [FXGL Background Thread 3 ] DEBUG Engine               - class com.almasb.fxgl.dev.DevService
17:59:41.174 [JavaFX Application Thread] DEBUG FXGLApplication      - Exiting FXGL
17:59:41.174 [JavaFX Application Thread] DEBUG LoopRunner           - Stopping loop
17:59:41.174 [JavaFX Application Thread] DEBUG SystemBundleService  - Saving FXGL system data
17:59:41.176 [JavaFX Application Thread] DEBUG FileSystemAccess     - Writing to: C:\Users\cpn02\OneDrive\document\javafxGame\system\fxgl.bundle
17:59:41.178 [JavaFX Application Thread] DEBUG Async                - Shutting down background threads
17:59:41.178 [JavaFX Application Thread] DEBUG PrimaryStageWindow   - Closing main window
17:59:41.193 [JavaFX Application Thread] DEBUG Logger               - Closing Logger
