20:38:23.096 [main                     ] DEBUG Logger               - Configured Logger
20:38:23.118 [main                     ] DEBUG GameApplication      - Logging settings
Title: Untitled
Version: 0.0
Width: 1920
Height: 1080
Fullscreen: false
Intro: false
Profiling: false
Single step:false
App Mode: DEVELOPER
Menu Key: ESCAPE
Stage Style: DECORATED
Scene Factory: class com.almasb.fxgl.app.scene.SceneFactory

20:38:23.362 [JavaFX Application Thread] DEBUG FXGLApplication      - Initializing FXGL
20:38:23.366 [JavaFX Application Thread] INFO  Engine               - FXGL-17.2 (20.08.2022 16.50) on LINUX (J:17.0.3 FX:18)
20:38:23.366 [JavaFX Application Thread] DEBUG Engine               - JRE Vendor Name: Eclipse Adoptium
20:38:23.366 [JavaFX Application Thread] DEBUG Engine               - Running on OS: Linux version 5.15.0-52-generic
20:38:23.366 [JavaFX Application Thread] DEBUG Engine               - Architecture: amd64
20:38:23.367 [JavaFX Application Thread] INFO  Engine               - Source code and latest versions at: https://github.com/AlmasB/FXGL
20:38:23.367 [JavaFX Application Thread] INFO  Engine               -       Ask questions and discuss at: https://github.com/AlmasB/FXGL/discussions
20:38:23.367 [JavaFX Application Thread] INFO  Engine               -              Join the FXGL chat at: https://gitter.im/AlmasB/FXGL
20:38:23.431 [JavaFX Application Thread] DEBUG PrimaryStageWindow   - Creating a JavaFX scene
20:38:23.431 [JavaFX Application Thread] DEBUG PrimaryStageWindow   - Target size > screen size
20:38:23.557 [JavaFX Application Thread] DEBUG PrimaryStageWindow   - Target settings size: 1920.0 x 1080.0
20:38:23.557 [JavaFX Application Thread] DEBUG PrimaryStageWindow   - Scaled scene size:    1821.0 x 1038.0
20:38:23.558 [JavaFX Application Thread] DEBUG PrimaryStageWindow   - Scaled ratio: (0.9484375, 0.9611111111111111)
20:38:23.558 [JavaFX Application Thread] DEBUG PrimaryStageWindow   - Set initial scene to FXGLStartupScene
20:38:23.562 [JavaFX Application Thread] DEBUG PrimaryStageWindow   - Opening main window
20:38:23.588 [JavaFX Application Thread] DEBUG PrimaryStageWindow   - Window border size: (2.0, 29.0)
20:38:23.588 [JavaFX Application Thread] DEBUG PrimaryStageWindow   - Scaled size: 1821.0 x 1038.0
20:38:23.588 [JavaFX Application Thread] DEBUG PrimaryStageWindow   - Scaled ratio: (0.9484375, 0.9611111111111111)
20:38:23.588 [JavaFX Application Thread] DEBUG PrimaryStageWindow   - Scene size: 1821.0 x 1038.0
20:38:23.588 [JavaFX Application Thread] DEBUG PrimaryStageWindow   - Stage size: 1823.0 x 1067.0
20:38:23.593 [FXGL Background Thread 1 ] DEBUG Engine               - Initializing environment variables
20:38:23.615 [FXGL Background Thread 1 ] DEBUG FXGLAssetLoaderServi - User app class for loading assets: class game.GameApp
20:38:23.616 [FXGL Background Thread 1 ] DEBUG GameApplicationServi - Applying CSS: fxgl_dark.css
20:38:23.616 [FXGL Background Thread 1 ] DEBUG FXGLAssetLoaderServi - Loading from file system: jar:file:/home/2021/pcheng15/.m2/repository/com/github/almasb/fxgl/17.2/fxgl-17.2.jar!/fxglassets/ui/css/fxgl_dark.css
20:38:23.645 [FXGL Background Thread 1 ] DEBUG GameApplicationServi - Initializing application scenes
20:38:23.690 [FXGL Background Thread 1 ] DEBUG GameWorld            - Game world initialized
20:38:23.720 [FXGL Background Thread 1 ] DEBUG PhysicsWorld         - Physics world initialized: appHeight=1080, physics.ppm=50.0
20:38:23.720 [FXGL Background Thread 1 ] DEBUG PhysicsWorld         - Using strategy: BRUTE_FORCE
20:38:23.723 [FXGL Background Thread 1 ] DEBUG GameScene            - Game scene initialized: 1920x1080
20:38:23.731 [FXGL Background Thread 1 ] DEBUG FXGL.DefaultMenu     - createMenuBodyGameMenu()
20:38:23.740 [FXGL Background Thread 1 ] DEBUG FXGL.DefaultMenu     - createOptionsMenu()
20:38:23.748 [FXGL Background Thread 1 ] DEBUG FXGLAssetLoaderServi - Loading from file system: jar:file:/home/2021/pcheng15/.m2/repository/com/github/almasb/fxgl/17.2/fxgl-17.2.jar!/fxglassets/textures/particles/smoke.png
20:38:23.803 [FXGL Background Thread 1 ] DEBUG FXGLAssetLoaderServi - Loading from file system: jar:file:/home/2021/pcheng15/.m2/repository/com/github/almasb/fxgl/17.2/fxgl-17.2.jar!/fxglassets/textures/particles/trace_horizontal.png
20:38:23.826 [FXGL Background Thread 1 ] DEBUG GameApplicationServi - Application scenes initialized
20:38:23.833 [FXGL Background Thread 1 ] DEBUG SystemBundleService  - Loading FXGL system data
20:38:23.837 [FXGL Background Thread 1 ] DEBUG FileSystemAccess     - Reading from: /home/2021/pcheng15/Documents/javafxGame/system/fxgl.bundle
20:38:23.843 [FXGL Background Thread 1 ] DEBUG SystemBundleService  - Bundle FXGL: {}
20:38:23.843 [FXGL Background Thread 1 ] DEBUG UpdaterService       - Checking for updates
20:38:23.849 [FXGL Background Thread 4 ] DEBUG FXGLApplication      - Loading fonts
20:38:23.849 [FXGL Background Thread 4 ] DEBUG FXGLAssetLoaderServi - Loading from file system: jar:file:/home/2021/pcheng15/.m2/repository/com/github/almasb/fxgl/17.2/fxgl-17.2.jar!/fxglassets/ui/fonts/VarelaRound-Regular.ttf
20:38:23.849 [FXGL Background Thread 1 ] DEBUG FXGLApplication      - Loading default localization
20:38:23.850 [FXGL Background Thread 1 ] DEBUG FXGLAssetLoaderServi - Loading from file system: jar:file:/home/2021/pcheng15/.m2/repository/com/github/almasb/fxgl/17.2/fxgl-17.2.jar!/fxglassets/languages/english.lang
20:38:23.856 [FXGL Background Thread 4 ] DEBUG FXGLAssetLoaderServi - Loading from file system: jar:file:/home/2021/pcheng15/.m2/repository/com/github/almasb/fxgl/17.2/fxgl-17.2.jar!/fxglassets/ui/fonts/Abel-Regular.ttf
20:38:23.856 [FXGL Background Thread 4 ] DEBUG FXGLAssetLoaderServi - Loading from file system: jar:file:/home/2021/pcheng15/.m2/repository/com/github/almasb/fxgl/17.2/fxgl-17.2.jar!/fxglassets/ui/fonts/TerminalLandMono-Regular.otf
20:38:23.858 [FXGL Background Thread 4 ] DEBUG FXGLAssetLoaderServi - Loading from file system: jar:file:/home/2021/pcheng15/.m2/repository/com/github/almasb/fxgl/17.2/fxgl-17.2.jar!/fxglassets/ui/fonts/Courier-Prime.ttf
20:38:23.858 [FXGL Background Thread 1 ] INFO  FXGLApplication      - FXGL initialization took: 0.265 sec
20:38:23.859 [JavaFX Application Thread] DEBUG FXGLAssetLoaderServi - Loading from file system: jar:file:/home/2021/pcheng15/.m2/repository/com/github/almasb/fxgl/17.2/fxgl-17.2.jar!/fxglassets/textures/fxgl_icon.png
20:38:23.871 [JavaFX Application Thread] DEBUG FXGLAssetLoaderServi - Loading from file system: jar:file:/home/2021/pcheng15/.m2/repository/com/github/almasb/fxgl/17.2/fxgl-17.2.jar!/fxglassets/textures/fxgl_default_cursor.png
20:38:23.877 [JavaFX Application Thread] DEBUG Input                - Registered new binding: Screenshot - CTRL+8
20:38:23.877 [JavaFX Application Thread] DEBUG Input                - Registered new binding: System info dump - CTRL+9
20:38:23.877 [JavaFX Application Thread] DEBUG Input                - Registered new binding: Restart - CTRL+R
20:38:23.878 [JavaFX Application Thread] DEBUG Input                - Registered new binding: Toggle Debug Camera - CTRL+7
20:38:23.879 [JavaFX Application Thread] DEBUG LoopRunner           - Starting loop
20:38:23.879 [JavaFX Application Thread] DEBUG LoopRunner           - Initializing JavaFX AnimationTimerLoop
20:38:23.879 [JavaFX Application Thread] DEBUG GameApplicationServi - Starting new game
20:38:23.880 [JavaFX Application Thread] DEBUG Input                - Clearing active input actions
20:38:23.886 [JavaFX Application Thread] DEBUG GameApplicationServi - Removing overlay from FXGLStartupScene and adding to FXGLLoadingScene
20:38:23.886 [JavaFX Application Thread] DEBUG PrimaryStageWindow   - FXGLStartupScene -> FXGLLoadingScene
20:38:23.886 [JavaFX Application Thread] DEBUG GameApplicationServi - Clearing previous game
20:38:23.886 [JavaFX Application Thread] DEBUG GameScene            - Clearing game scene
20:38:23.886 [JavaFX Application Thread] DEBUG GameWorld            - Clearing game world
20:38:23.887 [JavaFX Application Thread] DEBUG PhysicsWorld         - Clearing physics world
20:38:23.888 [JavaFX Application Thread] DEBUG FXGLApplication      - Registering font factories with UI factory
20:38:23.888 [FXGL Background Thread 4 ] DEBUG FXGLApplication      - Initializing game
20:38:23.890 [FXGL Background Thread 4 ] DEBUG FXGLAssetLoaderServi - Loading from file system: file:/home/2021/pcheng15/Documents/javafxGame/target/classes/assets/textures/background.png
20:38:23.967 [FXGL Background Thread 4 ] DEBUG FXGLAssetLoaderServi - Loading from file system: file:/home/2021/pcheng15/Documents/javafxGame/target/classes/assets/textures/mat.png
20:38:24.022 [FXGL Background Thread 4 ] DEBUG FXGLAssetLoaderServi - Loading from file system: file:/home/2021/pcheng15/Documents/javafxGame/target/classes/assets/textures/level_one.png
20:38:24.047 [FXGL Background Thread 4 ] DEBUG FXGLAssetLoaderServi - Loading from file system: file:/home/2021/pcheng15/Documents/javafxGame/target/classes/assets/textures/level_two.png
20:38:24.076 [FXGL Background Thread 4 ] DEBUG FXGLAssetLoaderServi - Loading from file system: file:/home/2021/pcheng15/Documents/javafxGame/target/classes/assets/textures/level_three.png
20:38:24.112 [FXGL Background Thread 4 ] DEBUG FXGLAssetLoaderServi - Loading from file system: file:/home/2021/pcheng15/Documents/javafxGame/target/classes/assets/textures/level_one39.png
20:38:24.142 [FXGL Background Thread 4 ] DEBUG FXGLAssetLoaderServi - Loading from file system: file:/home/2021/pcheng15/Documents/javafxGame/target/classes/assets/textures/level_two29.png
20:38:24.169 [FXGL Background Thread 4 ] DEBUG FXGLAssetLoaderServi - Loading from file system: file:/home/2021/pcheng15/Documents/javafxGame/target/classes/assets/textures/level_three19.png
20:38:24.204 [FXGL Background Thread 4 ] DEBUG FXGLAssetLoaderServi - Loading from file system: file:/home/2021/pcheng15/Documents/javafxGame/target/classes/assets/textures/level_one38.png
20:38:24.228 [FXGL Background Thread 4 ] DEBUG FXGLAssetLoaderServi - Loading from file system: file:/home/2021/pcheng15/Documents/javafxGame/target/classes/assets/textures/level_two28.png
20:38:24.257 [FXGL Background Thread 4 ] DEBUG FXGLAssetLoaderServi - Loading from file system: file:/home/2021/pcheng15/Documents/javafxGame/target/classes/assets/textures/level_three18.png
20:38:24.291 [FXGL Background Thread 4 ] DEBUG FXGLAssetLoaderServi - Loading from file system: file:/home/2021/pcheng15/Documents/javafxGame/target/classes/assets/textures/level_one37.png
20:38:24.311 [FXGL Background Thread 4 ] DEBUG FXGLAssetLoaderServi - Loading from file system: file:/home/2021/pcheng15/Documents/javafxGame/target/classes/assets/textures/level_two27.png
20:38:24.340 [FXGL Background Thread 4 ] DEBUG FXGLAssetLoaderServi - Loading from file system: file:/home/2021/pcheng15/Documents/javafxGame/target/classes/assets/textures/level_three17.png
20:38:24.370 [FXGL Background Thread 4 ] DEBUG FXGLAssetLoaderServi - Loading from file system: file:/home/2021/pcheng15/Documents/javafxGame/target/classes/assets/textures/level_one36.png
20:38:24.391 [FXGL Background Thread 4 ] DEBUG FXGLAssetLoaderServi - Loading from file system: file:/home/2021/pcheng15/Documents/javafxGame/target/classes/assets/textures/level_two26.png
20:38:24.417 [FXGL Background Thread 4 ] DEBUG FXGLAssetLoaderServi - Loading from file system: file:/home/2021/pcheng15/Documents/javafxGame/target/classes/assets/textures/level_three16.png
20:38:24.448 [FXGL Background Thread 4 ] DEBUG FXGLAssetLoaderServi - Loading from file system: file:/home/2021/pcheng15/Documents/javafxGame/target/classes/assets/textures/noble4.png
20:38:24.472 [FXGL Background Thread 4 ] DEBUG FXGLAssetLoaderServi - Loading from file system: file:/home/2021/pcheng15/Documents/javafxGame/target/classes/assets/textures/noble3.png
20:38:24.493 [FXGL Background Thread 4 ] DEBUG FXGLAssetLoaderServi - Loading from file system: file:/home/2021/pcheng15/Documents/javafxGame/target/classes/assets/textures/noble2.png
20:38:24.516 [FXGL Background Thread 4 ] DEBUG FXGLAssetLoaderServi - Loading from file system: file:/home/2021/pcheng15/Documents/javafxGame/target/classes/assets/textures/noble1.png
20:38:24.538 [FXGL Background Thread 4 ] DEBUG FXGLAssetLoaderServi - Loading from file system: file:/home/2021/pcheng15/Documents/javafxGame/target/classes/assets/textures/noble0.png
20:38:24.559 [FXGL Background Thread 4 ] INFO  FXGLApplication      - Game initialization took: 0.671 sec
20:38:24.560 [JavaFX Application Thread] DEBUG Input                - Clearing active input actions
20:38:24.571 [JavaFX Application Thread] DEBUG GameApplicationServi - Removing overlay from FXGLLoadingScene and adding to GameScene
20:38:24.571 [JavaFX Application Thread] DEBUG PrimaryStageWindow   - FXGLLoadingScene -> GameScene
20:38:26.848 [FXGL Background Thread 3 ] DEBUG Engine               - Logging environment variables
20:38:26.849 [FXGL Background Thread 3 ] DEBUG Engine               - achievements: []
20:38:26.849 [FXGL Background Thread 3 ] DEBUG Engine               - actualHeight: 1024.0
20:38:26.850 [FXGL Background Thread 3 ] DEBUG Engine               - actualHeightProperty: ReadOnlyDoubleProperty [value: 1046.0]
20:38:26.850 [FXGL Background Thread 3 ] DEBUG Engine               - actualWidth: 1819.0
20:38:26.850 [FXGL Background Thread 3 ] DEBUG Engine               - actualWidthProperty: ReadOnlyDoubleProperty [value: 1819.0]
20:38:26.851 [FXGL Background Thread 3 ] DEBUG Engine               - appIcon: fxgl_icon.png
20:38:26.851 [FXGL Background Thread 3 ] DEBUG Engine               - applicationMode: DEVELOPER
20:38:26.851 [FXGL Background Thread 3 ] DEBUG Engine               - cSSList: [fxgl_dark.css]
20:38:26.851 [FXGL Background Thread 3 ] DEBUG Engine               - collisionDetectionStrategy: BRUTE_FORCE
20:38:26.851 [FXGL Background Thread 3 ] DEBUG Engine               - configClass: Optional.empty
20:38:26.852 [FXGL Background Thread 3 ] DEBUG Engine               - credits: []
20:38:26.853 [FXGL Background Thread 3 ] DEBUG Engine               - defaultCursor: CursorInfo(imageName=fxgl_default_cursor.png, hotspotX=7.0, hotspotY=6.0)
20:38:26.853 [FXGL Background Thread 3 ] DEBUG Engine               - devBBoxColorProperty: ObjectProperty [value: 0xff0000ff]
20:38:26.854 [FXGL Background Thread 3 ] DEBUG Engine               - devEnableDebugCameraProperty: BooleanProperty [value: false]
20:38:26.854 [FXGL Background Thread 3 ] DEBUG Engine               - devSensorColorProperty: ObjectProperty [value: 0xffff00ff]
20:38:26.854 [FXGL Background Thread 3 ] DEBUG Engine               - devShowBBoxProperty: BooleanProperty [value: false]
20:38:26.854 [FXGL Background Thread 3 ] DEBUG Engine               - devShowPositionProperty: BooleanProperty [value: false]
20:38:26.854 [FXGL Background Thread 3 ] DEBUG Engine               - enabledMenuItems: []
20:38:26.855 [FXGL Background Thread 3 ] DEBUG Engine               - engineServices: [class com.almasb.fxgl.app.services.FXGLAssetLoaderService, class com.almasb.fxgl.app.FXGLApplication$GameApplicationService, class com.almasb.fxgl.app.services.FXGLDialogService, class com.almasb.fxgl.app.services.IOTaskExecutorService, class com.almasb.fxgl.io.FileSystemService, class com.almasb.fxgl.localization.LocalizationService, class com.almasb.fxgl.app.services.SystemBundleService, class com.almasb.fxgl.profile.SaveLoadService, class com.almasb.fxgl.ui.FXGLUIFactoryServiceProvider, class com.almasb.fxgl.ui.FXGLDialogFactoryServiceProvider, class com.almasb.fxgl.audio.AudioPlayer, class com.almasb.fxgl.notification.impl.NotificationServiceProvider, class com.almasb.fxgl.achievement.AchievementService, class com.almasb.fxgl.cutscene.CutsceneService, class com.almasb.fxgl.minigames.MiniGameService, class com.almasb.fxgl.net.NetService, class com.almasb.fxgl.app.services.UpdaterService, class com.almasb.fxgl.dev.DevService]
20:38:26.855 [FXGL Background Thread 3 ] DEBUG Engine               - fontGame: Abel-Regular.ttf
20:38:26.855 [FXGL Background Thread 3 ] DEBUG Engine               - fontMono: TerminalLandMono-Regular.otf
20:38:26.855 [FXGL Background Thread 3 ] DEBUG Engine               - fontText: Courier-Prime.ttf
20:38:26.855 [FXGL Background Thread 3 ] DEBUG Engine               - fontUI: VarelaRound-Regular.ttf
20:38:26.855 [FXGL Background Thread 3 ] DEBUG Engine               - fullScreen: BooleanProperty [value: false]
20:38:26.855 [FXGL Background Thread 3 ] DEBUG Engine               - gameDifficulty: MEDIUM
20:38:26.856 [FXGL Background Thread 3 ] DEBUG Engine               - gameDifficultyProperty: ObjectProperty [value: MEDIUM]
20:38:26.856 [FXGL Background Thread 3 ] DEBUG Engine               - globalMusicVolume: 0.5
20:38:26.856 [FXGL Background Thread 3 ] DEBUG Engine               - globalMusicVolumeProperty: DoubleProperty [value: 0.5]
20:38:26.856 [FXGL Background Thread 3 ] DEBUG Engine               - globalSoundVolume: 0.5
20:38:26.856 [FXGL Background Thread 3 ] DEBUG Engine               - globalSoundVolumeProperty: DoubleProperty [value: 0.5]
20:38:26.856 [FXGL Background Thread 3 ] DEBUG Engine               - height: 1080
20:38:26.856 [FXGL Background Thread 3 ] DEBUG Engine               - is3D: false
20:38:26.856 [FXGL Background Thread 3 ] DEBUG Engine               - isAndroid: false
20:38:26.856 [FXGL Background Thread 3 ] DEBUG Engine               - isBrowser: false
20:38:26.856 [FXGL Background Thread 3 ] DEBUG Engine               - isClickFeedbackEnabled: false
20:38:26.856 [FXGL Background Thread 3 ] DEBUG Engine               - isCloseConfirmation: false
20:38:26.856 [FXGL Background Thread 3 ] DEBUG Engine               - isDesktop: true
20:38:26.856 [FXGL Background Thread 3 ] DEBUG Engine               - isDeveloperMenuEnabled: false
20:38:26.856 [FXGL Background Thread 3 ] DEBUG Engine               - isEmbedded: false
20:38:26.857 [FXGL Background Thread 3 ] DEBUG Engine               - isEntityPreloadEnabled: true
20:38:26.857 [FXGL Background Thread 3 ] DEBUG Engine               - isExperimentalTiledLargeMap: false
20:38:26.857 [FXGL Background Thread 3 ] DEBUG Engine               - isFileSystemWriteAllowed: true
20:38:26.857 [FXGL Background Thread 3 ] DEBUG Engine               - isFullScreenAllowed: false
20:38:26.857 [FXGL Background Thread 3 ] DEBUG Engine               - isFullScreenFromStart: false
20:38:26.857 [FXGL Background Thread 3 ] DEBUG Engine               - isGameMenuEnabled: true
20:38:26.857 [FXGL Background Thread 3 ] DEBUG Engine               - isIOS: false
20:38:26.857 [FXGL Background Thread 3 ] DEBUG Engine               - isIntroEnabled: false
20:38:26.857 [FXGL Background Thread 3 ] DEBUG Engine               - isLinux: true
20:38:26.857 [FXGL Background Thread 3 ] DEBUG Engine               - isMac: false
20:38:26.857 [FXGL Background Thread 3 ] DEBUG Engine               - isMainMenuEnabled: false
20:38:26.857 [FXGL Background Thread 3 ] DEBUG Engine               - isManualResizeEnabled: false
20:38:26.857 [FXGL Background Thread 3 ] DEBUG Engine               - isMobile: false
20:38:26.857 [FXGL Background Thread 3 ] DEBUG Engine               - isNative: false
20:38:26.857 [FXGL Background Thread 3 ] DEBUG Engine               - isPauseMusicWhenMinimized: true
20:38:26.858 [FXGL Background Thread 3 ] DEBUG Engine               - isPreserveResizeRatio: false
20:38:26.858 [FXGL Background Thread 3 ] DEBUG Engine               - isProfilingEnabled: false
20:38:26.858 [FXGL Background Thread 3 ] DEBUG Engine               - isScaleAffectedOnResize: true
20:38:26.858 [FXGL Background Thread 3 ] DEBUG Engine               - isSingleStep: false
20:38:26.858 [FXGL Background Thread 3 ] DEBUG Engine               - isUserProfileEnabled: false
20:38:26.858 [FXGL Background Thread 3 ] DEBUG Engine               - isWindows: false
20:38:26.858 [FXGL Background Thread 3 ] DEBUG Engine               - language: ObjectProperty [value: ENGLISH]
20:38:26.858 [FXGL Background Thread 3 ] DEBUG Engine               - menuKey: ESCAPE
20:38:26.858 [FXGL Background Thread 3 ] DEBUG Engine               - mouseSensitivity: 0.2
20:38:26.858 [FXGL Background Thread 3 ] DEBUG Engine               - notificationViewClass: class com.almasb.fxgl.notification.view.XboxNotificationView
20:38:26.858 [FXGL Background Thread 3 ] DEBUG Engine               - pixelsPerMeter: 50.0
20:38:26.858 [FXGL Background Thread 3 ] DEBUG Engine               - platform: LINUX
20:38:26.858 [FXGL Background Thread 3 ] DEBUG Engine               - prefHeightProperty: ReadOnlyDoubleProperty [value: 1080.0]
20:38:26.858 [FXGL Background Thread 3 ] DEBUG Engine               - prefWidthProperty: ReadOnlyDoubleProperty [value: 1920.0]
20:38:26.858 [FXGL Background Thread 3 ] DEBUG Engine               - profileDir: profiles/
20:38:26.858 [FXGL Background Thread 3 ] DEBUG Engine               - profileName: StringProperty [value: DEFAULT]
20:38:26.858 [FXGL Background Thread 3 ] DEBUG Engine               - randomSeed: -1
20:38:26.859 [FXGL Background Thread 3 ] DEBUG Engine               - runtimeInfo: RuntimeInfo(platform=LINUX, version=17.2, build=20.08.2022 16.50)
20:38:26.859 [FXGL Background Thread 3 ] DEBUG Engine               - saveFileExt: sav
20:38:26.859 [FXGL Background Thread 3 ] DEBUG Engine               - scaledHeightProp$fxgl: DoubleProperty [bound, value: 1046.0]
20:38:26.859 [FXGL Background Thread 3 ] DEBUG Engine               - scaledWidthProp$fxgl: DoubleProperty [bound, value: 1819.0]
20:38:26.859 [FXGL Background Thread 3 ] DEBUG Engine               - sceneFactory: com.almasb.fxgl.app.scene.SceneFactory@436b18bc
20:38:26.859 [FXGL Background Thread 3 ] DEBUG Engine               - secondsIn24h: 60
20:38:26.859 [FXGL Background Thread 3 ] DEBUG Engine               - soundMenuBack: menu/back.wav
20:38:26.859 [FXGL Background Thread 3 ] DEBUG Engine               - soundMenuPress: menu/press.wav
20:38:26.859 [FXGL Background Thread 3 ] DEBUG Engine               - soundMenuSelect: menu/select.wav
20:38:26.859 [FXGL Background Thread 3 ] DEBUG Engine               - soundNotification: core/notification.wav
20:38:26.859 [FXGL Background Thread 3 ] DEBUG Engine               - stageStyle: DECORATED
20:38:26.859 [FXGL Background Thread 3 ] DEBUG Engine               - supportedLanguages: [ENGLISH, FRENCH, GERMAN, HUNGARIAN, RUSSIAN]
20:38:26.859 [FXGL Background Thread 3 ] DEBUG Engine               - ticksPerSecond: -1
20:38:26.860 [FXGL Background Thread 3 ] DEBUG Engine               - title: Untitled
20:38:26.860 [FXGL Background Thread 3 ] DEBUG Engine               - urlGithub: https://github.com/AlmasB/FXGL
20:38:26.860 [FXGL Background Thread 3 ] DEBUG Engine               - urlLeaderboard: http://fxgl-top.herokuapp.com/
20:38:26.860 [FXGL Background Thread 3 ] DEBUG Engine               - urlPOM: https://raw.githubusercontent.com/AlmasB/FXGL/release/README.md
20:38:26.860 [FXGL Background Thread 3 ] DEBUG Engine               - userAppClass: class game.GameApp
20:38:26.860 [FXGL Background Thread 3 ] DEBUG Engine               - version: 0.0
20:38:26.860 [FXGL Background Thread 3 ] DEBUG Engine               - versionCheckDays: 7
20:38:26.860 [FXGL Background Thread 3 ] DEBUG Engine               - width: 1920
20:38:26.860 [FXGL Background Thread 3 ] DEBUG Engine               - Logging services
20:38:26.860 [FXGL Background Thread 3 ] DEBUG Engine               - class com.almasb.fxgl.app.services.FXGLAssetLoaderService
20:38:26.860 [FXGL Background Thread 3 ] DEBUG Engine               - class com.almasb.fxgl.app.FXGLApplication$GameApplicationService
20:38:26.860 [FXGL Background Thread 3 ] DEBUG Engine               - class com.almasb.fxgl.app.services.FXGLDialogService
20:38:26.860 [FXGL Background Thread 3 ] DEBUG Engine               - class com.almasb.fxgl.app.services.IOTaskExecutorService
20:38:26.860 [FXGL Background Thread 3 ] DEBUG Engine               - class com.almasb.fxgl.io.FileSystemService
20:38:26.860 [FXGL Background Thread 3 ] DEBUG Engine               - class com.almasb.fxgl.localization.LocalizationService
20:38:26.860 [FXGL Background Thread 3 ] DEBUG Engine               - class com.almasb.fxgl.app.services.SystemBundleService
20:38:26.860 [FXGL Background Thread 3 ] DEBUG Engine               - class com.almasb.fxgl.profile.SaveLoadService
20:38:26.860 [FXGL Background Thread 3 ] DEBUG Engine               - class com.almasb.fxgl.ui.FXGLUIFactoryServiceProvider
20:38:26.860 [FXGL Background Thread 3 ] DEBUG Engine               - class com.almasb.fxgl.ui.FXGLDialogFactoryServiceProvider
20:38:26.861 [FXGL Background Thread 3 ] DEBUG Engine               - class com.almasb.fxgl.audio.AudioPlayer
20:38:26.861 [FXGL Background Thread 3 ] DEBUG Engine               - class com.almasb.fxgl.notification.impl.NotificationServiceProvider
20:38:26.861 [FXGL Background Thread 3 ] DEBUG Engine               - class com.almasb.fxgl.achievement.AchievementService
20:38:26.861 [FXGL Background Thread 3 ] DEBUG Engine               - class com.almasb.fxgl.cutscene.CutsceneService
20:38:26.861 [FXGL Background Thread 3 ] DEBUG Engine               - class com.almasb.fxgl.minigames.MiniGameService
20:38:26.861 [FXGL Background Thread 3 ] DEBUG Engine               - class com.almasb.fxgl.net.NetService
20:38:26.861 [FXGL Background Thread 3 ] DEBUG Engine               - class com.almasb.fxgl.app.services.UpdaterService
20:38:26.861 [FXGL Background Thread 3 ] DEBUG Engine               - class com.almasb.fxgl.dev.DevService
20:38:27.005 [JavaFX Application Thread] DEBUG FXGLApplication      - Exiting FXGL
20:38:27.005 [JavaFX Application Thread] DEBUG LoopRunner           - Stopping loop
20:38:27.005 [JavaFX Application Thread] DEBUG SystemBundleService  - Saving FXGL system data
20:38:27.012 [JavaFX Application Thread] DEBUG FileSystemAccess     - Writing to: /home/2021/pcheng15/Documents/javafxGame/system/fxgl.bundle
20:38:27.017 [JavaFX Application Thread] DEBUG Async                - Shutting down background threads
20:38:27.018 [JavaFX Application Thread] DEBUG PrimaryStageWindow   - Closing main window
20:38:27.023 [JavaFX Application Thread] DEBUG Logger               - Closing Logger
