17:31:29.666 [main                     ] DEBUG Logger               - Configured Logger
17:31:29.694 [main                     ] DEBUG GameApplication      - Logging settings
Title: Untitled
Version: 0.0
Width: 1920
Height: 1080
Fullscreen: false
Intro: false
Profiling: false
Single step:false
App Mode: DEVELOPER
Menu Key: ESCAPE
Stage Style: DECORATED
Scene Factory: class com.almasb.fxgl.app.scene.SceneFactory

17:31:30.013 [JavaFX Application Thread] DEBUG FXGLApplication      - Initializing FXGL
17:31:30.017 [JavaFX Application Thread] INFO  Engine               - FXGL-17.2 (20.08.2022 16.50) on LINUX (J:17.0.3 FX:18)
17:31:30.017 [JavaFX Application Thread] DEBUG Engine               - JRE Vendor Name: Eclipse Adoptium
17:31:30.017 [JavaFX Application Thread] DEBUG Engine               - Running on OS: Linux version 5.15.0-52-generic
17:31:30.017 [JavaFX Application Thread] DEBUG Engine               - Architecture: amd64
17:31:30.017 [JavaFX Application Thread] INFO  Engine               - Source code and latest versions at: https://github.com/AlmasB/FXGL
17:31:30.017 [JavaFX Application Thread] INFO  Engine               -       Ask questions and discuss at: https://github.com/AlmasB/FXGL/discussions
17:31:30.017 [JavaFX Application Thread] INFO  Engine               -              Join the FXGL chat at: https://gitter.im/AlmasB/FXGL
17:31:30.109 [JavaFX Application Thread] DEBUG PrimaryStageWindow   - Creating a JavaFX scene
17:31:30.110 [JavaFX Application Thread] DEBUG PrimaryStageWindow   - Target size > screen size
17:31:30.252 [JavaFX Application Thread] DEBUG PrimaryStageWindow   - Target settings size: 1920.0 x 1080.0
17:31:30.252 [JavaFX Application Thread] DEBUG PrimaryStageWindow   - Scaled scene size:    1821.0 x 1038.0
17:31:30.252 [JavaFX Application Thread] DEBUG PrimaryStageWindow   - Scaled ratio: (0.9484375, 0.9611111111111111)
17:31:30.253 [JavaFX Application Thread] DEBUG PrimaryStageWindow   - Set initial scene to FXGLStartupScene
17:31:30.257 [JavaFX Application Thread] DEBUG PrimaryStageWindow   - Opening main window
17:31:30.284 [JavaFX Application Thread] DEBUG PrimaryStageWindow   - Window border size: (2.0, 29.0)
17:31:30.284 [JavaFX Application Thread] DEBUG PrimaryStageWindow   - Scaled size: 1821.0 x 1038.0
17:31:30.284 [JavaFX Application Thread] DEBUG PrimaryStageWindow   - Scaled ratio: (0.9484375, 0.9611111111111111)
17:31:30.285 [JavaFX Application Thread] DEBUG PrimaryStageWindow   - Scene size: 1821.0 x 1038.0
17:31:30.285 [JavaFX Application Thread] DEBUG PrimaryStageWindow   - Stage size: 1823.0 x 1067.0
17:31:30.289 [FXGL Background Thread 1 ] DEBUG Engine               - Initializing environment variables
17:31:30.312 [FXGL Background Thread 1 ] DEBUG FXGLAssetLoaderServi - User app class for loading assets: class game.GameApp
17:31:30.312 [FXGL Background Thread 1 ] DEBUG GameApplicationServi - Applying CSS: fxgl_dark.css
17:31:30.314 [FXGL Background Thread 1 ] DEBUG FXGLAssetLoaderServi - Loading from file system: jar:file:/home/2021/pcheng15/.m2/repository/com/github/almasb/fxgl/17.2/fxgl-17.2.jar!/fxglassets/ui/css/fxgl_dark.css
17:31:30.345 [FXGL Background Thread 1 ] DEBUG GameApplicationServi - Initializing application scenes
17:31:30.401 [FXGL Background Thread 1 ] DEBUG GameWorld            - Game world initialized
17:31:30.440 [FXGL Background Thread 1 ] DEBUG PhysicsWorld         - Physics world initialized: appHeight=1080, physics.ppm=50.0
17:31:30.440 [FXGL Background Thread 1 ] DEBUG PhysicsWorld         - Using strategy: BRUTE_FORCE
17:31:30.443 [FXGL Background Thread 1 ] DEBUG GameScene            - Game scene initialized: 1920x1080
17:31:30.450 [FXGL Background Thread 1 ] DEBUG FXGL.DefaultMenu     - createMenuBodyGameMenu()
17:31:30.470 [FXGL Background Thread 1 ] DEBUG FXGL.DefaultMenu     - createOptionsMenu()
17:31:30.477 [FXGL Background Thread 1 ] DEBUG FXGLAssetLoaderServi - Loading from file system: jar:file:/home/2021/pcheng15/.m2/repository/com/github/almasb/fxgl/17.2/fxgl-17.2.jar!/fxglassets/textures/particles/smoke.png
17:31:30.534 [FXGL Background Thread 1 ] DEBUG FXGLAssetLoaderServi - Loading from file system: jar:file:/home/2021/pcheng15/.m2/repository/com/github/almasb/fxgl/17.2/fxgl-17.2.jar!/fxglassets/textures/particles/trace_horizontal.png
17:31:30.555 [FXGL Background Thread 1 ] DEBUG GameApplicationServi - Application scenes initialized
17:31:30.562 [FXGL Background Thread 1 ] DEBUG SystemBundleService  - Loading FXGL system data
17:31:30.568 [FXGL Background Thread 1 ] DEBUG FileSystemAccess     - Reading from: /home/2021/pcheng15/Documents/javafxGame/system/fxgl.bundle
17:31:30.575 [FXGL Background Thread 1 ] DEBUG SystemBundleService  - Bundle FXGL: {}
17:31:30.575 [FXGL Background Thread 1 ] DEBUG UpdaterService       - Checking for updates
17:31:30.577 [FXGL Background Thread 4 ] DEBUG FXGLApplication      - Loading fonts
17:31:30.578 [FXGL Background Thread 1 ] DEBUG FXGLApplication      - Loading default localization
17:31:30.578 [FXGL Background Thread 4 ] DEBUG FXGLAssetLoaderServi - Loading from file system: jar:file:/home/2021/pcheng15/.m2/repository/com/github/almasb/fxgl/17.2/fxgl-17.2.jar!/fxglassets/ui/fonts/VarelaRound-Regular.ttf
17:31:30.578 [FXGL Background Thread 1 ] DEBUG FXGLAssetLoaderServi - Loading from file system: jar:file:/home/2021/pcheng15/.m2/repository/com/github/almasb/fxgl/17.2/fxgl-17.2.jar!/fxglassets/languages/english.lang
17:31:30.585 [FXGL Background Thread 4 ] DEBUG FXGLAssetLoaderServi - Loading from file system: jar:file:/home/2021/pcheng15/.m2/repository/com/github/almasb/fxgl/17.2/fxgl-17.2.jar!/fxglassets/ui/fonts/Abel-Regular.ttf
17:31:30.585 [FXGL Background Thread 4 ] DEBUG FXGLAssetLoaderServi - Loading from file system: jar:file:/home/2021/pcheng15/.m2/repository/com/github/almasb/fxgl/17.2/fxgl-17.2.jar!/fxglassets/ui/fonts/TerminalLandMono-Regular.otf
17:31:30.588 [FXGL Background Thread 4 ] DEBUG FXGLAssetLoaderServi - Loading from file system: jar:file:/home/2021/pcheng15/.m2/repository/com/github/almasb/fxgl/17.2/fxgl-17.2.jar!/fxglassets/ui/fonts/Courier-Prime.ttf
17:31:30.590 [JavaFX Application Thread] DEBUG FXGLApplication      - Registering font factories with UI factory
17:31:30.593 [FXGL Background Thread 1 ] INFO  FXGLApplication      - FXGL initialization took: 0.303 sec
17:31:30.593 [JavaFX Application Thread] DEBUG FXGLAssetLoaderServi - Loading from file system: jar:file:/home/2021/pcheng15/.m2/repository/com/github/almasb/fxgl/17.2/fxgl-17.2.jar!/fxglassets/textures/fxgl_icon.png
17:31:30.607 [JavaFX Application Thread] DEBUG FXGLAssetLoaderServi - Loading from file system: jar:file:/home/2021/pcheng15/.m2/repository/com/github/almasb/fxgl/17.2/fxgl-17.2.jar!/fxglassets/textures/fxgl_default_cursor.png
17:31:30.613 [JavaFX Application Thread] DEBUG Input                - Registered new binding: Screenshot - CTRL+8
17:31:30.613 [JavaFX Application Thread] DEBUG Input                - Registered new binding: System info dump - CTRL+9
17:31:30.614 [JavaFX Application Thread] DEBUG Input                - Registered new binding: Restart - CTRL+R
17:31:30.614 [JavaFX Application Thread] DEBUG Input                - Registered new binding: Toggle Debug Camera - CTRL+7
17:31:30.615 [JavaFX Application Thread] DEBUG LoopRunner           - Starting loop
17:31:30.615 [JavaFX Application Thread] DEBUG LoopRunner           - Initializing JavaFX AnimationTimerLoop
17:31:30.616 [JavaFX Application Thread] DEBUG GameApplicationServi - Starting new game
17:31:30.616 [JavaFX Application Thread] DEBUG Input                - Clearing active input actions
17:31:30.623 [JavaFX Application Thread] DEBUG GameApplicationServi - Removing overlay from FXGLStartupScene and adding to FXGLLoadingScene
17:31:30.624 [JavaFX Application Thread] DEBUG PrimaryStageWindow   - FXGLStartupScene -> FXGLLoadingScene
17:31:30.624 [JavaFX Application Thread] DEBUG GameApplicationServi - Clearing previous game
17:31:30.624 [JavaFX Application Thread] DEBUG GameScene            - Clearing game scene
17:31:30.624 [JavaFX Application Thread] DEBUG GameWorld            - Clearing game world
17:31:30.624 [JavaFX Application Thread] DEBUG PhysicsWorld         - Clearing physics world
17:31:30.625 [FXGL Background Thread 1 ] DEBUG FXGLApplication      - Initializing game
17:31:30.627 [FXGL Background Thread 1 ] DEBUG FXGLAssetLoaderServi - Loading from file system: file:/home/2021/pcheng15/Documents/javafxGame/target/classes/assets/textures/background.png
17:31:30.702 [FXGL Background Thread 1 ] DEBUG FXGLAssetLoaderServi - Loading from file system: file:/home/2021/pcheng15/Documents/javafxGame/target/classes/assets/textures/mat.png
17:31:30.759 [FXGL Background Thread 1 ] DEBUG FXGLAssetLoaderServi - Loading from file system: file:/home/2021/pcheng15/Documents/javafxGame/target/classes/assets/textures/level_one.png
17:31:30.785 [FXGL Background Thread 1 ] DEBUG FXGLAssetLoaderServi - Loading from file system: file:/home/2021/pcheng15/Documents/javafxGame/target/classes/assets/textures/level_two.png
17:31:30.814 [FXGL Background Thread 1 ] DEBUG FXGLAssetLoaderServi - Loading from file system: file:/home/2021/pcheng15/Documents/javafxGame/target/classes/assets/textures/level_three.png
17:31:30.850 [FXGL Background Thread 1 ] DEBUG FXGLAssetLoaderServi - Loading from file system: file:/home/2021/pcheng15/Documents/javafxGame/target/classes/assets/textures/sample_one1.png
17:31:30.879 [FXGL Background Thread 1 ] DEBUG FXGLAssetLoaderServi - Loading from file system: file:/home/2021/pcheng15/Documents/javafxGame/target/classes/assets/textures/sample_two0.png
17:31:30.917 [FXGL Background Thread 1 ] DEBUG FXGLAssetLoaderServi - Loading from file system: file:/home/2021/pcheng15/Documents/javafxGame/target/classes/assets/textures/sample_three1.png
17:31:30.953 [FXGL Background Thread 1 ] DEBUG FXGLAssetLoaderServi - Loading from file system: file:/home/2021/pcheng15/Documents/javafxGame/target/classes/assets/textures/sample_three0.png
17:31:30.986 [FXGL Background Thread 1 ] DEBUG FXGLAssetLoaderServi - Loading from file system: file:/home/2021/pcheng15/Documents/javafxGame/target/classes/assets/textures/sample_two1.png
17:31:31.013 [FXGL Background Thread 1 ] DEBUG FXGLAssetLoaderServi - Loading from file system: file:/home/2021/pcheng15/Documents/javafxGame/target/classes/assets/textures/sample_one0.png
17:31:31.037 [FXGL Background Thread 1 ] INFO  FXGLApplication      - Game initialization took: 0.412 sec
17:31:31.037 [JavaFX Application Thread] DEBUG Input                - Clearing active input actions
17:31:31.050 [JavaFX Application Thread] DEBUG GameApplicationServi - Removing overlay from FXGLLoadingScene and adding to GameScene
17:31:31.050 [JavaFX Application Thread] DEBUG PrimaryStageWindow   - FXGLLoadingScene -> GameScene
17:31:33.577 [FXGL Background Thread 3 ] DEBUG Engine               - Logging environment variables
17:31:33.577 [FXGL Background Thread 3 ] DEBUG Engine               - achievements: []
17:31:33.577 [FXGL Background Thread 3 ] DEBUG Engine               - actualHeight: 1038.0
17:31:33.577 [FXGL Background Thread 3 ] DEBUG Engine               - actualHeightProperty: ReadOnlyDoubleProperty [value: 1046.0]
17:31:33.577 [FXGL Background Thread 3 ] DEBUG Engine               - actualWidth: 1821.0
17:31:33.577 [FXGL Background Thread 3 ] DEBUG Engine               - actualWidthProperty: ReadOnlyDoubleProperty [value: 1819.0]
17:31:33.578 [FXGL Background Thread 3 ] DEBUG Engine               - appIcon: fxgl_icon.png
17:31:33.578 [FXGL Background Thread 3 ] DEBUG Engine               - applicationMode: DEVELOPER
17:31:33.578 [FXGL Background Thread 3 ] DEBUG Engine               - cSSList: [fxgl_dark.css]
17:31:33.578 [FXGL Background Thread 3 ] DEBUG Engine               - collisionDetectionStrategy: BRUTE_FORCE
17:31:33.578 [FXGL Background Thread 3 ] DEBUG Engine               - configClass: Optional.empty
17:31:33.578 [FXGL Background Thread 3 ] DEBUG Engine               - credits: []
17:31:33.578 [FXGL Background Thread 3 ] DEBUG Engine               - defaultCursor: CursorInfo(imageName=fxgl_default_cursor.png, hotspotX=7.0, hotspotY=6.0)
17:31:33.579 [FXGL Background Thread 3 ] DEBUG Engine               - devBBoxColorProperty: ObjectProperty [value: 0xff0000ff]
17:31:33.579 [FXGL Background Thread 3 ] DEBUG Engine               - devEnableDebugCameraProperty: BooleanProperty [value: false]
17:31:33.579 [FXGL Background Thread 3 ] DEBUG Engine               - devSensorColorProperty: ObjectProperty [value: 0xffff00ff]
17:31:33.579 [FXGL Background Thread 3 ] DEBUG Engine               - devShowBBoxProperty: BooleanProperty [value: false]
17:31:33.579 [FXGL Background Thread 3 ] DEBUG Engine               - devShowPositionProperty: BooleanProperty [value: false]
17:31:33.579 [FXGL Background Thread 3 ] DEBUG Engine               - enabledMenuItems: []
17:31:33.579 [FXGL Background Thread 3 ] DEBUG Engine               - engineServices: [class com.almasb.fxgl.app.services.FXGLAssetLoaderService, class com.almasb.fxgl.app.FXGLApplication$GameApplicationService, class com.almasb.fxgl.app.services.FXGLDialogService, class com.almasb.fxgl.app.services.IOTaskExecutorService, class com.almasb.fxgl.io.FileSystemService, class com.almasb.fxgl.localization.LocalizationService, class com.almasb.fxgl.app.services.SystemBundleService, class com.almasb.fxgl.profile.SaveLoadService, class com.almasb.fxgl.ui.FXGLUIFactoryServiceProvider, class com.almasb.fxgl.ui.FXGLDialogFactoryServiceProvider, class com.almasb.fxgl.audio.AudioPlayer, class com.almasb.fxgl.notification.impl.NotificationServiceProvider, class com.almasb.fxgl.achievement.AchievementService, class com.almasb.fxgl.cutscene.CutsceneService, class com.almasb.fxgl.minigames.MiniGameService, class com.almasb.fxgl.net.NetService, class com.almasb.fxgl.app.services.UpdaterService, class com.almasb.fxgl.dev.DevService]
17:31:33.579 [FXGL Background Thread 3 ] DEBUG Engine               - fontGame: Abel-Regular.ttf
17:31:33.579 [FXGL Background Thread 3 ] DEBUG Engine               - fontMono: TerminalLandMono-Regular.otf
17:31:33.579 [FXGL Background Thread 3 ] DEBUG Engine               - fontText: Courier-Prime.ttf
17:31:33.579 [FXGL Background Thread 3 ] DEBUG Engine               - fontUI: VarelaRound-Regular.ttf
17:31:33.579 [FXGL Background Thread 3 ] DEBUG Engine               - fullScreen: BooleanProperty [value: false]
17:31:33.579 [FXGL Background Thread 3 ] DEBUG Engine               - gameDifficulty: MEDIUM
17:31:33.579 [FXGL Background Thread 3 ] DEBUG Engine               - gameDifficultyProperty: ObjectProperty [value: MEDIUM]
17:31:33.580 [FXGL Background Thread 3 ] DEBUG Engine               - globalMusicVolume: 0.5
17:31:33.580 [FXGL Background Thread 3 ] DEBUG Engine               - globalMusicVolumeProperty: DoubleProperty [value: 0.5]
17:31:33.580 [FXGL Background Thread 3 ] DEBUG Engine               - globalSoundVolume: 0.5
17:31:33.580 [FXGL Background Thread 3 ] DEBUG Engine               - globalSoundVolumeProperty: DoubleProperty [value: 0.5]
17:31:33.580 [FXGL Background Thread 3 ] DEBUG Engine               - height: 1080
17:31:33.580 [FXGL Background Thread 3 ] DEBUG Engine               - is3D: false
17:31:33.580 [FXGL Background Thread 3 ] DEBUG Engine               - isAndroid: false
17:31:33.580 [FXGL Background Thread 3 ] DEBUG Engine               - isBrowser: false
17:31:33.580 [FXGL Background Thread 3 ] DEBUG Engine               - isClickFeedbackEnabled: false
17:31:33.580 [FXGL Background Thread 3 ] DEBUG Engine               - isCloseConfirmation: false
17:31:33.580 [FXGL Background Thread 3 ] DEBUG Engine               - isDesktop: true
17:31:33.581 [FXGL Background Thread 3 ] DEBUG Engine               - isDeveloperMenuEnabled: false
17:31:33.581 [FXGL Background Thread 3 ] DEBUG Engine               - isEmbedded: false
17:31:33.581 [FXGL Background Thread 3 ] DEBUG Engine               - isEntityPreloadEnabled: true
17:31:33.581 [FXGL Background Thread 3 ] DEBUG Engine               - isExperimentalTiledLargeMap: false
17:31:33.581 [FXGL Background Thread 3 ] DEBUG Engine               - isFileSystemWriteAllowed: true
17:31:33.581 [FXGL Background Thread 3 ] DEBUG Engine               - isFullScreenAllowed: false
17:31:33.581 [FXGL Background Thread 3 ] DEBUG Engine               - isFullScreenFromStart: false
17:31:33.581 [FXGL Background Thread 3 ] DEBUG Engine               - isGameMenuEnabled: true
17:31:33.581 [FXGL Background Thread 3 ] DEBUG Engine               - isIOS: false
17:31:33.581 [FXGL Background Thread 3 ] DEBUG Engine               - isIntroEnabled: false
17:31:33.581 [FXGL Background Thread 3 ] DEBUG Engine               - isLinux: true
17:31:33.581 [FXGL Background Thread 3 ] DEBUG Engine               - isMac: false
17:31:33.581 [FXGL Background Thread 3 ] DEBUG Engine               - isMainMenuEnabled: false
17:31:33.581 [FXGL Background Thread 3 ] DEBUG Engine               - isManualResizeEnabled: false
17:31:33.581 [FXGL Background Thread 3 ] DEBUG Engine               - isMobile: false
17:31:33.582 [FXGL Background Thread 3 ] DEBUG Engine               - isNative: false
17:31:33.582 [FXGL Background Thread 3 ] DEBUG Engine               - isPauseMusicWhenMinimized: true
17:31:33.582 [FXGL Background Thread 3 ] DEBUG Engine               - isPreserveResizeRatio: false
17:31:33.582 [FXGL Background Thread 3 ] DEBUG Engine               - isProfilingEnabled: false
17:31:33.582 [FXGL Background Thread 3 ] DEBUG Engine               - isScaleAffectedOnResize: true
17:31:33.582 [FXGL Background Thread 3 ] DEBUG Engine               - isSingleStep: false
17:31:33.582 [FXGL Background Thread 3 ] DEBUG Engine               - isUserProfileEnabled: false
17:31:33.582 [FXGL Background Thread 3 ] DEBUG Engine               - isWindows: false
17:31:33.582 [FXGL Background Thread 3 ] DEBUG Engine               - language: ObjectProperty [value: ENGLISH]
17:31:33.582 [FXGL Background Thread 3 ] DEBUG Engine               - menuKey: ESCAPE
17:31:33.582 [FXGL Background Thread 3 ] DEBUG Engine               - mouseSensitivity: 0.2
17:31:33.582 [FXGL Background Thread 3 ] DEBUG Engine               - notificationViewClass: class com.almasb.fxgl.notification.view.XboxNotificationView
17:31:33.583 [FXGL Background Thread 3 ] DEBUG Engine               - pixelsPerMeter: 50.0
17:31:33.583 [FXGL Background Thread 3 ] DEBUG Engine               - platform: LINUX
17:31:33.583 [FXGL Background Thread 3 ] DEBUG Engine               - prefHeightProperty: ReadOnlyDoubleProperty [value: 1080.0]
17:31:33.583 [FXGL Background Thread 3 ] DEBUG Engine               - prefWidthProperty: ReadOnlyDoubleProperty [value: 1920.0]
17:31:33.583 [FXGL Background Thread 3 ] DEBUG Engine               - profileDir: profiles/
17:31:33.583 [FXGL Background Thread 3 ] DEBUG Engine               - profileName: StringProperty [value: DEFAULT]
17:31:33.583 [FXGL Background Thread 3 ] DEBUG Engine               - randomSeed: -1
17:31:33.583 [FXGL Background Thread 3 ] DEBUG Engine               - runtimeInfo: RuntimeInfo(platform=LINUX, version=17.2, build=20.08.2022 16.50)
17:31:33.583 [FXGL Background Thread 3 ] DEBUG Engine               - saveFileExt: sav
17:31:33.583 [FXGL Background Thread 3 ] DEBUG Engine               - scaledHeightProp$fxgl: DoubleProperty [bound, value: 1046.0]
17:31:33.583 [FXGL Background Thread 3 ] DEBUG Engine               - scaledWidthProp$fxgl: DoubleProperty [bound, value: 1819.0]
17:31:33.583 [FXGL Background Thread 3 ] DEBUG Engine               - sceneFactory: com.almasb.fxgl.app.scene.SceneFactory@5d6a8d52
17:31:33.583 [FXGL Background Thread 3 ] DEBUG Engine               - secondsIn24h: 60
17:31:33.583 [FXGL Background Thread 3 ] DEBUG Engine               - soundMenuBack: menu/back.wav
17:31:33.584 [FXGL Background Thread 3 ] DEBUG Engine               - soundMenuPress: menu/press.wav
17:31:33.584 [FXGL Background Thread 3 ] DEBUG Engine               - soundMenuSelect: menu/select.wav
17:31:33.584 [FXGL Background Thread 3 ] DEBUG Engine               - soundNotification: core/notification.wav
17:31:33.584 [FXGL Background Thread 3 ] DEBUG Engine               - stageStyle: DECORATED
17:31:33.584 [FXGL Background Thread 3 ] DEBUG Engine               - supportedLanguages: [ENGLISH, FRENCH, GERMAN, HUNGARIAN, RUSSIAN]
17:31:33.584 [FXGL Background Thread 3 ] DEBUG Engine               - ticksPerSecond: -1
17:31:33.584 [FXGL Background Thread 3 ] DEBUG Engine               - title: Untitled
17:31:33.584 [FXGL Background Thread 3 ] DEBUG Engine               - urlGithub: https://github.com/AlmasB/FXGL
17:31:33.584 [FXGL Background Thread 3 ] DEBUG Engine               - urlLeaderboard: http://fxgl-top.herokuapp.com/
17:31:33.584 [FXGL Background Thread 3 ] DEBUG Engine               - urlPOM: https://raw.githubusercontent.com/AlmasB/FXGL/release/README.md
17:31:33.584 [FXGL Background Thread 3 ] DEBUG Engine               - userAppClass: class game.GameApp
17:31:33.584 [FXGL Background Thread 3 ] DEBUG Engine               - version: 0.0
17:31:33.584 [FXGL Background Thread 3 ] DEBUG Engine               - versionCheckDays: 7
17:31:33.584 [FXGL Background Thread 3 ] DEBUG Engine               - width: 1920
17:31:33.584 [FXGL Background Thread 3 ] DEBUG Engine               - Logging services
17:31:33.585 [FXGL Background Thread 3 ] DEBUG Engine               - class com.almasb.fxgl.app.services.FXGLAssetLoaderService
17:31:33.585 [FXGL Background Thread 3 ] DEBUG Engine               - class com.almasb.fxgl.app.FXGLApplication$GameApplicationService
17:31:33.585 [FXGL Background Thread 3 ] DEBUG Engine               - class com.almasb.fxgl.app.services.FXGLDialogService
17:31:33.585 [FXGL Background Thread 3 ] DEBUG Engine               - class com.almasb.fxgl.app.services.IOTaskExecutorService
17:31:33.585 [FXGL Background Thread 3 ] DEBUG Engine               - class com.almasb.fxgl.io.FileSystemService
17:31:33.585 [FXGL Background Thread 3 ] DEBUG Engine               - class com.almasb.fxgl.localization.LocalizationService
17:31:33.585 [FXGL Background Thread 3 ] DEBUG Engine               - class com.almasb.fxgl.app.services.SystemBundleService
17:31:33.585 [FXGL Background Thread 3 ] DEBUG Engine               - class com.almasb.fxgl.profile.SaveLoadService
17:31:33.585 [FXGL Background Thread 3 ] DEBUG Engine               - class com.almasb.fxgl.ui.FXGLUIFactoryServiceProvider
17:31:33.585 [FXGL Background Thread 3 ] DEBUG Engine               - class com.almasb.fxgl.ui.FXGLDialogFactoryServiceProvider
17:31:33.585 [FXGL Background Thread 3 ] DEBUG Engine               - class com.almasb.fxgl.audio.AudioPlayer
17:31:33.585 [FXGL Background Thread 3 ] DEBUG Engine               - class com.almasb.fxgl.notification.impl.NotificationServiceProvider
17:31:33.585 [FXGL Background Thread 3 ] DEBUG Engine               - class com.almasb.fxgl.achievement.AchievementService
17:31:33.585 [FXGL Background Thread 3 ] DEBUG Engine               - class com.almasb.fxgl.cutscene.CutsceneService
17:31:33.585 [FXGL Background Thread 3 ] DEBUG Engine               - class com.almasb.fxgl.minigames.MiniGameService
17:31:33.585 [FXGL Background Thread 3 ] DEBUG Engine               - class com.almasb.fxgl.net.NetService
17:31:33.585 [FXGL Background Thread 3 ] DEBUG Engine               - class com.almasb.fxgl.app.services.UpdaterService
17:31:33.585 [FXGL Background Thread 3 ] DEBUG Engine               - class com.almasb.fxgl.dev.DevService
17:31:56.099 [JavaFX Application Thread] DEBUG FXGLApplication      - Exiting FXGL
17:31:56.100 [JavaFX Application Thread] DEBUG LoopRunner           - Stopping loop
17:31:56.100 [JavaFX Application Thread] DEBUG SystemBundleService  - Saving FXGL system data
17:31:56.106 [JavaFX Application Thread] DEBUG FileSystemAccess     - Writing to: /home/2021/pcheng15/Documents/javafxGame/system/fxgl.bundle
17:31:56.110 [JavaFX Application Thread] DEBUG Async                - Shutting down background threads
17:31:56.110 [JavaFX Application Thread] DEBUG PrimaryStageWindow   - Closing main window
17:31:56.111 [JavaFX Application Thread] DEBUG Logger               - Closing Logger
