20:37:39.761 [main                     ] DEBUG Logger               - Configured Logger
20:37:39.792 [main                     ] DEBUG GameApplication      - Logging settings
Title: Untitled
Version: 0.0
Width: 1920
Height: 1080
Fullscreen: false
Intro: false
Profiling: false
Single step:false
App Mode: DEVELOPER
Menu Key: ESCAPE
Stage Style: DECORATED
Scene Factory: class com.almasb.fxgl.app.scene.SceneFactory

20:37:40.762 [JavaFX Application Thread] DEBUG FXGLApplication      - Initializing FXGL
20:37:40.766 [JavaFX Application Thread] INFO  Engine               - FXGL-17.2 (20.08.2022 16.50) on LINUX (J:17.0.3 FX:18)
20:37:40.766 [JavaFX Application Thread] DEBUG Engine               - JRE Vendor Name: Eclipse Adoptium
20:37:40.766 [JavaFX Application Thread] DEBUG Engine               - Running on OS: Linux version 5.15.0-52-generic
20:37:40.766 [JavaFX Application Thread] DEBUG Engine               - Architecture: amd64
20:37:40.767 [JavaFX Application Thread] INFO  Engine               - Source code and latest versions at: https://github.com/AlmasB/FXGL
20:37:40.767 [JavaFX Application Thread] INFO  Engine               -       Ask questions and discuss at: https://github.com/AlmasB/FXGL/discussions
20:37:40.767 [JavaFX Application Thread] INFO  Engine               -              Join the FXGL chat at: https://gitter.im/AlmasB/FXGL
20:37:40.831 [JavaFX Application Thread] DEBUG PrimaryStageWindow   - Creating a JavaFX scene
20:37:40.831 [JavaFX Application Thread] DEBUG PrimaryStageWindow   - Target size > screen size
20:37:41.594 [JavaFX Application Thread] DEBUG PrimaryStageWindow   - Target settings size: 1920.0 x 1080.0
20:37:41.595 [JavaFX Application Thread] DEBUG PrimaryStageWindow   - Scaled scene size:    1821.0 x 1038.0
20:37:41.595 [JavaFX Application Thread] DEBUG PrimaryStageWindow   - Scaled ratio: (0.9484375, 0.9611111111111111)
20:37:41.595 [JavaFX Application Thread] DEBUG PrimaryStageWindow   - Set initial scene to FXGLStartupScene
20:37:41.600 [JavaFX Application Thread] DEBUG PrimaryStageWindow   - Opening main window
20:37:41.625 [JavaFX Application Thread] DEBUG PrimaryStageWindow   - Window border size: (2.0, 29.0)
20:37:41.625 [JavaFX Application Thread] DEBUG PrimaryStageWindow   - Scaled size: 1821.0 x 1038.0
20:37:41.625 [JavaFX Application Thread] DEBUG PrimaryStageWindow   - Scaled ratio: (0.9484375, 0.9611111111111111)
20:37:41.626 [JavaFX Application Thread] DEBUG PrimaryStageWindow   - Scene size: 1821.0 x 1038.0
20:37:41.626 [JavaFX Application Thread] DEBUG PrimaryStageWindow   - Stage size: 1823.0 x 1067.0
20:37:41.630 [FXGL Background Thread 1 ] DEBUG Engine               - Initializing environment variables
20:37:41.652 [FXGL Background Thread 1 ] DEBUG FXGLAssetLoaderServi - User app class for loading assets: class game.GameApp
20:37:41.652 [FXGL Background Thread 1 ] DEBUG GameApplicationServi - Applying CSS: fxgl_dark.css
20:37:41.653 [FXGL Background Thread 1 ] DEBUG FXGLAssetLoaderServi - Loading from file system: jar:file:/home/2021/pcheng15/.m2/repository/com/github/almasb/fxgl/17.2/fxgl-17.2.jar!/fxglassets/ui/css/fxgl_dark.css
20:37:41.679 [FXGL Background Thread 1 ] DEBUG GameApplicationServi - Initializing application scenes
20:37:41.845 [FXGL Background Thread 1 ] DEBUG GameWorld            - Game world initialized
20:37:41.877 [FXGL Background Thread 1 ] DEBUG PhysicsWorld         - Physics world initialized: appHeight=1080, physics.ppm=50.0
20:37:41.877 [FXGL Background Thread 1 ] DEBUG PhysicsWorld         - Using strategy: BRUTE_FORCE
20:37:41.879 [FXGL Background Thread 1 ] DEBUG GameScene            - Game scene initialized: 1920x1080
20:37:41.886 [FXGL Background Thread 1 ] DEBUG FXGL.DefaultMenu     - createMenuBodyGameMenu()
20:37:41.896 [FXGL Background Thread 1 ] DEBUG FXGL.DefaultMenu     - createOptionsMenu()
20:37:41.903 [FXGL Background Thread 1 ] DEBUG FXGLAssetLoaderServi - Loading from file system: jar:file:/home/2021/pcheng15/.m2/repository/com/github/almasb/fxgl/17.2/fxgl-17.2.jar!/fxglassets/textures/particles/smoke.png
20:37:41.960 [FXGL Background Thread 1 ] DEBUG FXGLAssetLoaderServi - Loading from file system: jar:file:/home/2021/pcheng15/.m2/repository/com/github/almasb/fxgl/17.2/fxgl-17.2.jar!/fxglassets/textures/particles/trace_horizontal.png
20:37:41.980 [FXGL Background Thread 1 ] DEBUG GameApplicationServi - Application scenes initialized
20:37:41.989 [FXGL Background Thread 1 ] DEBUG SystemBundleService  - Loading FXGL system data
20:37:42.026 [FXGL Background Thread 1 ] DEBUG FileSystemAccess     - Reading from: /home/2021/pcheng15/Documents/javafxGame/system/fxgl.bundle
20:37:42.032 [FXGL Background Thread 1 ] DEBUG SystemBundleService  - Bundle FXGL: {}
20:37:42.032 [FXGL Background Thread 1 ] DEBUG UpdaterService       - Checking for updates
20:37:42.034 [FXGL Background Thread 4 ] DEBUG FXGLApplication      - Loading fonts
20:37:42.035 [FXGL Background Thread 1 ] DEBUG FXGLApplication      - Loading default localization
20:37:42.035 [FXGL Background Thread 4 ] DEBUG FXGLAssetLoaderServi - Loading from file system: jar:file:/home/2021/pcheng15/.m2/repository/com/github/almasb/fxgl/17.2/fxgl-17.2.jar!/fxglassets/ui/fonts/VarelaRound-Regular.ttf
20:37:42.035 [FXGL Background Thread 1 ] DEBUG FXGLAssetLoaderServi - Loading from file system: jar:file:/home/2021/pcheng15/.m2/repository/com/github/almasb/fxgl/17.2/fxgl-17.2.jar!/fxglassets/languages/english.lang
20:37:42.044 [FXGL Background Thread 1 ] INFO  FXGLApplication      - FXGL initialization took: 0.413 sec
20:37:42.127 [FXGL Background Thread 4 ] DEBUG FXGLAssetLoaderServi - Loading from file system: jar:file:/home/2021/pcheng15/.m2/repository/com/github/almasb/fxgl/17.2/fxgl-17.2.jar!/fxglassets/ui/fonts/Abel-Regular.ttf
20:37:42.129 [FXGL Background Thread 4 ] DEBUG FXGLAssetLoaderServi - Loading from file system: jar:file:/home/2021/pcheng15/.m2/repository/com/github/almasb/fxgl/17.2/fxgl-17.2.jar!/fxglassets/ui/fonts/TerminalLandMono-Regular.otf
20:37:42.133 [FXGL Background Thread 4 ] DEBUG FXGLAssetLoaderServi - Loading from file system: jar:file:/home/2021/pcheng15/.m2/repository/com/github/almasb/fxgl/17.2/fxgl-17.2.jar!/fxglassets/ui/fonts/Courier-Prime.ttf
20:37:42.884 [JavaFX Application Thread] DEBUG FXGLAssetLoaderServi - Loading from file system: jar:file:/home/2021/pcheng15/.m2/repository/com/github/almasb/fxgl/17.2/fxgl-17.2.jar!/fxglassets/textures/fxgl_icon.png
20:37:42.902 [JavaFX Application Thread] DEBUG FXGLAssetLoaderServi - Loading from file system: jar:file:/home/2021/pcheng15/.m2/repository/com/github/almasb/fxgl/17.2/fxgl-17.2.jar!/fxglassets/textures/fxgl_default_cursor.png
20:37:42.908 [JavaFX Application Thread] DEBUG Input                - Registered new binding: Screenshot - CTRL+8
20:37:42.908 [JavaFX Application Thread] DEBUG Input                - Registered new binding: System info dump - CTRL+9
20:37:42.909 [JavaFX Application Thread] DEBUG Input                - Registered new binding: Restart - CTRL+R
20:37:42.909 [JavaFX Application Thread] DEBUG Input                - Registered new binding: Toggle Debug Camera - CTRL+7
20:37:42.910 [JavaFX Application Thread] DEBUG LoopRunner           - Starting loop
20:37:42.910 [JavaFX Application Thread] DEBUG LoopRunner           - Initializing JavaFX AnimationTimerLoop
20:37:42.911 [JavaFX Application Thread] DEBUG GameApplicationServi - Starting new game
20:37:42.911 [JavaFX Application Thread] DEBUG Input                - Clearing active input actions
20:37:42.917 [JavaFX Application Thread] DEBUG GameApplicationServi - Removing overlay from FXGLStartupScene and adding to FXGLLoadingScene
20:37:42.917 [JavaFX Application Thread] DEBUG PrimaryStageWindow   - FXGLStartupScene -> FXGLLoadingScene
20:37:42.917 [JavaFX Application Thread] DEBUG GameApplicationServi - Clearing previous game
20:37:42.917 [JavaFX Application Thread] DEBUG GameScene            - Clearing game scene
20:37:42.917 [JavaFX Application Thread] DEBUG GameWorld            - Clearing game world
20:37:42.917 [JavaFX Application Thread] DEBUG PhysicsWorld         - Clearing physics world
20:37:42.918 [FXGL Background Thread 4 ] DEBUG FXGLApplication      - Initializing game
20:37:42.921 [JavaFX Application Thread] DEBUG FXGLApplication      - Registering font factories with UI factory
20:37:42.922 [FXGL Background Thread 4 ] DEBUG FXGLAssetLoaderServi - Loading from file system: file:/home/2021/pcheng15/Documents/javafxGame/target/classes/assets/textures/background.png
20:37:43.014 [FXGL Background Thread 4 ] DEBUG FXGLAssetLoaderServi - Loading from file system: file:/home/2021/pcheng15/Documents/javafxGame/target/classes/assets/textures/mat.png
20:37:43.098 [FXGL Background Thread 4 ] DEBUG FXGLAssetLoaderServi - Loading from file system: file:/home/2021/pcheng15/Documents/javafxGame/target/classes/assets/textures/level_one.png
20:37:43.130 [FXGL Background Thread 4 ] DEBUG FXGLAssetLoaderServi - Loading from file system: file:/home/2021/pcheng15/Documents/javafxGame/target/classes/assets/textures/level_two.png
20:37:43.158 [FXGL Background Thread 4 ] DEBUG FXGLAssetLoaderServi - Loading from file system: file:/home/2021/pcheng15/Documents/javafxGame/target/classes/assets/textures/level_three.png
20:37:43.193 [FXGL Background Thread 4 ] DEBUG FXGLAssetLoaderServi - Loading from file system: file:/home/2021/pcheng15/Documents/javafxGame/target/classes/assets/textures/level_one39.png
20:37:43.225 [FXGL Background Thread 4 ] DEBUG FXGLAssetLoaderServi - Loading from file system: file:/home/2021/pcheng15/Documents/javafxGame/target/classes/assets/textures/level_two29.png
20:37:43.251 [FXGL Background Thread 4 ] DEBUG FXGLAssetLoaderServi - Loading from file system: file:/home/2021/pcheng15/Documents/javafxGame/target/classes/assets/textures/level_three19.png
20:37:43.285 [FXGL Background Thread 4 ] DEBUG FXGLAssetLoaderServi - Loading from file system: file:/home/2021/pcheng15/Documents/javafxGame/target/classes/assets/textures/level_one38.png
20:37:43.308 [FXGL Background Thread 4 ] DEBUG FXGLAssetLoaderServi - Loading from file system: file:/home/2021/pcheng15/Documents/javafxGame/target/classes/assets/textures/level_two28.png
20:37:43.336 [FXGL Background Thread 4 ] DEBUG FXGLAssetLoaderServi - Loading from file system: file:/home/2021/pcheng15/Documents/javafxGame/target/classes/assets/textures/level_three18.png
20:37:43.368 [FXGL Background Thread 4 ] DEBUG FXGLAssetLoaderServi - Loading from file system: file:/home/2021/pcheng15/Documents/javafxGame/target/classes/assets/textures/level_one37.png
20:37:43.390 [FXGL Background Thread 4 ] DEBUG FXGLAssetLoaderServi - Loading from file system: file:/home/2021/pcheng15/Documents/javafxGame/target/classes/assets/textures/level_two27.png
20:37:43.418 [FXGL Background Thread 4 ] DEBUG FXGLAssetLoaderServi - Loading from file system: file:/home/2021/pcheng15/Documents/javafxGame/target/classes/assets/textures/level_three17.png
20:37:43.449 [FXGL Background Thread 4 ] DEBUG FXGLAssetLoaderServi - Loading from file system: file:/home/2021/pcheng15/Documents/javafxGame/target/classes/assets/textures/level_one36.png
20:37:43.470 [FXGL Background Thread 4 ] DEBUG FXGLAssetLoaderServi - Loading from file system: file:/home/2021/pcheng15/Documents/javafxGame/target/classes/assets/textures/level_two26.png
20:37:43.497 [FXGL Background Thread 4 ] DEBUG FXGLAssetLoaderServi - Loading from file system: file:/home/2021/pcheng15/Documents/javafxGame/target/classes/assets/textures/level_three16.png
20:37:43.528 [FXGL Background Thread 4 ] DEBUG FXGLAssetLoaderServi - Loading from file system: file:/home/2021/pcheng15/Documents/javafxGame/target/classes/assets/textures/noble4.png
20:37:43.552 [FXGL Background Thread 4 ] DEBUG FXGLAssetLoaderServi - Loading from file system: file:/home/2021/pcheng15/Documents/javafxGame/target/classes/assets/textures/noble3.png
20:37:43.573 [FXGL Background Thread 4 ] DEBUG FXGLAssetLoaderServi - Loading from file system: file:/home/2021/pcheng15/Documents/javafxGame/target/classes/assets/textures/noble2.png
20:37:43.596 [FXGL Background Thread 4 ] DEBUG FXGLAssetLoaderServi - Loading from file system: file:/home/2021/pcheng15/Documents/javafxGame/target/classes/assets/textures/noble1.png
20:37:43.618 [FXGL Background Thread 4 ] DEBUG FXGLAssetLoaderServi - Loading from file system: file:/home/2021/pcheng15/Documents/javafxGame/target/classes/assets/textures/noble0.png
20:37:43.639 [FXGL Background Thread 4 ] INFO  FXGLApplication      - Game initialization took: 0.721 sec
20:37:43.640 [JavaFX Application Thread] DEBUG Input                - Clearing active input actions
20:37:43.650 [JavaFX Application Thread] DEBUG GameApplicationServi - Removing overlay from FXGLLoadingScene and adding to GameScene
20:37:43.650 [JavaFX Application Thread] DEBUG PrimaryStageWindow   - FXGLLoadingScene -> GameScene
20:37:45.034 [FXGL Background Thread 3 ] DEBUG Engine               - Logging environment variables
20:37:45.034 [FXGL Background Thread 3 ] DEBUG Engine               - achievements: []
20:37:45.035 [FXGL Background Thread 3 ] DEBUG Engine               - actualHeight: 1024.0
20:37:45.035 [FXGL Background Thread 3 ] DEBUG Engine               - actualHeightProperty: ReadOnlyDoubleProperty [value: 1046.0]
20:37:45.035 [FXGL Background Thread 3 ] DEBUG Engine               - actualWidth: 1819.0
20:37:45.035 [FXGL Background Thread 3 ] DEBUG Engine               - actualWidthProperty: ReadOnlyDoubleProperty [value: 1819.0]
20:37:45.035 [FXGL Background Thread 3 ] DEBUG Engine               - appIcon: fxgl_icon.png
20:37:45.035 [FXGL Background Thread 3 ] DEBUG Engine               - applicationMode: DEVELOPER
20:37:45.035 [FXGL Background Thread 3 ] DEBUG Engine               - cSSList: [fxgl_dark.css]
20:37:45.035 [FXGL Background Thread 3 ] DEBUG Engine               - collisionDetectionStrategy: BRUTE_FORCE
20:37:45.036 [FXGL Background Thread 3 ] DEBUG Engine               - configClass: Optional.empty
20:37:45.036 [FXGL Background Thread 3 ] DEBUG Engine               - credits: []
20:37:45.036 [FXGL Background Thread 3 ] DEBUG Engine               - defaultCursor: CursorInfo(imageName=fxgl_default_cursor.png, hotspotX=7.0, hotspotY=6.0)
20:37:45.036 [FXGL Background Thread 3 ] DEBUG Engine               - devBBoxColorProperty: ObjectProperty [value: 0xff0000ff]
20:37:45.036 [FXGL Background Thread 3 ] DEBUG Engine               - devEnableDebugCameraProperty: BooleanProperty [value: false]
20:37:45.037 [FXGL Background Thread 3 ] DEBUG Engine               - devSensorColorProperty: ObjectProperty [value: 0xffff00ff]
20:37:45.037 [FXGL Background Thread 3 ] DEBUG Engine               - devShowBBoxProperty: BooleanProperty [value: false]
20:37:45.037 [FXGL Background Thread 3 ] DEBUG Engine               - devShowPositionProperty: BooleanProperty [value: false]
20:37:45.037 [FXGL Background Thread 3 ] DEBUG Engine               - enabledMenuItems: []
20:37:45.037 [FXGL Background Thread 3 ] DEBUG Engine               - engineServices: [class com.almasb.fxgl.app.services.FXGLAssetLoaderService, class com.almasb.fxgl.app.FXGLApplication$GameApplicationService, class com.almasb.fxgl.app.services.FXGLDialogService, class com.almasb.fxgl.app.services.IOTaskExecutorService, class com.almasb.fxgl.io.FileSystemService, class com.almasb.fxgl.localization.LocalizationService, class com.almasb.fxgl.app.services.SystemBundleService, class com.almasb.fxgl.profile.SaveLoadService, class com.almasb.fxgl.ui.FXGLUIFactoryServiceProvider, class com.almasb.fxgl.ui.FXGLDialogFactoryServiceProvider, class com.almasb.fxgl.audio.AudioPlayer, class com.almasb.fxgl.notification.impl.NotificationServiceProvider, class com.almasb.fxgl.achievement.AchievementService, class com.almasb.fxgl.cutscene.CutsceneService, class com.almasb.fxgl.minigames.MiniGameService, class com.almasb.fxgl.net.NetService, class com.almasb.fxgl.app.services.UpdaterService, class com.almasb.fxgl.dev.DevService]
20:37:45.037 [FXGL Background Thread 3 ] DEBUG Engine               - fontGame: Abel-Regular.ttf
20:37:45.038 [FXGL Background Thread 3 ] DEBUG Engine               - fontMono: TerminalLandMono-Regular.otf
20:37:45.038 [FXGL Background Thread 3 ] DEBUG Engine               - fontText: Courier-Prime.ttf
20:37:45.038 [FXGL Background Thread 3 ] DEBUG Engine               - fontUI: VarelaRound-Regular.ttf
20:37:45.038 [FXGL Background Thread 3 ] DEBUG Engine               - fullScreen: BooleanProperty [value: false]
20:37:45.038 [FXGL Background Thread 3 ] DEBUG Engine               - gameDifficulty: MEDIUM
20:37:45.038 [FXGL Background Thread 3 ] DEBUG Engine               - gameDifficultyProperty: ObjectProperty [value: MEDIUM]
20:37:45.038 [FXGL Background Thread 3 ] DEBUG Engine               - globalMusicVolume: 0.5
20:37:45.038 [FXGL Background Thread 3 ] DEBUG Engine               - globalMusicVolumeProperty: DoubleProperty [value: 0.5]
20:37:45.039 [FXGL Background Thread 3 ] DEBUG Engine               - globalSoundVolume: 0.5
20:37:45.039 [FXGL Background Thread 3 ] DEBUG Engine               - globalSoundVolumeProperty: DoubleProperty [value: 0.5]
20:37:45.039 [FXGL Background Thread 3 ] DEBUG Engine               - height: 1080
20:37:45.039 [FXGL Background Thread 3 ] DEBUG Engine               - is3D: false
20:37:45.039 [FXGL Background Thread 3 ] DEBUG Engine               - isAndroid: false
20:37:45.039 [FXGL Background Thread 3 ] DEBUG Engine               - isBrowser: false
20:37:45.039 [FXGL Background Thread 3 ] DEBUG Engine               - isClickFeedbackEnabled: false
20:37:45.039 [FXGL Background Thread 3 ] DEBUG Engine               - isCloseConfirmation: false
20:37:45.040 [FXGL Background Thread 3 ] DEBUG Engine               - isDesktop: true
20:37:45.040 [FXGL Background Thread 3 ] DEBUG Engine               - isDeveloperMenuEnabled: false
20:37:45.040 [FXGL Background Thread 3 ] DEBUG Engine               - isEmbedded: false
20:37:45.040 [FXGL Background Thread 3 ] DEBUG Engine               - isEntityPreloadEnabled: true
20:37:45.040 [FXGL Background Thread 3 ] DEBUG Engine               - isExperimentalTiledLargeMap: false
20:37:45.040 [FXGL Background Thread 3 ] DEBUG Engine               - isFileSystemWriteAllowed: true
20:37:45.040 [FXGL Background Thread 3 ] DEBUG Engine               - isFullScreenAllowed: false
20:37:45.040 [FXGL Background Thread 3 ] DEBUG Engine               - isFullScreenFromStart: false
20:37:45.040 [FXGL Background Thread 3 ] DEBUG Engine               - isGameMenuEnabled: true
20:37:45.041 [FXGL Background Thread 3 ] DEBUG Engine               - isIOS: false
20:37:45.041 [FXGL Background Thread 3 ] DEBUG Engine               - isIntroEnabled: false
20:37:45.041 [FXGL Background Thread 3 ] DEBUG Engine               - isLinux: true
20:37:45.041 [FXGL Background Thread 3 ] DEBUG Engine               - isMac: false
20:37:45.041 [FXGL Background Thread 3 ] DEBUG Engine               - isMainMenuEnabled: false
20:37:45.041 [FXGL Background Thread 3 ] DEBUG Engine               - isManualResizeEnabled: false
20:37:45.041 [FXGL Background Thread 3 ] DEBUG Engine               - isMobile: false
20:37:45.041 [FXGL Background Thread 3 ] DEBUG Engine               - isNative: false
20:37:45.041 [FXGL Background Thread 3 ] DEBUG Engine               - isPauseMusicWhenMinimized: true
20:37:45.041 [FXGL Background Thread 3 ] DEBUG Engine               - isPreserveResizeRatio: false
20:37:45.041 [FXGL Background Thread 3 ] DEBUG Engine               - isProfilingEnabled: false
20:37:45.041 [FXGL Background Thread 3 ] DEBUG Engine               - isScaleAffectedOnResize: true
20:37:45.041 [FXGL Background Thread 3 ] DEBUG Engine               - isSingleStep: false
20:37:45.042 [FXGL Background Thread 3 ] DEBUG Engine               - isUserProfileEnabled: false
20:37:45.042 [FXGL Background Thread 3 ] DEBUG Engine               - isWindows: false
20:37:45.042 [FXGL Background Thread 3 ] DEBUG Engine               - language: ObjectProperty [value: ENGLISH]
20:37:45.042 [FXGL Background Thread 3 ] DEBUG Engine               - menuKey: ESCAPE
20:37:45.042 [FXGL Background Thread 3 ] DEBUG Engine               - mouseSensitivity: 0.2
20:37:45.042 [FXGL Background Thread 3 ] DEBUG Engine               - notificationViewClass: class com.almasb.fxgl.notification.view.XboxNotificationView
20:37:45.042 [FXGL Background Thread 3 ] DEBUG Engine               - pixelsPerMeter: 50.0
20:37:45.042 [FXGL Background Thread 3 ] DEBUG Engine               - platform: LINUX
20:37:45.042 [FXGL Background Thread 3 ] DEBUG Engine               - prefHeightProperty: ReadOnlyDoubleProperty [value: 1080.0]
20:37:45.042 [FXGL Background Thread 3 ] DEBUG Engine               - prefWidthProperty: ReadOnlyDoubleProperty [value: 1920.0]
20:37:45.043 [FXGL Background Thread 3 ] DEBUG Engine               - profileDir: profiles/
20:37:45.043 [FXGL Background Thread 3 ] DEBUG Engine               - profileName: StringProperty [value: DEFAULT]
20:37:45.043 [FXGL Background Thread 3 ] DEBUG Engine               - randomSeed: -1
20:37:45.043 [FXGL Background Thread 3 ] DEBUG Engine               - runtimeInfo: RuntimeInfo(platform=LINUX, version=17.2, build=20.08.2022 16.50)
20:37:45.043 [FXGL Background Thread 3 ] DEBUG Engine               - saveFileExt: sav
20:37:45.043 [FXGL Background Thread 3 ] DEBUG Engine               - scaledHeightProp$fxgl: DoubleProperty [bound, value: 1046.0]
20:37:45.043 [FXGL Background Thread 3 ] DEBUG Engine               - scaledWidthProp$fxgl: DoubleProperty [bound, value: 1819.0]
20:37:45.043 [FXGL Background Thread 3 ] DEBUG Engine               - sceneFactory: com.almasb.fxgl.app.scene.SceneFactory@6747835a
20:37:45.043 [FXGL Background Thread 3 ] DEBUG Engine               - secondsIn24h: 60
20:37:45.044 [FXGL Background Thread 3 ] DEBUG Engine               - soundMenuBack: menu/back.wav
20:37:45.044 [FXGL Background Thread 3 ] DEBUG Engine               - soundMenuPress: menu/press.wav
20:37:45.044 [FXGL Background Thread 3 ] DEBUG Engine               - soundMenuSelect: menu/select.wav
20:37:45.044 [FXGL Background Thread 3 ] DEBUG Engine               - soundNotification: core/notification.wav
20:37:45.044 [FXGL Background Thread 3 ] DEBUG Engine               - stageStyle: DECORATED
20:37:45.044 [FXGL Background Thread 3 ] DEBUG Engine               - supportedLanguages: [ENGLISH, FRENCH, GERMAN, HUNGARIAN, RUSSIAN]
20:37:45.044 [FXGL Background Thread 3 ] DEBUG Engine               - ticksPerSecond: -1
20:37:45.044 [FXGL Background Thread 3 ] DEBUG Engine               - title: Untitled
20:37:45.044 [FXGL Background Thread 3 ] DEBUG Engine               - urlGithub: https://github.com/AlmasB/FXGL
20:37:45.044 [FXGL Background Thread 3 ] DEBUG Engine               - urlLeaderboard: http://fxgl-top.herokuapp.com/
20:37:45.044 [FXGL Background Thread 3 ] DEBUG Engine               - urlPOM: https://raw.githubusercontent.com/AlmasB/FXGL/release/README.md
20:37:45.044 [FXGL Background Thread 3 ] DEBUG Engine               - userAppClass: class game.GameApp
20:37:45.044 [FXGL Background Thread 3 ] DEBUG Engine               - version: 0.0
20:37:45.044 [FXGL Background Thread 3 ] DEBUG Engine               - versionCheckDays: 7
20:37:45.045 [FXGL Background Thread 3 ] DEBUG Engine               - width: 1920
20:37:45.045 [FXGL Background Thread 3 ] DEBUG Engine               - Logging services
20:37:45.045 [FXGL Background Thread 3 ] DEBUG Engine               - class com.almasb.fxgl.app.services.FXGLAssetLoaderService
20:37:45.045 [FXGL Background Thread 3 ] DEBUG Engine               - class com.almasb.fxgl.app.FXGLApplication$GameApplicationService
20:37:45.045 [FXGL Background Thread 3 ] DEBUG Engine               - class com.almasb.fxgl.app.services.FXGLDialogService
20:37:45.045 [FXGL Background Thread 3 ] DEBUG Engine               - class com.almasb.fxgl.app.services.IOTaskExecutorService
20:37:45.045 [FXGL Background Thread 3 ] DEBUG Engine               - class com.almasb.fxgl.io.FileSystemService
20:37:45.045 [FXGL Background Thread 3 ] DEBUG Engine               - class com.almasb.fxgl.localization.LocalizationService
20:37:45.045 [FXGL Background Thread 3 ] DEBUG Engine               - class com.almasb.fxgl.app.services.SystemBundleService
20:37:45.045 [FXGL Background Thread 3 ] DEBUG Engine               - class com.almasb.fxgl.profile.SaveLoadService
20:37:45.045 [FXGL Background Thread 3 ] DEBUG Engine               - class com.almasb.fxgl.ui.FXGLUIFactoryServiceProvider
20:37:45.045 [FXGL Background Thread 3 ] DEBUG Engine               - class com.almasb.fxgl.ui.FXGLDialogFactoryServiceProvider
20:37:45.045 [FXGL Background Thread 3 ] DEBUG Engine               - class com.almasb.fxgl.audio.AudioPlayer
20:37:45.045 [FXGL Background Thread 3 ] DEBUG Engine               - class com.almasb.fxgl.notification.impl.NotificationServiceProvider
20:37:45.045 [FXGL Background Thread 3 ] DEBUG Engine               - class com.almasb.fxgl.achievement.AchievementService
20:37:45.046 [FXGL Background Thread 3 ] DEBUG Engine               - class com.almasb.fxgl.cutscene.CutsceneService
20:37:45.046 [FXGL Background Thread 3 ] DEBUG Engine               - class com.almasb.fxgl.minigames.MiniGameService
20:37:45.046 [FXGL Background Thread 3 ] DEBUG Engine               - class com.almasb.fxgl.net.NetService
20:37:45.046 [FXGL Background Thread 3 ] DEBUG Engine               - class com.almasb.fxgl.app.services.UpdaterService
20:37:45.046 [FXGL Background Thread 3 ] DEBUG Engine               - class com.almasb.fxgl.dev.DevService
20:37:47.427 [JavaFX Application Thread] DEBUG FXGLApplication      - Exiting FXGL
20:37:47.427 [JavaFX Application Thread] DEBUG LoopRunner           - Stopping loop
20:37:47.427 [JavaFX Application Thread] DEBUG SystemBundleService  - Saving FXGL system data
20:37:47.576 [JavaFX Application Thread] DEBUG FileSystemAccess     - Writing to: /home/2021/pcheng15/Documents/javafxGame/system/fxgl.bundle
20:37:47.700 [JavaFX Application Thread] DEBUG Async                - Shutting down background threads
20:37:47.701 [JavaFX Application Thread] DEBUG PrimaryStageWindow   - Closing main window
20:37:47.706 [JavaFX Application Thread] DEBUG Logger               - Closing Logger
