13:13:48.708 [main                     ] DEBUG Logger               - Configured Logger
13:13:48.730 [main                     ] DEBUG GameApplication      - Logging settings
Title: Untitled
Version: 0.0
Width: 1280
Height: 720
Fullscreen: false
Intro: false
Profiling: false
Single step:false
App Mode: DEVELOPER
Menu Key: ESCAPE
Stage Style: DECORATED
Scene Factory: class com.almasb.fxgl.app.scene.SceneFactory

13:13:49.264 [JavaFX Application Thread] DEBUG FXGLApplication      - Initializing FXGL
13:13:49.268 [JavaFX Application Thread] INFO  Engine               - FXGL-17.2 (20.08.2022 16.50) on WINDOWS (J:17.0.2 FX:18)
13:13:49.268 [JavaFX Application Thread] DEBUG Engine               - JRE Vendor Name: Oracle Corporation
13:13:49.268 [JavaFX Application Thread] DEBUG Engine               - Running on OS: Windows 11 version 10.0
13:13:49.268 [JavaFX Application Thread] DEBUG Engine               - Architecture: amd64
13:13:49.268 [JavaFX Application Thread] INFO  Engine               - Source code and latest versions at: https://github.com/AlmasB/FXGL
13:13:49.268 [JavaFX Application Thread] INFO  Engine               -       Ask questions and discuss at: https://github.com/AlmasB/FXGL/discussions
13:13:49.269 [JavaFX Application Thread] INFO  Engine               -              Join the FXGL chat at: https://gitter.im/AlmasB/FXGL
13:13:49.338 [JavaFX Application Thread] DEBUG PrimaryStageWindow   - Creating a JavaFX scene
13:13:49.367 [JavaFX Application Thread] DEBUG PrimaryStageWindow   - Target settings size: 1280.0 x 720.0
13:13:49.367 [JavaFX Application Thread] DEBUG PrimaryStageWindow   - Scaled scene size:    1280.0 x 720.0
13:13:49.367 [JavaFX Application Thread] DEBUG PrimaryStageWindow   - Scaled ratio: (1.0, 1.0)
13:13:49.369 [JavaFX Application Thread] DEBUG PrimaryStageWindow   - Set initial scene to FXGLStartupScene
13:13:49.374 [JavaFX Application Thread] DEBUG PrimaryStageWindow   - Opening main window
13:13:49.443 [JavaFX Application Thread] DEBUG PrimaryStageWindow   - Window border size: (14.6666259765625, 37.33331298828125)
13:13:49.443 [JavaFX Application Thread] DEBUG PrimaryStageWindow   - Scaled size: 1280.0 x 720.0
13:13:49.444 [JavaFX Application Thread] DEBUG PrimaryStageWindow   - Scaled ratio: (1.0, 1.0)
13:13:49.444 [JavaFX Application Thread] DEBUG PrimaryStageWindow   - Scene size: 1280.0 x 720.0
13:13:49.444 [JavaFX Application Thread] DEBUG PrimaryStageWindow   - Stage size: 1294.6666259765625 x 757.3333129882812
13:13:49.450 [FXGL Background Thread 1 ] DEBUG Engine               - Initializing environment variables
13:13:49.481 [FXGL Background Thread 1 ] DEBUG FXGLAssetLoaderServi - User app class for loading assets: class game.GameApp
13:13:49.482 [FXGL Background Thread 1 ] DEBUG GameApplicationServi - Applying CSS: fxgl_dark.css
13:13:49.482 [FXGL Background Thread 1 ] DEBUG FXGLAssetLoaderServi - Loading from file system: jar:file:/C:/Users/cpn02/.m2/repository/com/github/almasb/fxgl/17.2/fxgl-17.2.jar!/fxglassets/ui/css/fxgl_dark.css
13:13:49.516 [FXGL Background Thread 1 ] DEBUG GameApplicationServi - Initializing application scenes
13:13:49.554 [FXGL Background Thread 1 ] DEBUG GameWorld            - Game world initialized
13:13:49.601 [FXGL Background Thread 1 ] DEBUG PhysicsWorld         - Physics world initialized: appHeight=720, physics.ppm=50.0
13:13:49.601 [FXGL Background Thread 1 ] DEBUG PhysicsWorld         - Using strategy: BRUTE_FORCE
13:13:49.606 [FXGL Background Thread 1 ] DEBUG GameScene            - Game scene initialized: 1280x720
13:13:49.617 [FXGL Background Thread 1 ] DEBUG FXGL.DefaultMenu     - createMenuBodyGameMenu()
13:13:49.630 [FXGL Background Thread 1 ] DEBUG FXGL.DefaultMenu     - createOptionsMenu()
13:13:49.639 [FXGL Background Thread 1 ] DEBUG FXGLAssetLoaderServi - Loading from file system: jar:file:/C:/Users/cpn02/.m2/repository/com/github/almasb/fxgl/17.2/fxgl-17.2.jar!/fxglassets/textures/particles/smoke.png
13:13:49.720 [FXGL Background Thread 1 ] DEBUG FXGLAssetLoaderServi - Loading from file system: jar:file:/C:/Users/cpn02/.m2/repository/com/github/almasb/fxgl/17.2/fxgl-17.2.jar!/fxglassets/textures/particles/trace_horizontal.png
13:13:49.743 [FXGL Background Thread 1 ] DEBUG GameApplicationServi - Application scenes initialized
13:13:49.752 [FXGL Background Thread 1 ] DEBUG SystemBundleService  - Loading FXGL system data
13:13:49.755 [FXGL Background Thread 1 ] DEBUG FileSystemAccess     - Reading from: C:\Users\cpn02\OneDrive\document\javafxGame\system\fxgl.bundle
13:13:49.759 [FXGL Background Thread 1 ] DEBUG SystemBundleService  - Bundle FXGL: {}
13:13:49.759 [FXGL Background Thread 1 ] DEBUG UpdaterService       - Checking for updates
13:13:49.762 [FXGL Background Thread 4 ] DEBUG FXGLApplication      - Loading fonts
13:13:49.762 [FXGL Background Thread 4 ] DEBUG FXGLAssetLoaderServi - Loading from file system: jar:file:/C:/Users/cpn02/.m2/repository/com/github/almasb/fxgl/17.2/fxgl-17.2.jar!/fxglassets/ui/fonts/VarelaRound-Regular.ttf
13:13:49.763 [FXGL Background Thread 1 ] DEBUG FXGLApplication      - Loading default localization
13:13:49.763 [FXGL Background Thread 1 ] DEBUG FXGLAssetLoaderServi - Loading from file system: jar:file:/C:/Users/cpn02/.m2/repository/com/github/almasb/fxgl/17.2/fxgl-17.2.jar!/fxglassets/languages/english.lang
13:13:49.800 [FXGL Background Thread 1 ] INFO  FXGLApplication      - FXGL initialization took: 0.350 sec
13:13:49.801 [JavaFX Application Thread] DEBUG FXGLAssetLoaderServi - Loading from file system: jar:file:/C:/Users/cpn02/.m2/repository/com/github/almasb/fxgl/17.2/fxgl-17.2.jar!/fxglassets/textures/fxgl_icon.png
13:13:49.825 [JavaFX Application Thread] DEBUG FXGLAssetLoaderServi - Loading from file system: jar:file:/C:/Users/cpn02/.m2/repository/com/github/almasb/fxgl/17.2/fxgl-17.2.jar!/fxglassets/textures/fxgl_default_cursor.png
13:13:49.838 [FXGL Background Thread 4 ] DEBUG FXGLAssetLoaderServi - Loading from file system: jar:file:/C:/Users/cpn02/.m2/repository/com/github/almasb/fxgl/17.2/fxgl-17.2.jar!/fxglassets/ui/fonts/Abel-Regular.ttf
13:13:49.845 [FXGL Background Thread 4 ] DEBUG FXGLAssetLoaderServi - Loading from file system: jar:file:/C:/Users/cpn02/.m2/repository/com/github/almasb/fxgl/17.2/fxgl-17.2.jar!/fxglassets/ui/fonts/TerminalLandMono-Regular.otf
13:13:49.848 [FXGL Background Thread 4 ] DEBUG FXGLAssetLoaderServi - Loading from file system: jar:file:/C:/Users/cpn02/.m2/repository/com/github/almasb/fxgl/17.2/fxgl-17.2.jar!/fxglassets/ui/fonts/Courier-Prime.ttf
13:13:49.848 [JavaFX Application Thread] DEBUG Input                - Registered new binding: Screenshot - CTRL+8
13:13:49.850 [JavaFX Application Thread] DEBUG Input                - Registered new binding: System info dump - CTRL+9
13:13:49.851 [JavaFX Application Thread] DEBUG Input                - Registered new binding: Restart - CTRL+R
13:13:49.853 [JavaFX Application Thread] DEBUG Input                - Registered new binding: Toggle Debug Camera - CTRL+7
13:13:49.858 [JavaFX Application Thread] DEBUG LoopRunner           - Starting loop
13:13:49.859 [JavaFX Application Thread] DEBUG LoopRunner           - Initializing JavaFX AnimationTimerLoop
13:13:49.861 [JavaFX Application Thread] DEBUG GameApplicationServi - Starting new game
13:13:49.861 [JavaFX Application Thread] DEBUG Input                - Clearing active input actions
13:13:49.872 [JavaFX Application Thread] DEBUG GameApplicationServi - Removing overlay from FXGLStartupScene and adding to FXGLLoadingScene
13:13:49.873 [JavaFX Application Thread] DEBUG PrimaryStageWindow   - FXGLStartupScene -> FXGLLoadingScene
13:13:49.873 [JavaFX Application Thread] DEBUG GameApplicationServi - Clearing previous game
13:13:49.873 [JavaFX Application Thread] DEBUG GameScene            - Clearing game scene
13:13:49.873 [JavaFX Application Thread] DEBUG GameWorld            - Clearing game world
13:13:49.873 [JavaFX Application Thread] DEBUG PhysicsWorld         - Clearing physics world
13:13:49.875 [FXGL Background Thread 4 ] DEBUG FXGLApplication      - Initializing game
13:13:49.875 [JavaFX Application Thread] DEBUG FXGLApplication      - Registering font factories with UI factory
13:13:49.882 [FXGL Background Thread 4 ] DEBUG FXGLAssetLoaderServi - Loading from file system: file:/C:/Users/cpn02/OneDrive/document/javafxGame/target/classes/assets/textures/mat.png
13:13:49.984 [FXGL Background Thread 4 ] DEBUG FXGLAssetLoaderServi - Loading from file system: file:/C:/Users/cpn02/OneDrive/document/javafxGame/target/classes/assets/textures/sample_red.png
13:13:50.036 [FXGL Background Thread 4 ] DEBUG FXGLAssetLoaderServi - Loading from file system: file:/C:/Users/cpn02/OneDrive/document/javafxGame/target/classes/assets/textures/sample_blue.png
13:13:50.085 [FXGL Background Thread 4 ] INFO  FXGLApplication      - Game initialization took: 0.209 sec
13:13:50.094 [JavaFX Application Thread] DEBUG Input                - Clearing active input actions
13:13:50.101 [JavaFX Application Thread] DEBUG GameApplicationServi - Removing overlay from FXGLLoadingScene and adding to GameScene
13:13:50.102 [JavaFX Application Thread] DEBUG PrimaryStageWindow   - FXGLLoadingScene -> GameScene
13:13:51.772 [JavaFX Application Thread] DEBUG FXGLApplication      - Exiting FXGL
13:13:51.772 [JavaFX Application Thread] DEBUG LoopRunner           - Stopping loop
13:13:51.772 [JavaFX Application Thread] DEBUG SystemBundleService  - Saving FXGL system data
13:13:51.776 [JavaFX Application Thread] DEBUG FileSystemAccess     - Writing to: C:\Users\cpn02\OneDrive\document\javafxGame\system\fxgl.bundle
13:13:51.778 [JavaFX Application Thread] DEBUG Async                - Shutting down background threads
13:13:51.778 [JavaFX Application Thread] DEBUG PrimaryStageWindow   - Closing main window
13:13:51.793 [JavaFX Application Thread] DEBUG Logger               - Closing Logger
