12:57:15.433 [main                     ] DEBUG Logger               - Configured Logger
12:57:15.456 [main                     ] DEBUG GameApplication      - Logging settings
Title: Untitled
Version: 0.0
Width: 1280
Height: 720
Fullscreen: false
Intro: false
Profiling: false
Single step:false
App Mode: DEVELOPER
Menu Key: ESCAPE
Stage Style: DECORATED
Scene Factory: class com.almasb.fxgl.app.scene.SceneFactory

12:57:16.068 [JavaFX Application Thread] DEBUG FXGLApplication      - Initializing FXGL
12:57:16.072 [JavaFX Application Thread] INFO  Engine               - FXGL-17.2 (20.08.2022 16.50) on WINDOWS (J:17.0.2 FX:18)
12:57:16.072 [JavaFX Application Thread] DEBUG Engine               - JRE Vendor Name: Oracle Corporation
12:57:16.072 [JavaFX Application Thread] DEBUG Engine               - Running on OS: Windows 11 version 10.0
12:57:16.072 [JavaFX Application Thread] DEBUG Engine               - Architecture: amd64
12:57:16.072 [JavaFX Application Thread] INFO  Engine               - Source code and latest versions at: https://github.com/AlmasB/FXGL
12:57:16.072 [JavaFX Application Thread] INFO  Engine               -       Ask questions and discuss at: https://github.com/AlmasB/FXGL/discussions
12:57:16.073 [JavaFX Application Thread] INFO  Engine               -              Join the FXGL chat at: https://gitter.im/AlmasB/FXGL
12:57:16.149 [JavaFX Application Thread] DEBUG PrimaryStageWindow   - Creating a JavaFX scene
12:57:16.179 [JavaFX Application Thread] DEBUG PrimaryStageWindow   - Target settings size: 1280.0 x 720.0
12:57:16.180 [JavaFX Application Thread] DEBUG PrimaryStageWindow   - Scaled scene size:    1280.0 x 720.0
12:57:16.180 [JavaFX Application Thread] DEBUG PrimaryStageWindow   - Scaled ratio: (1.0, 1.0)
12:57:16.180 [JavaFX Application Thread] DEBUG PrimaryStageWindow   - Set initial scene to FXGLStartupScene
12:57:16.186 [JavaFX Application Thread] DEBUG PrimaryStageWindow   - Opening main window
12:57:16.263 [JavaFX Application Thread] DEBUG PrimaryStageWindow   - Window border size: (14.6666259765625, 37.33331298828125)
12:57:16.264 [JavaFX Application Thread] DEBUG PrimaryStageWindow   - Scaled size: 1280.0 x 720.0
12:57:16.264 [JavaFX Application Thread] DEBUG PrimaryStageWindow   - Scaled ratio: (1.0, 1.0)
12:57:16.264 [JavaFX Application Thread] DEBUG PrimaryStageWindow   - Scene size: 1280.0 x 720.0
12:57:16.265 [JavaFX Application Thread] DEBUG PrimaryStageWindow   - Stage size: 1294.6666259765625 x 757.3333129882812
12:57:16.273 [FXGL Background Thread 1 ] DEBUG Engine               - Initializing environment variables
12:57:16.317 [FXGL Background Thread 1 ] DEBUG FXGLAssetLoaderServi - User app class for loading assets: class game.GameApp
12:57:16.318 [FXGL Background Thread 1 ] DEBUG GameApplicationServi - Applying CSS: fxgl_dark.css
12:57:16.319 [FXGL Background Thread 1 ] DEBUG FXGLAssetLoaderServi - Loading from file system: jar:file:/C:/Users/cpn02/.m2/repository/com/github/almasb/fxgl/17.2/fxgl-17.2.jar!/fxglassets/ui/css/fxgl_dark.css
12:57:16.359 [FXGL Background Thread 1 ] DEBUG GameApplicationServi - Initializing application scenes
12:57:16.396 [FXGL Background Thread 1 ] DEBUG GameWorld            - Game world initialized
12:57:16.443 [FXGL Background Thread 1 ] DEBUG PhysicsWorld         - Physics world initialized: appHeight=720, physics.ppm=50.0
12:57:16.443 [FXGL Background Thread 1 ] DEBUG PhysicsWorld         - Using strategy: BRUTE_FORCE
12:57:16.448 [FXGL Background Thread 1 ] DEBUG GameScene            - Game scene initialized: 1280x720
12:57:16.462 [FXGL Background Thread 1 ] DEBUG FXGL.DefaultMenu     - createMenuBodyGameMenu()
12:57:16.478 [FXGL Background Thread 1 ] DEBUG FXGL.DefaultMenu     - createOptionsMenu()
12:57:16.491 [FXGL Background Thread 1 ] DEBUG FXGLAssetLoaderServi - Loading from file system: jar:file:/C:/Users/cpn02/.m2/repository/com/github/almasb/fxgl/17.2/fxgl-17.2.jar!/fxglassets/textures/particles/smoke.png
12:57:16.575 [FXGL Background Thread 1 ] DEBUG FXGLAssetLoaderServi - Loading from file system: jar:file:/C:/Users/cpn02/.m2/repository/com/github/almasb/fxgl/17.2/fxgl-17.2.jar!/fxglassets/textures/particles/trace_horizontal.png
12:57:16.628 [FXGL Background Thread 1 ] DEBUG GameApplicationServi - Application scenes initialized
12:57:16.643 [FXGL Background Thread 1 ] DEBUG SystemBundleService  - Loading FXGL system data
12:57:16.647 [FXGL Background Thread 1 ] DEBUG FileSystemAccess     - Reading from: C:\Users\cpn02\OneDrive\document\javafxGame\system\fxgl.bundle
12:57:16.655 [FXGL Background Thread 1 ] DEBUG SystemBundleService  - Bundle FXGL: {}
12:57:16.655 [FXGL Background Thread 1 ] DEBUG UpdaterService       - Checking for updates
12:57:16.659 [FXGL Background Thread 4 ] DEBUG FXGLApplication      - Loading fonts
12:57:16.659 [FXGL Background Thread 4 ] DEBUG FXGLAssetLoaderServi - Loading from file system: jar:file:/C:/Users/cpn02/.m2/repository/com/github/almasb/fxgl/17.2/fxgl-17.2.jar!/fxglassets/ui/fonts/VarelaRound-Regular.ttf
12:57:16.659 [FXGL Background Thread 1 ] DEBUG FXGLApplication      - Loading default localization
12:57:16.660 [FXGL Background Thread 1 ] DEBUG FXGLAssetLoaderServi - Loading from file system: jar:file:/C:/Users/cpn02/.m2/repository/com/github/almasb/fxgl/17.2/fxgl-17.2.jar!/fxglassets/languages/english.lang
12:57:16.680 [FXGL Background Thread 1 ] INFO  FXGLApplication      - FXGL initialization took: 0.406 sec
12:57:16.681 [JavaFX Application Thread] DEBUG FXGLAssetLoaderServi - Loading from file system: jar:file:/C:/Users/cpn02/.m2/repository/com/github/almasb/fxgl/17.2/fxgl-17.2.jar!/fxglassets/textures/fxgl_icon.png
12:57:16.696 [JavaFX Application Thread] DEBUG FXGLAssetLoaderServi - Loading from file system: jar:file:/C:/Users/cpn02/.m2/repository/com/github/almasb/fxgl/17.2/fxgl-17.2.jar!/fxglassets/textures/fxgl_default_cursor.png
12:57:16.709 [JavaFX Application Thread] DEBUG Input                - Registered new binding: Screenshot - CTRL+8
12:57:16.710 [JavaFX Application Thread] DEBUG Input                - Registered new binding: System info dump - CTRL+9
12:57:16.711 [JavaFX Application Thread] DEBUG Input                - Registered new binding: Restart - CTRL+R
12:57:16.712 [JavaFX Application Thread] DEBUG Input                - Registered new binding: Toggle Debug Camera - CTRL+7
12:57:16.716 [JavaFX Application Thread] DEBUG LoopRunner           - Starting loop
12:57:16.716 [JavaFX Application Thread] DEBUG LoopRunner           - Initializing JavaFX AnimationTimerLoop
12:57:16.718 [JavaFX Application Thread] DEBUG GameApplicationServi - Starting new game
12:57:16.718 [JavaFX Application Thread] DEBUG Input                - Clearing active input actions
12:57:16.731 [JavaFX Application Thread] DEBUG GameApplicationServi - Removing overlay from FXGLStartupScene and adding to FXGLLoadingScene
12:57:16.731 [JavaFX Application Thread] DEBUG PrimaryStageWindow   - FXGLStartupScene -> FXGLLoadingScene
12:57:16.731 [JavaFX Application Thread] DEBUG GameApplicationServi - Clearing previous game
12:57:16.731 [JavaFX Application Thread] DEBUG GameScene            - Clearing game scene
12:57:16.731 [JavaFX Application Thread] DEBUG GameWorld            - Clearing game world
12:57:16.731 [JavaFX Application Thread] DEBUG PhysicsWorld         - Clearing physics world
12:57:16.735 [FXGL Background Thread 1 ] DEBUG FXGLApplication      - Initializing game
12:57:16.741 [FXGL Background Thread 1 ] DEBUG FXGLAssetLoaderServi - Loading from file system: file:/C:/Users/cpn02/OneDrive/document/javafxGame/target/classes/assets/textures/sample.png
12:57:16.747 [FXGL Background Thread 4 ] DEBUG FXGLAssetLoaderServi - Loading from file system: jar:file:/C:/Users/cpn02/.m2/repository/com/github/almasb/fxgl/17.2/fxgl-17.2.jar!/fxglassets/ui/fonts/Abel-Regular.ttf
12:57:16.751 [FXGL Background Thread 4 ] DEBUG FXGLAssetLoaderServi - Loading from file system: jar:file:/C:/Users/cpn02/.m2/repository/com/github/almasb/fxgl/17.2/fxgl-17.2.jar!/fxglassets/ui/fonts/TerminalLandMono-Regular.otf
12:57:16.754 [FXGL Background Thread 4 ] DEBUG FXGLAssetLoaderServi - Loading from file system: jar:file:/C:/Users/cpn02/.m2/repository/com/github/almasb/fxgl/17.2/fxgl-17.2.jar!/fxglassets/ui/fonts/Courier-Prime.ttf
12:57:16.761 [FXGL Background Thread 1 ] INFO  FXGLApplication      - Game initialization took: 0.027 sec
12:57:16.784 [JavaFX Application Thread] DEBUG FXGLApplication      - Registering font factories with UI factory
12:57:16.786 [JavaFX Application Thread] DEBUG Input                - Clearing active input actions
12:57:16.791 [JavaFX Application Thread] DEBUG GameApplicationServi - Removing overlay from FXGLLoadingScene and adding to GameScene
12:57:16.791 [JavaFX Application Thread] DEBUG PrimaryStageWindow   - FXGLLoadingScene -> GameScene
12:57:19.280 [JavaFX Application Thread] DEBUG FXGLApplication      - Exiting FXGL
12:57:19.280 [JavaFX Application Thread] DEBUG LoopRunner           - Stopping loop
12:57:19.281 [JavaFX Application Thread] DEBUG SystemBundleService  - Saving FXGL system data
12:57:19.283 [JavaFX Application Thread] DEBUG FileSystemAccess     - Writing to: C:\Users\cpn02\OneDrive\document\javafxGame\system\fxgl.bundle
12:57:19.284 [JavaFX Application Thread] DEBUG Async                - Shutting down background threads
12:57:19.284 [JavaFX Application Thread] DEBUG PrimaryStageWindow   - Closing main window
12:57:19.298 [JavaFX Application Thread] DEBUG Logger               - Closing Logger
